File: 16MB_image.png
aes_encrypt_file: 0.846724334
Buffer: 128
itr_count: 0
_se_encrypt: 1.801081792
itr_count: 1
_se_encrypt: 0.000540750
itr_count: 2
_se_encrypt: 0.000549708
itr_count: 3
_se_encrypt: 0.000483583
itr_count: 4
_se_encrypt: 0.000471500
itr_count: 5
_se_encrypt: 0.000533416
itr_count: 6
_se_encrypt: 0.000492083
itr_count: 7
_se_encrypt: 0.000475917
itr_count: 8
_se_encrypt: 0.000477541
itr_count: 9
_se_encrypt: 0.000470583
itr_count: 10
_se_encrypt: 0.000460417
itr_count: 11
_se_encrypt: 0.000464292
itr_count: 12
_se_encrypt: 0.000480417
itr_count: 13
_se_encrypt: 0.000496084
itr_count: 14
_se_encrypt: 0.000456625
itr_count: 15
_se_encrypt: 0.000454041
itr_count: 16
_se_encrypt: 0.000484958
itr_count: 17
_se_encrypt: 0.000500584
itr_count: 18
_se_encrypt: 0.000484750
itr_count: 19
_se_encrypt: 0.000527500
itr_count: 20
_se_encrypt: 0.000458208
itr_count: 21
_se_encrypt: 0.000453375
itr_count: 22
_se_encrypt: 0.000432917
itr_count: 23
_se_encrypt: 0.000517708
itr_count: 24
_se_encrypt: 0.000493125
itr_count: 25
_se_encrypt: 0.000419708
itr_count: 26
_se_encrypt: 0.000404042
itr_count: 27
_se_encrypt: 0.000438375
itr_count: 28
_se_encrypt: 0.000423792
itr_count: 29
_se_encrypt: 0.000421000
itr_count: 30
_se_encrypt: 0.000409292
itr_count: 31
_se_encrypt: 0.000406042
itr_count: 32
_se_encrypt: 0.000428250
itr_count: 33
_se_encrypt: 0.000426542
itr_count: 34
_se_encrypt: 0.000418084
itr_count: 35
_se_encrypt: 0.000424792
itr_count: 36
_se_encrypt: 0.000422417
itr_count: 37
_se_encrypt: 0.000419292
itr_count: 38
_se_encrypt: 0.000412583
itr_count: 39
_se_encrypt: 0.000446750
itr_count: 40
_se_encrypt: 0.000410250
itr_count: 41
_se_encrypt: 0.000411708
itr_count: 42
_se_encrypt: 0.000426292
itr_count: 43
_se_encrypt: 0.000420750
itr_count: 44
_se_encrypt: 0.000450125
itr_count: 45
_se_encrypt: 0.000464583
itr_count: 46
_se_encrypt: 0.000445625
itr_count: 47
_se_encrypt: 0.000419959
itr_count: 48
_se_encrypt: 0.000462375
itr_count: 49
_se_encrypt: 0.000473708
itr_count: 50
_se_encrypt: 0.000453541
itr_count: 51
_se_encrypt: 0.000439291
itr_count: 52
_se_encrypt: 0.000466833
itr_count: 53
_se_encrypt: 0.000427833
itr_count: 54
_se_encrypt: 0.000452667
itr_count: 55
_se_encrypt: 0.000463166
itr_count: 56
_se_encrypt: 0.000462417
itr_count: 57
_se_encrypt: 0.000443583
itr_count: 58
_se_encrypt: 0.000449958
itr_count: 59
_se_encrypt: 0.000440667
itr_count: 60
_se_encrypt: 0.000459458
itr_count: 61
_se_encrypt: 0.000451000
itr_count: 62
_se_encrypt: 0.000423666
itr_count: 63
_se_encrypt: 0.000446834
itr_count: 64
_se_encrypt: 0.000446583
itr_count: 65
_se_encrypt: 0.000415167
itr_count: 66
_se_encrypt: 0.000434833
itr_count: 67
_se_encrypt: 0.000443209
itr_count: 68
_se_encrypt: 0.000456333
itr_count: 69
_se_encrypt: 0.000442250
itr_count: 70
_se_encrypt: 0.000446167
itr_count: 71
_se_encrypt: 0.000447625
itr_count: 72
_se_encrypt: 0.000414000
itr_count: 73
_se_encrypt: 0.000495916
itr_count: 74
_se_encrypt: 0.000462125
itr_count: 75
_se_encrypt: 0.000449458
itr_count: 76
_se_encrypt: 0.000423333
itr_count: 77
_se_encrypt: 0.000437417
itr_count: 78
_se_encrypt: 0.000465541
itr_count: 79
_se_encrypt: 0.000478125
itr_count: 80
_se_encrypt: 0.000439625
itr_count: 81
_se_encrypt: 0.000528292
itr_count: 82
_se_encrypt: 0.000519417
itr_count: 83
_se_encrypt: 0.000470417
itr_count: 84
_se_encrypt: 0.000448500
itr_count: 85
_se_encrypt: 0.000446250
itr_count: 86
_se_encrypt: 0.000437042
itr_count: 87
_se_encrypt: 0.000434042
itr_count: 88
_se_encrypt: 0.000455375
itr_count: 89
_se_encrypt: 0.000422833
itr_count: 90
_se_encrypt: 0.000444000
itr_count: 91
_se_encrypt: 0.000448167
itr_count: 92
_se_encrypt: 0.000439209
itr_count: 93
_se_encrypt: 0.000459083
itr_count: 94
_se_encrypt: 0.000441250
itr_count: 95
_se_encrypt: 0.000439000
itr_count: 96
_se_encrypt: 0.000468042
itr_count: 97
_se_encrypt: 0.000433042
itr_count: 98
_se_encrypt: 0.000452791
itr_count: 99
_se_encrypt: 0.000411000
itr_count: 100
_se_encrypt: 0.000460625
itr_count: 101
_se_encrypt: 0.000453041
itr_count: 102
_se_encrypt: 0.000430792
itr_count: 103
_se_encrypt: 0.000422417
itr_count: 104
_se_encrypt: 0.000446709
itr_count: 105
_se_encrypt: 0.000422375
itr_count: 106
_se_encrypt: 0.000426667
itr_count: 107
_se_encrypt: 0.000430833
itr_count: 108
_se_encrypt: 0.000468750
itr_count: 109
_se_encrypt: 0.000452833
itr_count: 110
_se_encrypt: 0.000458291
itr_count: 111
_se_encrypt: 0.000420250
itr_count: 112
_se_encrypt: 0.000455791
itr_count: 113
_se_encrypt: 0.000454417
itr_count: 114
_se_encrypt: 0.000446292
itr_count: 115
_se_encrypt: 0.000447709
itr_count: 116
_se_encrypt: 0.000423667
itr_count: 117
_se_encrypt: 0.000457666
itr_count: 118
_se_encrypt: 0.000434417
itr_count: 119
_se_encrypt: 0.000451916
itr_count: 120
_se_encrypt: 0.000451167
itr_count: 121
_se_encrypt: 0.000435583
itr_count: 122
_se_encrypt: 0.000435167
itr_count: 123
_se_encrypt: 0.000447875
itr_count: 124
_se_encrypt: 0.000449542
itr_count: 125
_se_encrypt: 0.000452125
itr_count: 126
_se_encrypt: 0.000444708
itr_count: 127
_se_encrypt: 0.000464083
itr_count: 128
_se_encrypt: 0.000462375
itr_count: 129
_se_encrypt: 0.000412459
itr_count: 130
_se_encrypt: 0.000459750
itr_count: 131
_se_encrypt: 0.000433292
itr_count: 132
_se_encrypt: 0.000442792
itr_count: 133
_se_encrypt: 0.000465583
itr_count: 134
_se_encrypt: 0.000454375
itr_count: 135
_se_encrypt: 0.000456000
itr_count: 136
_se_encrypt: 0.000422375
itr_count: 137
_se_encrypt: 0.000414417
itr_count: 138
_se_encrypt: 0.000419583
itr_count: 139
_se_encrypt: 0.000485833
itr_count: 140
_se_encrypt: 0.000467750
itr_count: 141
_se_encrypt: 0.000430709
itr_count: 142
_se_encrypt: 0.000466583
itr_count: 143
_se_encrypt: 0.000458958
itr_count: 144
_se_encrypt: 0.000440417
itr_count: 145
_se_encrypt: 0.000423458
itr_count: 146
_se_encrypt: 0.000448375
itr_count: 147
_se_encrypt: 0.000437708
itr_count: 148
_se_encrypt: 0.000458083
itr_count: 149
_se_encrypt: 0.000448458
itr_count: 150
_se_encrypt: 0.000465292
itr_count: 151
_se_encrypt: 0.000440750
itr_count: 152
_se_encrypt: 0.000447750
itr_count: 153
_se_encrypt: 0.000443292
itr_count: 154
_se_encrypt: 0.000450917
itr_count: 155
_se_encrypt: 0.000448917
itr_count: 156
_se_encrypt: 0.000456208
itr_count: 157
_se_encrypt: 0.000457083
itr_count: 158
_se_encrypt: 0.000451667
itr_count: 159
_se_encrypt: 0.000425750
itr_count: 160
_se_encrypt: 0.000450708
itr_count: 161
_se_encrypt: 0.000428042
itr_count: 162
_se_encrypt: 0.000446209
itr_count: 163
_se_encrypt: 0.000441875
itr_count: 164
_se_encrypt: 0.000463625
itr_count: 165
_se_encrypt: 0.000431042
itr_count: 166
_se_encrypt: 0.000479541
itr_count: 167
_se_encrypt: 0.000444833
itr_count: 168
_se_encrypt: 0.000491417
itr_count: 169
_se_encrypt: 0.000429834
itr_count: 170
_se_encrypt: 0.000437042
itr_count: 171
_se_encrypt: 0.000428875
itr_count: 172
_se_encrypt: 0.000457875
itr_count: 173
_se_encrypt: 0.000440791
itr_count: 174
_se_encrypt: 0.000467083
itr_count: 175
_se_encrypt: 0.000425375
itr_count: 176
_se_encrypt: 0.000442500
itr_count: 177
_se_encrypt: 0.000450209
itr_count: 178
_se_encrypt: 0.000427084
itr_count: 179
_se_encrypt: 0.000439958
itr_count: 180
_se_encrypt: 0.000461208
itr_count: 181
_se_encrypt: 0.000449500
itr_count: 182
_se_encrypt: 0.000480084
itr_count: 183
_se_encrypt: 0.000436792
itr_count: 184
_se_encrypt: 0.000446750
itr_count: 185
_se_encrypt: 0.000479667
itr_count: 186
_se_encrypt: 0.000446042
itr_count: 187
_se_encrypt: 0.000411875
itr_count: 188
_se_encrypt: 0.000453250
itr_count: 189
_se_encrypt: 0.000445833
itr_count: 190
_se_encrypt: 0.000443416
itr_count: 191
_se_encrypt: 0.000456541
itr_count: 192
_se_encrypt: 0.000460416
itr_count: 193
_se_encrypt: 0.000437000
itr_count: 194
_se_encrypt: 0.000432750
itr_count: 195
_se_encrypt: 0.000424834
itr_count: 196
_se_encrypt: 0.000429250
itr_count: 197
_se_encrypt: 0.000429625
itr_count: 198
_se_encrypt: 0.000445709
itr_count: 199
_se_encrypt: 0.000456625
itr_count: 200
_se_encrypt: 0.000454625
itr_count: 201
_se_encrypt: 0.000430250
itr_count: 202
_se_encrypt: 0.000444000
itr_count: 203
_se_encrypt: 0.000454916
itr_count: 204
_se_encrypt: 0.000410584
itr_count: 205
_se_encrypt: 0.000441875
itr_count: 206
_se_encrypt: 0.000457125
itr_count: 207
_se_encrypt: 0.000434166
itr_count: 208
_se_encrypt: 0.000415583
itr_count: 209
_se_encrypt: 0.000417542
itr_count: 210
_se_encrypt: 0.000385750
itr_count: 211
_se_encrypt: 0.000387000
itr_count: 212
_se_encrypt: 0.000392292
itr_count: 213
_se_encrypt: 0.000417916
itr_count: 214
_se_encrypt: 0.000401292
itr_count: 215
_se_encrypt: 0.000419333
itr_count: 216
_se_encrypt: 0.000398875
itr_count: 217
_se_encrypt: 0.000398042
itr_count: 218
_se_encrypt: 0.000410125
itr_count: 219
_se_encrypt: 0.000392041
itr_count: 220
_se_encrypt: 0.000400917
itr_count: 221
_se_encrypt: 0.000398833
itr_count: 222
_se_encrypt: 0.000375792
itr_count: 223
_se_encrypt: 0.000419959
itr_count: 224
_se_encrypt: 0.000391583
itr_count: 225
_se_encrypt: 0.000403459
itr_count: 226
_se_encrypt: 0.000394041
itr_count: 227
_se_encrypt: 0.000399750
itr_count: 228
_se_encrypt: 0.000405416
itr_count: 229
_se_encrypt: 0.000400541
itr_count: 230
_se_encrypt: 0.000389000
itr_count: 231
_se_encrypt: 0.000393625
itr_count: 232
_se_encrypt: 0.000422709
itr_count: 233
_se_encrypt: 0.000398708
itr_count: 234
_se_encrypt: 0.000398417
itr_count: 235
_se_encrypt: 0.000402125
itr_count: 236
_se_encrypt: 0.000384916
itr_count: 237
_se_encrypt: 0.000396417
itr_count: 238
_se_encrypt: 0.000394417
itr_count: 239
_se_encrypt: 0.000408208
itr_count: 240
_se_encrypt: 0.000404833
itr_count: 241
_se_encrypt: 0.000411292
itr_count: 242
_se_encrypt: 0.000413834
itr_count: 243
_se_encrypt: 0.000409416
itr_count: 244
_se_encrypt: 0.000412125
itr_count: 245
_se_encrypt: 0.000395625
itr_count: 246
_se_encrypt: 0.000398875
itr_count: 247
_se_encrypt: 0.000412667
itr_count: 248
_se_encrypt: 0.000386000
itr_count: 249
_se_encrypt: 0.000401959
itr_count: 250
_se_encrypt: 0.000399041
itr_count: 251
_se_encrypt: 0.000401958
itr_count: 252
_se_encrypt: 0.000383709
itr_count: 253
_se_encrypt: 0.000385625
itr_count: 254
_se_encrypt: 0.000403083
itr_count: 255
_se_encrypt: 0.000403208
itr_count: 256
_se_encrypt: 0.000396625
itr_count: 257
_se_encrypt: 0.000462833
itr_count: 258
_se_encrypt: 0.000434792
itr_count: 259
_se_encrypt: 0.000456417
itr_count: 260
_se_encrypt: 0.000426750
itr_count: 261
_se_encrypt: 0.000475042
itr_count: 262
_se_encrypt: 0.000426792
itr_count: 263
_se_encrypt: 0.000442334
itr_count: 264
_se_encrypt: 0.000447875
itr_count: 265
_se_encrypt: 0.000427750
itr_count: 266
_se_encrypt: 0.000470792
itr_count: 267
_se_encrypt: 0.000424208
itr_count: 268
_se_encrypt: 0.000422959
itr_count: 269
_se_encrypt: 0.000428083
itr_count: 270
_se_encrypt: 0.000449084
itr_count: 271
_se_encrypt: 0.000435167
itr_count: 272
_se_encrypt: 0.000436875
itr_count: 273
_se_encrypt: 0.000436500
itr_count: 274
_se_encrypt: 0.000439417
itr_count: 275
_se_encrypt: 0.000489542
itr_count: 276
_se_encrypt: 0.000441167
itr_count: 277
_se_encrypt: 0.000435167
itr_count: 278
_se_encrypt: 0.000446500
itr_count: 279
_se_encrypt: 0.000448959
itr_count: 280
_se_encrypt: 0.000416375
itr_count: 281
_se_encrypt: 0.000451000
itr_count: 282
_se_encrypt: 0.000448417
itr_count: 283
_se_encrypt: 0.000439958
itr_count: 284
_se_encrypt: 0.000426959
itr_count: 285
_se_encrypt: 0.000413208
itr_count: 286
_se_encrypt: 0.000441709
itr_count: 287
_se_encrypt: 0.000410250
itr_count: 288
_se_encrypt: 0.000438792
itr_count: 289
_se_encrypt: 0.000428459
itr_count: 290
_se_encrypt: 0.000449333
itr_count: 291
_se_encrypt: 0.000465250
itr_count: 292
_se_encrypt: 0.000435292
itr_count: 293
_se_encrypt: 0.000447833
itr_count: 294
_se_encrypt: 0.000451917
itr_count: 295
_se_encrypt: 0.000468083
itr_count: 296
_se_encrypt: 0.000441292
itr_count: 297
_se_encrypt: 0.000446833
itr_count: 298
_se_encrypt: 0.000460750
itr_count: 299
_se_encrypt: 0.000447250
itr_count: 300
_se_encrypt: 0.000442459
itr_count: 301
_se_encrypt: 0.000434209
itr_count: 302
_se_encrypt: 0.000441250
itr_count: 303
_se_encrypt: 0.000423792
itr_count: 304
_se_encrypt: 0.000426625
itr_count: 305
_se_encrypt: 0.000426125
itr_count: 306
_se_encrypt: 0.000432209
itr_count: 307
_se_encrypt: 0.000471083
itr_count: 308
_se_encrypt: 0.000422417
itr_count: 309
_se_encrypt: 0.000445042
itr_count: 310
_se_encrypt: 0.000442250
itr_count: 311
_se_encrypt: 0.000441750
itr_count: 312
_se_encrypt: 0.000446000
itr_count: 313
_se_encrypt: 0.000419083
itr_count: 314
_se_encrypt: 0.000434417
itr_count: 315
_se_encrypt: 0.000428125
itr_count: 316
_se_encrypt: 0.000436458
itr_count: 317
_se_encrypt: 0.000429750
itr_count: 318
_se_encrypt: 0.000433167
itr_count: 319
_se_encrypt: 0.000431041
itr_count: 320
_se_encrypt: 0.000439667
itr_count: 321
_se_encrypt: 0.000455292
itr_count: 322
_se_encrypt: 0.000450750
itr_count: 323
_se_encrypt: 0.000446625
itr_count: 324
_se_encrypt: 0.000446334
itr_count: 325
_se_encrypt: 0.000463792
itr_count: 326
_se_encrypt: 0.000432958
itr_count: 327
_se_encrypt: 0.000432292
itr_count: 328
_se_encrypt: 0.000405500
itr_count: 329
_se_encrypt: 0.000477833
itr_count: 330
_se_encrypt: 0.000455208
itr_count: 331
_se_encrypt: 0.000448167
itr_count: 332
_se_encrypt: 0.000452291
itr_count: 333
_se_encrypt: 0.000430125
itr_count: 334
_se_encrypt: 0.000420041
itr_count: 335
_se_encrypt: 0.000452125
itr_count: 336
_se_encrypt: 0.000420916
itr_count: 337
_se_encrypt: 0.000464375
itr_count: 338
_se_encrypt: 0.000451959
itr_count: 339
_se_encrypt: 0.000434625
itr_count: 340
_se_encrypt: 0.000463167
itr_count: 341
_se_encrypt: 0.000447417
itr_count: 342
_se_encrypt: 0.000456667
itr_count: 343
_se_encrypt: 0.000442291
itr_count: 344
_se_encrypt: 0.000428625
itr_count: 345
_se_encrypt: 0.000458959
itr_count: 346
_se_encrypt: 0.000439042
itr_count: 347
_se_encrypt: 0.000434834
itr_count: 348
_se_encrypt: 0.000433750
itr_count: 349
_se_encrypt: 0.000437791
itr_count: 350
_se_encrypt: 0.000444792
itr_count: 351
_se_encrypt: 0.000423542
itr_count: 352
_se_encrypt: 0.000424084
itr_count: 353
_se_encrypt: 0.000442583
itr_count: 354
_se_encrypt: 0.000458209
itr_count: 355
_se_encrypt: 0.000467083
itr_count: 356
_se_encrypt: 0.000429958
itr_count: 357
_se_encrypt: 0.000437542
itr_count: 358
_se_encrypt: 0.000429042
itr_count: 359
_se_encrypt: 0.000418875
itr_count: 360
_se_encrypt: 0.000496042
itr_count: 361
_se_encrypt: 0.000467792
itr_count: 362
_se_encrypt: 0.000447875
itr_count: 363
_se_encrypt: 0.000443208
itr_count: 364
_se_encrypt: 0.000435250
itr_count: 365
_se_encrypt: 0.000427375
itr_count: 366
_se_encrypt: 0.000433791
itr_count: 367
_se_encrypt: 0.000441625
itr_count: 368
_se_encrypt: 0.000447500
itr_count: 369
_se_encrypt: 0.000420833
itr_count: 370
_se_encrypt: 0.000437416
itr_count: 371
_se_encrypt: 0.000427708
itr_count: 372
_se_encrypt: 0.000426000
itr_count: 373
_se_encrypt: 0.000455917
itr_count: 374
_se_encrypt: 0.000432541
itr_count: 375
_se_encrypt: 0.000452000
itr_count: 376
_se_encrypt: 0.000461916
itr_count: 377
_se_encrypt: 0.000463709
itr_count: 378
_se_encrypt: 0.000447500
itr_count: 379
_se_encrypt: 0.000447500
itr_count: 380
_se_encrypt: 0.000433875
itr_count: 381
_se_encrypt: 0.000417625
itr_count: 382
_se_encrypt: 0.000427708
itr_count: 383
_se_encrypt: 0.000473292
itr_count: 384
_se_encrypt: 0.000465417
itr_count: 385
_se_encrypt: 0.000443042
itr_count: 386
_se_encrypt: 0.000457458
itr_count: 387
_se_encrypt: 0.000439083
itr_count: 388
_se_encrypt: 0.000443459
itr_count: 389
_se_encrypt: 0.000437042
itr_count: 390
_se_encrypt: 0.000447208
itr_count: 391
_se_encrypt: 0.000447083
itr_count: 392
_se_encrypt: 0.000454042
itr_count: 393
_se_encrypt: 0.000451167
itr_count: 394
_se_encrypt: 0.000415792
itr_count: 395
_se_encrypt: 0.000436791
itr_count: 396
_se_encrypt: 0.000467542
itr_count: 397
_se_encrypt: 0.000426541
itr_count: 398
_se_encrypt: 0.000452167
itr_count: 399
_se_encrypt: 0.000444625
itr_count: 400
_se_encrypt: 0.000436250
itr_count: 401
_se_encrypt: 0.000488167
itr_count: 402
_se_encrypt: 0.000480417
itr_count: 403
_se_encrypt: 0.000459000
itr_count: 404
_se_encrypt: 0.000434541
itr_count: 405
_se_encrypt: 0.000448625
itr_count: 406
_se_encrypt: 0.000435125
itr_count: 407
_se_encrypt: 0.000437916
itr_count: 408
_se_encrypt: 0.000447750
itr_count: 409
_se_encrypt: 0.000448500
itr_count: 410
_se_encrypt: 0.000471292
itr_count: 411
_se_encrypt: 0.000447459
itr_count: 412
_se_encrypt: 0.000435667
itr_count: 413
_se_encrypt: 0.000428084
itr_count: 414
_se_encrypt: 0.000447500
itr_count: 415
_se_encrypt: 0.000438709
itr_count: 416
_se_encrypt: 0.000442833
itr_count: 417
_se_encrypt: 0.000437959
itr_count: 418
_se_encrypt: 0.000442250
itr_count: 419
_se_encrypt: 0.000457958
itr_count: 420
_se_encrypt: 0.000445416
itr_count: 421
_se_encrypt: 0.000448292
itr_count: 422
_se_encrypt: 0.000438500
itr_count: 423
_se_encrypt: 0.000466875
itr_count: 424
_se_encrypt: 0.000439083
itr_count: 425
_se_encrypt: 0.000434541
itr_count: 426
_se_encrypt: 0.000533208
itr_count: 427
_se_encrypt: 0.000476459
itr_count: 428
_se_encrypt: 0.000606916
itr_count: 429
_se_encrypt: 0.000537750
itr_count: 430
_se_encrypt: 0.000492208
itr_count: 431
_se_encrypt: 0.000487375
itr_count: 432
_se_encrypt: 0.000445458
itr_count: 433
_se_encrypt: 0.000470583
itr_count: 434
_se_encrypt: 0.000575709
itr_count: 435
_se_encrypt: 0.000489583
itr_count: 436
_se_encrypt: 0.000448167
itr_count: 437
_se_encrypt: 0.000454333
itr_count: 438
_se_encrypt: 0.000447542
itr_count: 439
_se_encrypt: 0.000474834
itr_count: 440
_se_encrypt: 0.000423167
itr_count: 441
_se_encrypt: 0.000468125
itr_count: 442
_se_encrypt: 0.000471959
itr_count: 443
_se_encrypt: 0.000445458
itr_count: 444
_se_encrypt: 0.000438125
itr_count: 445
_se_encrypt: 0.000484084
itr_count: 446
_se_encrypt: 0.000684625
itr_count: 447
_se_encrypt: 0.000434750
itr_count: 448
_se_encrypt: 0.000423625
itr_count: 449
_se_encrypt: 0.000555958
itr_count: 450
_se_encrypt: 0.000467125
itr_count: 451
_se_encrypt: 0.000463791
itr_count: 452
_se_encrypt: 0.000431750
itr_count: 453
_se_encrypt: 0.000417834
itr_count: 454
_se_encrypt: 0.000448041
itr_count: 455
_se_encrypt: 0.000411000
itr_count: 456
_se_encrypt: 0.000397208
itr_count: 457
_se_encrypt: 0.000426875
itr_count: 458
_se_encrypt: 0.000495000
itr_count: 459
_se_encrypt: 0.000494375
itr_count: 460
_se_encrypt: 0.000465042
itr_count: 461
_se_encrypt: 0.000456584
itr_count: 462
_se_encrypt: 0.000452708
itr_count: 463
_se_encrypt: 0.000507125
itr_count: 464
_se_encrypt: 0.000495792
itr_count: 465
_se_encrypt: 0.000427791
itr_count: 466
_se_encrypt: 0.000451500
itr_count: 467
_se_encrypt: 0.000446417
itr_count: 468
_se_encrypt: 0.000435541
itr_count: 469
_se_encrypt: 0.000481209
itr_count: 470
_se_encrypt: 0.000449000
itr_count: 471
_se_encrypt: 0.000436541
itr_count: 472
_se_encrypt: 0.000423167
itr_count: 473
_se_encrypt: 0.000391291
itr_count: 474
_se_encrypt: 0.000437583
itr_count: 475
_se_encrypt: 0.000448958
itr_count: 476
_se_encrypt: 0.000484417
itr_count: 477
_se_encrypt: 0.000455500
itr_count: 478
_se_encrypt: 0.000433917
itr_count: 479
_se_encrypt: 0.000439583
itr_count: 480
_se_encrypt: 0.000450458
itr_count: 481
_se_encrypt: 0.000451709
itr_count: 482
_se_encrypt: 0.000440917
itr_count: 483
_se_encrypt: 0.000411750
itr_count: 484
_se_encrypt: 0.000441375
itr_count: 485
_se_encrypt: 0.000450667
itr_count: 486
_se_encrypt: 0.000439500
itr_count: 487
_se_encrypt: 0.000456541
itr_count: 488
_se_encrypt: 0.000431625
itr_count: 489
_se_encrypt: 0.000471458
itr_count: 490
_se_encrypt: 0.000418541
itr_count: 491
_se_encrypt: 0.000421500
itr_count: 492
_se_encrypt: 0.000442125
itr_count: 493
_se_encrypt: 0.000433959
itr_count: 494
_se_encrypt: 0.000432042
itr_count: 495
_se_encrypt: 0.000457792
itr_count: 496
_se_encrypt: 0.000451958
itr_count: 497
_se_encrypt: 0.000446000
itr_count: 498
_se_encrypt: 0.000440542
itr_count: 499
_se_encrypt: 0.000444167
itr_count: 500
_se_encrypt: 0.000495750
itr_count: 501
_se_encrypt: 0.000445000
itr_count: 502
_se_encrypt: 0.000434833
itr_count: 503
_se_encrypt: 0.000434708
itr_count: 504
_se_encrypt: 0.000427875
itr_count: 505
_se_encrypt: 0.000437708
itr_count: 506
_se_encrypt: 0.000466583
itr_count: 507
_se_encrypt: 0.000481292
itr_count: 508
_se_encrypt: 0.000438500
itr_count: 509
_se_encrypt: 0.000462458
itr_count: 510
_se_encrypt: 0.000442417
itr_count: 511
_se_encrypt: 0.000444833
itr_count: 512
_se_encrypt: 0.000464125
itr_count: 513
_se_encrypt: 0.000426625
itr_count: 514
_se_encrypt: 0.000447042
itr_count: 515
_se_encrypt: 0.000438750
itr_count: 516
_se_encrypt: 0.000422292
itr_count: 517
_se_encrypt: 0.000472167
itr_count: 518
_se_encrypt: 0.000440166
itr_count: 519
_se_encrypt: 0.000462958
itr_count: 520
_se_encrypt: 0.000458417
itr_count: 521
_se_encrypt: 0.000451250
itr_count: 522
_se_encrypt: 0.000439375
itr_count: 523
_se_encrypt: 0.000452541
itr_count: 524
_se_encrypt: 0.000437125
itr_count: 525
_se_encrypt: 0.000444291
itr_count: 526
_se_encrypt: 0.000425584
itr_count: 527
_se_encrypt: 0.000422791
itr_count: 528
_se_encrypt: 0.000449000
itr_count: 529
_se_encrypt: 0.000448792
itr_count: 530
_se_encrypt: 0.000442791
itr_count: 531
_se_encrypt: 0.000445583
itr_count: 532
_se_encrypt: 0.000445791
itr_count: 533
_se_encrypt: 0.000453875
itr_count: 534
_se_encrypt: 0.000431417
itr_count: 535
_se_encrypt: 0.000467875
itr_count: 536
_se_encrypt: 0.000449333
itr_count: 537
_se_encrypt: 0.000451209
itr_count: 538
_se_encrypt: 0.000465584
itr_count: 539
_se_encrypt: 0.000426208
itr_count: 540
_se_encrypt: 0.000427166
itr_count: 541
_se_encrypt: 0.000454417
itr_count: 542
_se_encrypt: 0.000507125
itr_count: 543
_se_encrypt: 0.000439292
itr_count: 544
_se_encrypt: 0.000445625
itr_count: 545
_se_encrypt: 0.000460250
itr_count: 546
_se_encrypt: 0.000455541
itr_count: 547
_se_encrypt: 0.000456958
itr_count: 548
_se_encrypt: 0.000440625
itr_count: 549
_se_encrypt: 0.000453084
itr_count: 550
_se_encrypt: 0.000446708
itr_count: 551
_se_encrypt: 0.000448708
itr_count: 552
_se_encrypt: 0.000471833
itr_count: 553
_se_encrypt: 0.000473625
itr_count: 554
_se_encrypt: 0.000440208
itr_count: 555
_se_encrypt: 0.000456750
itr_count: 556
_se_encrypt: 0.000431459
itr_count: 557
_se_encrypt: 0.000450458
itr_count: 558
_se_encrypt: 0.000398292
itr_count: 559
_se_encrypt: 0.000434333
itr_count: 560
_se_encrypt: 0.000423958
itr_count: 561
_se_encrypt: 0.000423250
itr_count: 562
_se_encrypt: 0.000395541
itr_count: 563
_se_encrypt: 0.000425625
itr_count: 564
_se_encrypt: 0.000401042
itr_count: 565
_se_encrypt: 0.000412959
itr_count: 566
_se_encrypt: 0.000408000
itr_count: 567
_se_encrypt: 0.000445875
itr_count: 568
_se_encrypt: 0.000444292
itr_count: 569
_se_encrypt: 0.000437792
itr_count: 570
_se_encrypt: 0.000463000
itr_count: 571
_se_encrypt: 0.000462166
itr_count: 572
_se_encrypt: 0.000462417
itr_count: 573
_se_encrypt: 0.000450459
itr_count: 574
_se_encrypt: 0.000466417
itr_count: 575
_se_encrypt: 0.000470209
itr_count: 576
_se_encrypt: 0.000425417
itr_count: 577
_se_encrypt: 0.000455958
itr_count: 578
_se_encrypt: 0.000426375
itr_count: 579
_se_encrypt: 0.000408750
itr_count: 580
_se_encrypt: 0.000393708
itr_count: 581
_se_encrypt: 0.000399417
itr_count: 582
_se_encrypt: 0.000407458
itr_count: 583
_se_encrypt: 0.000412459
itr_count: 584
_se_encrypt: 0.000399666
itr_count: 585
_se_encrypt: 0.000410417
itr_count: 586
_se_encrypt: 0.000390750
itr_count: 587
_se_encrypt: 0.000395125
itr_count: 588
_se_encrypt: 0.000411333
itr_count: 589
_se_encrypt: 0.000374541
itr_count: 590
_se_encrypt: 0.000392625
itr_count: 591
_se_encrypt: 0.000391792
itr_count: 592
_se_encrypt: 0.000397958
itr_count: 593
_se_encrypt: 0.000394459
itr_count: 594
_se_encrypt: 0.000424750
itr_count: 595
_se_encrypt: 0.000387667
itr_count: 596
_se_encrypt: 0.000400542
itr_count: 597
_se_encrypt: 0.000398708
itr_count: 598
_se_encrypt: 0.000383833
itr_count: 599
_se_encrypt: 0.000414250
itr_count: 600
_se_encrypt: 0.000386000
itr_count: 601
_se_encrypt: 0.000396708
itr_count: 602
_se_encrypt: 0.000404333
itr_count: 603
_se_encrypt: 0.000446541
itr_count: 604
_se_encrypt: 0.000443541
itr_count: 605
_se_encrypt: 0.000397209
itr_count: 606
_se_encrypt: 0.000418250
itr_count: 607
_se_encrypt: 0.000386166
itr_count: 608
_se_encrypt: 0.000381458
itr_count: 609
_se_encrypt: 0.000410792
itr_count: 610
_se_encrypt: 0.000400667
itr_count: 611
_se_encrypt: 0.000391417
itr_count: 612
_se_encrypt: 0.000394667
itr_count: 613
_se_encrypt: 0.000398208
itr_count: 614
_se_encrypt: 0.000408458
itr_count: 615
_se_encrypt: 0.000403083
itr_count: 616
_se_encrypt: 0.000412834
itr_count: 617
_se_encrypt: 0.000399584
itr_count: 618
_se_encrypt: 0.000405417
itr_count: 619
_se_encrypt: 0.000405500
itr_count: 620
_se_encrypt: 0.000397542
itr_count: 621
_se_encrypt: 0.000401000
itr_count: 622
_se_encrypt: 0.000392125
itr_count: 623
_se_encrypt: 0.000393708
itr_count: 624
_se_encrypt: 0.000391459
itr_count: 625
_se_encrypt: 0.000398875
itr_count: 626
_se_encrypt: 0.000386791
itr_count: 627
_se_encrypt: 0.000384500
itr_count: 628
_se_encrypt: 0.000383333
itr_count: 629
_se_encrypt: 0.000397791
itr_count: 630
_se_encrypt: 0.000379916
itr_count: 631
_se_encrypt: 0.000386959
itr_count: 632
_se_encrypt: 0.000384375
itr_count: 633
_se_encrypt: 0.000383667
itr_count: 634
_se_encrypt: 0.000397958
itr_count: 635
_se_encrypt: 0.000410083
itr_count: 636
_se_encrypt: 0.000451542
itr_count: 637
_se_encrypt: 0.000447250
itr_count: 638
_se_encrypt: 0.000432709
itr_count: 639
_se_encrypt: 0.000395166
itr_count: 640
_se_encrypt: 0.000384750
itr_count: 641
_se_encrypt: 0.000423042
itr_count: 642
_se_encrypt: 0.000409875
itr_count: 643
_se_encrypt: 0.000424167
itr_count: 644
_se_encrypt: 0.000406417
itr_count: 645
_se_encrypt: 0.000391583
itr_count: 646
_se_encrypt: 0.000509667
itr_count: 647
_se_encrypt: 0.000507583
itr_count: 648
_se_encrypt: 0.000459292
itr_count: 649
_se_encrypt: 0.000456125
itr_count: 650
_se_encrypt: 0.000460041
itr_count: 651
_se_encrypt: 0.000469333
itr_count: 652
_se_encrypt: 0.000467917
itr_count: 653
_se_encrypt: 0.000438792
itr_count: 654
_se_encrypt: 0.000439458
itr_count: 655
_se_encrypt: 0.000562250
itr_count: 656
_se_encrypt: 0.000478875
itr_count: 657
_se_encrypt: 0.000431500
itr_count: 658
_se_encrypt: 0.000448167
itr_count: 659
_se_encrypt: 0.000461125
itr_count: 660
_se_encrypt: 0.000435708
itr_count: 661
_se_encrypt: 0.000484625
itr_count: 662
_se_encrypt: 0.000472042
itr_count: 663
_se_encrypt: 0.000445917
itr_count: 664
_se_encrypt: 0.000479541
itr_count: 665
_se_encrypt: 0.000475291
itr_count: 666
_se_encrypt: 0.000459500
itr_count: 667
_se_encrypt: 0.000481792
itr_count: 668
_se_encrypt: 0.000448708
itr_count: 669
_se_encrypt: 0.000466792
itr_count: 670
_se_encrypt: 0.000454417
itr_count: 671
_se_encrypt: 0.000444208
itr_count: 672
_se_encrypt: 0.000433584
itr_count: 673
_se_encrypt: 0.000431917
itr_count: 674
_se_encrypt: 0.000470459
itr_count: 675
_se_encrypt: 0.000439625
itr_count: 676
_se_encrypt: 0.000459542
itr_count: 677
_se_encrypt: 0.000470917
itr_count: 678
_se_encrypt: 0.000428583
itr_count: 679
_se_encrypt: 0.000478125
itr_count: 680
_se_encrypt: 0.000424792
itr_count: 681
_se_encrypt: 0.000442000
itr_count: 682
_se_encrypt: 0.000435708
itr_count: 683
_se_encrypt: 0.000433209
itr_count: 684
_se_encrypt: 0.000466167
itr_count: 685
_se_encrypt: 0.000434167
itr_count: 686
_se_encrypt: 0.000454000
itr_count: 687
_se_encrypt: 0.000422833
itr_count: 688
_se_encrypt: 0.000489958
itr_count: 689
_se_encrypt: 0.000478000
itr_count: 690
_se_encrypt: 0.000453667
itr_count: 691
_se_encrypt: 0.000454833
itr_count: 692
_se_encrypt: 0.000453042
itr_count: 693
_se_encrypt: 0.000443167
itr_count: 694
_se_encrypt: 0.000444583
itr_count: 695
_se_encrypt: 0.000499292
itr_count: 696
_se_encrypt: 0.000431375
itr_count: 697
_se_encrypt: 0.000454000
itr_count: 698
_se_encrypt: 0.000453916
itr_count: 699
_se_encrypt: 0.000448209
itr_count: 700
_se_encrypt: 0.000448375
itr_count: 701
_se_encrypt: 0.000467000
itr_count: 702
_se_encrypt: 0.000444834
itr_count: 703
_se_encrypt: 0.000432250
itr_count: 704
_se_encrypt: 0.000465167
itr_count: 705
_se_encrypt: 0.000471084
itr_count: 706
_se_encrypt: 0.000450417
itr_count: 707
_se_encrypt: 0.000462917
itr_count: 708
_se_encrypt: 0.000437334
itr_count: 709
_se_encrypt: 0.000453583
itr_count: 710
_se_encrypt: 0.000455542
itr_count: 711
_se_encrypt: 0.000469166
itr_count: 712
_se_encrypt: 0.000490208
itr_count: 713
_se_encrypt: 0.000450500
itr_count: 714
_se_encrypt: 0.000446959
itr_count: 715
_se_encrypt: 0.000469333
itr_count: 716
_se_encrypt: 0.000445666
itr_count: 717
_se_encrypt: 0.000455250
itr_count: 718
_se_encrypt: 0.000484333
itr_count: 719
_se_encrypt: 0.000452750
itr_count: 720
_se_encrypt: 0.000446333
itr_count: 721
_se_encrypt: 0.000468958
itr_count: 722
_se_encrypt: 0.000467666
itr_count: 723
_se_encrypt: 0.000451250
itr_count: 724
_se_encrypt: 0.000469208
itr_count: 725
_se_encrypt: 0.000477542
itr_count: 726
_se_encrypt: 0.000465500
itr_count: 727
_se_encrypt: 0.000464250
itr_count: 728
_se_encrypt: 0.000445708
itr_count: 729
_se_encrypt: 0.000436583
itr_count: 730
_se_encrypt: 0.000454292
itr_count: 731
_se_encrypt: 0.000446458
itr_count: 732
_se_encrypt: 0.000421500
itr_count: 733
_se_encrypt: 0.000434583
itr_count: 734
_se_encrypt: 0.000471584
itr_count: 735
_se_encrypt: 0.000426208
itr_count: 736
_se_encrypt: 0.000467583
itr_count: 737
_se_encrypt: 0.000429375
itr_count: 738
_se_encrypt: 0.000444667
itr_count: 739
_se_encrypt: 0.000441333
itr_count: 740
_se_encrypt: 0.000445042
itr_count: 741
_se_encrypt: 0.000420542
itr_count: 742
_se_encrypt: 0.000468125
itr_count: 743
_se_encrypt: 0.000447958
itr_count: 744
_se_encrypt: 0.000457458
itr_count: 745
_se_encrypt: 0.000484625
itr_count: 746
_se_encrypt: 0.000419542
itr_count: 747
_se_encrypt: 0.000435125
itr_count: 748
_se_encrypt: 0.000457375
itr_count: 749
_se_encrypt: 0.000456417
itr_count: 750
_se_encrypt: 0.000435125
itr_count: 751
_se_encrypt: 0.000442500
itr_count: 752
_se_encrypt: 0.000435792
itr_count: 753
_se_encrypt: 0.000461166
itr_count: 754
_se_encrypt: 0.000402958
itr_count: 755
_se_encrypt: 0.000402791
itr_count: 756
_se_encrypt: 0.000403834
itr_count: 757
_se_encrypt: 0.000402875
itr_count: 758
_se_encrypt: 0.000397167
itr_count: 759
_se_encrypt: 0.000404167
itr_count: 760
_se_encrypt: 0.000394875
itr_count: 761
_se_encrypt: 0.000391084
itr_count: 762
_se_encrypt: 0.000401333
itr_count: 763
_se_encrypt: 0.000398292
itr_count: 764
_se_encrypt: 0.000405917
itr_count: 765
_se_encrypt: 0.000392334
itr_count: 766
_se_encrypt: 0.000407958
itr_count: 767
_se_encrypt: 0.000416334
itr_count: 768
_se_encrypt: 0.000406833
itr_count: 769
_se_encrypt: 0.000409417
itr_count: 770
_se_encrypt: 0.000393792
itr_count: 771
_se_encrypt: 0.000370583
itr_count: 772
_se_encrypt: 0.000405292
itr_count: 773
_se_encrypt: 0.000399417
itr_count: 774
_se_encrypt: 0.000390416
itr_count: 775
_se_encrypt: 0.000399709
itr_count: 776
_se_encrypt: 0.000402875
itr_count: 777
_se_encrypt: 0.000414584
itr_count: 778
_se_encrypt: 0.000407458
itr_count: 779
_se_encrypt: 0.000406666
itr_count: 780
_se_encrypt: 0.000398584
itr_count: 781
_se_encrypt: 0.000399709
itr_count: 782
_se_encrypt: 0.000400708
itr_count: 783
_se_encrypt: 0.000410667
itr_count: 784
_se_encrypt: 0.000385833
itr_count: 785
_se_encrypt: 0.000396792
itr_count: 786
_se_encrypt: 0.000396458
itr_count: 787
_se_encrypt: 0.000401292
itr_count: 788
_se_encrypt: 0.000406792
itr_count: 789
_se_encrypt: 0.000407042
itr_count: 790
_se_encrypt: 0.000399375
itr_count: 791
_se_encrypt: 0.000407958
itr_count: 792
_se_encrypt: 0.000410208
itr_count: 793
_se_encrypt: 0.000432500
itr_count: 794
_se_encrypt: 0.000451959
itr_count: 795
_se_encrypt: 0.000483125
itr_count: 796
_se_encrypt: 0.000435041
itr_count: 797
_se_encrypt: 0.000450916
itr_count: 798
_se_encrypt: 0.000481708
itr_count: 799
_se_encrypt: 0.000438667
itr_count: 800
_se_encrypt: 0.000435625
itr_count: 801
_se_encrypt: 0.000460333
itr_count: 802
_se_encrypt: 0.000434458
itr_count: 803
_se_encrypt: 0.000451292
itr_count: 804
_se_encrypt: 0.000429916
itr_count: 805
_se_encrypt: 0.000405416
itr_count: 806
_se_encrypt: 0.000406458
itr_count: 807
_se_encrypt: 0.000458958
itr_count: 808
_se_encrypt: 0.000399875
itr_count: 809
_se_encrypt: 0.000402541
itr_count: 810
_se_encrypt: 0.000407166
itr_count: 811
_se_encrypt: 0.000399041
itr_count: 812
_se_encrypt: 0.000398916
itr_count: 813
_se_encrypt: 0.000409167
itr_count: 814
_se_encrypt: 0.000409292
itr_count: 815
_se_encrypt: 0.000409542
itr_count: 816
_se_encrypt: 0.000409875
itr_count: 817
_se_encrypt: 0.000399000
itr_count: 818
_se_encrypt: 0.000397917
itr_count: 819
_se_encrypt: 0.000405667
itr_count: 820
_se_encrypt: 0.000393084
itr_count: 821
_se_encrypt: 0.000406167
itr_count: 822
_se_encrypt: 0.000394333
itr_count: 823
_se_encrypt: 0.000399583
itr_count: 824
_se_encrypt: 0.000417625
itr_count: 825
_se_encrypt: 0.000387834
itr_count: 826
_se_encrypt: 0.000412125
itr_count: 827
_se_encrypt: 0.000391292
itr_count: 828
_se_encrypt: 0.000398250
itr_count: 829
_se_encrypt: 0.000408333
itr_count: 830
_se_encrypt: 0.000381708
itr_count: 831
_se_encrypt: 0.000420458
itr_count: 832
_se_encrypt: 0.000413375
itr_count: 833
_se_encrypt: 0.000395666
itr_count: 834
_se_encrypt: 0.000403417
itr_count: 835
_se_encrypt: 0.000404708
itr_count: 836
_se_encrypt: 0.000395167
itr_count: 837
_se_encrypt: 0.000402208
itr_count: 838
_se_encrypt: 0.000396208
itr_count: 839
_se_encrypt: 0.000373125
itr_count: 840
_se_encrypt: 0.000376042
itr_count: 841
_se_encrypt: 0.000404917
itr_count: 842
_se_encrypt: 0.000372708
itr_count: 843
_se_encrypt: 0.000395958
itr_count: 844
_se_encrypt: 0.000410792
itr_count: 845
_se_encrypt: 0.000462833
itr_count: 846
_se_encrypt: 0.000408416
itr_count: 847
_se_encrypt: 0.000399125
itr_count: 848
_se_encrypt: 0.000385041
itr_count: 849
_se_encrypt: 0.000396167
itr_count: 850
_se_encrypt: 0.000415958
itr_count: 851
_se_encrypt: 0.000396708
itr_count: 852
_se_encrypt: 0.000402542
itr_count: 853
_se_encrypt: 0.000406292
itr_count: 854
_se_encrypt: 0.000396000
itr_count: 855
_se_encrypt: 0.000388000
itr_count: 856
_se_encrypt: 0.000394417
itr_count: 857
_se_encrypt: 0.000394000
itr_count: 858
_se_encrypt: 0.000431250
itr_count: 859
_se_encrypt: 0.000403416
itr_count: 860
_se_encrypt: 0.000409708
itr_count: 861
_se_encrypt: 0.000398416
itr_count: 862
_se_encrypt: 0.000437083
itr_count: 863
_se_encrypt: 0.000403541
itr_count: 864
_se_encrypt: 0.000419583
itr_count: 865
_se_encrypt: 0.000398916
itr_count: 866
_se_encrypt: 0.000392916
itr_count: 867
_se_encrypt: 0.000399916
itr_count: 868
_se_encrypt: 0.000406291
itr_count: 869
_se_encrypt: 0.000398833
itr_count: 870
_se_encrypt: 0.000393667
itr_count: 871
_se_encrypt: 0.000393417
itr_count: 872
_se_encrypt: 0.000389250
itr_count: 873
_se_encrypt: 0.000408041
itr_count: 874
_se_encrypt: 0.000449625
itr_count: 875
_se_encrypt: 0.000404541
itr_count: 876
_se_encrypt: 0.000409959
itr_count: 877
_se_encrypt: 0.000390750
itr_count: 878
_se_encrypt: 0.000407000
itr_count: 879
_se_encrypt: 0.000410708
itr_count: 880
_se_encrypt: 0.000407959
itr_count: 881
_se_encrypt: 0.000396500
itr_count: 882
_se_encrypt: 0.000398500
itr_count: 883
_se_encrypt: 0.000408834
itr_count: 884
_se_encrypt: 0.000409542
itr_count: 885
_se_encrypt: 0.000393625
itr_count: 886
_se_encrypt: 0.000399834
itr_count: 887
_se_encrypt: 0.000383917
itr_count: 888
_se_encrypt: 0.000402750
itr_count: 889
_se_encrypt: 0.000413500
itr_count: 890
_se_encrypt: 0.000394041
itr_count: 891
_se_encrypt: 0.000402583
itr_count: 892
_se_encrypt: 0.000407375
itr_count: 893
_se_encrypt: 0.000407458
itr_count: 894
_se_encrypt: 0.000414042
itr_count: 895
_se_encrypt: 0.000405125
itr_count: 896
_se_encrypt: 0.000401000
itr_count: 897
_se_encrypt: 0.000395166
itr_count: 898
_se_encrypt: 0.000396500
itr_count: 899
_se_encrypt: 0.000393542
itr_count: 900
_se_encrypt: 0.000398833
itr_count: 901
_se_encrypt: 0.000398625
itr_count: 902
_se_encrypt: 0.000386042
itr_count: 903
_se_encrypt: 0.000392250
itr_count: 904
_se_encrypt: 0.000423583
itr_count: 905
_se_encrypt: 0.000387667
itr_count: 906
_se_encrypt: 0.000386292
itr_count: 907
_se_encrypt: 0.000397125
itr_count: 908
_se_encrypt: 0.000399000
itr_count: 909
_se_encrypt: 0.000408292
itr_count: 910
_se_encrypt: 0.000400417
itr_count: 911
_se_encrypt: 0.000389625
itr_count: 912
_se_encrypt: 0.000405750
itr_count: 913
_se_encrypt: 0.000389625
itr_count: 914
_se_encrypt: 0.000415750
itr_count: 915
_se_encrypt: 0.000403500
itr_count: 916
_se_encrypt: 0.000399458
itr_count: 917
_se_encrypt: 0.000401958
itr_count: 918
_se_encrypt: 0.000404375
itr_count: 919
_se_encrypt: 0.000496125
itr_count: 920
_se_encrypt: 0.000441125
itr_count: 921
_se_encrypt: 0.000450250
itr_count: 922
_se_encrypt: 0.000484333
itr_count: 923
_se_encrypt: 0.000434625
itr_count: 924
_se_encrypt: 0.000458625
itr_count: 925
_se_encrypt: 0.000442125
itr_count: 926
_se_encrypt: 0.000438667
itr_count: 927
_se_encrypt: 0.000438834
itr_count: 928
_se_encrypt: 0.000472625
itr_count: 929
_se_encrypt: 0.000490333
itr_count: 930
_se_encrypt: 0.000496209
itr_count: 931
_se_encrypt: 0.000426667
itr_count: 932
_se_encrypt: 0.000438583
itr_count: 933
_se_encrypt: 0.000434041
itr_count: 934
_se_encrypt: 0.000485375
itr_count: 935
_se_encrypt: 0.000441083
itr_count: 936
_se_encrypt: 0.000460375
itr_count: 937
_se_encrypt: 0.000438709
itr_count: 938
_se_encrypt: 0.000430875
itr_count: 939
_se_encrypt: 0.000447500
itr_count: 940
_se_encrypt: 0.000458792
itr_count: 941
_se_encrypt: 0.000481083
itr_count: 942
_se_encrypt: 0.000454375
itr_count: 943
_se_encrypt: 0.000475166
itr_count: 944
_se_encrypt: 0.000486875
itr_count: 945
_se_encrypt: 0.000455833
itr_count: 946
_se_encrypt: 0.000463125
itr_count: 947
_se_encrypt: 0.000475292
itr_count: 948
_se_encrypt: 0.000467125
itr_count: 949
_se_encrypt: 0.000440750
itr_count: 950
_se_encrypt: 0.000451750
itr_count: 951
_se_encrypt: 0.000446083
itr_count: 952
_se_encrypt: 0.000452708
itr_count: 953
_se_encrypt: 0.000444833
itr_count: 954
_se_encrypt: 0.000466167
itr_count: 955
_se_encrypt: 0.000470833
itr_count: 956
_se_encrypt: 0.000419916
itr_count: 957
_se_encrypt: 0.000419709
itr_count: 958
_se_encrypt: 0.000452917
itr_count: 959
_se_encrypt: 0.000427541
itr_count: 960
_se_encrypt: 0.000443125
itr_count: 961
_se_encrypt: 0.000438875
itr_count: 962
_se_encrypt: 0.000462250
itr_count: 963
_se_encrypt: 0.000460333
itr_count: 964
_se_encrypt: 0.000438583
itr_count: 965
_se_encrypt: 0.000419584
itr_count: 966
_se_encrypt: 0.000446000
itr_count: 967
_se_encrypt: 0.000438750
itr_count: 968
_se_encrypt: 0.000453833
itr_count: 969
_se_encrypt: 0.000456042
itr_count: 970
_se_encrypt: 0.000408500
itr_count: 971
_se_encrypt: 0.000484500
itr_count: 972
_se_encrypt: 0.000441084
itr_count: 973
_se_encrypt: 0.000455583
itr_count: 974
_se_encrypt: 0.000428292
itr_count: 975
_se_encrypt: 0.000431917
itr_count: 976
_se_encrypt: 0.000432500
itr_count: 977
_se_encrypt: 0.000473500
itr_count: 978
_se_encrypt: 0.000434791
itr_count: 979
_se_encrypt: 0.000438917
itr_count: 980
_se_encrypt: 0.000437167
itr_count: 981
_se_encrypt: 0.000458458
itr_count: 982
_se_encrypt: 0.000435000
itr_count: 983
_se_encrypt: 0.000469084
itr_count: 984
_se_encrypt: 0.000441667
itr_count: 985
_se_encrypt: 0.000447750
itr_count: 986
_se_encrypt: 0.000461083
itr_count: 987
_se_encrypt: 0.000457541
itr_count: 988
_se_encrypt: 0.000477875
itr_count: 989
_se_encrypt: 0.000419959
itr_count: 990
_se_encrypt: 0.000463792
itr_count: 991
_se_encrypt: 0.000429125
itr_count: 992
_se_encrypt: 0.000480458
itr_count: 993
_se_encrypt: 0.000418083
itr_count: 994
_se_encrypt: 0.000475291
itr_count: 995
_se_encrypt: 0.000450375
itr_count: 996
_se_encrypt: 0.000438334
itr_count: 997
_se_encrypt: 0.000512750
itr_count: 998
_se_encrypt: 0.000454250
itr_count: 999
_se_encrypt: 0.000459458
itr_count: 1000
_se_encrypt: 0.000411250
itr_count: 1001
_se_encrypt: 0.000459000
itr_count: 1002
_se_encrypt: 0.000454791
itr_count: 1003
_se_encrypt: 0.000450458
itr_count: 1004
_se_encrypt: 0.000466208
itr_count: 1005
_se_encrypt: 0.000449250
itr_count: 1006
_se_encrypt: 0.000430208
itr_count: 1007
_se_encrypt: 0.000421584
itr_count: 1008
_se_encrypt: 0.000476750
itr_count: 1009
_se_encrypt: 0.000453792
itr_count: 1010
_se_encrypt: 0.000438000
itr_count: 1011
_se_encrypt: 0.000438958
itr_count: 1012
_se_encrypt: 0.000480333
itr_count: 1013
_se_encrypt: 0.000467291
itr_count: 1014
_se_encrypt: 0.000439916
itr_count: 1015
_se_encrypt: 0.000458208
itr_count: 1016
_se_encrypt: 0.000440875
itr_count: 1017
_se_encrypt: 0.000444333
itr_count: 1018
_se_encrypt: 0.000455833
itr_count: 1019
_se_encrypt: 0.000474208
itr_count: 1020
_se_encrypt: 0.000460917
itr_count: 1021
_se_encrypt: 0.000448667
itr_count: 1022
_se_encrypt: 0.000457333
itr_count: 1023
_se_encrypt: 0.000447000
itr_count: 1024
_se_encrypt: 0.000432000
encrypt: 2.259040416
Buffer: 256
itr_count: 0
_se_encrypt: 0.000806667
itr_count: 1
_se_encrypt: 0.000704917
itr_count: 2
_se_encrypt: 0.000703917
itr_count: 3
_se_encrypt: 0.000701917
itr_count: 4
_se_encrypt: 0.000712125
itr_count: 5
_se_encrypt: 0.000615583
itr_count: 6
_se_encrypt: 0.000610375
itr_count: 7
_se_encrypt: 0.000610625
itr_count: 8
_se_encrypt: 0.000618542
itr_count: 9
_se_encrypt: 0.000637500
itr_count: 10
_se_encrypt: 0.001420958
itr_count: 11
_se_encrypt: 0.000885417
itr_count: 12
_se_encrypt: 0.000724375
itr_count: 13
_se_encrypt: 0.000579209
itr_count: 14
_se_encrypt: 0.000658791
itr_count: 15
_se_encrypt: 0.000557541
itr_count: 16
_se_encrypt: 0.000545500
itr_count: 17
_se_encrypt: 0.000612708
itr_count: 18
_se_encrypt: 0.000590584
itr_count: 19
_se_encrypt: 0.000521041
itr_count: 20
_se_encrypt: 0.000513166
itr_count: 21
_se_encrypt: 0.000523792
itr_count: 22
_se_encrypt: 0.000529250
itr_count: 23
_se_encrypt: 0.000514459
itr_count: 24
_se_encrypt: 0.000560208
itr_count: 25
_se_encrypt: 0.000563958
itr_count: 26
_se_encrypt: 0.000551584
itr_count: 27
_se_encrypt: 0.000601209
itr_count: 28
_se_encrypt: 0.000529500
itr_count: 29
_se_encrypt: 0.000527708
itr_count: 30
_se_encrypt: 0.000554833
itr_count: 31
_se_encrypt: 0.000524500
itr_count: 32
_se_encrypt: 0.000524125
itr_count: 33
_se_encrypt: 0.000593416
itr_count: 34
_se_encrypt: 0.000544917
itr_count: 35
_se_encrypt: 0.000525292
itr_count: 36
_se_encrypt: 0.000535750
itr_count: 37
_se_encrypt: 0.000540708
itr_count: 38
_se_encrypt: 0.000544542
itr_count: 39
_se_encrypt: 0.000526167
itr_count: 40
_se_encrypt: 0.000551959
itr_count: 41
_se_encrypt: 0.000526833
itr_count: 42
_se_encrypt: 0.000516125
itr_count: 43
_se_encrypt: 0.000509458
itr_count: 44
_se_encrypt: 0.000518000
itr_count: 45
_se_encrypt: 0.000533375
itr_count: 46
_se_encrypt: 0.000512416
itr_count: 47
_se_encrypt: 0.000530417
itr_count: 48
_se_encrypt: 0.000521125
itr_count: 49
_se_encrypt: 0.000515125
itr_count: 50
_se_encrypt: 0.000653375
itr_count: 51
_se_encrypt: 0.000631125
itr_count: 52
_se_encrypt: 0.000584500
itr_count: 53
_se_encrypt: 0.000600333
itr_count: 54
_se_encrypt: 0.000608041
itr_count: 55
_se_encrypt: 0.000632959
itr_count: 56
_se_encrypt: 0.000589000
itr_count: 57
_se_encrypt: 0.000589292
itr_count: 58
_se_encrypt: 0.000595916
itr_count: 59
_se_encrypt: 0.000596375
itr_count: 60
_se_encrypt: 0.000599417
itr_count: 61
_se_encrypt: 0.000623125
itr_count: 62
_se_encrypt: 0.000568208
itr_count: 63
_se_encrypt: 0.000530042
itr_count: 64
_se_encrypt: 0.000543292
itr_count: 65
_se_encrypt: 0.000512375
itr_count: 66
_se_encrypt: 0.000533875
itr_count: 67
_se_encrypt: 0.000496875
itr_count: 68
_se_encrypt: 0.000538917
itr_count: 69
_se_encrypt: 0.000515459
itr_count: 70
_se_encrypt: 0.000507833
itr_count: 71
_se_encrypt: 0.000516542
itr_count: 72
_se_encrypt: 0.000607208
itr_count: 73
_se_encrypt: 0.000590750
itr_count: 74
_se_encrypt: 0.000603291
itr_count: 75
_se_encrypt: 0.000606667
itr_count: 76
_se_encrypt: 0.000603958
itr_count: 77
_se_encrypt: 0.000594667
itr_count: 78
_se_encrypt: 0.000588875
itr_count: 79
_se_encrypt: 0.000580750
itr_count: 80
_se_encrypt: 0.000522917
itr_count: 81
_se_encrypt: 0.000532291
itr_count: 82
_se_encrypt: 0.000622916
itr_count: 83
_se_encrypt: 0.000574167
itr_count: 84
_se_encrypt: 0.000535375
itr_count: 85
_se_encrypt: 0.000616958
itr_count: 86
_se_encrypt: 0.000623916
itr_count: 87
_se_encrypt: 0.000561208
itr_count: 88
_se_encrypt: 0.000616333
itr_count: 89
_se_encrypt: 0.000613500
itr_count: 90
_se_encrypt: 0.000608083
itr_count: 91
_se_encrypt: 0.000587041
itr_count: 92
_se_encrypt: 0.000521583
itr_count: 93
_se_encrypt: 0.000535083
itr_count: 94
_se_encrypt: 0.000531333
itr_count: 95
_se_encrypt: 0.000639375
itr_count: 96
_se_encrypt: 0.000549875
itr_count: 97
_se_encrypt: 0.000536750
itr_count: 98
_se_encrypt: 0.000529208
itr_count: 99
_se_encrypt: 0.000537709
itr_count: 100
_se_encrypt: 0.000533583
itr_count: 101
_se_encrypt: 0.000533584
itr_count: 102
_se_encrypt: 0.000531250
itr_count: 103
_se_encrypt: 0.000544666
itr_count: 104
_se_encrypt: 0.000522708
itr_count: 105
_se_encrypt: 0.000522333
itr_count: 106
_se_encrypt: 0.000511208
itr_count: 107
_se_encrypt: 0.000517583
itr_count: 108
_se_encrypt: 0.000520917
itr_count: 109
_se_encrypt: 0.000514583
itr_count: 110
_se_encrypt: 0.000610833
itr_count: 111
_se_encrypt: 0.000591208
itr_count: 112
_se_encrypt: 0.000555500
itr_count: 113
_se_encrypt: 0.000513584
itr_count: 114
_se_encrypt: 0.000629833
itr_count: 115
_se_encrypt: 0.000610125
itr_count: 116
_se_encrypt: 0.000581417
itr_count: 117
_se_encrypt: 0.000628750
itr_count: 118
_se_encrypt: 0.000590542
itr_count: 119
_se_encrypt: 0.000638625
itr_count: 120
_se_encrypt: 0.000621208
itr_count: 121
_se_encrypt: 0.000599166
itr_count: 122
_se_encrypt: 0.000592166
itr_count: 123
_se_encrypt: 0.000590000
itr_count: 124
_se_encrypt: 0.000575750
itr_count: 125
_se_encrypt: 0.000525084
itr_count: 126
_se_encrypt: 0.000542500
itr_count: 127
_se_encrypt: 0.000513958
itr_count: 128
_se_encrypt: 0.000524166
itr_count: 129
_se_encrypt: 0.000525250
itr_count: 130
_se_encrypt: 0.000517750
itr_count: 131
_se_encrypt: 0.000510500
itr_count: 132
_se_encrypt: 0.000562125
itr_count: 133
_se_encrypt: 0.000563791
itr_count: 134
_se_encrypt: 0.000714917
itr_count: 135
_se_encrypt: 0.000589666
itr_count: 136
_se_encrypt: 0.000613334
itr_count: 137
_se_encrypt: 0.000606000
itr_count: 138
_se_encrypt: 0.000615417
itr_count: 139
_se_encrypt: 0.000571250
itr_count: 140
_se_encrypt: 0.000531250
itr_count: 141
_se_encrypt: 0.000533625
itr_count: 142
_se_encrypt: 0.000517083
itr_count: 143
_se_encrypt: 0.000542042
itr_count: 144
_se_encrypt: 0.000525959
itr_count: 145
_se_encrypt: 0.000522250
itr_count: 146
_se_encrypt: 0.000518666
itr_count: 147
_se_encrypt: 0.000626834
itr_count: 148
_se_encrypt: 0.000613042
itr_count: 149
_se_encrypt: 0.000625250
itr_count: 150
_se_encrypt: 0.000587292
itr_count: 151
_se_encrypt: 0.000517125
itr_count: 152
_se_encrypt: 0.000549208
itr_count: 153
_se_encrypt: 0.000513458
itr_count: 154
_se_encrypt: 0.000520625
itr_count: 155
_se_encrypt: 0.000532875
itr_count: 156
_se_encrypt: 0.000528209
itr_count: 157
_se_encrypt: 0.000512916
itr_count: 158
_se_encrypt: 0.000609417
itr_count: 159
_se_encrypt: 0.000621875
itr_count: 160
_se_encrypt: 0.000543417
itr_count: 161
_se_encrypt: 0.000515500
itr_count: 162
_se_encrypt: 0.000664666
itr_count: 163
_se_encrypt: 0.000554042
itr_count: 164
_se_encrypt: 0.000520708
itr_count: 165
_se_encrypt: 0.000530500
itr_count: 166
_se_encrypt: 0.000518750
itr_count: 167
_se_encrypt: 0.000514583
itr_count: 168
_se_encrypt: 0.000523167
itr_count: 169
_se_encrypt: 0.000514667
itr_count: 170
_se_encrypt: 0.000524000
itr_count: 171
_se_encrypt: 0.000509000
itr_count: 172
_se_encrypt: 0.000517875
itr_count: 173
_se_encrypt: 0.000508084
itr_count: 174
_se_encrypt: 0.000508958
itr_count: 175
_se_encrypt: 0.000525042
itr_count: 176
_se_encrypt: 0.000538584
itr_count: 177
_se_encrypt: 0.000515375
itr_count: 178
_se_encrypt: 0.000519583
itr_count: 179
_se_encrypt: 0.000525250
itr_count: 180
_se_encrypt: 0.000507208
itr_count: 181
_se_encrypt: 0.000508542
itr_count: 182
_se_encrypt: 0.000512833
itr_count: 183
_se_encrypt: 0.000532667
itr_count: 184
_se_encrypt: 0.000508125
itr_count: 185
_se_encrypt: 0.000516083
itr_count: 186
_se_encrypt: 0.000511958
itr_count: 187
_se_encrypt: 0.000522500
itr_count: 188
_se_encrypt: 0.000526209
itr_count: 189
_se_encrypt: 0.000528416
itr_count: 190
_se_encrypt: 0.000530083
itr_count: 191
_se_encrypt: 0.000540792
itr_count: 192
_se_encrypt: 0.000515333
itr_count: 193
_se_encrypt: 0.000525166
itr_count: 194
_se_encrypt: 0.000565709
itr_count: 195
_se_encrypt: 0.000541750
itr_count: 196
_se_encrypt: 0.000497375
itr_count: 197
_se_encrypt: 0.000492333
itr_count: 198
_se_encrypt: 0.000531541
itr_count: 199
_se_encrypt: 0.000518584
itr_count: 200
_se_encrypt: 0.000502583
itr_count: 201
_se_encrypt: 0.000510917
itr_count: 202
_se_encrypt: 0.000537125
itr_count: 203
_se_encrypt: 0.000526541
itr_count: 204
_se_encrypt: 0.000525834
itr_count: 205
_se_encrypt: 0.000524125
itr_count: 206
_se_encrypt: 0.000640459
itr_count: 207
_se_encrypt: 0.000559416
itr_count: 208
_se_encrypt: 0.000526583
itr_count: 209
_se_encrypt: 0.000534792
itr_count: 210
_se_encrypt: 0.000516292
itr_count: 211
_se_encrypt: 0.000533250
itr_count: 212
_se_encrypt: 0.000526791
itr_count: 213
_se_encrypt: 0.000532791
itr_count: 214
_se_encrypt: 0.000601166
itr_count: 215
_se_encrypt: 0.000641125
itr_count: 216
_se_encrypt: 0.000588625
itr_count: 217
_se_encrypt: 0.000630916
itr_count: 218
_se_encrypt: 0.000708458
itr_count: 219
_se_encrypt: 0.000648541
itr_count: 220
_se_encrypt: 0.000711291
itr_count: 221
_se_encrypt: 0.000625625
itr_count: 222
_se_encrypt: 0.000596167
itr_count: 223
_se_encrypt: 0.000832750
itr_count: 224
_se_encrypt: 0.000605917
itr_count: 225
_se_encrypt: 0.000528292
itr_count: 226
_se_encrypt: 0.000520583
itr_count: 227
_se_encrypt: 0.000516375
itr_count: 228
_se_encrypt: 0.000535416
itr_count: 229
_se_encrypt: 0.000547375
itr_count: 230
_se_encrypt: 0.000517667
itr_count: 231
_se_encrypt: 0.000576500
itr_count: 232
_se_encrypt: 0.000592375
itr_count: 233
_se_encrypt: 0.000583042
itr_count: 234
_se_encrypt: 0.000610083
itr_count: 235
_se_encrypt: 0.000556583
itr_count: 236
_se_encrypt: 0.000558375
itr_count: 237
_se_encrypt: 0.000521042
itr_count: 238
_se_encrypt: 0.000513041
itr_count: 239
_se_encrypt: 0.000518333
itr_count: 240
_se_encrypt: 0.000517041
itr_count: 241
_se_encrypt: 0.000583500
itr_count: 242
_se_encrypt: 0.000566833
itr_count: 243
_se_encrypt: 0.000550333
itr_count: 244
_se_encrypt: 0.000526000
itr_count: 245
_se_encrypt: 0.000548083
itr_count: 246
_se_encrypt: 0.000562833
itr_count: 247
_se_encrypt: 0.000553792
itr_count: 248
_se_encrypt: 0.000522208
itr_count: 249
_se_encrypt: 0.000733292
itr_count: 250
_se_encrypt: 0.000584875
itr_count: 251
_se_encrypt: 0.000604541
itr_count: 252
_se_encrypt: 0.000705334
itr_count: 253
_se_encrypt: 0.000592833
itr_count: 254
_se_encrypt: 0.000643208
itr_count: 255
_se_encrypt: 0.000529083
itr_count: 256
_se_encrypt: 0.000519375
encrypt: 0.152478834
Buffer: 384
itr_count: 0
_se_encrypt: 0.001044792
itr_count: 1
_se_encrypt: 0.000995416
itr_count: 2
_se_encrypt: 0.000926333
itr_count: 3
_se_encrypt: 0.000921750
itr_count: 4
_se_encrypt: 0.000858000
itr_count: 5
_se_encrypt: 0.000760125
itr_count: 6
_se_encrypt: 0.000749750
itr_count: 7
_se_encrypt: 0.000761542
itr_count: 8
_se_encrypt: 0.000746708
itr_count: 9
_se_encrypt: 0.000950708
itr_count: 10
_se_encrypt: 0.000797000
itr_count: 11
_se_encrypt: 0.000788833
itr_count: 12
_se_encrypt: 0.000740667
itr_count: 13
_se_encrypt: 0.000821583
itr_count: 14
_se_encrypt: 0.000784250
itr_count: 15
_se_encrypt: 0.000754334
itr_count: 16
_se_encrypt: 0.000744083
itr_count: 17
_se_encrypt: 0.000738542
itr_count: 18
_se_encrypt: 0.000728834
itr_count: 19
_se_encrypt: 0.000741208
itr_count: 20
_se_encrypt: 0.000751209
itr_count: 21
_se_encrypt: 0.000722833
itr_count: 22
_se_encrypt: 0.000735959
itr_count: 23
_se_encrypt: 0.000846459
itr_count: 24
_se_encrypt: 0.000850500
itr_count: 25
_se_encrypt: 0.000773958
itr_count: 26
_se_encrypt: 0.000741042
itr_count: 27
_se_encrypt: 0.000739916
itr_count: 28
_se_encrypt: 0.000744959
itr_count: 29
_se_encrypt: 0.000711625
itr_count: 30
_se_encrypt: 0.000741291
itr_count: 31
_se_encrypt: 0.000763667
itr_count: 32
_se_encrypt: 0.000768625
itr_count: 33
_se_encrypt: 0.000792666
itr_count: 34
_se_encrypt: 0.000729584
itr_count: 35
_se_encrypt: 0.000827750
itr_count: 36
_se_encrypt: 0.000837542
itr_count: 37
_se_encrypt: 0.000821458
itr_count: 38
_se_encrypt: 0.000732208
itr_count: 39
_se_encrypt: 0.000820375
itr_count: 40
_se_encrypt: 0.000791250
itr_count: 41
_se_encrypt: 0.000764833
itr_count: 42
_se_encrypt: 0.000718084
itr_count: 43
_se_encrypt: 0.000735166
itr_count: 44
_se_encrypt: 0.000729416
itr_count: 45
_se_encrypt: 0.000748792
itr_count: 46
_se_encrypt: 0.000730792
itr_count: 47
_se_encrypt: 0.000758958
itr_count: 48
_se_encrypt: 0.000736292
itr_count: 49
_se_encrypt: 0.000709917
itr_count: 50
_se_encrypt: 0.000752083
itr_count: 51
_se_encrypt: 0.000736167
itr_count: 52
_se_encrypt: 0.000840042
itr_count: 53
_se_encrypt: 0.000854916
itr_count: 54
_se_encrypt: 0.000760167
itr_count: 55
_se_encrypt: 0.000727083
itr_count: 56
_se_encrypt: 0.000736167
itr_count: 57
_se_encrypt: 0.000726250
itr_count: 58
_se_encrypt: 0.000740416
itr_count: 59
_se_encrypt: 0.000749416
itr_count: 60
_se_encrypt: 0.000854000
itr_count: 61
_se_encrypt: 0.000826042
itr_count: 62
_se_encrypt: 0.000719000
itr_count: 63
_se_encrypt: 0.000719917
itr_count: 64
_se_encrypt: 0.000746541
itr_count: 65
_se_encrypt: 0.000732750
itr_count: 66
_se_encrypt: 0.000724958
itr_count: 67
_se_encrypt: 0.000735416
itr_count: 68
_se_encrypt: 0.000744916
itr_count: 69
_se_encrypt: 0.000750416
itr_count: 70
_se_encrypt: 0.000753792
itr_count: 71
_se_encrypt: 0.000721917
itr_count: 72
_se_encrypt: 0.000835667
itr_count: 73
_se_encrypt: 0.000731500
itr_count: 74
_se_encrypt: 0.000721292
itr_count: 75
_se_encrypt: 0.000728416
itr_count: 76
_se_encrypt: 0.000728375
itr_count: 77
_se_encrypt: 0.000821666
itr_count: 78
_se_encrypt: 0.000868833
itr_count: 79
_se_encrypt: 0.000894166
itr_count: 80
_se_encrypt: 0.000827542
itr_count: 81
_se_encrypt: 0.000740750
itr_count: 82
_se_encrypt: 0.000766500
itr_count: 83
_se_encrypt: 0.000739708
itr_count: 84
_se_encrypt: 0.000920250
itr_count: 85
_se_encrypt: 0.000785458
itr_count: 86
_se_encrypt: 0.000735792
itr_count: 87
_se_encrypt: 0.000730250
itr_count: 88
_se_encrypt: 0.000746500
itr_count: 89
_se_encrypt: 0.000825292
itr_count: 90
_se_encrypt: 0.000786250
itr_count: 91
_se_encrypt: 0.000786666
itr_count: 92
_se_encrypt: 0.000736541
itr_count: 93
_se_encrypt: 0.000744417
itr_count: 94
_se_encrypt: 0.000736709
itr_count: 95
_se_encrypt: 0.000742583
itr_count: 96
_se_encrypt: 0.000764583
itr_count: 97
_se_encrypt: 0.000753458
itr_count: 98
_se_encrypt: 0.000763292
itr_count: 99
_se_encrypt: 0.000738000
itr_count: 100
_se_encrypt: 0.000735375
itr_count: 101
_se_encrypt: 0.000747709
itr_count: 102
_se_encrypt: 0.000737500
itr_count: 103
_se_encrypt: 0.000768667
itr_count: 104
_se_encrypt: 0.000852000
itr_count: 105
_se_encrypt: 0.000796375
itr_count: 106
_se_encrypt: 0.000756125
itr_count: 107
_se_encrypt: 0.000736625
itr_count: 108
_se_encrypt: 0.000753125
itr_count: 109
_se_encrypt: 0.000744500
itr_count: 110
_se_encrypt: 0.000755042
itr_count: 111
_se_encrypt: 0.000855958
itr_count: 112
_se_encrypt: 0.000878125
itr_count: 113
_se_encrypt: 0.000929042
encrypt: 0.093990041
Buffer: 512
itr_count: 0
_se_encrypt: 0.001503583
itr_count: 1
_se_encrypt: 0.001178625
itr_count: 2
_se_encrypt: 0.001145792
itr_count: 3
_se_encrypt: 0.001171416
itr_count: 4
_se_encrypt: 0.001255750
itr_count: 5
_se_encrypt: 0.001056333
itr_count: 6
_se_encrypt: 0.001082958
itr_count: 7
_se_encrypt: 0.001081083
itr_count: 8
_se_encrypt: 0.001032459
itr_count: 9
_se_encrypt: 0.001086333
itr_count: 10
_se_encrypt: 0.001022500
itr_count: 11
_se_encrypt: 0.001022042
itr_count: 12
_se_encrypt: 0.001000583
itr_count: 13
_se_encrypt: 0.000997583
itr_count: 14
_se_encrypt: 0.001054166
itr_count: 15
_se_encrypt: 0.001012875
itr_count: 16
_se_encrypt: 0.001049500
itr_count: 17
_se_encrypt: 0.001011083
itr_count: 18
_se_encrypt: 0.000996625
itr_count: 19
_se_encrypt: 0.001021417
itr_count: 20
_se_encrypt: 0.001102375
itr_count: 21
_se_encrypt: 0.001130958
itr_count: 22
_se_encrypt: 0.000997500
itr_count: 23
_se_encrypt: 0.001034500
itr_count: 24
_se_encrypt: 0.000984917
itr_count: 25
_se_encrypt: 0.001026000
itr_count: 26
_se_encrypt: 0.000990791
itr_count: 27
_se_encrypt: 0.000985417
itr_count: 28
_se_encrypt: 0.001170375
itr_count: 29
_se_encrypt: 0.001089750
itr_count: 30
_se_encrypt: 0.001146167
itr_count: 31
_se_encrypt: 0.001034417
itr_count: 32
_se_encrypt: 0.001006625
itr_count: 33
_se_encrypt: 0.001000792
itr_count: 34
_se_encrypt: 0.001006500
itr_count: 35
_se_encrypt: 0.000997584
itr_count: 36
_se_encrypt: 0.001002584
itr_count: 37
_se_encrypt: 0.000993875
itr_count: 38
_se_encrypt: 0.001022458
itr_count: 39
_se_encrypt: 0.001171167
itr_count: 40
_se_encrypt: 0.000996583
itr_count: 41
_se_encrypt: 0.001059834
itr_count: 42
_se_encrypt: 0.001014334
itr_count: 43
_se_encrypt: 0.000975917
itr_count: 44
_se_encrypt: 0.001142875
itr_count: 45
_se_encrypt: 0.001070792
itr_count: 46
_se_encrypt: 0.000982958
itr_count: 47
_se_encrypt: 0.001008583
itr_count: 48
_se_encrypt: 0.000980958
itr_count: 49
_se_encrypt: 0.001104916
itr_count: 50
_se_encrypt: 0.001065792
itr_count: 51
_se_encrypt: 0.001102000
itr_count: 52
_se_encrypt: 0.001109167
itr_count: 53
_se_encrypt: 0.001263750
itr_count: 54
_se_encrypt: 0.000986959
itr_count: 55
_se_encrypt: 0.001062417
itr_count: 56
_se_encrypt: 0.001037583
itr_count: 57
_se_encrypt: 0.001090458
itr_count: 58
_se_encrypt: 0.001035334
itr_count: 59
_se_encrypt: 0.001065333
itr_count: 60
_se_encrypt: 0.001119500
itr_count: 61
_se_encrypt: 0.001086167
itr_count: 62
_se_encrypt: 0.001045208
itr_count: 63
_se_encrypt: 0.001155917
itr_count: 64
_se_encrypt: 0.000984834
encrypt: 0.075061875
Buffer: 640
itr_count: 0
_se_encrypt: 0.001689958
itr_count: 1
_se_encrypt: 0.001663917
itr_count: 2
_se_encrypt: 0.001609541
itr_count: 3
_se_encrypt: 0.001558125
itr_count: 4
_se_encrypt: 0.001484084
itr_count: 5
_se_encrypt: 0.001400500
itr_count: 6
_se_encrypt: 0.001391417
itr_count: 7
_se_encrypt: 0.001423333
itr_count: 8
_se_encrypt: 0.001396875
itr_count: 9
_se_encrypt: 0.001379792
itr_count: 10
_se_encrypt: 0.001371083
itr_count: 11
_se_encrypt: 0.001409708
itr_count: 12
_se_encrypt: 0.001418042
itr_count: 13
_se_encrypt: 0.001304958
itr_count: 14
_se_encrypt: 0.001451875
itr_count: 15
_se_encrypt: 0.001371250
itr_count: 16
_se_encrypt: 0.001385417
itr_count: 17
_se_encrypt: 0.001360416
itr_count: 18
_se_encrypt: 0.001394292
itr_count: 19
_se_encrypt: 0.001394459
itr_count: 20
_se_encrypt: 0.001379834
itr_count: 21
_se_encrypt: 0.001376417
itr_count: 22
_se_encrypt: 0.001333417
itr_count: 23
_se_encrypt: 0.001359083
itr_count: 24
_se_encrypt: 0.001342209
itr_count: 25
_se_encrypt: 0.001379958
itr_count: 26
_se_encrypt: 0.001480125
itr_count: 27
_se_encrypt: 0.001367083
itr_count: 28
_se_encrypt: 0.001393292
itr_count: 29
_se_encrypt: 0.001516584
itr_count: 30
_se_encrypt: 0.001435167
itr_count: 31
_se_encrypt: 0.001424750
itr_count: 32
_se_encrypt: 0.001390333
itr_count: 33
_se_encrypt: 0.001441541
itr_count: 34
_se_encrypt: 0.001396125
itr_count: 35
_se_encrypt: 0.001473041
itr_count: 36
_se_encrypt: 0.001380500
itr_count: 37
_se_encrypt: 0.001414000
itr_count: 38
_se_encrypt: 0.001505334
itr_count: 39
_se_encrypt: 0.001407584
itr_count: 40
_se_encrypt: 0.001359333
encrypt: 0.063199917
Buffer: 768
itr_count: 0
_se_encrypt: 0.002044333
itr_count: 1
_se_encrypt: 0.002178417
itr_count: 2
_se_encrypt: 0.001904208
itr_count: 3
_se_encrypt: 0.001906541
itr_count: 4
_se_encrypt: 0.001898083
itr_count: 5
_se_encrypt: 0.001882208
itr_count: 6
_se_encrypt: 0.001909792
itr_count: 7
_se_encrypt: 0.001815625
itr_count: 8
_se_encrypt: 0.001874458
itr_count: 9
_se_encrypt: 0.001856875
itr_count: 10
_se_encrypt: 0.001780250
itr_count: 11
_se_encrypt: 0.001885167
itr_count: 12
_se_encrypt: 0.001861333
itr_count: 13
_se_encrypt: 0.001882500
itr_count: 14
_se_encrypt: 0.001841542
itr_count: 15
_se_encrypt: 0.001829667
itr_count: 16
_se_encrypt: 0.001879292
itr_count: 17
_se_encrypt: 0.001838042
itr_count: 18
_se_encrypt: 0.001834458
itr_count: 19
_se_encrypt: 0.001851709
itr_count: 20
_se_encrypt: 0.001840584
itr_count: 21
_se_encrypt: 0.001815125
itr_count: 22
_se_encrypt: 0.001851500
itr_count: 23
_se_encrypt: 0.001873709
itr_count: 24
_se_encrypt: 0.001890875
itr_count: 25
_se_encrypt: 0.001906250
itr_count: 26
_se_encrypt: 0.001918250
itr_count: 27
_se_encrypt: 0.001905541
itr_count: 28
_se_encrypt: 0.001757250
encrypt: 0.060254750
Buffer: 896
itr_count: 0
_se_encrypt: 0.003028375
itr_count: 1
_se_encrypt: 0.002514958
itr_count: 2
_se_encrypt: 0.002478375
itr_count: 3
_se_encrypt: 0.002454833
itr_count: 4
_se_encrypt: 0.002390625
itr_count: 5
_se_encrypt: 0.002556667
itr_count: 6
_se_encrypt: 0.002265083
itr_count: 7
_se_encrypt: 0.002383917
itr_count: 8
_se_encrypt: 0.002294166
itr_count: 9
_se_encrypt: 0.002304250
itr_count: 10
_se_encrypt: 0.002301834
itr_count: 11
_se_encrypt: 0.002421167
itr_count: 12
_se_encrypt: 0.002258375
itr_count: 13
_se_encrypt: 0.002344084
itr_count: 14
_se_encrypt: 0.002292916
itr_count: 15
_se_encrypt: 0.002249292
itr_count: 16
_se_encrypt: 0.002313875
itr_count: 17
_se_encrypt: 0.002190208
itr_count: 18
_se_encrypt: 0.002281833
itr_count: 19
_se_encrypt: 0.002201333
itr_count: 20
_se_encrypt: 0.002235708
encrypt: 0.055134250
Buffer: 1024
itr_count: 0
_se_encrypt: 0.003075709
itr_count: 1
_se_encrypt: 0.003022458
itr_count: 2
_se_encrypt: 0.003111792
itr_count: 3
_se_encrypt: 0.002932083
itr_count: 4
_se_encrypt: 0.002899500
itr_count: 5
_se_encrypt: 0.002967500
itr_count: 6
_se_encrypt: 0.002925375
itr_count: 7
_se_encrypt: 0.002952708
itr_count: 8
_se_encrypt: 0.002941125
itr_count: 9
_se_encrypt: 0.003114250
itr_count: 10
_se_encrypt: 0.002978833
itr_count: 11
_se_encrypt: 0.002901750
itr_count: 12
_se_encrypt: 0.002968625
itr_count: 13
_se_encrypt: 0.002948042
itr_count: 14
_se_encrypt: 0.002805375
itr_count: 15
_se_encrypt: 0.002906584
itr_count: 16
_se_encrypt: 0.003049625
encrypt: 0.056012583
Buffer: 1152
itr_count: 0
_se_encrypt: 0.003686250
itr_count: 1
_se_encrypt: 0.003725584
itr_count: 2
_se_encrypt: 0.003452917
itr_count: 3
_se_encrypt: 0.003677292
itr_count: 4
_se_encrypt: 0.003217834
itr_count: 5
_se_encrypt: 0.003464041
itr_count: 6
_se_encrypt: 0.003467167
itr_count: 7
_se_encrypt: 0.003351959
itr_count: 8
_se_encrypt: 0.003603042
itr_count: 9
_se_encrypt: 0.003482709
itr_count: 10
_se_encrypt: 0.003442541
itr_count: 11
_se_encrypt: 0.003424042
itr_count: 12
_se_encrypt: 0.003481916
encrypt: 0.050750209
Buffer: 1280
itr_count: 0
_se_encrypt: 0.004144500
itr_count: 1
_se_encrypt: 0.004294750
itr_count: 2
_se_encrypt: 0.004340375
itr_count: 3
_se_encrypt: 0.004303458
itr_count: 4
_se_encrypt: 0.004237250
itr_count: 5
_se_encrypt: 0.004244959
itr_count: 6
_se_encrypt: 0.004159792
itr_count: 7
_se_encrypt: 0.004159000
itr_count: 8
_se_encrypt: 0.004151916
itr_count: 9
_se_encrypt: 0.004089334
itr_count: 10
_se_encrypt: 0.004228875
encrypt: 0.052139375
Buffer: 1408
itr_count: 0
_se_encrypt: 0.005092875
itr_count: 1
_se_encrypt: 0.004780542
itr_count: 2
_se_encrypt: 0.004930750
itr_count: 3
_se_encrypt: 0.004961083
itr_count: 4
_se_encrypt: 0.004750459
itr_count: 5
_se_encrypt: 0.005258375
itr_count: 6
_se_encrypt: 0.005127667
itr_count: 7
_se_encrypt: 0.005197417
itr_count: 8
_se_encrypt: 0.004805667
encrypt: 0.050276167
Buffer: 1536
itr_count: 0
_se_encrypt: 0.006300958
itr_count: 1
_se_encrypt: 0.006385208
itr_count: 2
_se_encrypt: 0.006143375
itr_count: 3
_se_encrypt: 0.005967041
itr_count: 4
_se_encrypt: 0.006163084
itr_count: 5
_se_encrypt: 0.006062208
itr_count: 6
_se_encrypt: 0.005886583
itr_count: 7
_se_encrypt: 0.006555458
encrypt: 0.056104208
Buffer: 1664
itr_count: 0
_se_encrypt: 0.007186291
itr_count: 1
_se_encrypt: 0.006985667
itr_count: 2
_se_encrypt: 0.006999875
itr_count: 3
_se_encrypt: 0.006627250
itr_count: 4
_se_encrypt: 0.007076709
itr_count: 5
_se_encrypt: 0.006690417
itr_count: 6
_se_encrypt: 0.006489334
encrypt: 0.054502250
Buffer: 1792
itr_count: 0
_se_encrypt: 0.008158500
itr_count: 1
_se_encrypt: 0.008179667
itr_count: 2
_se_encrypt: 0.008463416
itr_count: 3
_se_encrypt: 0.007963625
itr_count: 4
_se_encrypt: 0.008063000
itr_count: 5
_se_encrypt: 0.008010583
encrypt: 0.055130875
Buffer: 1920
itr_count: 0
_se_encrypt: 0.009000917
itr_count: 1
_se_encrypt: 0.009510625
itr_count: 2
_se_encrypt: 0.009124417
itr_count: 3
_se_encrypt: 0.009167708
itr_count: 4
_se_encrypt: 0.008761250
encrypt: 0.051835958
Buffer: 2048
itr_count: 0
_se_encrypt: 0.011621250
itr_count: 1
_se_encrypt: 0.011927042
itr_count: 2
_se_encrypt: 0.011684584
itr_count: 3
_se_encrypt: 0.011430334
itr_count: 4
_se_encrypt: 0.011789792
encrypt: 0.065884792
Buffer: 2176
itr_count: 0
_se_encrypt: 0.011405959
itr_count: 1
_se_encrypt: 0.012410792
itr_count: 2
_se_encrypt: 0.011601792
itr_count: 3
_se_encrypt: 0.011349208
encrypt: 0.053259875
Buffer: 2304
itr_count: 0
_se_encrypt: 0.013054541
itr_count: 1
_se_encrypt: 0.013015625
itr_count: 2
_se_encrypt: 0.013246083
itr_count: 3
_se_encrypt: 0.013387375
encrypt: 0.060071667
Buffer: 2432
itr_count: 0
_se_encrypt: 0.016344750
itr_count: 1
_se_encrypt: 0.014804000
itr_count: 2
_se_encrypt: 0.015021125
encrypt: 0.052275750
Buffer: 2560
itr_count: 0
_se_encrypt: 0.016551541
itr_count: 1
_se_encrypt: 0.016512875
itr_count: 2
_se_encrypt: 0.016429083
encrypt: 0.056331791
Buffer: 2688
itr_count: 0
_se_encrypt: 0.018182333
itr_count: 1
_se_encrypt: 0.018024542
itr_count: 2
_se_encrypt: 0.017798916
encrypt: 0.061766458
Buffer: 2816
itr_count: 0
_se_encrypt: 0.020337666
itr_count: 1
_se_encrypt: 0.020795209
itr_count: 2
_se_encrypt: 0.020599041
encrypt: 0.070097084
Buffer: 2944
itr_count: 0
_se_encrypt: 0.021301667
itr_count: 1
_se_encrypt: 0.021610125
encrypt: 0.048099167
Buffer: 3072
itr_count: 0
_se_encrypt: 0.025500292
itr_count: 1
_se_encrypt: 0.024801875
encrypt: 0.056377875
Buffer: 3200
itr_count: 0
_se_encrypt: 0.025807125
itr_count: 1
_se_encrypt: 0.024960584
encrypt: 0.057032458
Buffer: 3328
itr_count: 0
_se_encrypt: 0.027642875
itr_count: 1
_se_encrypt: 0.028275459
encrypt: 0.063448708
Buffer: 3456
itr_count: 0
_se_encrypt: 0.030413042
itr_count: 1
_se_encrypt: 0.028508667
encrypt: 0.067717959
Buffer: 3584
itr_count: 0
_se_encrypt: 0.033711792
itr_count: 1
_se_encrypt: 0.031274333
encrypt: 0.073764750
Buffer: 3712
itr_count: 0
_se_encrypt: 0.034863000
itr_count: 1
_se_encrypt: 0.033689833
encrypt: 0.078152667
Buffer: 3840
itr_count: 0
_se_encrypt: 0.037739084
itr_count: 1
_se_encrypt: 0.036942875
encrypt: 0.085667083
Buffer: 3968
itr_count: 0
_se_encrypt: 0.039908625
itr_count: 1
_se_encrypt: 0.038489375
encrypt: 0.089001417
Buffer: 4096
itr_count: 0
_se_encrypt: 0.054600750
itr_count: 1
_se_encrypt: 0.069218125
encrypt: 0.135040917
Buffer: 4224
itr_count: 0
_se_encrypt: 0.041852125
encrypt: 0.048155416
Buffer: 4352
itr_count: 0
_se_encrypt: 0.046171083
encrypt: 0.053696084
Buffer: 4480
itr_count: 0
_se_encrypt: 0.055798291
encrypt: 0.063552750
Buffer: 4608
itr_count: 0
_se_encrypt: 0.052413667
encrypt: 0.059998417
Buffer: 4736
itr_count: 0
_se_encrypt: 0.055388875
encrypt: 0.064530041
Buffer: 4864
itr_count: 0
_se_encrypt: 0.057616709
encrypt: 0.066860916
Buffer: 4992
itr_count: 0
_se_encrypt: 0.061013292
encrypt: 0.070707375
Buffer: 5120
itr_count: 0
_se_encrypt: 0.070267000
encrypt: 0.080059250
Buffer: 5248
itr_count: 0
_se_encrypt: 0.067505208
encrypt: 0.077507959
Buffer: 5376
itr_count: 0
_se_encrypt: 0.073252250
encrypt: 0.083872625
Buffer: 5504
itr_count: 0
_se_encrypt: 0.071407458
encrypt: 0.083258500
Buffer: 5632
itr_count: 0
_se_encrypt: 0.086175584
encrypt: 0.097885125
Buffer: 5760
itr_count: 0
_se_encrypt: 0.082891125
encrypt: 0.095111042
Buffer: 5888
itr_count: 0
_se_encrypt: 0.092097000
encrypt: 0.104846166
Buffer: 6016
itr_count: 0
_se_encrypt: 0.097716750
encrypt: 0.121678583
Buffer: 6144
itr_count: 0
_se_encrypt: 0.134729750
encrypt: 0.148297166
Buffer: 6272
itr_count: 0
_se_encrypt: 0.110087916
encrypt: 0.124579625
Buffer: 6400
itr_count: 0
_se_encrypt: 0.124605500
encrypt: 0.140183708
Buffer: 6528
itr_count: 0
_se_encrypt: 0.123865875
encrypt: 0.139674959
Buffer: 6656
itr_count: 0
_se_encrypt: 0.135715417
encrypt: 0.151791000
Buffer: 6784
itr_count: 0
_se_encrypt: 0.133470666
encrypt: 0.151451458
Buffer: 6912
itr_count: 0
_se_encrypt: 0.143152125
encrypt: 0.161378542
Buffer: 7040
itr_count: 0
_se_encrypt: 0.145439500
encrypt: 0.163589167
Buffer: 7168
itr_count: 0
_se_encrypt: 0.160268375
encrypt: 0.179164833
Buffer: 7296
itr_count: 0
_se_encrypt: 0.149226750
encrypt: 0.168012125
Buffer: 7424
itr_count: 0
_se_encrypt: 0.162846291
encrypt: 0.182710625
Buffer: 7552
itr_count: 0
_se_encrypt: 0.164224208
encrypt: 0.185031125
Buffer: 7680
itr_count: 0
_se_encrypt: 0.183509667
encrypt: 0.204359708
Buffer: 7808
itr_count: 0
_se_encrypt: 0.181049959
encrypt: 0.202387958
Buffer: 7936
itr_count: 0
_se_encrypt: 0.183715542
encrypt: 0.206497791
Buffer: 8064
itr_count: 0
_se_encrypt: 0.190490667
encrypt: 0.213079625
Buffer: 8192
itr_count: 0
_se_encrypt: 0.333223625
encrypt: 0.356747125
