File: 2MB_image.png
Buffer: 128
itr_count: 0
dwt2d: 0.003750940
dwt2d: 0.001807072
sha256_with_key: 0.000040888
sha512_with_key: 0.000035185
xor_with_sha_key: 0.000062222
xor_with_sha_key: 0.000072907
aes_encrypt: 0.000177572
_se_encrypt: 0.006195949
itr_count: 1
dwt2d: 0.003598127
dwt2d: 0.001872349
sha256_with_key: 0.000035703
sha512_with_key: 0.000031463
xor_with_sha_key: 0.000047648
xor_with_sha_key: 0.000073759
aes_encrypt: 0.000158202
_se_encrypt: 0.006014599
itr_count: 2
dwt2d: 0.003860679
dwt2d: 0.001896942
sha256_with_key: 0.000037462
sha512_with_key: 0.000033926
xor_with_sha_key: 0.000047074
xor_with_sha_key: 0.000179498
aes_encrypt: 0.000167998
_se_encrypt: 0.006446483
itr_count: 3
dwt2d: 0.003741754
dwt2d: 0.001758610
sha256_with_key: 0.000032925
sha512_with_key: 0.000031999
xor_with_sha_key: 0.000043147
xor_with_sha_key: 0.000066315
aes_encrypt: 0.000138740
_se_encrypt: 0.006016525
itr_count: 4
dwt2d: 0.003482072
dwt2d: 0.001838831
sha256_with_key: 0.000029741
sha512_with_key: 0.000028778
xor_with_sha_key: 0.000056073
xor_with_sha_key: 0.000072258
aes_encrypt: 0.000134666
_se_encrypt: 0.005825509
itr_count: 5
dwt2d: 0.003485016
dwt2d: 0.001778295
sha256_with_key: 0.000028111
sha512_with_key: 0.000027667
xor_with_sha_key: 0.000038815
xor_with_sha_key: 0.000070537
aes_encrypt: 0.000152351
_se_encrypt: 0.005767435
itr_count: 6
dwt2d: 0.003610923
dwt2d: 0.001787091
sha256_with_key: 0.000033611
sha512_with_key: 0.000031333
xor_with_sha_key: 0.000058536
xor_with_sha_key: 0.000072184
aes_encrypt: 0.000146313
_se_encrypt: 0.005935526
itr_count: 7
dwt2d: 0.003514294
dwt2d: 0.001778406
sha256_with_key: 0.000028481
sha512_with_key: 0.000029555
xor_with_sha_key: 0.000038962
xor_with_sha_key: 0.000070888
aes_encrypt: 0.000135424
_se_encrypt: 0.005796047
itr_count: 8
dwt2d: 0.003557386
dwt2d: 0.001776239
sha256_with_key: 0.000029352
sha512_with_key: 0.000028907
xor_with_sha_key: 0.000039037
xor_with_sha_key: 0.000070907
aes_encrypt: 0.000156813
_se_encrypt: 0.005839027
itr_count: 9
dwt2d: 0.003525590
dwt2d: 0.001793794
sha256_with_key: 0.000028407
sha512_with_key: 0.000026889
xor_with_sha_key: 0.000040333
xor_with_sha_key: 0.000072721
aes_encrypt: 0.000134239
_se_encrypt: 0.005807046
itr_count: 10
dwt2d: 0.003473257
dwt2d: 0.001790258
sha256_with_key: 0.000030315
sha512_with_key: 0.000028870
xor_with_sha_key: 0.000040685
xor_with_sha_key: 0.000067129
aes_encrypt: 0.000131850
_se_encrypt: 0.005741232
itr_count: 11
dwt2d: 0.003466924
dwt2d: 0.001811128
sha256_with_key: 0.000028074
sha512_with_key: 0.000028870
xor_with_sha_key: 0.000041092
xor_with_sha_key: 0.000071759
aes_encrypt: 0.000133684
_se_encrypt: 0.005759880
itr_count: 12
dwt2d: 0.003488831
dwt2d: 0.001750740
sha256_with_key: 0.000046184
sha512_with_key: 0.000027240
xor_with_sha_key: 0.000040870
xor_with_sha_key: 0.000066555
aes_encrypt: 0.000130498
_se_encrypt: 0.005727028
itr_count: 13
dwt2d: 0.003468942
dwt2d: 0.001826701
sha256_with_key: 0.000029352
sha512_with_key: 0.000027814
xor_with_sha_key: 0.000040314
xor_with_sha_key: 0.000075536
aes_encrypt: 0.000131054
_se_encrypt: 0.005794287
itr_count: 14
dwt2d: 0.003523997
dwt2d: 0.001766777
sha256_with_key: 0.000032981
sha512_with_key: 0.000029981
xor_with_sha_key: 0.000045166
xor_with_sha_key: 0.000068407
aes_encrypt: 0.000144313
_se_encrypt: 0.005824491
itr_count: 15
dwt2d: 0.003535627
dwt2d: 0.001772795
sha256_with_key: 0.000029055
sha512_with_key: 0.000029333
xor_with_sha_key: 0.000056147
xor_with_sha_key: 0.000075554
aes_encrypt: 0.000160906
_se_encrypt: 0.005974970
itr_count: 16
dwt2d: 0.003584996
dwt2d: 0.001790517
sha256_with_key: 0.000035074
sha512_with_key: 0.000031611
xor_with_sha_key: 0.000045129
xor_with_sha_key: 0.000067888
aes_encrypt: 0.000147239
_se_encrypt: 0.005910582
itr_count: 17
dwt2d: 0.003571311
dwt2d: 0.001760758
sha256_with_key: 0.000031537
sha512_with_key: 0.000028407
xor_with_sha_key: 0.000040703
xor_with_sha_key: 0.000074869
aes_encrypt: 0.000138628
_se_encrypt: 0.005849787
itr_count: 18
dwt2d: 0.003467572
dwt2d: 0.001786258
sha256_with_key: 0.000030278
sha512_with_key: 0.000027999
xor_with_sha_key: 0.000038962
xor_with_sha_key: 0.000066351
aes_encrypt: 0.000204331
_se_encrypt: 0.005802342
itr_count: 19
dwt2d: 0.003486591
dwt2d: 0.001771980
sha256_with_key: 0.000029277
sha512_with_key: 0.000028518
xor_with_sha_key: 0.000039462
xor_with_sha_key: 0.000069907
aes_encrypt: 0.000135072
_se_encrypt: 0.005743232
itr_count: 20
dwt2d: 0.003464239
dwt2d: 0.001828961
sha256_with_key: 0.000030148
sha512_with_key: 0.000027444
xor_with_sha_key: 0.000041685
xor_with_sha_key: 0.000068999
aes_encrypt: 0.000137757
_se_encrypt: 0.005805250
itr_count: 21
dwt2d: 0.003540756
dwt2d: 0.001779498
sha256_with_key: 0.000029703
sha512_with_key: 0.000028444
xor_with_sha_key: 0.000040444
xor_with_sha_key: 0.000073369
aes_encrypt: 0.000136387
_se_encrypt: 0.005810305
itr_count: 22
dwt2d: 0.003585016
dwt2d: 0.001842461
sha256_with_key: 0.000034074
sha512_with_key: 0.000031592
xor_with_sha_key: 0.000044536
xor_with_sha_key: 0.000068795
aes_encrypt: 0.000145035
_se_encrypt: 0.005942026
itr_count: 23
dwt2d: 0.003496739
dwt2d: 0.001765832
sha256_with_key: 0.000029555
sha512_with_key: 0.000028000
xor_with_sha_key: 0.000040999
xor_with_sha_key: 0.000070036
aes_encrypt: 0.000134425
_se_encrypt: 0.005749602
itr_count: 24
dwt2d: 0.003594238
dwt2d: 0.001785832
sha256_with_key: 0.000031148
sha512_with_key: 0.000028741
xor_with_sha_key: 0.000041870
xor_with_sha_key: 0.000070037
aes_encrypt: 0.000135258
_se_encrypt: 0.005866972
itr_count: 25
dwt2d: 0.003494368
dwt2d: 0.001749573
sha256_with_key: 0.000043129
sha512_with_key: 0.000028982
xor_with_sha_key: 0.000039203
xor_with_sha_key: 0.000070166
aes_encrypt: 0.000132258
_se_encrypt: 0.005739640
itr_count: 26
dwt2d: 0.003528516
dwt2d: 0.001760333
sha256_with_key: 0.000028870
sha512_with_key: 0.000027704
xor_with_sha_key: 0.000038944
xor_with_sha_key: 0.000074573
aes_encrypt: 0.000134683
_se_encrypt: 0.005795510
itr_count: 27
dwt2d: 0.003468757
dwt2d: 0.001793554
sha256_with_key: 0.000030055
sha512_with_key: 0.000030777
xor_with_sha_key: 0.000041092
xor_with_sha_key: 0.000070351
aes_encrypt: 0.000209257
_se_encrypt: 0.005824898
itr_count: 28
dwt2d: 0.003477183
dwt2d: 0.001775017
sha256_with_key: 0.000029593
sha512_with_key: 0.000029111
xor_with_sha_key: 0.000041648
xor_with_sha_key: 0.000066740
aes_encrypt: 0.000129110
_se_encrypt: 0.005728029
itr_count: 29
dwt2d: 0.003478776
dwt2d: 0.001823554
sha256_with_key: 0.000029185
sha512_with_key: 0.000028184
xor_with_sha_key: 0.000039833
xor_with_sha_key: 0.000068851
aes_encrypt: 0.000130425
_se_encrypt: 0.005795602
itr_count: 30
dwt2d: 0.003504295
dwt2d: 0.001784758
sha256_with_key: 0.000033000
sha512_with_key: 0.000031610
xor_with_sha_key: 0.000041332
xor_with_sha_key: 0.000073017
aes_encrypt: 0.000144554
_se_encrypt: 0.005800398
itr_count: 31
dwt2d: 0.003549423
dwt2d: 0.001771832
sha256_with_key: 0.000029630
sha512_with_key: 0.000029092
xor_with_sha_key: 0.000041352
xor_with_sha_key: 0.000071073
aes_encrypt: 0.000135906
_se_encrypt: 0.005806120
itr_count: 32
dwt2d: 0.003480683
dwt2d: 0.001777239
sha256_with_key: 0.000028778
sha512_with_key: 0.000028166
xor_with_sha_key: 0.000038314
xor_with_sha_key: 0.000067314
aes_encrypt: 0.000132573
_se_encrypt: 0.005734492
itr_count: 33
dwt2d: 0.003548498
dwt2d: 0.001765425
sha256_with_key: 0.000030500
sha512_with_key: 0.000030740
xor_with_sha_key: 0.000041074
xor_with_sha_key: 0.000072074
aes_encrypt: 0.000138610
_se_encrypt: 0.005825712
itr_count: 34
dwt2d: 0.003471758
dwt2d: 0.001766739
sha256_with_key: 0.000028296
sha512_with_key: 0.000027759
xor_with_sha_key: 0.000040296
xor_with_sha_key: 0.000089610
aes_encrypt: 0.000129461
_se_encrypt: 0.005730269
itr_count: 35
dwt2d: 0.003534405
dwt2d: 0.001772702
sha256_with_key: 0.000029926
sha512_with_key: 0.000028463
xor_with_sha_key: 0.000040574
xor_with_sha_key: 0.000071332
aes_encrypt: 0.000153721
_se_encrypt: 0.005813343
itr_count: 36
dwt2d: 0.003478276
dwt2d: 0.001773721
sha256_with_key: 0.000027833
sha512_with_key: 0.000028481
xor_with_sha_key: 0.000038926
xor_with_sha_key: 0.000069518
aes_encrypt: 0.000126832
_se_encrypt: 0.005718306
itr_count: 37
dwt2d: 0.003569831
dwt2d: 0.001776221
sha256_with_key: 0.000029889
sha512_with_key: 0.000028963
xor_with_sha_key: 0.000040425
xor_with_sha_key: 0.000071036
aes_encrypt: 0.000132591
_se_encrypt: 0.005828749
itr_count: 38
dwt2d: 0.003530831
dwt2d: 0.001841887
sha256_with_key: 0.000034240
sha512_with_key: 0.000031388
xor_with_sha_key: 0.000043722
xor_with_sha_key: 0.000073037
aes_encrypt: 0.000146980
_se_encrypt: 0.005893471
itr_count: 39
dwt2d: 0.003501090
dwt2d: 0.001770703
sha256_with_key: 0.000028536
sha512_with_key: 0.000027407
xor_with_sha_key: 0.000038981
xor_with_sha_key: 0.000071129
aes_encrypt: 0.000130406
_se_encrypt: 0.005745880
itr_count: 40
dwt2d: 0.003540257
dwt2d: 0.001780776
sha256_with_key: 0.000029425
sha512_with_key: 0.000027741
xor_with_sha_key: 0.000039278
xor_with_sha_key: 0.000069999
aes_encrypt: 0.000132165
_se_encrypt: 0.005801269
itr_count: 41
dwt2d: 0.003481998
dwt2d: 0.001751962
sha256_with_key: 0.000029055
sha512_with_key: 0.000043722
xor_with_sha_key: 0.000039240
xor_with_sha_key: 0.000070554
aes_encrypt: 0.000130147
_se_encrypt: 0.005720362
itr_count: 42
dwt2d: 0.003525627
dwt2d: 0.001799739
sha256_with_key: 0.000029870
sha512_with_key: 0.000028555
xor_with_sha_key: 0.000039352
xor_with_sha_key: 0.000085240
aes_encrypt: 0.000128610
_se_encrypt: 0.005812360
itr_count: 43
dwt2d: 0.003466109
dwt2d: 0.001766054
sha256_with_key: 0.000028758
sha512_with_key: 0.000027537
xor_with_sha_key: 0.000037092
xor_with_sha_key: 0.000069480
aes_encrypt: 0.000126165
_se_encrypt: 0.005693936
itr_count: 44
dwt2d: 0.003460869
dwt2d: 0.001795609
sha256_with_key: 0.000029425
sha512_with_key: 0.000028741
xor_with_sha_key: 0.000038889
xor_with_sha_key: 0.000070055
aes_encrypt: 0.000132017
_se_encrypt: 0.005738158
itr_count: 45
dwt2d: 0.003516590
dwt2d: 0.001775277
sha256_with_key: 0.000027240
sha512_with_key: 0.000027777
xor_with_sha_key: 0.000038111
xor_with_sha_key: 0.000071907
aes_encrypt: 0.000130128
_se_encrypt: 0.005762139
itr_count: 46
dwt2d: 0.003595589
dwt2d: 0.001794480
sha256_with_key: 0.000032296
sha512_with_key: 0.000030648
xor_with_sha_key: 0.000041425
xor_with_sha_key: 0.000070944
aes_encrypt: 0.000145239
_se_encrypt: 0.005897730
itr_count: 47
dwt2d: 0.003487739
dwt2d: 0.001819295
sha256_with_key: 0.000028925
sha512_with_key: 0.000027907
xor_with_sha_key: 0.000041203
xor_with_sha_key: 0.000071499
aes_encrypt: 0.000136054
_se_encrypt: 0.005788195
itr_count: 48
dwt2d: 0.003481591
dwt2d: 0.001752703
sha256_with_key: 0.000027296
sha512_with_key: 0.000027925
xor_with_sha_key: 0.000042055
xor_with_sha_key: 0.000070555
aes_encrypt: 0.000128702
_se_encrypt: 0.005723566
itr_count: 49
dwt2d: 0.003468350
dwt2d: 0.001835035
sha256_with_key: 0.000028426
sha512_with_key: 0.000028407
xor_with_sha_key: 0.000038907
xor_with_sha_key: 0.000072869
aes_encrypt: 0.000133461
_se_encrypt: 0.005798528
itr_count: 50
dwt2d: 0.003450609
dwt2d: 0.001772554
sha256_with_key: 0.000026500
sha512_with_key: 0.000027833
xor_with_sha_key: 0.000038889
xor_with_sha_key: 0.000070166
aes_encrypt: 0.000125702
_se_encrypt: 0.005687214
itr_count: 51
dwt2d: 0.003452683
dwt2d: 0.001828609
sha256_with_key: 0.000027851
sha512_with_key: 0.000027629
xor_with_sha_key: 0.000039796
xor_with_sha_key: 0.000073407
aes_encrypt: 0.000128665
_se_encrypt: 0.005753954
itr_count: 52
dwt2d: 0.003468535
dwt2d: 0.001764332
sha256_with_key: 0.000027445
sha512_with_key: 0.000027185
xor_with_sha_key: 0.000040074
xor_with_sha_key: 0.000076536
aes_encrypt: 0.000150239
_se_encrypt: 0.005840898
itr_count: 53
dwt2d: 0.003627459
dwt2d: 0.001794776
sha256_with_key: 0.000034259
sha512_with_key: 0.000031093
xor_with_sha_key: 0.000042259
xor_with_sha_key: 0.000071092
aes_encrypt: 0.000147831
_se_encrypt: 0.005936933
itr_count: 54
dwt2d: 0.003497498
dwt2d: 0.001789925
sha256_with_key: 0.000033611
sha512_with_key: 0.000030111
xor_with_sha_key: 0.000043722
xor_with_sha_key: 0.000070906
aes_encrypt: 0.000148480
_se_encrypt: 0.005829250
itr_count: 55
dwt2d: 0.003602571
dwt2d: 0.001805221
sha256_with_key: 0.000032111
sha512_with_key: 0.000029481
xor_with_sha_key: 0.000042647
xor_with_sha_key: 0.000071796
aes_encrypt: 0.000143795
_se_encrypt: 0.005909804
itr_count: 56
dwt2d: 0.003482906
dwt2d: 0.001838646
sha256_with_key: 0.000029981
sha512_with_key: 0.000028518
xor_with_sha_key: 0.000041259
xor_with_sha_key: 0.000069351
aes_encrypt: 0.000135165
_se_encrypt: 0.005809194
itr_count: 57
dwt2d: 0.003488980
dwt2d: 0.001755128
sha256_with_key: 0.000028926
sha512_with_key: 0.000027426
xor_with_sha_key: 0.000041037
xor_with_sha_key: 0.000070648
aes_encrypt: 0.000127740
_se_encrypt: 0.005732751
itr_count: 58
dwt2d: 0.003476424
dwt2d: 0.001783702
sha256_with_key: 0.000028963
sha512_with_key: 0.000028389
xor_with_sha_key: 0.000057833
xor_with_sha_key: 0.000070740
aes_encrypt: 0.000131535
_se_encrypt: 0.005824138
itr_count: 59
dwt2d: 0.003489591
dwt2d: 0.001770943
sha256_with_key: 0.000029333
sha512_with_key: 0.000027611
xor_with_sha_key: 0.000040185
xor_with_sha_key: 0.000071981
aes_encrypt: 0.000153758
_se_encrypt: 0.005765380
itr_count: 60
dwt2d: 0.003509164
dwt2d: 0.001775425
sha256_with_key: 0.000031018
sha512_with_key: 0.000027963
xor_with_sha_key: 0.000040129
xor_with_sha_key: 0.000069722
aes_encrypt: 0.000132961
_se_encrypt: 0.005770213
itr_count: 61
dwt2d: 0.003454239
dwt2d: 0.001778813
sha256_with_key: 0.000028925
sha512_with_key: 0.000026963
xor_with_sha_key: 0.000038481
xor_with_sha_key: 0.000070814
aes_encrypt: 0.000127869
_se_encrypt: 0.005705269
itr_count: 62
dwt2d: 0.003553404
dwt2d: 0.001787499
sha256_with_key: 0.000033630
sha512_with_key: 0.000034999
xor_with_sha_key: 0.000042259
xor_with_sha_key: 0.000070426
aes_encrypt: 0.000144480
_se_encrypt: 0.005863471
itr_count: 63
dwt2d: 0.003478128
dwt2d: 0.001754795
sha256_with_key: 0.000027499
sha512_with_key: 0.000026537
xor_with_sha_key: 0.000039555
xor_with_sha_key: 0.000071888
aes_encrypt: 0.000132703
_se_encrypt: 0.005708214
itr_count: 64
dwt2d: 0.003547627
dwt2d: 0.001769610
sha256_with_key: 0.000030092
sha512_with_key: 0.000028444
xor_with_sha_key: 0.000039093
xor_with_sha_key: 0.000069647
aes_encrypt: 0.000132165
_se_encrypt: 0.005794917
itr_count: 65
dwt2d: 0.003483053
dwt2d: 0.001752110
sha256_with_key: 0.000028647
sha512_with_key: 0.000027685
xor_with_sha_key: 0.000104091
xor_with_sha_key: 0.000073258
aes_encrypt: 0.000133610
_se_encrypt: 0.005787713
itr_count: 66
dwt2d: 0.003464183
dwt2d: 0.001758887
sha256_with_key: 0.000029481
sha512_with_key: 0.000027296
xor_with_sha_key: 0.000040093
xor_with_sha_key: 0.000070573
aes_encrypt: 0.000144110
_se_encrypt: 0.005710288
itr_count: 67
dwt2d: 0.003457776
dwt2d: 0.001816424
sha256_with_key: 0.000028908
sha512_with_key: 0.000027944
xor_with_sha_key: 0.000039000
xor_with_sha_key: 0.000071666
aes_encrypt: 0.000132166
_se_encrypt: 0.005753009
itr_count: 68
dwt2d: 0.003468276
dwt2d: 0.001770943
sha256_with_key: 0.000028759
sha512_with_key: 0.000028148
xor_with_sha_key: 0.000038759
xor_with_sha_key: 0.000069444
aes_encrypt: 0.000127499
_se_encrypt: 0.005733362
itr_count: 69
dwt2d: 0.003546886
dwt2d: 0.001785683
sha256_with_key: 0.000028370
sha512_with_key: 0.000028999
xor_with_sha_key: 0.000039814
xor_with_sha_key: 0.000071332
aes_encrypt: 0.000131666
_se_encrypt: 0.005815898
itr_count: 70
dwt2d: 0.003528479
dwt2d: 0.001792740
sha256_with_key: 0.000032111
sha512_with_key: 0.000032055
xor_with_sha_key: 0.000042259
xor_with_sha_key: 0.000069981
aes_encrypt: 0.000141869
_se_encrypt: 0.005826731
itr_count: 71
dwt2d: 0.003544368
dwt2d: 0.001766703
sha256_with_key: 0.000029925
sha512_with_key: 0.000028574
xor_with_sha_key: 0.000040185
xor_with_sha_key: 0.000071444
aes_encrypt: 0.000133017
_se_encrypt: 0.005791138
itr_count: 72
dwt2d: 0.003482220
dwt2d: 0.001756388
sha256_with_key: 0.000029777
sha512_with_key: 0.000028926
xor_with_sha_key: 0.000041222
xor_with_sha_key: 0.000071462
aes_encrypt: 0.000129462
_se_encrypt: 0.005734806
itr_count: 73
dwt2d: 0.003526757
dwt2d: 0.001783703
sha256_with_key: 0.000029204
sha512_with_key: 0.000030611
xor_with_sha_key: 0.000041074
xor_with_sha_key: 0.000089499
aes_encrypt: 0.000129795
_se_encrypt: 0.005810750
itr_count: 74
dwt2d: 0.003457480
dwt2d: 0.001772647
sha256_with_key: 0.000027852
sha512_with_key: 0.000028685
xor_with_sha_key: 0.000037629
xor_with_sha_key: 0.000071481
aes_encrypt: 0.000127480
_se_encrypt: 0.005702065
itr_count: 75
dwt2d: 0.003466702
dwt2d: 0.001769072
sha256_with_key: 0.000028037
sha512_with_key: 0.000028685
xor_with_sha_key: 0.000039630
xor_with_sha_key: 0.000068703
aes_encrypt: 0.000133684
_se_encrypt: 0.005717269
itr_count: 76
dwt2d: 0.003475850
dwt2d: 0.001820443
sha256_with_key: 0.000029314
sha512_with_key: 0.000028185
xor_with_sha_key: 0.000040278
xor_with_sha_key: 0.000072462
aes_encrypt: 0.000131906
_se_encrypt: 0.005777361
itr_count: 77
dwt2d: 0.003601904
dwt2d: 0.001782462
sha256_with_key: 0.000033703
sha512_with_key: 0.000032221
xor_with_sha_key: 0.000043074
xor_with_sha_key: 0.000071481
aes_encrypt: 0.000151924
_se_encrypt: 0.005910119
itr_count: 78
dwt2d: 0.003569052
dwt2d: 0.001808943
sha256_with_key: 0.000032129
sha512_with_key: 0.000031241
xor_with_sha_key: 0.000042537
xor_with_sha_key: 0.000069999
aes_encrypt: 0.000148721
_se_encrypt: 0.005894545
itr_count: 79
dwt2d: 0.003488590
dwt2d: 0.001778295
sha256_with_key: 0.000028389
sha512_with_key: 0.000029314
xor_with_sha_key: 0.000039092
xor_with_sha_key: 0.000069536
aes_encrypt: 0.000132498
_se_encrypt: 0.005745917
itr_count: 80
dwt2d: 0.003565941
dwt2d: 0.001765554
sha256_with_key: 0.000028722
sha512_with_key: 0.000030537
xor_with_sha_key: 0.000040037
xor_with_sha_key: 0.000069259
aes_encrypt: 0.000133258
_se_encrypt: 0.005825361
itr_count: 81
dwt2d: 0.003484424
dwt2d: 0.001754295
sha256_with_key: 0.000027129
sha512_with_key: 0.000027982
xor_with_sha_key: 0.000039222
xor_with_sha_key: 0.000089850
aes_encrypt: 0.000127832
_se_encrypt: 0.005733047
itr_count: 82
dwt2d: 0.003499831
dwt2d: 0.001774998
sha256_with_key: 0.000028925
sha512_with_key: 0.000028667
xor_with_sha_key: 0.000040426
xor_with_sha_key: 0.000071277
aes_encrypt: 0.000145665
_se_encrypt: 0.005767732
itr_count: 83
dwt2d: 0.003460072
dwt2d: 0.001768239
sha256_with_key: 0.000026296
sha512_with_key: 0.000027407
xor_with_sha_key: 0.000037444
xor_with_sha_key: 0.000070518
aes_encrypt: 0.000123943
_se_encrypt: 0.005689065
itr_count: 84
dwt2d: 0.003526664
dwt2d: 0.001771665
sha256_with_key: 0.000028166
sha512_with_key: 0.000028593
xor_with_sha_key: 0.000039758
xor_with_sha_key: 0.000071296
aes_encrypt: 0.000126906
_se_encrypt: 0.005768084
itr_count: 85
dwt2d: 0.003466313
dwt2d: 0.001749202
sha256_with_key: 0.000026056
sha512_with_key: 0.000029870
xor_with_sha_key: 0.000042389
xor_with_sha_key: 0.000072314
aes_encrypt: 0.000131461
_se_encrypt: 0.005779454
itr_count: 86
dwt2d: 0.003530442
dwt2d: 0.001789128
sha256_with_key: 0.000031462
sha512_with_key: 0.000031537
xor_with_sha_key: 0.000041129
xor_with_sha_key: 0.000070759
aes_encrypt: 0.000138998
_se_encrypt: 0.005819546
itr_count: 87
dwt2d: 0.003487998
dwt2d: 0.001808405
sha256_with_key: 0.000028203
sha512_with_key: 0.000029352
xor_with_sha_key: 0.000039277
xor_with_sha_key: 0.000070036
aes_encrypt: 0.000131462
_se_encrypt: 0.005786417
itr_count: 88
dwt2d: 0.003494517
dwt2d: 0.001768277
sha256_with_key: 0.000029166
sha512_with_key: 0.000029519
xor_with_sha_key: 0.000040815
xor_with_sha_key: 0.000087110
aes_encrypt: 0.000133109
_se_encrypt: 0.005762991
itr_count: 89
dwt2d: 0.003530276
dwt2d: 0.001777499
sha256_with_key: 0.000027981
sha512_with_key: 0.000028407
xor_with_sha_key: 0.000039907
xor_with_sha_key: 0.000070222
aes_encrypt: 0.000161943
_se_encrypt: 0.005939192
itr_count: 90
dwt2d: 0.003574090
dwt2d: 0.001815017
sha256_with_key: 0.000034093
sha512_with_key: 0.000032685
xor_with_sha_key: 0.000043055
xor_with_sha_key: 0.000071055
aes_encrypt: 0.000144220
_se_encrypt: 0.005929618
itr_count: 91
dwt2d: 0.003518664
dwt2d: 0.001764221
sha256_with_key: 0.000029351
sha512_with_key: 0.000029463
xor_with_sha_key: 0.000039351
xor_with_sha_key: 0.000069555
aes_encrypt: 0.000152072
_se_encrypt: 0.005788565
itr_count: 92
dwt2d: 0.003474516
dwt2d: 0.001767387
sha256_with_key: 0.000027907
sha512_with_key: 0.000028667
xor_with_sha_key: 0.000037537
xor_with_sha_key: 0.000070684
aes_encrypt: 0.000126980
_se_encrypt: 0.005713232
itr_count: 93
dwt2d: 0.003542479
dwt2d: 0.001770499
sha256_with_key: 0.000029556
sha512_with_key: 0.000029481
xor_with_sha_key: 0.000038018
xor_with_sha_key: 0.000070351
aes_encrypt: 0.000134036
_se_encrypt: 0.005796472
itr_count: 94
dwt2d: 0.003537849
dwt2d: 0.001830943
sha256_with_key: 0.000033018
sha512_with_key: 0.000031925
xor_with_sha_key: 0.000041444
xor_with_sha_key: 0.000073759
aes_encrypt: 0.000144091
_se_encrypt: 0.005883193
itr_count: 95
dwt2d: 0.003491683
dwt2d: 0.001798591
sha256_with_key: 0.000028518
sha512_with_key: 0.000028222
xor_with_sha_key: 0.000037593
xor_with_sha_key: 0.000069739
aes_encrypt: 0.000131869
_se_encrypt: 0.005770491
itr_count: 96
dwt2d: 0.003546089
dwt2d: 0.001776092
sha256_with_key: 0.000030130
sha512_with_key: 0.000027796
xor_with_sha_key: 0.000039685
xor_with_sha_key: 0.000070665
aes_encrypt: 0.000131628
_se_encrypt: 0.005801361
itr_count: 97
dwt2d: 0.003480313
dwt2d: 0.001748814
sha256_with_key: 0.000027871
sha512_with_key: 0.000026593
xor_with_sha_key: 0.000037425
xor_with_sha_key: 0.000071258
aes_encrypt: 0.000125443
_se_encrypt: 0.005709399
itr_count: 98
dwt2d: 0.003508127
dwt2d: 0.001775091
sha256_with_key: 0.000029629
sha512_with_key: 0.000027167
xor_with_sha_key: 0.000038610
xor_with_sha_key: 0.000070629
aes_encrypt: 0.000146887
_se_encrypt: 0.005773232
itr_count: 99
dwt2d: 0.003449406
dwt2d: 0.001759128
sha256_with_key: 0.000025704
sha512_with_key: 0.000027537
xor_with_sha_key: 0.000037981
xor_with_sha_key: 0.000070481
aes_encrypt: 0.000123684
_se_encrypt: 0.005670437
itr_count: 100
dwt2d: 0.003521479
dwt2d: 0.001769462
sha256_with_key: 0.000027629
sha512_with_key: 0.000027037
xor_with_sha_key: 0.000039444
xor_with_sha_key: 0.000072277
aes_encrypt: 0.000128146
_se_encrypt: 0.005766677
itr_count: 101
dwt2d: 0.003473054
dwt2d: 0.001743036
sha256_with_key: 0.000039500
sha512_with_key: 0.000028592
xor_with_sha_key: 0.000039722
xor_with_sha_key: 0.000070647
aes_encrypt: 0.000125165
_se_encrypt: 0.005696622
itr_count: 102
dwt2d: 0.003610774
dwt2d: 0.001786313
sha256_with_key: 0.000033555
sha512_with_key: 0.000031555
xor_with_sha_key: 0.000041240
xor_with_sha_key: 0.000070795
aes_encrypt: 0.000142499
_se_encrypt: 0.005909619
itr_count: 103
dwt2d: 0.003485238
dwt2d: 0.001744239
sha256_with_key: 0.000027630
sha512_with_key: 0.000093073
xor_with_sha_key: 0.000042388
xor_with_sha_key: 0.000071092
aes_encrypt: 0.000132739
_se_encrypt: 0.005781991
itr_count: 104
dwt2d: 0.003477979
dwt2d: 0.001776554
sha256_with_key: 0.000029592
sha512_with_key: 0.000028518
xor_with_sha_key: 0.000037832
xor_with_sha_key: 0.000087203
aes_encrypt: 0.000126794
_se_encrypt: 0.005744325
itr_count: 105
dwt2d: 0.003455998
dwt2d: 0.001829628
sha256_with_key: 0.000028907
sha512_with_key: 0.000029277
xor_with_sha_key: 0.000039277
xor_with_sha_key: 0.000070851
aes_encrypt: 0.000149054
_se_encrypt: 0.005782546
itr_count: 106
dwt2d: 0.003454924
dwt2d: 0.001776425
sha256_with_key: 0.000027537
sha512_with_key: 0.000029333
xor_with_sha_key: 0.000037184
xor_with_sha_key: 0.000070777
aes_encrypt: 0.000125943
_se_encrypt: 0.005700491
itr_count: 107
dwt2d: 0.003542442
dwt2d: 0.001776851
sha256_with_key: 0.000029296
sha512_with_key: 0.000028555
xor_with_sha_key: 0.000040648
xor_with_sha_key: 0.000070277
aes_encrypt: 0.000130721
_se_encrypt: 0.005797065
itr_count: 108
dwt2d: 0.003468850
dwt2d: 0.001748888
sha256_with_key: 0.000040500
sha512_with_key: 0.000028907
xor_with_sha_key: 0.000038907
xor_with_sha_key: 0.000071537
aes_encrypt: 0.000126869
_se_encrypt: 0.005703454
itr_count: 109
dwt2d: 0.003535331
dwt2d: 0.001759147
sha256_with_key: 0.000028296
sha512_with_key: 0.000029000
xor_with_sha_key: 0.000037259
xor_with_sha_key: 0.000072537
aes_encrypt: 0.000128369
_se_encrypt: 0.005789102
itr_count: 110
dwt2d: 0.003501498
dwt2d: 0.001758629
sha256_with_key: 0.000032667
sha512_with_key: 0.000031166
xor_with_sha_key: 0.000053888
xor_with_sha_key: 0.000072036
aes_encrypt: 0.000138943
_se_encrypt: 0.005776510
itr_count: 111
dwt2d: 0.003522368
dwt2d: 0.001765091
sha256_with_key: 0.000029296
sha512_with_key: 0.000028092
xor_with_sha_key: 0.000036629
xor_with_sha_key: 0.000071740
aes_encrypt: 0.000148591
_se_encrypt: 0.005780139
itr_count: 112
dwt2d: 0.003448646
dwt2d: 0.001801498
sha256_with_key: 0.000029203
sha512_with_key: 0.000028203
xor_with_sha_key: 0.000037666
xor_with_sha_key: 0.000071036
aes_encrypt: 0.000131240
_se_encrypt: 0.005725028
itr_count: 113
dwt2d: 0.003551757
dwt2d: 0.001779869
sha256_with_key: 0.000028129
sha512_with_key: 0.000028536
xor_with_sha_key: 0.000037592
xor_with_sha_key: 0.000070203
aes_encrypt: 0.000126628
_se_encrypt: 0.005799250
itr_count: 114
dwt2d: 0.003468109
dwt2d: 0.001833591
sha256_with_key: 0.000029166
sha512_with_key: 0.000027944
xor_with_sha_key: 0.000041481
xor_with_sha_key: 0.000070518
aes_encrypt: 0.000126332
_se_encrypt: 0.005776194
itr_count: 115
dwt2d: 0.003482720
dwt2d: 0.001752851
sha256_with_key: 0.000027388
sha512_with_key: 0.000029426
xor_with_sha_key: 0.000038000
xor_with_sha_key: 0.000070758
aes_encrypt: 0.000127406
_se_encrypt: 0.005720307
itr_count: 116
dwt2d: 0.003486442
dwt2d: 0.001841276
sha256_with_key: 0.000029036
sha512_with_key: 0.000030129
xor_with_sha_key: 0.000039130
xor_with_sha_key: 0.000073277
aes_encrypt: 0.000128146
_se_encrypt: 0.005820380
itr_count: 117
dwt2d: 0.003456146
dwt2d: 0.001777851
sha256_with_key: 0.000027333
sha512_with_key: 0.000029778
xor_with_sha_key: 0.000037037
xor_with_sha_key: 0.000071240
aes_encrypt: 0.000141147
_se_encrypt: 0.005717066
itr_count: 118
dwt2d: 0.003578460
dwt2d: 0.001783128
sha256_with_key: 0.000032056
sha512_with_key: 0.000032537
xor_with_sha_key: 0.000039610
xor_with_sha_key: 0.000069740
aes_encrypt: 0.000161147
_se_encrypt: 0.005888582
itr_count: 119
dwt2d: 0.003463646
dwt2d: 0.001765166
sha256_with_key: 0.000028536
sha512_with_key: 0.000028685
xor_with_sha_key: 0.000037315
xor_with_sha_key: 0.000071536
aes_encrypt: 0.000126925
_se_encrypt: 0.005698807
itr_count: 120
dwt2d: 0.003541386
dwt2d: 0.001762870
sha256_with_key: 0.000028203
sha512_with_key: 0.000029648
xor_with_sha_key: 0.000037982
xor_with_sha_key: 0.000071165
aes_encrypt: 0.000129591
_se_encrypt: 0.005776158
itr_count: 121
dwt2d: 0.003530683
dwt2d: 0.001759184
sha256_with_key: 0.000027981
sha512_with_key: 0.000028555
xor_with_sha_key: 0.000040092
xor_with_sha_key: 0.000071111
aes_encrypt: 0.000127184
_se_encrypt: 0.005764602
itr_count: 122
dwt2d: 0.003514757
dwt2d: 0.001748739
sha256_with_key: 0.000027999
sha512_with_key: 0.000029314
xor_with_sha_key: 0.000038055
xor_with_sha_key: 0.000070591
aes_encrypt: 0.000128999
_se_encrypt: 0.005757362
itr_count: 123
dwt2d: 0.003466739
dwt2d: 0.001779109
sha256_with_key: 0.000029036
sha512_with_key: 0.000029499
xor_with_sha_key: 0.000038944
xor_with_sha_key: 0.000070518
aes_encrypt: 0.000146257
_se_encrypt: 0.005741288
itr_count: 124
dwt2d: 0.003458887
dwt2d: 0.001755184
sha256_with_key: 0.000026389
sha512_with_key: 0.000027129
xor_with_sha_key: 0.000038074
xor_with_sha_key: 0.000072055
aes_encrypt: 0.000126055
_se_encrypt: 0.005678659
itr_count: 125
dwt2d: 0.003454665
dwt2d: 0.001822573
sha256_with_key: 0.000028759
sha512_with_key: 0.000028518
xor_with_sha_key: 0.000038351
xor_with_sha_key: 0.000069833
aes_encrypt: 0.000127628
_se_encrypt: 0.005746677
itr_count: 126
dwt2d: 0.003459998
dwt2d: 0.001742129
sha256_with_key: 0.000039981
sha512_with_key: 0.000027314
xor_with_sha_key: 0.000038407
xor_with_sha_key: 0.000070481
aes_encrypt: 0.000151591
_se_encrypt: 0.005810453
itr_count: 127
dwt2d: 0.003571682
dwt2d: 0.001788535
sha256_with_key: 0.000034574
sha512_with_key: 0.000031721
xor_with_sha_key: 0.000045611
xor_with_sha_key: 0.000071685
aes_encrypt: 0.000145351
_se_encrypt: 0.005898804
itr_count: 128
dwt2d: 0.003481313
dwt2d: 0.001762203
sha256_with_key: 0.000028870
sha512_with_key: 0.000029167
xor_with_sha_key: 0.000055037
xor_with_sha_key: 0.000072240
aes_encrypt: 0.000131258
_se_encrypt: 0.005743028
encrypt: 0.761111532
Buffer: 256
itr_count: 0
dwt2d: 0.007466639
dwt2d: 0.003409610
sha256_with_key: 0.000063555
sha512_with_key: 0.000135554
xor_with_sha_key: 0.000090055
xor_with_sha_key: 0.000222813
aes_encrypt: 0.000228682
_se_encrypt: 0.011994476
itr_count: 1
dwt2d: 0.007319844
dwt2d: 0.003423054
sha256_with_key: 0.000063888
sha512_with_key: 0.000073870
xor_with_sha_key: 0.000099259
xor_with_sha_key: 0.000224405
aes_encrypt: 0.000213479
_se_encrypt: 0.011776775
itr_count: 2
dwt2d: 0.007274826
dwt2d: 0.003498776
sha256_with_key: 0.000060147
sha512_with_key: 0.000073703
xor_with_sha_key: 0.000084833
xor_with_sha_key: 0.000229312
aes_encrypt: 0.000215553
_se_encrypt: 0.011807664
itr_count: 3
dwt2d: 0.007347307
dwt2d: 0.003401147
sha256_with_key: 0.000060684
sha512_with_key: 0.000072518
xor_with_sha_key: 0.000078999
xor_with_sha_key: 0.000247738
aes_encrypt: 0.000210257
_se_encrypt: 0.011780108
itr_count: 4
dwt2d: 0.007328992
dwt2d: 0.003413703
sha256_with_key: 0.000060703
sha512_with_key: 0.000070332
xor_with_sha_key: 0.000083351
xor_with_sha_key: 0.000247905
aes_encrypt: 0.000210109
_se_encrypt: 0.011773720
itr_count: 5
dwt2d: 0.007311696
dwt2d: 0.003417314
sha256_with_key: 0.000062018
sha512_with_key: 0.000072814
xor_with_sha_key: 0.000080647
xor_with_sha_key: 0.000226016
aes_encrypt: 0.000235960
_se_encrypt: 0.011759369
itr_count: 6
dwt2d: 0.007288548
dwt2d: 0.003395943
sha256_with_key: 0.000058870
sha512_with_key: 0.000071573
xor_with_sha_key: 0.000086888
xor_with_sha_key: 0.000225609
aes_encrypt: 0.000240442
_se_encrypt: 0.011713979
itr_count: 7
dwt2d: 0.007312678
dwt2d: 0.003368889
sha256_with_key: 0.000078703
sha512_with_key: 0.000070425
xor_with_sha_key: 0.000083240
xor_with_sha_key: 0.000247627
aes_encrypt: 0.000220479
_se_encrypt: 0.011732888
itr_count: 8
dwt2d: 0.007359066
dwt2d: 0.003396554
sha256_with_key: 0.000061092
sha512_with_key: 0.000073592
xor_with_sha_key: 0.000086351
xor_with_sha_key: 0.000225479
aes_encrypt: 0.000215738
_se_encrypt: 0.011790683
itr_count: 9
dwt2d: 0.007334159
dwt2d: 0.003380147
sha256_with_key: 0.000061554
sha512_with_key: 0.000074000
xor_with_sha_key: 0.000143980
xor_with_sha_key: 0.000227627
aes_encrypt: 0.000216405
_se_encrypt: 0.011791997
itr_count: 10
dwt2d: 0.007274492
dwt2d: 0.003471072
sha256_with_key: 0.000061833
sha512_with_key: 0.000073611
xor_with_sha_key: 0.000086110
xor_with_sha_key: 0.000247368
aes_encrypt: 0.000216516
_se_encrypt: 0.011800682
itr_count: 11
dwt2d: 0.007297511
dwt2d: 0.003463887
sha256_with_key: 0.000061555
sha512_with_key: 0.000070092
xor_with_sha_key: 0.000083147
xor_with_sha_key: 0.000248627
aes_encrypt: 0.000215442
_se_encrypt: 0.011790646
itr_count: 12
dwt2d: 0.007332529
dwt2d: 0.003462739
sha256_with_key: 0.000062592
sha512_with_key: 0.000069796
xor_with_sha_key: 0.000082351
xor_with_sha_key: 0.000267794
aes_encrypt: 0.000216831
_se_encrypt: 0.011849053
itr_count: 13
dwt2d: 0.007332992
dwt2d: 0.003402647
sha256_with_key: 0.000061462
sha512_with_key: 0.000072184
xor_with_sha_key: 0.000087203
xor_with_sha_key: 0.000247405
aes_encrypt: 0.000220664
_se_encrypt: 0.011774313
itr_count: 14
dwt2d: 0.007305529
dwt2d: 0.003398795
sha256_with_key: 0.000060499
sha512_with_key: 0.000073240
xor_with_sha_key: 0.000079925
xor_with_sha_key: 0.000251238
aes_encrypt: 0.000245052
_se_encrypt: 0.011764979
itr_count: 15
dwt2d: 0.007334177
dwt2d: 0.003409702
sha256_with_key: 0.000061406
sha512_with_key: 0.000069129
xor_with_sha_key: 0.000082444
xor_with_sha_key: 0.000224590
aes_encrypt: 0.000242479
_se_encrypt: 0.011769720
itr_count: 16
dwt2d: 0.007314695
dwt2d: 0.003372537
sha256_with_key: 0.000074480
sha512_with_key: 0.000069073
xor_with_sha_key: 0.000082573
xor_with_sha_key: 0.000246978
aes_encrypt: 0.000220108
_se_encrypt: 0.011725887
itr_count: 17
dwt2d: 0.007339714
dwt2d: 0.003390277
sha256_with_key: 0.000060073
sha512_with_key: 0.000072925
xor_with_sha_key: 0.000087462
xor_with_sha_key: 0.000227942
aes_encrypt: 0.000218923
_se_encrypt: 0.011769331
itr_count: 18
dwt2d: 0.007333029
dwt2d: 0.003384869
sha256_with_key: 0.000061018
sha512_with_key: 0.000073592
xor_with_sha_key: 0.000143906
xor_with_sha_key: 0.000245664
aes_encrypt: 0.000219387
_se_encrypt: 0.011813182
itr_count: 19
dwt2d: 0.007290567
dwt2d: 0.003376240
sha256_with_key: 0.000060777
sha512_with_key: 0.000068795
xor_with_sha_key: 0.000082777
xor_with_sha_key: 0.000310663
aes_encrypt: 0.000218886
_se_encrypt: 0.011761053
itr_count: 20
dwt2d: 0.007217697
dwt2d: 0.003452480
sha256_with_key: 0.000062777
sha512_with_key: 0.000069740
xor_with_sha_key: 0.000083295
xor_with_sha_key: 0.000262497
aes_encrypt: 0.000216275
_se_encrypt: 0.011711258
itr_count: 21
dwt2d: 0.007786764
dwt2d: 0.003732033
sha256_with_key: 0.000066443
sha512_with_key: 0.000072722
xor_with_sha_key: 0.000096684
xor_with_sha_key: 0.000228665
aes_encrypt: 0.000271182
_se_encrypt: 0.012660433
itr_count: 22
dwt2d: 0.007764876
dwt2d: 0.003413499
sha256_with_key: 0.000063648
sha512_with_key: 0.000073147
xor_with_sha_key: 0.000081425
xor_with_sha_key: 0.000262312
aes_encrypt: 0.000230720
_se_encrypt: 0.012272307
itr_count: 23
dwt2d: 0.007372658
dwt2d: 0.003402221
sha256_with_key: 0.000063240
sha512_with_key: 0.000070536
xor_with_sha_key: 0.000086758
xor_with_sha_key: 0.000247460
aes_encrypt: 0.000212813
_se_encrypt: 0.011805423
itr_count: 24
dwt2d: 0.007326862
dwt2d: 0.003393573
sha256_with_key: 0.000062684
sha512_with_key: 0.000070592
xor_with_sha_key: 0.000083296
xor_with_sha_key: 0.000266071
aes_encrypt: 0.000214646
_se_encrypt: 0.011769091
itr_count: 25
dwt2d: 0.007343381
dwt2d: 0.003399722
sha256_with_key: 0.000059148
sha512_with_key: 0.000072554
xor_with_sha_key: 0.000082370
xor_with_sha_key: 0.000227034
aes_encrypt: 0.000238275
_se_encrypt: 0.011772794
itr_count: 26
dwt2d: 0.007330862
dwt2d: 0.003412017
sha256_with_key: 0.000060685
sha512_with_key: 0.000073036
xor_with_sha_key: 0.000077981
xor_with_sha_key: 0.000242016
aes_encrypt: 0.000245461
_se_encrypt: 0.011795442
itr_count: 27
dwt2d: 0.007330566
dwt2d: 0.003379814
sha256_with_key: 0.000060500
sha512_with_key: 0.000069388
xor_with_sha_key: 0.000086110
xor_with_sha_key: 0.000220202
aes_encrypt: 0.000216350
_se_encrypt: 0.011721702
itr_count: 28
dwt2d: 0.007251326
dwt2d: 0.003375295
sha256_with_key: 0.000061018
sha512_with_key: 0.000143091
xor_with_sha_key: 0.000084480
xor_with_sha_key: 0.000242886
aes_encrypt: 0.000219535
_se_encrypt: 0.011728720
itr_count: 29
dwt2d: 0.007247030
dwt2d: 0.003429813
sha256_with_key: 0.000062092
sha512_with_key: 0.000072166
xor_with_sha_key: 0.000085443
xor_with_sha_key: 0.000221164
aes_encrypt: 0.000213498
_se_encrypt: 0.011724035
itr_count: 30
dwt2d: 0.007281937
dwt2d: 0.003469461
sha256_with_key: 0.000060203
sha512_with_key: 0.000070018
xor_with_sha_key: 0.000080425
xor_with_sha_key: 0.000229701
aes_encrypt: 0.000211053
_se_encrypt: 0.011766572
itr_count: 31
dwt2d: 0.007233326
dwt2d: 0.003482813
sha256_with_key: 0.000060518
sha512_with_key: 0.000071740
xor_with_sha_key: 0.000080370
xor_with_sha_key: 0.000247830
aes_encrypt: 0.000208053
_se_encrypt: 0.011733424
itr_count: 32
dwt2d: 0.007284974
dwt2d: 0.003420035
sha256_with_key: 0.000059796
sha512_with_key: 0.000075092
xor_with_sha_key: 0.000081795
xor_with_sha_key: 0.000229924
aes_encrypt: 0.000211239
_se_encrypt: 0.011727239
encrypt: 0.393772720
Buffer: 384
itr_count: 0
dwt2d: 0.011763498
dwt2d: 0.005184979
sha256_with_key: 0.000097073
sha512_with_key: 0.000158850
xor_with_sha_key: 0.000153850
xor_with_sha_key: 0.000572716
aes_encrypt: 0.000323589
_se_encrypt: 0.018920474
itr_count: 1
dwt2d: 0.011736832
dwt2d: 0.005144665
sha256_with_key: 0.000095980
sha512_with_key: 0.000143943
xor_with_sha_key: 0.000153388
xor_with_sha_key: 0.000528494
aes_encrypt: 0.000320441
_se_encrypt: 0.018937362
itr_count: 2
dwt2d: 0.011788645
dwt2d: 0.005148090
sha256_with_key: 0.000097314
sha512_with_key: 0.000142850
xor_with_sha_key: 0.000154554
xor_with_sha_key: 0.000570346
aes_encrypt: 0.000324959
_se_encrypt: 0.018896122
itr_count: 3
dwt2d: 0.011796072
dwt2d: 0.005216312
sha256_with_key: 0.000095591
sha512_with_key: 0.000141739
xor_with_sha_key: 0.000140572
xor_with_sha_key: 0.000511827
aes_encrypt: 0.000317367
_se_encrypt: 0.018872955
itr_count: 4
dwt2d: 0.011703906
dwt2d: 0.005212719
sha256_with_key: 0.000097443
sha512_with_key: 0.000134295
xor_with_sha_key: 0.000146257
xor_with_sha_key: 0.000517012
aes_encrypt: 0.000313423
_se_encrypt: 0.018773031
itr_count: 5
dwt2d: 0.011667721
dwt2d: 0.005221720
sha256_with_key: 0.000097462
sha512_with_key: 0.000134999
xor_with_sha_key: 0.000145165
xor_with_sha_key: 0.000518105
aes_encrypt: 0.000315755
_se_encrypt: 0.018761678
itr_count: 6
dwt2d: 0.011742943
dwt2d: 0.005219053
sha256_with_key: 0.000097240
sha512_with_key: 0.000135072
xor_with_sha_key: 0.000145350
xor_with_sha_key: 0.000522012
aes_encrypt: 0.000313978
_se_encrypt: 0.018862085
itr_count: 7
dwt2d: 0.011690277
dwt2d: 0.005091535
sha256_with_key: 0.000098221
sha512_with_key: 0.000142832
xor_with_sha_key: 0.000142295
xor_with_sha_key: 0.000544420
aes_encrypt: 0.000317793
_se_encrypt: 0.018751382
itr_count: 8
dwt2d: 0.011656666
dwt2d: 0.005125443
sha256_with_key: 0.000112592
sha512_with_key: 0.000145424
xor_with_sha_key: 0.000147665
xor_with_sha_key: 0.000526550
aes_encrypt: 0.000319200
_se_encrypt: 0.018725197
itr_count: 9
dwt2d: 0.011769460
dwt2d: 0.005107147
sha256_with_key: 0.000109480
sha512_with_key: 0.000136573
xor_with_sha_key: 0.000147313
xor_with_sha_key: 0.000518994
aes_encrypt: 0.000314181
_se_encrypt: 0.018759012
itr_count: 10
dwt2d: 0.011736739
dwt2d: 0.005161423
sha256_with_key: 0.000108110
sha512_with_key: 0.000138480
xor_with_sha_key: 0.000149535
xor_with_sha_key: 0.000516401
aes_encrypt: 0.000313422
_se_encrypt: 0.018775864
itr_count: 11
dwt2d: 0.011700629
dwt2d: 0.005168609
sha256_with_key: 0.000096203
sha512_with_key: 0.000142146
xor_with_sha_key: 0.000146405
xor_with_sha_key: 0.000521957
aes_encrypt: 0.000320386
_se_encrypt: 0.018760846
itr_count: 12
dwt2d: 0.011688258
dwt2d: 0.005194923
sha256_with_key: 0.000096518
sha512_with_key: 0.000153628
xor_with_sha_key: 0.000146240
xor_with_sha_key: 0.000497939
aes_encrypt: 0.000321052
_se_encrypt: 0.018781919
itr_count: 13
dwt2d: 0.011714480
dwt2d: 0.005183776
sha256_with_key: 0.000096221
sha512_with_key: 0.000197146
xor_with_sha_key: 0.000151924
xor_with_sha_key: 0.000524420
aes_encrypt: 0.000321515
_se_encrypt: 0.018836141
itr_count: 14
dwt2d: 0.011629869
dwt2d: 0.005139035
sha256_with_key: 0.000095814
sha512_with_key: 0.000145109
xor_with_sha_key: 0.000145739
xor_with_sha_key: 0.000555808
aes_encrypt: 0.000324144
_se_encrypt: 0.018742976
encrypt: 0.285160585
Buffer: 512
itr_count: 0
dwt2d: 0.017542360
dwt2d: 0.007467083
sha256_with_key: 0.000142517
sha512_with_key: 0.000241293
xor_with_sha_key: 0.000263701
xor_with_sha_key: 0.001046488
aes_encrypt: 0.000488327
_se_encrypt: 0.029271505
itr_count: 1
dwt2d: 0.017928817
dwt2d: 0.007496194
sha256_with_key: 0.000143535
sha512_with_key: 0.000230183
xor_with_sha_key: 0.000254349
xor_with_sha_key: 0.000917990
aes_encrypt: 0.000441198
_se_encrypt: 0.029373671
itr_count: 2
dwt2d: 0.017740246
dwt2d: 0.007454694
sha256_with_key: 0.000144147
sha512_with_key: 0.000225664
xor_with_sha_key: 0.000232886
xor_with_sha_key: 0.000890879
aes_encrypt: 0.000436235
_se_encrypt: 0.029194673
itr_count: 3
dwt2d: 0.017865041
dwt2d: 0.007494879
sha256_with_key: 0.000141869
sha512_with_key: 0.000243757
xor_with_sha_key: 0.000225757
xor_with_sha_key: 0.000963193
aes_encrypt: 0.000479365
_se_encrypt: 0.029416041
itr_count: 4
dwt2d: 0.017858745
dwt2d: 0.007482601
sha256_with_key: 0.000142535
sha512_with_key: 0.000246220
xor_with_sha_key: 0.000226553
xor_with_sha_key: 0.000933323
aes_encrypt: 0.000442884
_se_encrypt: 0.029323597
itr_count: 5
dwt2d: 0.017739523
dwt2d: 0.007547527
sha256_with_key: 0.000143406
sha512_with_key: 0.000236330
xor_with_sha_key: 0.000251645
xor_with_sha_key: 0.001006859
aes_encrypt: 0.000443476
_se_encrypt: 0.029395616
itr_count: 6
dwt2d: 0.017773357
dwt2d: 0.007431065
sha256_with_key: 0.000140832
sha512_with_key: 0.000224757
xor_with_sha_key: 0.000327163
xor_with_sha_key: 0.001054266
aes_encrypt: 0.000484273
_se_encrypt: 0.029409375
itr_count: 7
dwt2d: 0.017764060
dwt2d: 0.007443435
sha256_with_key: 0.000143147
sha512_with_key: 0.000237183
xor_with_sha_key: 0.000256590
xor_with_sha_key: 0.000899064
aes_encrypt: 0.000435996
_se_encrypt: 0.029239321
itr_count: 8
dwt2d: 0.017451027
dwt2d: 0.007502564
sha256_with_key: 0.000141554
sha512_with_key: 0.000225793
xor_with_sha_key: 0.000267367
xor_with_sha_key: 0.000895731
aes_encrypt: 0.000476939
_se_encrypt: 0.028944213
encrypt: 0.266632755
Buffer: 640
itr_count: 0
dwt2d: 0.023751919
dwt2d: 0.009265581
sha256_with_key: 0.000197850
sha512_with_key: 0.000362756
xor_with_sha_key: 0.000338089
xor_with_sha_key: 0.001482039
aes_encrypt: 0.000646808
_se_encrypt: 0.037664763
itr_count: 1
dwt2d: 0.023726030
dwt2d: 0.009316525
sha256_with_key: 0.000196905
sha512_with_key: 0.000355459
xor_with_sha_key: 0.000347700
xor_with_sha_key: 0.001555372
aes_encrypt: 0.000645233
_se_encrypt: 0.037736614
itr_count: 2
dwt2d: 0.023689531
dwt2d: 0.009247303
sha256_with_key: 0.000191091
sha512_with_key: 0.000368255
xor_with_sha_key: 0.000344534
xor_with_sha_key: 0.001395096
aes_encrypt: 0.000588494
_se_encrypt: 0.037573857
itr_count: 3
dwt2d: 0.023639013
dwt2d: 0.009198083
sha256_with_key: 0.000196405
sha512_with_key: 0.000454309
xor_with_sha_key: 0.000366514
xor_with_sha_key: 0.001380300
aes_encrypt: 0.000586679
_se_encrypt: 0.037498802
itr_count: 4
dwt2d: 0.023642254
dwt2d: 0.009271859
sha256_with_key: 0.000197072
sha512_with_key: 0.000390106
xor_with_sha_key: 0.000361403
xor_with_sha_key: 0.001384299
aes_encrypt: 0.000587883
_se_encrypt: 0.037717430
itr_count: 5
dwt2d: 0.023616976
dwt2d: 0.009253749
sha256_with_key: 0.000214460
sha512_with_key: 0.000342570
xor_with_sha_key: 0.000373533
xor_with_sha_key: 0.001436224
aes_encrypt: 0.000626919
_se_encrypt: 0.037599042
encrypt: 0.229012398
Buffer: 768
itr_count: 0
dwt2d: 0.030185366
dwt2d: 0.012204734
sha256_with_key: 0.000272553
sha512_with_key: 0.000513217
xor_with_sha_key: 0.000474384
xor_with_sha_key: 0.002196698
aes_encrypt: 0.000812936
_se_encrypt: 0.050583322
itr_count: 1
dwt2d: 0.030210995
dwt2d: 0.012151493
sha256_with_key: 0.000261663
sha512_with_key: 0.000539346
xor_with_sha_key: 0.000511198
xor_with_sha_key: 0.002095847
aes_encrypt: 0.000810250
_se_encrypt: 0.050379750
itr_count: 2
dwt2d: 0.030289216
dwt2d: 0.012115864
sha256_with_key: 0.000261089
sha512_with_key: 0.000539828
xor_with_sha_key: 0.000468754
xor_with_sha_key: 0.002119772
aes_encrypt: 0.000818565
_se_encrypt: 0.050417380
itr_count: 3
dwt2d: 0.030159866
dwt2d: 0.012109975
sha256_with_key: 0.000258997
sha512_with_key: 0.000528790
xor_with_sha_key: 0.000485458
xor_with_sha_key: 0.002281641
aes_encrypt: 0.000783806
_se_encrypt: 0.050464879
encrypt: 0.204946315
Buffer: 896
itr_count: 0
dwt2d: 0.037234213
dwt2d: 0.014269896
sha256_with_key: 0.000352182
sha512_with_key: 0.000710288
xor_with_sha_key: 0.000662529
xor_with_sha_key: 0.003095669
aes_encrypt: 0.000952397
_se_encrypt: 0.060776227
itr_count: 1
dwt2d: 0.037369989
dwt2d: 0.014227749
sha256_with_key: 0.000336866
sha512_with_key: 0.000733362
xor_with_sha_key: 0.000716899
xor_with_sha_key: 0.002989022
aes_encrypt: 0.000948544
_se_encrypt: 0.061249055
itr_count: 2
dwt2d: 0.037113992
dwt2d: 0.014143823
sha256_with_key: 0.000341792
sha512_with_key: 0.000792917
xor_with_sha_key: 0.000713973
xor_with_sha_key: 0.003036077
aes_encrypt: 0.000977711
_se_encrypt: 0.060933058
encrypt: 0.185970862
Buffer: 1024
itr_count: 0
dwt2d: 0.058137127
dwt2d: 0.018779734
sha256_with_key: 0.000440754
sha512_with_key: 0.000917397
xor_with_sha_key: 0.000944953
xor_with_sha_key: 0.004087028
aes_encrypt: 0.001214283
_se_encrypt: 0.094276722
itr_count: 1
dwt2d: 0.058583900
dwt2d: 0.018942862
sha256_with_key: 0.000443143
sha512_with_key: 0.000974026
xor_with_sha_key: 0.000949322
xor_with_sha_key: 0.004117972
aes_encrypt: 0.001212153
_se_encrypt: 0.095098250
itr_count: 2
dwt2d: 0.058195737
dwt2d: 0.018895418
sha256_with_key: 0.000441939
sha512_with_key: 0.000927008
xor_with_sha_key: 0.000814232
xor_with_sha_key: 0.004546652
aes_encrypt: 0.001172968
_se_encrypt: 0.094771549
encrypt: 0.287845573
Buffer: 1152
itr_count: 0
dwt2d: 0.053539085
dwt2d: 0.021068598
sha256_with_key: 0.000545364
sha512_with_key: 0.001184783
xor_with_sha_key: 0.001121006
xor_with_sha_key: 0.005006906
aes_encrypt: 0.001456076
_se_encrypt: 0.091187331
itr_count: 1
dwt2d: 0.053308440
dwt2d: 0.021178115
sha256_with_key: 0.000534069
sha512_with_key: 0.001228079
xor_with_sha_key: 0.001233394
xor_with_sha_key: 0.005030518
aes_encrypt: 0.001446873
_se_encrypt: 0.091401903
encrypt: 0.185956565
Buffer: 1280
itr_count: 0
dwt2d: 0.063958117
dwt2d: 0.025406290
sha256_with_key: 0.000676844
sha512_with_key: 0.001527297
xor_with_sha_key: 0.001546242
xor_with_sha_key: 0.006171005
aes_encrypt: 0.001740055
_se_encrypt: 0.112884680
itr_count: 1
dwt2d: 0.064093801
dwt2d: 0.025415530
sha256_with_key: 0.000681436
sha512_with_key: 0.001667389
xor_with_sha_key: 0.001579853
xor_with_sha_key: 0.005728232
aes_encrypt: 0.001888164
_se_encrypt: 0.113026530
encrypt: 0.229767927
Buffer: 1408
itr_count: 0
dwt2d: 0.073725193
dwt2d: 0.027970316
sha256_with_key: 0.000871565
sha512_with_key: 0.001718129
xor_with_sha_key: 0.001679222
xor_with_sha_key: 0.007215993
aes_encrypt: 0.002115605
_se_encrypt: 0.126477380
itr_count: 1
dwt2d: 0.073012979
dwt2d: 0.028133314
sha256_with_key: 0.000804472
sha512_with_key: 0.001748498
xor_with_sha_key: 0.001660334
xor_with_sha_key: 0.007022606
aes_encrypt: 0.002040052
_se_encrypt: 0.126696600
encrypt: 0.257882261
Buffer: 1536
itr_count: 0
dwt2d: 0.088088792
dwt2d: 0.033000520
sha256_with_key: 0.000960953
sha512_with_key: 0.002104643
xor_with_sha_key: 0.002007625
xor_with_sha_key: 0.008958140
aes_encrypt: 0.002416843
_se_encrypt: 0.157775066
encrypt: 0.161195695
Buffer: 1664
itr_count: 0
dwt2d: 0.096612362
dwt2d: 0.035697415
sha256_with_key: 0.001120691
sha512_with_key: 0.002721044
xor_with_sha_key: 0.002623045
xor_with_sha_key: 0.009461505
aes_encrypt: 0.002787840
_se_encrypt: 0.168017822
encrypt: 0.172040203
Buffer: 1792
itr_count: 0
dwt2d: 0.105434023
dwt2d: 0.040859987
sha256_with_key: 0.001295022
sha512_with_key: 0.002865691
xor_with_sha_key: 0.002962411
xor_with_sha_key: 0.011432131
aes_encrypt: 0.003215872
_se_encrypt: 0.191495078
encrypt: 0.195255221
Buffer: 1920
itr_count: 0
dwt2d: 0.117649627
dwt2d: 0.044365966
sha256_with_key: 0.001495798
sha512_with_key: 0.003298407
xor_with_sha_key: 0.003437128
xor_with_sha_key: 0.012649136
aes_encrypt: 0.003671793
_se_encrypt: 0.210835046
encrypt: 0.215270997
Buffer: 2048
itr_count: 0
dwt2d: 0.209717799
dwt2d: 0.076847232
sha256_with_key: 0.001684944
sha512_with_key: 0.003639922
xor_with_sha_key: 0.004170916
xor_with_sha_key: 0.014344932
aes_encrypt: 0.004200731
_se_encrypt: 0.367634586
encrypt: 0.372584846
Buffer: 2176
itr_count: 0
dwt2d: 0.141674283
dwt2d: 0.053015054
sha256_with_key: 0.001895757
sha512_with_key: 0.004175157
xor_with_sha_key: 0.004126213
xor_with_sha_key: 0.016308243
aes_encrypt: 0.004718003
_se_encrypt: 0.257680355
encrypt: 0.263271663
Buffer: 2304
itr_count: 0
dwt2d: 0.156733133
dwt2d: 0.060939633
sha256_with_key: 0.002131698
sha512_with_key: 0.004601874
xor_with_sha_key: 0.005086221
xor_with_sha_key: 0.018338239
aes_encrypt: 0.005344274
_se_encrypt: 0.293652601
encrypt: 0.299301425
Buffer: 2432
itr_count: 0
dwt2d: 0.167562327
dwt2d: 0.063890488
sha256_with_key: 0.002428065
sha512_with_key: 0.005050406
xor_with_sha_key: 0.005560752
xor_with_sha_key: 0.020376679
aes_encrypt: 0.005776399
_se_encrypt: 0.311620306
encrypt: 0.317480555
Buffer: 2560
itr_count: 0
dwt2d: 0.311668898
dwt2d: 0.072633742
sha256_with_key: 0.002606397
sha512_with_key: 0.005644363
xor_with_sha_key: 0.006191523
xor_with_sha_key: 0.022659339
aes_encrypt: 0.006426094
_se_encrypt: 0.485987983
encrypt: 0.493137181
Buffer: 2688
itr_count: 0
dwt2d: 0.197937246
dwt2d: 0.072820129
sha256_with_key: 0.002944300
sha512_with_key: 0.006317077
xor_with_sha_key: 0.006719388
xor_with_sha_key: 0.023958436
aes_encrypt: 0.007101402
_se_encrypt: 0.369944616
encrypt: 0.376828687
Buffer: 2816
itr_count: 0
dwt2d: 0.241056689
dwt2d: 0.083419140
sha256_with_key: 0.003187279
sha512_with_key: 0.006803979
xor_with_sha_key: 0.007313547
xor_with_sha_key: 0.026712108
aes_encrypt: 0.007897041
_se_encrypt: 0.439091472
encrypt: 0.447594024
Buffer: 2944
itr_count: 0
dwt2d: 0.233668216
dwt2d: 0.083961875
sha256_with_key: 0.003494090
sha512_with_key: 0.007545174
xor_with_sha_key: 0.007433565
xor_with_sha_key: 0.029522892
aes_encrypt: 0.008677422
_se_encrypt: 0.439503504
encrypt: 0.449118878
Buffer: 3072
itr_count: 0
dwt2d: 0.445322068
dwt2d: 0.114450144
sha256_with_key: 0.003897975
sha512_with_key: 0.008063151
xor_with_sha_key: 0.008469979
xor_with_sha_key: 0.032013067
aes_encrypt: 0.009341396
_se_encrypt: 0.709551313
encrypt: 0.719538534
Buffer: 3200
itr_count: 0
dwt2d: 0.270552192
dwt2d: 0.096807101
sha256_with_key: 0.004307026
sha512_with_key: 0.008670588
xor_with_sha_key: 0.009128842
xor_with_sha_key: 0.036550702
aes_encrypt: 0.010581289
_se_encrypt: 0.513369065
encrypt: 0.522538759
Buffer: 3328
itr_count: 0
dwt2d: 0.383626963
dwt2d: 0.111006775
sha256_with_key: 0.004584930
sha512_with_key: 0.009612578
xor_with_sha_key: 0.009302303
xor_with_sha_key: 0.037396951
aes_encrypt: 0.011065765
_se_encrypt: 0.656813126
encrypt: 0.666557146
Buffer: 3456
itr_count: 0
dwt2d: 0.322249873
dwt2d: 0.108858077
sha256_with_key: 0.005026703
sha512_with_key: 0.010133554
xor_with_sha_key: 0.010474993
xor_with_sha_key: 0.040584675
aes_encrypt: 0.011927940
_se_encrypt: 0.599568322
encrypt: 0.612989672
Buffer: 3584
itr_count: 0
dwt2d: 0.569766712
dwt2d: 0.126012200
sha256_with_key: 0.005481532
sha512_with_key: 0.011027136
xor_with_sha_key: 0.011291485
xor_with_sha_key: 0.042656986
aes_encrypt: 0.012991799
_se_encrypt: 0.894319336
encrypt: 0.904854903
Buffer: 3712
itr_count: 0
dwt2d: 0.485479045
dwt2d: 0.122902254
sha256_with_key: 0.005869953
sha512_with_key: 0.011882867
xor_with_sha_key: 0.012154994
xor_with_sha_key: 0.045754913
aes_encrypt: 0.013728272
_se_encrypt: 0.803115672
encrypt: 0.814434675
Buffer: 3840
itr_count: 0
dwt2d: 0.666187501
dwt2d: 0.137381906
sha256_with_key: 0.006342688
sha512_with_key: 0.012391101
xor_with_sha_key: 0.012797653
xor_with_sha_key: 0.049034877
aes_encrypt: 0.014605522
_se_encrypt: 1.018869108
encrypt: 1.034873280
Buffer: 3968
itr_count: 0
dwt2d: 0.667406525
dwt2d: 0.136105494
sha256_with_key: 0.006681407
sha512_with_key: 0.013265462
xor_with_sha_key: 0.013577588
xor_with_sha_key: 0.056215574
aes_encrypt: 0.015598306
_se_encrypt: 1.031439819
encrypt: 1.046827294
Buffer: 4096
itr_count: 0
dwt2d: 0.707661852
dwt2d: 0.313282288
sha256_with_key: 0.006928515
sha512_with_key: 0.014958221
xor_with_sha_key: 0.014551726
xor_with_sha_key: 0.057643373
aes_encrypt: 0.017087790
_se_encrypt: 1.571939302
encrypt: 1.589916174
Buffer: 4224
itr_count: 0
dwt2d: 0.816003342
dwt2d: 0.149990876
sha256_with_key: 0.007368399
sha512_with_key: 0.015097812
xor_with_sha_key: 0.015307755
xor_with_sha_key: 0.061123556
aes_encrypt: 0.017927596
_se_encrypt: 1.221821408
encrypt: 1.239105066
Buffer: 4352
itr_count: 0
dwt2d: 0.841117968
dwt2d: 0.167594882
sha256_with_key: 0.008083595
sha512_with_key: 0.016367002
xor_with_sha_key: 0.016315484
xor_with_sha_key: 0.064803811
aes_encrypt: 0.018722494
_se_encrypt: 1.288912915
encrypt: 1.309203929
Buffer: 4480
itr_count: 0
dwt2d: 0.861803958
dwt2d: 0.166322730
sha256_with_key: 0.008334980
sha512_with_key: 0.017360528
xor_with_sha_key: 0.017247159
xor_with_sha_key: 0.066319646
aes_encrypt: 0.019878333
_se_encrypt: 1.313612194
encrypt: 1.335102139
Buffer: 4608
itr_count: 0
dwt2d: 0.918287362
dwt2d: 0.187254514
sha256_with_key: 0.009052510
sha512_with_key: 0.018312906
xor_with_sha_key: 0.018085131
xor_with_sha_key: 0.070396767
aes_encrypt: 0.020993727
_se_encrypt: 1.441965664
encrypt: 1.461825145
Buffer: 4736
itr_count: 0
dwt2d: 0.899763607
dwt2d: 0.181639910
sha256_with_key: 0.009191953
sha512_with_key: 0.019385690
xor_with_sha_key: 0.019274543
xor_with_sha_key: 0.074276094
aes_encrypt: 0.024889351
_se_encrypt: 1.403505669
encrypt: 1.427855599
Buffer: 4864
itr_count: 0
dwt2d: 1.013123911
dwt2d: 0.201259949
sha256_with_key: 0.009763057
sha512_with_key: 0.021164466
xor_with_sha_key: 0.020423863
xor_with_sha_key: 0.078322270
aes_encrypt: 0.023075889
_se_encrypt: 1.563513301
encrypt: 1.581820411
Buffer: 4992
itr_count: 0
dwt2d: 0.903867450
dwt2d: 0.196017304
sha256_with_key: 0.010446624
sha512_with_key: 0.022488563
xor_with_sha_key: 0.021501259
xor_with_sha_key: 0.082352893
aes_encrypt: 0.024071693
_se_encrypt: 1.455510919
encrypt: 1.481442129
Buffer: 5120
itr_count: 0
dwt2d: 1.495230084
dwt2d: 0.481940769
sha256_with_key: 0.010714250
sha512_with_key: 0.023439497
xor_with_sha_key: 0.022523933
xor_with_sha_key: 0.088161919
aes_encrypt: 0.025911154
_se_encrypt: 2.718527567
encrypt: 2.745129065
Buffer: 5248
itr_count: 0
dwt2d: 0.853732789
dwt2d: 0.213311721
sha256_with_key: 0.011535000
sha512_with_key: 0.024248043
xor_with_sha_key: 0.023641827
xor_with_sha_key: 0.092531871
aes_encrypt: 0.026977253
_se_encrypt: 1.458295665
encrypt: 1.486987584
Buffer: 5376
itr_count: 0
dwt2d: 1.205973047
dwt2d: 0.238430477
sha256_with_key: 0.011838701
sha512_with_key: 0.025160792
xor_with_sha_key: 0.024072508
xor_with_sha_key: 0.095074232
aes_encrypt: 0.027967946
_se_encrypt: 1.862278917
encrypt: 1.890983002
Buffer: 5504
itr_count: 0
dwt2d: 0.719776919
dwt2d: 0.231399649
sha256_with_key: 0.012406287
sha512_with_key: 0.026486666
xor_with_sha_key: 0.024941906
xor_with_sha_key: 0.099423683
aes_encrypt: 0.029511596
_se_encrypt: 1.376365675
encrypt: 1.407327864
Buffer: 5632
itr_count: 0
dwt2d: 1.348770687
dwt2d: 0.304196555
sha256_with_key: 0.012940559
sha512_with_key: 0.027857670
xor_with_sha_key: 0.026022912
xor_with_sha_key: 0.104023742
aes_encrypt: 0.030827803
_se_encrypt: 2.136985635
encrypt: 2.169541270
Buffer: 5760
itr_count: 0
dwt2d: 0.803228594
dwt2d: 0.250494582
sha256_with_key: 0.013412757
sha512_with_key: 0.028505921
xor_with_sha_key: 0.028350386
xor_with_sha_key: 0.108770338
aes_encrypt: 0.031934698
_se_encrypt: 1.521316902
encrypt: 1.555326225
Buffer: 5888
itr_count: 0
dwt2d: 1.469032358
dwt2d: 0.289401517
sha256_with_key: 0.014594262
sha512_with_key: 0.031138762
xor_with_sha_key: 0.028994119
xor_with_sha_key: 0.113190547
aes_encrypt: 0.033424292
_se_encrypt: 2.259590761
encrypt: 2.295611357
Buffer: 6016
itr_count: 0
dwt2d: 0.882449040
dwt2d: 0.281108814
sha256_with_key: 0.015183404
sha512_with_key: 0.031919254
xor_with_sha_key: 0.030081329
xor_with_sha_key: 0.118101770
aes_encrypt: 0.035373660
_se_encrypt: 1.672876351
encrypt: 1.709014132
Buffer: 6144
itr_count: 0
dwt2d: 1.533942241
dwt2d: 0.739179126
sha256_with_key: 0.015652954
sha512_with_key: 0.032292027
xor_with_sha_key: 0.034111915
xor_with_sha_key: 0.125960681
aes_encrypt: 0.036387388
_se_encrypt: 3.405309627
encrypt: 3.444650909
Buffer: 6272
itr_count: 0
dwt2d: 0.988849125
dwt2d: 0.304649494
sha256_with_key: 0.016505556
sha512_with_key: 0.033701900
xor_with_sha_key: 0.033914953
xor_with_sha_key: 0.134228514
aes_encrypt: 0.037690763
_se_encrypt: 1.854268651
encrypt: 1.894294055
Buffer: 6400
itr_count: 0
dwt2d: 1.691378679
dwt2d: 0.335411353
sha256_with_key: 0.017026791
sha512_with_key: 0.034576409
xor_with_sha_key: 0.035141310
xor_with_sha_key: 0.139928802
aes_encrypt: 0.039232320
_se_encrypt: 2.622781300
encrypt: 2.664160781
Buffer: 6528
itr_count: 0
dwt2d: 1.141959132
dwt2d: 0.320852646
sha256_with_key: 0.018050353
sha512_with_key: 0.037926945
xor_with_sha_key: 0.038303108
xor_with_sha_key: 0.145667609
aes_encrypt: 0.040915319
_se_encrypt: 2.078022440
encrypt: 2.131965688
Buffer: 6656
itr_count: 0
dwt2d: 1.816781200
dwt2d: 0.531284399
sha256_with_key: 0.018689198
sha512_with_key: 0.039282652
xor_with_sha_key: 0.039850275
xor_with_sha_key: 0.151262786
aes_encrypt: 0.042841297
_se_encrypt: 3.086028441
encrypt: 3.142138609
Buffer: 6784
itr_count: 0
dwt2d: 1.293268046
dwt2d: 0.353138080
sha256_with_key: 0.019213452
sha512_with_key: 0.039032878
xor_with_sha_key: 0.040843487
xor_with_sha_key: 0.160056762
aes_encrypt: 0.044401762
_se_encrypt: 2.309623992
encrypt: 2.357821656
Buffer: 6912
itr_count: 0
dwt2d: 1.981031062
dwt2d: 0.411334002
sha256_with_key: 0.019874685
sha512_with_key: 0.042160176
xor_with_sha_key: 0.039948664
xor_with_sha_key: 0.165936030
aes_encrypt: 0.045612415
_se_encrypt: 3.101625858
encrypt: 3.151997960
Buffer: 7040
itr_count: 0
dwt2d: 1.774507116
dwt2d: 0.403701273
sha256_with_key: 0.020739527
sha512_with_key: 0.043782399
xor_with_sha_key: 0.041390184
xor_with_sha_key: 0.172411160
aes_encrypt: 0.047412839
_se_encrypt: 2.884494697
encrypt: 2.937154255
Buffer: 7168
itr_count: 0
dwt2d: 2.838506526
dwt2d: 0.939335159
sha256_with_key: 0.021698313
sha512_with_key: 0.045259530
xor_with_sha_key: 0.042679337
xor_with_sha_key: 0.181902573
aes_encrypt: 0.049001636
_se_encrypt: 5.336991010
encrypt: 5.390480262
Buffer: 7296
itr_count: 0
dwt2d: 2.150069480
dwt2d: 0.421166910
sha256_with_key: 0.021780478
sha512_with_key: 0.047460450
xor_with_sha_key: 0.044245152
xor_with_sha_key: 0.187066626
aes_encrypt: 0.050716894
_se_encrypt: 3.333125871
encrypt: 3.388036311
Buffer: 7424
itr_count: 0
dwt2d: 2.241342216
dwt2d: 0.715351298
sha256_with_key: 0.022995020
sha512_with_key: 0.049037858
xor_with_sha_key: 0.045761265
xor_with_sha_key: 0.193726551
aes_encrypt: 0.052249525
_se_encrypt: 3.770939019
encrypt: 3.827604458
Buffer: 7552
itr_count: 0
dwt2d: 2.403922615
dwt2d: 0.535529036
sha256_with_key: 0.023777715
sha512_with_key: 0.050626840
xor_with_sha_key: 0.047360839
xor_with_sha_key: 0.191562112
aes_encrypt: 0.054067098
_se_encrypt: 3.747952312
encrypt: 3.789162109
Buffer: 7680
itr_count: 0
dwt2d: 2.413780726
dwt2d: 1.051932136
sha256_with_key: 0.024823203
sha512_with_key: 0.052886777
xor_with_sha_key: 0.048931803
xor_with_sha_key: 0.197964429
aes_encrypt: 0.055757135
_se_encrypt: 4.533526321
encrypt: 4.596985869
Buffer: 7808
itr_count: 0
dwt2d: 2.695640047
dwt2d: 0.669549644
sha256_with_key: 0.025595565
sha512_with_key: 0.054492778
xor_with_sha_key: 0.050576026
xor_with_sha_key: 0.199350192
aes_encrypt: 0.057836204
_se_encrypt: 4.226063932
encrypt: 4.385789697
Buffer: 7936
itr_count: 0
dwt2d: 2.727782038
dwt2d: 1.065942127
sha256_with_key: 0.026090800
sha512_with_key: 0.052802612
xor_with_sha_key: 0.056167945
xor_with_sha_key: 0.205870692
aes_encrypt: 0.059874255
_se_encrypt: 4.724446788
encrypt: 4.888864019
Buffer: 8064
itr_count: 0
dwt2d: 3.328897114
dwt2d: 0.843730932
sha256_with_key: 0.025958597
sha512_with_key: 0.054518537
xor_with_sha_key: 0.058099015
xor_with_sha_key: 0.215731507
aes_encrypt: 0.061771882
_se_encrypt: 5.093593074
encrypt: 5.263469391
Buffer: 8192
itr_count: 0
dwt2d: 3.461293016
dwt2d: 1.191962157
sha256_with_key: 0.028235128
sha512_with_key: 0.058308402
xor_with_sha_key: 0.057320543
xor_with_sha_key: 0.219362300
aes_encrypt: 0.064077818
_se_encrypt: 7.325457330
encrypt: 7.500909548