File: 4MB_image.png
Buffer: 128
itr_count: 0
_get_2d_array: 0.000047740
dwt2d: 10.670440840
dwt2d: 0.000093813
sha256_with_key: 0.000047814
sha512_with_key: 0.000040943
xor_with_sha_key_numba: 0.000030795
xor_with_sha_key: 0.000069407
xor_with_sha_key_numba: 0.000062980
xor_with_sha_key: 0.000087721
aes_encrypt: 0.000272458
_se_encrypt: 10.671338879
itr_count: 1
_get_2d_array: 0.000027962
dwt2d: 0.000264810
dwt2d: 0.000078350
sha256_with_key: 0.000031851
sha512_with_key: 0.000033851
xor_with_sha_key_numba: 0.000025851
xor_with_sha_key: 0.000054295
xor_with_sha_key_numba: 0.000055202
xor_with_sha_key: 0.000076961
aes_encrypt: 0.000167571
_se_encrypt: 0.000898705
itr_count: 2
_get_2d_array: 0.000020556
dwt2d: 0.000250495
dwt2d: 0.000078461
sha256_with_key: 0.000024684
sha512_with_key: 0.000028648
xor_with_sha_key_numba: 0.000024351
xor_with_sha_key: 0.000050388
xor_with_sha_key_numba: 0.000054221
xor_with_sha_key: 0.000074647
aes_encrypt: 0.000126405
_se_encrypt: 0.000831169
itr_count: 3
_get_2d_array: 0.000020537
dwt2d: 0.000244050
dwt2d: 0.000077054
sha256_with_key: 0.000026351
sha512_with_key: 0.000029166
xor_with_sha_key_numba: 0.000024166
xor_with_sha_key: 0.000048980
xor_with_sha_key_numba: 0.000053258
xor_with_sha_key: 0.000072720
aes_encrypt: 0.000125701
_se_encrypt: 0.000795319
itr_count: 4
_get_2d_array: 0.000019055
dwt2d: 0.000286569
dwt2d: 0.000076425
sha256_with_key: 0.000025593
sha512_with_key: 0.000030407
xor_with_sha_key_numba: 0.000024796
xor_with_sha_key: 0.000052055
xor_with_sha_key_numba: 0.000054998
xor_with_sha_key: 0.000079424
aes_encrypt: 0.000139016
_se_encrypt: 0.000861261
itr_count: 5
_get_2d_array: 0.000019241
dwt2d: 0.000251606
dwt2d: 0.000075628
sha256_with_key: 0.000026055
sha512_with_key: 0.000028999
xor_with_sha_key_numba: 0.000024259
xor_with_sha_key: 0.000050296
xor_with_sha_key_numba: 0.000054425
xor_with_sha_key: 0.000076035
aes_encrypt: 0.000129757
_se_encrypt: 0.000808855
itr_count: 6
_get_2d_array: 0.000019684
dwt2d: 0.000263792
dwt2d: 0.000079443
sha256_with_key: 0.000024241
sha512_with_key: 0.000029370
xor_with_sha_key_numba: 0.000023370
xor_with_sha_key: 0.000047425
xor_with_sha_key_numba: 0.000056425
xor_with_sha_key: 0.000078147
aes_encrypt: 0.000124794
_se_encrypt: 0.000818428
itr_count: 7
_get_2d_array: 0.000017962
dwt2d: 0.000220700
dwt2d: 0.000075147
sha256_with_key: 0.000023425
sha512_with_key: 0.000031351
xor_with_sha_key_numba: 0.000024851
xor_with_sha_key: 0.000049666
xor_with_sha_key_numba: 0.000054684
xor_with_sha_key: 0.000079647
aes_encrypt: 0.000128312
_se_encrypt: 0.000796633
itr_count: 8
_get_2d_array: 0.000018537
dwt2d: 0.000227107
dwt2d: 0.000075443
sha256_with_key: 0.000025870
sha512_with_key: 0.000027814
xor_with_sha_key_numba: 0.000022148
xor_with_sha_key: 0.000045870
xor_with_sha_key_numba: 0.000080072
xor_with_sha_key: 0.000100516
aes_encrypt: 0.000126627
_se_encrypt: 0.000796226
itr_count: 9
_get_2d_array: 0.000018907
dwt2d: 0.000226236
dwt2d: 0.000075535
sha256_with_key: 0.000025036
sha512_with_key: 0.000028778
xor_with_sha_key_numba: 0.000023500
xor_with_sha_key: 0.000046444
xor_with_sha_key_numba: 0.000055444
xor_with_sha_key: 0.000078480
aes_encrypt: 0.000148053
_se_encrypt: 0.000791874
itr_count: 10
_get_2d_array: 0.000019278
dwt2d: 0.000234292
dwt2d: 0.000079332
sha256_with_key: 0.000023667
sha512_with_key: 0.000029444
xor_with_sha_key_numba: 0.000021907
xor_with_sha_key: 0.000045925
xor_with_sha_key_numba: 0.000053962
xor_with_sha_key: 0.000072740
aes_encrypt: 0.000119924
_se_encrypt: 0.000771170
itr_count: 11
_get_2d_array: 0.000017629
dwt2d: 0.000256180
dwt2d: 0.000078702
sha256_with_key: 0.000024240
sha512_with_key: 0.000027703
xor_with_sha_key_numba: 0.000023388
xor_with_sha_key: 0.000047721
xor_with_sha_key_numba: 0.000054388
xor_with_sha_key: 0.000077499
aes_encrypt: 0.000115720
_se_encrypt: 0.000788763
itr_count: 12
_get_2d_array: 0.000018073
dwt2d: 0.000246384
dwt2d: 0.000078758
sha256_with_key: 0.000022629
sha512_with_key: 0.000027685
xor_with_sha_key_numba: 0.000024407
xor_with_sha_key: 0.000049573
xor_with_sha_key_numba: 0.000053017
xor_with_sha_key: 0.000072702
aes_encrypt: 0.000159460
_se_encrypt: 0.000819910
itr_count: 13
_get_2d_array: 0.000017648
dwt2d: 0.000232347
dwt2d: 0.000093758
sha256_with_key: 0.000024926
sha512_with_key: 0.000028611
xor_with_sha_key_numba: 0.000024185
xor_with_sha_key: 0.000050370
xor_with_sha_key_numba: 0.000055129
xor_with_sha_key: 0.000078332
aes_encrypt: 0.000120757
_se_encrypt: 0.000792652
itr_count: 14
_get_2d_array: 0.000018759
dwt2d: 0.000232459
dwt2d: 0.000080813
sha256_with_key: 0.000022111
sha512_with_key: 0.000026907
xor_with_sha_key_numba: 0.000024704
xor_with_sha_key: 0.000049943
xor_with_sha_key_numba: 0.000053944
xor_with_sha_key: 0.000073592
aes_encrypt: 0.000121591
_se_encrypt: 0.000798892
itr_count: 15
_get_2d_array: 0.000017259
dwt2d: 0.000238569
dwt2d: 0.000074740
sha256_with_key: 0.000023758
sha512_with_key: 0.000027925
xor_with_sha_key_numba: 0.000023500
xor_with_sha_key: 0.000047314
xor_with_sha_key_numba: 0.000054610
xor_with_sha_key: 0.000095202
aes_encrypt: 0.000119831
_se_encrypt: 0.000791559
itr_count: 16
_get_2d_array: 0.000017499
dwt2d: 0.000235625
dwt2d: 0.000076758
sha256_with_key: 0.000023963
sha512_with_key: 0.000027240
xor_with_sha_key_numba: 0.000023204
xor_with_sha_key: 0.000046980
xor_with_sha_key_numba: 0.000053296
xor_with_sha_key: 0.000072851
aes_encrypt: 0.000114017
_se_encrypt: 0.000758078
itr_count: 17
_get_2d_array: 0.000018259
dwt2d: 0.000230348
dwt2d: 0.000073387
sha256_with_key: 0.000025221
sha512_with_key: 0.000027889
xor_with_sha_key_numba: 0.000023573
xor_with_sha_key: 0.000047573
xor_with_sha_key_numba: 0.000054296
xor_with_sha_key: 0.000074961
aes_encrypt: 0.000120979
_se_encrypt: 0.000760856
itr_count: 18
_get_2d_array: 0.000017389
dwt2d: 0.000246588
dwt2d: 0.000074943
sha256_with_key: 0.000023370
sha512_with_key: 0.000028944
xor_with_sha_key_numba: 0.000022518
xor_with_sha_key: 0.000046370
xor_with_sha_key_numba: 0.000054165
xor_with_sha_key: 0.000072629
aes_encrypt: 0.000120127
_se_encrypt: 0.000777689
itr_count: 19
_get_2d_array: 0.000016870
dwt2d: 0.000228977
dwt2d: 0.000093146
sha256_with_key: 0.000024407
sha512_with_key: 0.000030537
xor_with_sha_key_numba: 0.000022388
xor_with_sha_key: 0.000046277
xor_with_sha_key_numba: 0.000055943
xor_with_sha_key: 0.000078517
aes_encrypt: 0.000121071
_se_encrypt: 0.000782318
itr_count: 20
_get_2d_array: 0.000017388
dwt2d: 0.000226829
dwt2d: 0.000073165
sha256_with_key: 0.000021240
sha512_with_key: 0.000028333
xor_with_sha_key_numba: 0.000023129
xor_with_sha_key: 0.000046795
xor_with_sha_key_numba: 0.000053036
xor_with_sha_key: 0.000072628
aes_encrypt: 0.000117664
_se_encrypt: 0.000772671
itr_count: 21
_get_2d_array: 0.000016944
dwt2d: 0.000231607
dwt2d: 0.000077036
sha256_with_key: 0.000023314
sha512_with_key: 0.000026981
xor_with_sha_key_numba: 0.000023962
xor_with_sha_key: 0.000046684
xor_with_sha_key_numba: 0.000054462
xor_with_sha_key: 0.000075591
aes_encrypt: 0.000116924
_se_encrypt: 0.000774374
itr_count: 22
_get_2d_array: 0.000018722
dwt2d: 0.000228274
dwt2d: 0.000074554
sha256_with_key: 0.000022240
sha512_with_key: 0.000026610
xor_with_sha_key_numba: 0.000022611
xor_with_sha_key: 0.000047092
xor_with_sha_key_numba: 0.000052814
xor_with_sha_key: 0.000073536
aes_encrypt: 0.000112461
_se_encrypt: 0.000743782
itr_count: 23
_get_2d_array: 0.000018685
dwt2d: 0.000227144
dwt2d: 0.000075591
sha256_with_key: 0.000023147
sha512_with_key: 0.000028056
xor_with_sha_key_numba: 0.000023315
xor_with_sha_key: 0.000046462
xor_with_sha_key_numba: 0.000055202
xor_with_sha_key: 0.000077906
aes_encrypt: 0.000120887
_se_encrypt: 0.000763411
itr_count: 24
_get_2d_array: 0.000017556
dwt2d: 0.000240792
dwt2d: 0.000074147
sha256_with_key: 0.000022000
sha512_with_key: 0.000026944
xor_with_sha_key_numba: 0.000023648
xor_with_sha_key: 0.000046944
xor_with_sha_key_numba: 0.000053184
xor_with_sha_key: 0.000172127
aes_encrypt: 0.000158293
_se_encrypt: 0.000911445
itr_count: 25
_get_2d_array: 0.000028369
dwt2d: 0.001492934
dwt2d: 0.000097387
sha256_with_key: 0.000041648
sha512_with_key: 0.000038888
xor_with_sha_key_numba: 0.000030018
xor_with_sha_key: 0.000068572
xor_with_sha_key_numba: 0.000057387
xor_with_sha_key: 0.000082202
aes_encrypt: 0.000222792
_se_encrypt: 0.002290049
itr_count: 26
_get_2d_array: 0.000025611
dwt2d: 0.000241922
dwt2d: 0.000084294
sha256_with_key: 0.000029296
sha512_with_key: 0.000030610
xor_with_sha_key_numba: 0.000023851
xor_with_sha_key: 0.000050555
xor_with_sha_key_numba: 0.000053943
xor_with_sha_key: 0.000076999
aes_encrypt: 0.000174904
_se_encrypt: 0.000877650
itr_count: 27
_get_2d_array: 0.000024185
dwt2d: 0.000258681
dwt2d: 0.000078240
sha256_with_key: 0.000030869
sha512_with_key: 0.000032648
xor_with_sha_key_numba: 0.000025444
xor_with_sha_key: 0.000054907
xor_with_sha_key_numba: 0.000056314
xor_with_sha_key: 0.000078684
aes_encrypt: 0.000180478
_se_encrypt: 0.000912760
itr_count: 28
_get_2d_array: 0.000020130
dwt2d: 0.000229162
dwt2d: 0.000192385
sha256_with_key: 0.000029925
sha512_with_key: 0.000031777
xor_with_sha_key_numba: 0.000025388
xor_with_sha_key: 0.000054333
xor_with_sha_key_numba: 0.000055184
xor_with_sha_key: 0.000076573
aes_encrypt: 0.000173904
_se_encrypt: 0.000966778
itr_count: 29
_get_2d_array: 0.000020240
dwt2d: 0.000253995
dwt2d: 0.000080462
sha256_with_key: 0.000026222
sha512_with_key: 0.000031611
xor_with_sha_key_numba: 0.000026351
xor_with_sha_key: 0.000052147
xor_with_sha_key_numba: 0.000055666
xor_with_sha_key: 0.000079036
aes_encrypt: 0.000134776
_se_encrypt: 0.000837447
itr_count: 30
_get_2d_array: 0.000021315
dwt2d: 0.000236643
dwt2d: 0.000079147
sha256_with_key: 0.000027092
sha512_with_key: 0.000031055
xor_with_sha_key_numba: 0.000026092
xor_with_sha_key: 0.000050999
xor_with_sha_key_numba: 0.000055203
xor_with_sha_key: 0.000075332
aes_encrypt: 0.000128368
_se_encrypt: 0.000809300
itr_count: 31
_get_2d_array: 0.000018574
dwt2d: 0.000269106
dwt2d: 0.000078517
sha256_with_key: 0.000024963
sha512_with_key: 0.000030851
xor_with_sha_key_numba: 0.000024129
xor_with_sha_key: 0.000048665
xor_with_sha_key_numba: 0.000059777
xor_with_sha_key: 0.000082406
aes_encrypt: 0.000129331
_se_encrypt: 0.000835632
itr_count: 32
_get_2d_array: 0.000019389
dwt2d: 0.000251681
dwt2d: 0.000080054
sha256_with_key: 0.000024185
sha512_with_key: 0.000029777
xor_with_sha_key_numba: 0.000025295
xor_with_sha_key: 0.000051295
xor_with_sha_key_numba: 0.000056184
xor_with_sha_key: 0.000076869
aes_encrypt: 0.000124090
_se_encrypt: 0.000809763
itr_count: 33
_get_2d_array: 0.000017629
dwt2d: 0.000245255
dwt2d: 0.000098202
sha256_with_key: 0.000024074
sha512_with_key: 0.000029018
xor_with_sha_key_numba: 0.000025925
xor_with_sha_key: 0.000050999
xor_with_sha_key_numba: 0.000057759
xor_with_sha_key: 0.000080610
aes_encrypt: 0.000124368
_se_encrypt: 0.000825003
itr_count: 34
_get_2d_array: 0.000018666
dwt2d: 0.000232680
dwt2d: 0.000079017
sha256_with_key: 0.000023241
sha512_with_key: 0.000030388
xor_with_sha_key_numba: 0.000025278
xor_with_sha_key: 0.000050444
xor_with_sha_key_numba: 0.000056629
xor_with_sha_key: 0.000076628
aes_encrypt: 0.000125738
_se_encrypt: 0.000814855
itr_count: 35
_get_2d_array: 0.000019148
dwt2d: 0.000239644
dwt2d: 0.000076276
sha256_with_key: 0.000025611
sha512_with_key: 0.000029259
xor_with_sha_key_numba: 0.000024481
xor_with_sha_key: 0.000050592
xor_with_sha_key_numba: 0.000057721
xor_with_sha_key: 0.000080980
aes_encrypt: 0.000127294
_se_encrypt: 0.000823151
itr_count: 36
_get_2d_array: 0.000019315
dwt2d: 0.000232236
dwt2d: 0.000076924
sha256_with_key: 0.000022888
sha512_with_key: 0.000029611
xor_with_sha_key_numba: 0.000024073
xor_with_sha_key: 0.000047925
xor_with_sha_key_numba: 0.000055869
xor_with_sha_key: 0.000077424
aes_encrypt: 0.000143479
_se_encrypt: 0.000798725
itr_count: 37
_get_2d_array: 0.000019481
dwt2d: 0.000230347
dwt2d: 0.000077480
sha256_with_key: 0.000023130
sha512_with_key: 0.000030388
xor_with_sha_key_numba: 0.000023981
xor_with_sha_key: 0.000053684
xor_with_sha_key_numba: 0.000056535
xor_with_sha_key: 0.000076610
aes_encrypt: 0.000123239
_se_encrypt: 0.000783966
itr_count: 38
_get_2d_array: 0.000023259
dwt2d: 0.000235589
dwt2d: 0.000077961
sha256_with_key: 0.000026999
sha512_with_key: 0.000030388
xor_with_sha_key_numba: 0.000024814
xor_with_sha_key: 0.000051795
xor_with_sha_key_numba: 0.000056110
xor_with_sha_key: 0.000078183
aes_encrypt: 0.000136145
_se_encrypt: 0.000814892
itr_count: 39
_get_2d_array: 0.000021518
dwt2d: 0.000239051
dwt2d: 0.000077406
sha256_with_key: 0.000025425
sha512_with_key: 0.000031537
xor_with_sha_key_numba: 0.000024759
xor_with_sha_key: 0.000049425
xor_with_sha_key_numba: 0.000056017
xor_with_sha_key: 0.000077795
aes_encrypt: 0.000125850
_se_encrypt: 0.000807966
itr_count: 40
_get_2d_array: 0.000018370
dwt2d: 0.000248958
dwt2d: 0.000078350
sha256_with_key: 0.000024073
sha512_with_key: 0.000030833
xor_with_sha_key_numba: 0.000023704
xor_with_sha_key: 0.000047870
xor_with_sha_key_numba: 0.000057258
xor_with_sha_key: 0.000080924
aes_encrypt: 0.000123331
_se_encrypt: 0.000804022
itr_count: 41
_get_2d_array: 0.000017777
dwt2d: 0.000309290
dwt2d: 0.000079017
sha256_with_key: 0.000028259
sha512_with_key: 0.000030444
xor_with_sha_key_numba: 0.000024963
xor_with_sha_key: 0.000051721
xor_with_sha_key_numba: 0.000056073
xor_with_sha_key: 0.000077684
aes_encrypt: 0.000138849
_se_encrypt: 0.000892631
itr_count: 42
_get_2d_array: 0.000019185
dwt2d: 0.000233699
dwt2d: 0.000095146
sha256_with_key: 0.000024796
sha512_with_key: 0.000028703
xor_with_sha_key_numba: 0.000023314
xor_with_sha_key: 0.000047037
xor_with_sha_key_numba: 0.000055277
xor_with_sha_key: 0.000077203
aes_encrypt: 0.000120609
_se_encrypt: 0.000793966
itr_count: 43
_get_2d_array: 0.000018055
dwt2d: 0.000220644
dwt2d: 0.000074258
sha256_with_key: 0.000023926
sha512_with_key: 0.000027389
xor_with_sha_key_numba: 0.000024684
xor_with_sha_key: 0.000050555
xor_with_sha_key_numba: 0.000053795
xor_with_sha_key: 0.000077813
aes_encrypt: 0.000122609
_se_encrypt: 0.000778707
itr_count: 44
_get_2d_array: 0.000017184
dwt2d: 0.000250014
dwt2d: 0.000072554
sha256_with_key: 0.000024870
sha512_with_key: 0.000028074
xor_with_sha_key_numba: 0.000022667
xor_with_sha_key: 0.000045666
xor_with_sha_key_numba: 0.000077961
xor_with_sha_key: 0.000100794
aes_encrypt: 0.000122331
_se_encrypt: 0.000805096
itr_count: 45
_get_2d_array: 0.000018111
dwt2d: 0.000226921
dwt2d: 0.000072332
sha256_with_key: 0.000023574
sha512_with_key: 0.000027444
xor_with_sha_key_numba: 0.000024055
xor_with_sha_key: 0.000047018
xor_with_sha_key_numba: 0.000053758
xor_with_sha_key: 0.000072887
aes_encrypt: 0.000111239
_se_encrypt: 0.000742948
itr_count: 46
_get_2d_array: 0.000019111
dwt2d: 0.000228662
dwt2d: 0.000072572
sha256_with_key: 0.000022388
sha512_with_key: 0.000026351
xor_with_sha_key_numba: 0.000022722
xor_with_sha_key: 0.000046184
xor_with_sha_key_numba: 0.000053203
xor_with_sha_key: 0.000075240
aes_encrypt: 0.000114275
_se_encrypt: 0.000751152
itr_count: 47
_get_2d_array: 0.000016592
dwt2d: 0.000248718
dwt2d: 0.000073962
sha256_with_key: 0.000023851
sha512_with_key: 0.000027074
xor_with_sha_key_numba: 0.000022759
xor_with_sha_key: 0.000046962
xor_with_sha_key_numba: 0.000053221
xor_with_sha_key: 0.000071906
aes_encrypt: 0.000116201
_se_encrypt: 0.000769707
itr_count: 48
_get_2d_array: 0.000017944
dwt2d: 0.000221125
dwt2d: 0.000106794
sha256_with_key: 0.000023499
sha512_with_key: 0.000030814
xor_with_sha_key_numba: 0.000024814
xor_with_sha_key: 0.000052591
xor_with_sha_key_numba: 0.000053832
xor_with_sha_key: 0.000075220
aes_encrypt: 0.000126924
_se_encrypt: 0.000843447
itr_count: 49
_get_2d_array: 0.000019074
dwt2d: 0.000221384
dwt2d: 0.000075887
sha256_with_key: 0.000020870
sha512_with_key: 0.000029741
xor_with_sha_key_numba: 0.000024740
xor_with_sha_key: 0.000051166
xor_with_sha_key_numba: 0.000052555
xor_with_sha_key: 0.000072240
aes_encrypt: 0.000123571
_se_encrypt: 0.000787874
itr_count: 50
_get_2d_array: 0.000018407
dwt2d: 0.000239551
dwt2d: 0.000074146
sha256_with_key: 0.000022333
sha512_with_key: 0.000028740
xor_with_sha_key_numba: 0.000027185
xor_with_sha_key: 0.000056591
xor_with_sha_key_numba: 0.000056332
xor_with_sha_key: 0.000079554
aes_encrypt: 0.000153572
_se_encrypt: 0.000945464
itr_count: 51
_get_2d_array: 0.000022592
dwt2d: 0.001458657
dwt2d: 0.000109665
sha256_with_key: 0.000038296
sha512_with_key: 0.000035943
xor_with_sha_key_numba: 0.000029555
xor_with_sha_key: 0.000066981
xor_with_sha_key_numba: 0.000060351
xor_with_sha_key: 0.000085331
aes_encrypt: 0.000176533
_se_encrypt: 0.002187328
itr_count: 52
_get_2d_array: 0.000022815
dwt2d: 0.000257236
dwt2d: 0.000095757
sha256_with_key: 0.000026888
sha512_with_key: 0.000030425
xor_with_sha_key_numba: 0.000024741
xor_with_sha_key: 0.000053740
xor_with_sha_key_numba: 0.000055814
xor_with_sha_key: 0.000077777
aes_encrypt: 0.000130979
_se_encrypt: 0.000848539
itr_count: 53
_get_2d_array: 0.000018314
dwt2d: 0.000228792
dwt2d: 0.000073443
sha256_with_key: 0.000024333
sha512_with_key: 0.000030425
xor_with_sha_key_numba: 0.000024036
xor_with_sha_key: 0.000052406
xor_with_sha_key_numba: 0.000056740
xor_with_sha_key: 0.000079147
aes_encrypt: 0.000127627
_se_encrypt: 0.000800411
itr_count: 54
_get_2d_array: 0.000019092
dwt2d: 0.000225459
dwt2d: 0.000074240
sha256_with_key: 0.000023481
sha512_with_key: 0.000028814
xor_with_sha_key_numba: 0.000022314
xor_with_sha_key: 0.000045425
xor_with_sha_key_numba: 0.000054795
xor_with_sha_key: 0.000096961
aes_encrypt: 0.000120609
_se_encrypt: 0.000784170
itr_count: 55
_get_2d_array: 0.000020184
dwt2d: 0.000228977
dwt2d: 0.000072906
sha256_with_key: 0.000025907
sha512_with_key: 0.000029722
xor_with_sha_key_numba: 0.000021796
xor_with_sha_key: 0.000045128
xor_with_sha_key_numba: 0.000054036
xor_with_sha_key: 0.000075610
aes_encrypt: 0.000145256
_se_encrypt: 0.000791244
itr_count: 56
_get_2d_array: 0.000019944
dwt2d: 0.000218681
dwt2d: 0.000072221
sha256_with_key: 0.000024315
sha512_with_key: 0.000029721
xor_with_sha_key_numba: 0.000024685
xor_with_sha_key: 0.000051536
xor_with_sha_key_numba: 0.000054573
xor_with_sha_key: 0.000076462
aes_encrypt: 0.000117942
_se_encrypt: 0.000758448
itr_count: 57
_get_2d_array: 0.000016759
dwt2d: 0.000237903
dwt2d: 0.000071369
sha256_with_key: 0.000022740
sha512_with_key: 0.000028425
xor_with_sha_key_numba: 0.000023426
xor_with_sha_key: 0.000049333
xor_with_sha_key_numba: 0.000054998
xor_with_sha_key: 0.000077073
aes_encrypt: 0.000117182
_se_encrypt: 0.000764244
itr_count: 58
_get_2d_array: 0.000016425
dwt2d: 0.000239922
dwt2d: 0.000071610
sha256_with_key: 0.000023148
sha512_with_key: 0.000029832
xor_with_sha_key_numba: 0.000024407
xor_with_sha_key: 0.000051295
xor_with_sha_key_numba: 0.000054980
xor_with_sha_key: 0.000079425
aes_encrypt: 0.000118128
_se_encrypt: 0.000774929
itr_count: 59
_get_2d_array: 0.000017888
dwt2d: 0.000216922
dwt2d: 0.000071480
sha256_with_key: 0.000022074
sha512_with_key: 0.000029629
xor_with_sha_key_numba: 0.000023296
xor_with_sha_key: 0.000049759
xor_with_sha_key_numba: 0.000054240
xor_with_sha_key: 0.000077054
aes_encrypt: 0.000124331
_se_encrypt: 0.000774392
itr_count: 60
_get_2d_array: 0.000018129
dwt2d: 0.000219829
dwt2d: 0.000073795
sha256_with_key: 0.000023574
sha512_with_key: 0.000030629
xor_with_sha_key_numba: 0.000022833
xor_with_sha_key: 0.000046999
xor_with_sha_key_numba: 0.000075295
xor_with_sha_key: 0.000098609
aes_encrypt: 0.000120424
_se_encrypt: 0.000778578
itr_count: 61
_get_2d_array: 0.000017444
dwt2d: 0.000217866
dwt2d: 0.000071554
sha256_with_key: 0.000022574
sha512_with_key: 0.000027240
xor_with_sha_key_numba: 0.000022740
xor_with_sha_key: 0.000048055
xor_with_sha_key_numba: 0.000052999
xor_with_sha_key: 0.000074425
aes_encrypt: 0.000111109
_se_encrypt: 0.000753949
itr_count: 62
_get_2d_array: 0.000016907
dwt2d: 0.000218144
dwt2d: 0.000077369
sha256_with_key: 0.000023629
sha512_with_key: 0.000028684
xor_with_sha_key_numba: 0.000024110
xor_with_sha_key: 0.000047888
xor_with_sha_key_numba: 0.000058647
xor_with_sha_key: 0.000081647
aes_encrypt: 0.000120479
_se_encrypt: 0.000760671
itr_count: 63
_get_2d_array: 0.000017759
dwt2d: 0.000273143
dwt2d: 0.000076202
sha256_with_key: 0.000024185
sha512_with_key: 0.000029406
xor_with_sha_key_numba: 0.000025704
xor_with_sha_key: 0.000051351
xor_with_sha_key_numba: 0.000055684
xor_with_sha_key: 0.000077165
aes_encrypt: 0.000135368
_se_encrypt: 0.000845169
itr_count: 64
_get_2d_array: 0.000020000
dwt2d: 0.000256958
dwt2d: 0.000076388
sha256_with_key: 0.000024907
sha512_with_key: 0.000030203
xor_with_sha_key_numba: 0.000025240
xor_with_sha_key: 0.000050628
xor_with_sha_key_numba: 0.000060740
xor_with_sha_key: 0.000085036
aes_encrypt: 0.000127497
_se_encrypt: 0.000825003
itr_count: 65
_get_2d_array: 0.000019370
dwt2d: 0.000235051
dwt2d: 0.000095998
sha256_with_key: 0.000023944
sha512_with_key: 0.000028129
xor_with_sha_key_numba: 0.000024296
xor_with_sha_key: 0.000049073
xor_with_sha_key_numba: 0.000056055
xor_with_sha_key: 0.000077925
aes_encrypt: 0.000122146
_se_encrypt: 0.000802226
itr_count: 66
_get_2d_array: 0.000018148
dwt2d: 0.000231922
dwt2d: 0.000074665
sha256_with_key: 0.000022221
sha512_with_key: 0.000027481
xor_with_sha_key_numba: 0.000025240
xor_with_sha_key: 0.000052111
xor_with_sha_key_numba: 0.000058759
xor_with_sha_key: 0.000082832
aes_encrypt: 0.000125998
_se_encrypt: 0.000802966
itr_count: 67
_get_2d_array: 0.000019148
dwt2d: 0.000230495
dwt2d: 0.000073110
sha256_with_key: 0.000024185
sha512_with_key: 0.000029481
xor_with_sha_key_numba: 0.000023258
xor_with_sha_key: 0.000046388
xor_with_sha_key_numba: 0.000075665
xor_with_sha_key: 0.000097480
aes_encrypt: 0.000122850
_se_encrypt: 0.000793503
itr_count: 68
_get_2d_array: 0.000017425
dwt2d: 0.000223440
dwt2d: 0.000076314
sha256_with_key: 0.000021574
sha512_with_key: 0.000028129
xor_with_sha_key_numba: 0.000024500
xor_with_sha_key: 0.000049295
xor_with_sha_key_numba: 0.000057351
xor_with_sha_key: 0.000078610
aes_encrypt: 0.000113220
_se_encrypt: 0.000777208
itr_count: 69
_get_2d_array: 0.000019444
dwt2d: 0.000231218
dwt2d: 0.000074276
sha256_with_key: 0.000025888
sha512_with_key: 0.000030092
xor_with_sha_key_numba: 0.000023944
xor_with_sha_key: 0.000048276
xor_with_sha_key_numba: 0.000055758
xor_with_sha_key: 0.000077036
aes_encrypt: 0.000127609
_se_encrypt: 0.000789263
itr_count: 70
_get_2d_array: 0.000018166
dwt2d: 0.000240125
dwt2d: 0.000073999
sha256_with_key: 0.000022277
sha512_with_key: 0.000029610
xor_with_sha_key_numba: 0.000023833
xor_with_sha_key: 0.000048018
xor_with_sha_key_numba: 0.000055647
xor_with_sha_key: 0.000076480
aes_encrypt: 0.000119256
_se_encrypt: 0.000776262
itr_count: 71
_get_2d_array: 0.000017352
dwt2d: 0.000247477
dwt2d: 0.000076035
sha256_with_key: 0.000022870
sha512_with_key: 0.000028851
xor_with_sha_key_numba: 0.000024315
xor_with_sha_key: 0.000048665
xor_with_sha_key_numba: 0.000055906
xor_with_sha_key: 0.000077776
aes_encrypt: 0.000121034
_se_encrypt: 0.000791782
itr_count: 72
_get_2d_array: 0.000019314
dwt2d: 0.000225532
dwt2d: 0.000077017
sha256_with_key: 0.000044425
sha512_with_key: 0.000029685
xor_with_sha_key_numba: 0.000024611
xor_with_sha_key: 0.000050480
xor_with_sha_key_numba: 0.000057795
xor_with_sha_key: 0.000080406
aes_encrypt: 0.000126646
_se_encrypt: 0.000808837
itr_count: 73
_get_2d_array: 0.000017425
dwt2d: 0.000239274
dwt2d: 0.000079110
sha256_with_key: 0.000021259
sha512_with_key: 0.000028258
xor_with_sha_key_numba: 0.000023889
xor_with_sha_key: 0.000067777
xor_with_sha_key_numba: 0.000059907
xor_with_sha_key: 0.000085128
aes_encrypt: 0.000118220
_se_encrypt: 0.000808225
itr_count: 74
_get_2d_array: 0.000018037
dwt2d: 0.000236884
dwt2d: 0.000082591
sha256_with_key: 0.000024888
sha512_with_key: 0.000029407
xor_with_sha_key_numba: 0.000025092
xor_with_sha_key: 0.000048814
xor_with_sha_key_numba: 0.000055869
xor_with_sha_key: 0.000077868
aes_encrypt: 0.000125553
_se_encrypt: 0.000816540
itr_count: 75
_get_2d_array: 0.000018204
dwt2d: 0.000236884
dwt2d: 0.000079202
sha256_with_key: 0.000023833
sha512_with_key: 0.000029795
xor_with_sha_key_numba: 0.000023147
xor_with_sha_key: 0.000048869
xor_with_sha_key_numba: 0.000052962
xor_with_sha_key: 0.000073961
aes_encrypt: 0.000123497
_se_encrypt: 0.000808781
itr_count: 76
_get_2d_array: 0.000024055
dwt2d: 0.002170403
dwt2d: 0.000099017
sha256_with_key: 0.000039277
sha512_with_key: 0.000034425
xor_with_sha_key_numba: 0.000028555
xor_with_sha_key: 0.000066036
xor_with_sha_key_numba: 0.000060888
xor_with_sha_key: 0.000082443
aes_encrypt: 0.000208311
_se_encrypt: 0.002925444
itr_count: 77
_get_2d_array: 0.000024722
dwt2d: 0.000237606
dwt2d: 0.000082720
sha256_with_key: 0.000025795
sha512_with_key: 0.000031018
xor_with_sha_key_numba: 0.000024370
xor_with_sha_key: 0.000053425
xor_with_sha_key_numba: 0.000058870
xor_with_sha_key: 0.000082517
aes_encrypt: 0.000156035
_se_encrypt: 0.000849983
itr_count: 78
_get_2d_array: 0.000017999
dwt2d: 0.000226644
dwt2d: 0.000079480
sha256_with_key: 0.000023388
sha512_with_key: 0.000027000
xor_with_sha_key_numba: 0.000023314
xor_with_sha_key: 0.000048388
xor_with_sha_key_numba: 0.000053425
xor_with_sha_key: 0.000074203
aes_encrypt: 0.000122905
_se_encrypt: 0.000769652
itr_count: 79
_get_2d_array: 0.000018833
dwt2d: 0.000247477
dwt2d: 0.000082924
sha256_with_key: 0.000025074
sha512_with_key: 0.000029536
xor_with_sha_key_numba: 0.000024481
xor_with_sha_key: 0.000050721
xor_with_sha_key_numba: 0.000054739
xor_with_sha_key: 0.000075832
aes_encrypt: 0.000124831
_se_encrypt: 0.000812577
itr_count: 80
_get_2d_array: 0.000018740
dwt2d: 0.000251606
dwt2d: 0.000079388
sha256_with_key: 0.000025148
sha512_with_key: 0.000029074
xor_with_sha_key_numba: 0.000024685
xor_with_sha_key: 0.000050777
xor_with_sha_key_numba: 0.000055944
xor_with_sha_key: 0.000078961
aes_encrypt: 0.000135423
_se_encrypt: 0.000825966
itr_count: 81
_get_2d_array: 0.000021148
dwt2d: 0.000234533
dwt2d: 0.000098739
sha256_with_key: 0.000027111
sha512_with_key: 0.000030500
xor_with_sha_key_numba: 0.000024944
xor_with_sha_key: 0.000051444
xor_with_sha_key_numba: 0.000053813
xor_with_sha_key: 0.000075128
aes_encrypt: 0.000130219
_se_encrypt: 0.000824485
itr_count: 82
_get_2d_array: 0.000019222
dwt2d: 0.000243366
dwt2d: 0.000077202
sha256_with_key: 0.000023926
sha512_with_key: 0.000048054
xor_with_sha_key_numba: 0.000025240
xor_with_sha_key: 0.000051499
xor_with_sha_key_numba: 0.000056258
xor_with_sha_key: 0.000078313
aes_encrypt: 0.000122183
_se_encrypt: 0.000812281
itr_count: 83
_get_2d_array: 0.000019314
dwt2d: 0.000241903
dwt2d: 0.000082035
sha256_with_key: 0.000026463
sha512_with_key: 0.000029333
xor_with_sha_key_numba: 0.000024278
xor_with_sha_key: 0.000049203
xor_with_sha_key_numba: 0.000078999
xor_with_sha_key: 0.000103387
aes_encrypt: 0.000126516
_se_encrypt: 0.000836336
itr_count: 84
_get_2d_array: 0.000019926
dwt2d: 0.000236070
dwt2d: 0.000082757
sha256_with_key: 0.000027351
sha512_with_key: 0.000031203
xor_with_sha_key_numba: 0.000026148
xor_with_sha_key: 0.000052462
xor_with_sha_key_numba: 0.000056573
xor_with_sha_key: 0.000078646
aes_encrypt: 0.000159274
_se_encrypt: 0.000849614
itr_count: 85
_get_2d_array: 0.000019815
dwt2d: 0.000240514
dwt2d: 0.000082461
sha256_with_key: 0.000025315
sha512_with_key: 0.000030722
xor_with_sha_key_numba: 0.000024648
xor_with_sha_key: 0.000050222
xor_with_sha_key_numba: 0.000056555
xor_with_sha_key: 0.000078443
aes_encrypt: 0.000149497
_se_encrypt: 0.000835317
itr_count: 86
_get_2d_array: 0.000019925
dwt2d: 0.000233347
dwt2d: 0.000081424
sha256_with_key: 0.000023203
sha512_with_key: 0.000030443
xor_with_sha_key_numba: 0.000025351
xor_with_sha_key: 0.000051962
xor_with_sha_key_numba: 0.000060536
xor_with_sha_key: 0.000081795
aes_encrypt: 0.000153497
_se_encrypt: 0.000830021
itr_count: 87
_get_2d_array: 0.000023500
dwt2d: 0.000245273
dwt2d: 0.000084517
sha256_with_key: 0.000029370
sha512_with_key: 0.000032870
xor_with_sha_key_numba: 0.000024759
xor_with_sha_key: 0.000051795
xor_with_sha_key_numba: 0.000062109
xor_with_sha_key: 0.000085350
aes_encrypt: 0.000133572
_se_encrypt: 0.000851558
itr_count: 88
_get_2d_array: 0.000018037
dwt2d: 0.000242662
dwt2d: 0.000082165
sha256_with_key: 0.000024481
sha512_with_key: 0.000030296
xor_with_sha_key_numba: 0.000025500
xor_with_sha_key: 0.000050036
xor_with_sha_key_numba: 0.000056425
xor_with_sha_key: 0.000076757
aes_encrypt: 0.000122350
_se_encrypt: 0.000807004
itr_count: 89
_get_2d_array: 0.000019833
dwt2d: 0.000252995
dwt2d: 0.000083165
sha256_with_key: 0.000025352
sha512_with_key: 0.000030110
xor_with_sha_key_numba: 0.000024296
xor_with_sha_key: 0.000048425
xor_with_sha_key_numba: 0.000057369
xor_with_sha_key: 0.000079757
aes_encrypt: 0.000123794
_se_encrypt: 0.000818522
itr_count: 90
_get_2d_array: 0.000019444
dwt2d: 0.000237662
dwt2d: 0.000103831
sha256_with_key: 0.000024204
sha512_with_key: 0.000029074
xor_with_sha_key_numba: 0.000024073
xor_with_sha_key: 0.000049332
xor_with_sha_key_numba: 0.000059869
xor_with_sha_key: 0.000084183
aes_encrypt: 0.000125572
_se_encrypt: 0.000833688
itr_count: 91
_get_2d_array: 0.000018741
dwt2d: 0.000240847
dwt2d: 0.000082091
sha256_with_key: 0.000024204
sha512_with_key: 0.000033703
xor_with_sha_key_numba: 0.000026573
xor_with_sha_key: 0.000055387
xor_with_sha_key_numba: 0.000056721
xor_with_sha_key: 0.000078369
aes_encrypt: 0.000132813
_se_encrypt: 0.000841558
itr_count: 92
_get_2d_array: 0.000019148
dwt2d: 0.000237959
dwt2d: 0.000080110
sha256_with_key: 0.000024499
sha512_with_key: 0.000029314
xor_with_sha_key_numba: 0.000024259
xor_with_sha_key: 0.000048684
xor_with_sha_key_numba: 0.000062702
xor_with_sha_key: 0.000089962
aes_encrypt: 0.000135719
_se_encrypt: 0.000853965
itr_count: 93
_get_2d_array: 0.000019944
dwt2d: 0.000245217
dwt2d: 0.000084443
sha256_with_key: 0.000028796
sha512_with_key: 0.000031647
xor_with_sha_key_numba: 0.000025296
xor_with_sha_key: 0.000051110
xor_with_sha_key_numba: 0.000115775
xor_with_sha_key: 0.000140497
aes_encrypt: 0.000140904
_se_encrypt: 0.000900260
itr_count: 94
_get_2d_array: 0.000019574
dwt2d: 0.000265792
dwt2d: 0.000083369
sha256_with_key: 0.000024315
sha512_with_key: 0.000031185
xor_with_sha_key_numba: 0.000024536
xor_with_sha_key: 0.000049018
xor_with_sha_key_numba: 0.000098275
xor_with_sha_key: 0.000121257
aes_encrypt: 0.000130627
_se_encrypt: 0.000881187
itr_count: 95
_get_2d_array: 0.000020130
dwt2d: 0.000238977
dwt2d: 0.000081239
sha256_with_key: 0.000024444
sha512_with_key: 0.000029147
xor_with_sha_key_numba: 0.000024666
xor_with_sha_key: 0.000049999
xor_with_sha_key_numba: 0.000072406
xor_with_sha_key: 0.000097517
aes_encrypt: 0.000156442
_se_encrypt: 0.000873575
itr_count: 96
_get_2d_array: 0.000019314
dwt2d: 0.000230477
dwt2d: 0.000077109
sha256_with_key: 0.000024870
sha512_with_key: 0.000030777
xor_with_sha_key_numba: 0.000022926
xor_with_sha_key: 0.000047184
xor_with_sha_key_numba: 0.000056443
xor_with_sha_key: 0.000078239
aes_encrypt: 0.000118387
_se_encrypt: 0.000770652
itr_count: 97
_get_2d_array: 0.000017481
dwt2d: 0.000226181
dwt2d: 0.000077277
sha256_with_key: 0.000021888
sha512_with_key: 0.000027610
xor_with_sha_key_numba: 0.000023019
xor_with_sha_key: 0.000046018
xor_with_sha_key_numba: 0.000053036
xor_with_sha_key: 0.000074776
aes_encrypt: 0.000120201
_se_encrypt: 0.000759522
itr_count: 98
_get_2d_array: 0.000017740
dwt2d: 0.000250218
dwt2d: 0.000078555
sha256_with_key: 0.000023481
sha512_with_key: 0.000028574
xor_with_sha_key_numba: 0.000023111
xor_with_sha_key: 0.000047758
xor_with_sha_key_numba: 0.000056758
xor_with_sha_key: 0.000078665
aes_encrypt: 0.000125627
_se_encrypt: 0.000793836
itr_count: 99
_get_2d_array: 0.000019574
dwt2d: 0.000228755
dwt2d: 0.000098701
sha256_with_key: 0.000023370
sha512_with_key: 0.000028648
xor_with_sha_key_numba: 0.000022870
xor_with_sha_key: 0.000047332
xor_with_sha_key_numba: 0.000053592
xor_with_sha_key: 0.000074962
aes_encrypt: 0.000123035
_se_encrypt: 0.000790392
itr_count: 100
_get_2d_array: 0.000018629
dwt2d: 0.000229052
dwt2d: 0.000076868
sha256_with_key: 0.000020185
sha512_with_key: 0.000045388
xor_with_sha_key_numba: 0.000024463
xor_with_sha_key: 0.000048425
xor_with_sha_key_numba: 0.000056128
xor_with_sha_key: 0.000078073
aes_encrypt: 0.000118164
_se_encrypt: 0.000779930
itr_count: 101
_get_2d_array: 0.000018407
dwt2d: 0.000227644
dwt2d: 0.000077851
sha256_with_key: 0.000021148
sha512_with_key: 0.000026240
xor_with_sha_key_numba: 0.000024574
xor_with_sha_key: 0.000047018
xor_with_sha_key_numba: 0.000058517
xor_with_sha_key: 0.000084794
aes_encrypt: 0.000157867
_se_encrypt: 0.000927149
itr_count: 102
_get_2d_array: 0.000024351
dwt2d: 0.000696986
dwt2d: 0.000087924
sha256_with_key: 0.000035481
sha512_with_key: 0.000032425
xor_with_sha_key_numba: 0.000027462
xor_with_sha_key: 0.000059276
xor_with_sha_key_numba: 0.000056351
xor_with_sha_key: 0.000079739
aes_encrypt: 0.000166182
_se_encrypt: 0.001367363
itr_count: 103
_get_2d_array: 0.000024037
dwt2d: 0.002240365
dwt2d: 0.000090165
sha256_with_key: 0.000037092
sha512_with_key: 0.000035296
xor_with_sha_key_numba: 0.000029073
xor_with_sha_key: 0.000064369
xor_with_sha_key_numba: 0.000053369
xor_with_sha_key: 0.000076202
aes_encrypt: 0.000174793
_se_encrypt: 0.002936333
itr_count: 104
_get_2d_array: 0.000023815
dwt2d: 0.000270828
dwt2d: 0.000078629
sha256_with_key: 0.000028944
sha512_with_key: 0.000031666
xor_with_sha_key_numba: 0.000024926
xor_with_sha_key: 0.000051758
xor_with_sha_key_numba: 0.000057388
xor_with_sha_key: 0.000080276
aes_encrypt: 0.000134924
_se_encrypt: 0.000861057
itr_count: 105
_get_2d_array: 0.000019500
dwt2d: 0.000249125
dwt2d: 0.000078221
sha256_with_key: 0.000024944
sha512_with_key: 0.000026870
xor_with_sha_key_numba: 0.000024000
xor_with_sha_key: 0.000051184
xor_with_sha_key_numba: 0.000053869
xor_with_sha_key: 0.000073869
aes_encrypt: 0.000131516
_se_encrypt: 0.000806559
itr_count: 106
_get_2d_array: 0.000019555
dwt2d: 0.000236125
dwt2d: 0.000079683
sha256_with_key: 0.000025555
sha512_with_key: 0.000029499
xor_with_sha_key_numba: 0.000024407
xor_with_sha_key: 0.000049110
xor_with_sha_key_numba: 0.000057369
xor_with_sha_key: 0.000080739
aes_encrypt: 0.000127460
_se_encrypt: 0.000816355
itr_count: 107
_get_2d_array: 0.000019704
dwt2d: 0.000233051
dwt2d: 0.000077314
sha256_with_key: 0.000023963
sha512_with_key: 0.000028241
xor_with_sha_key_numba: 0.000041407
xor_with_sha_key: 0.000066758
xor_with_sha_key_numba: 0.000054147
xor_with_sha_key: 0.000077277
aes_encrypt: 0.000127331
_se_encrypt: 0.000804633
itr_count: 108
_get_2d_array: 0.000018741
dwt2d: 0.000230088
dwt2d: 0.000078220
sha256_with_key: 0.000023055
sha512_with_key: 0.000027184
xor_with_sha_key_numba: 0.000022888
xor_with_sha_key: 0.000045999
xor_with_sha_key_numba: 0.000052647
xor_with_sha_key: 0.000071684
aes_encrypt: 0.000134275
_se_encrypt: 0.000772559
itr_count: 109
_get_2d_array: 0.000018111
dwt2d: 0.000232422
dwt2d: 0.000078017
sha256_with_key: 0.000025925
sha512_with_key: 0.000028518
xor_with_sha_key_numba: 0.000023296
xor_with_sha_key: 0.000048444
xor_with_sha_key_numba: 0.000053795
xor_with_sha_key: 0.000073221
aes_encrypt: 0.000117775
_se_encrypt: 0.000768745
itr_count: 110
_get_2d_array: 0.000019815
dwt2d: 0.000229737
dwt2d: 0.000076609
sha256_with_key: 0.000021777
sha512_with_key: 0.000027425
xor_with_sha_key_numba: 0.000023407
xor_with_sha_key: 0.000047221
xor_with_sha_key_numba: 0.000056147
xor_with_sha_key: 0.000077925
aes_encrypt: 0.000119294
_se_encrypt: 0.000763448
itr_count: 111
_get_2d_array: 0.000018074
dwt2d: 0.000246310
dwt2d: 0.000078906
sha256_with_key: 0.000023425
sha512_with_key: 0.000028184
xor_with_sha_key_numba: 0.000023222
xor_with_sha_key: 0.000048573
xor_with_sha_key_numba: 0.000053333
xor_with_sha_key: 0.000074239
aes_encrypt: 0.000119017
_se_encrypt: 0.000784004
itr_count: 112
_get_2d_array: 0.000017407
dwt2d: 0.000225551
dwt2d: 0.000133664
sha256_with_key: 0.000022944
sha512_with_key: 0.000027851
xor_with_sha_key_numba: 0.000022647
xor_with_sha_key: 0.000047277
xor_with_sha_key_numba: 0.000054981
xor_with_sha_key: 0.000077628
aes_encrypt: 0.000123053
_se_encrypt: 0.000824281
itr_count: 113
_get_2d_array: 0.000017407
dwt2d: 0.000224940
dwt2d: 0.000077777
sha256_with_key: 0.000022518
sha512_with_key: 0.000047054
xor_with_sha_key_numba: 0.000024815
xor_with_sha_key: 0.000050147
xor_with_sha_key_numba: 0.000053925
xor_with_sha_key: 0.000075165
aes_encrypt: 0.000117868
_se_encrypt: 0.000779615
itr_count: 114
_get_2d_array: 0.000018018
dwt2d: 0.000220866
dwt2d: 0.000075962
sha256_with_key: 0.000020296
sha512_with_key: 0.000027740
xor_with_sha_key_numba: 0.000022666
xor_with_sha_key: 0.000045555
xor_with_sha_key_numba: 0.000055351
xor_with_sha_key: 0.000098109
aes_encrypt: 0.000119831
_se_encrypt: 0.000770856
itr_count: 115
_get_2d_array: 0.000019426
dwt2d: 0.000225514
dwt2d: 0.000077628
sha256_with_key: 0.000023185
sha512_with_key: 0.000027759
xor_with_sha_key_numba: 0.000023722
xor_with_sha_key: 0.000047536
xor_with_sha_key_numba: 0.000054517
xor_with_sha_key: 0.000077128
aes_encrypt: 0.000115386
_se_encrypt: 0.000756745
itr_count: 116
_get_2d_array: 0.000018629
dwt2d: 0.000225292
dwt2d: 0.000075350
sha256_with_key: 0.000023870
sha512_with_key: 0.000027444
xor_with_sha_key_numba: 0.000023037
xor_with_sha_key: 0.000046296
xor_with_sha_key_numba: 0.000053092
xor_with_sha_key: 0.000074295
aes_encrypt: 0.000116942
_se_encrypt: 0.000755930
itr_count: 117
_get_2d_array: 0.000017185
dwt2d: 0.000246458
dwt2d: 0.000077777
sha256_with_key: 0.000022703
sha512_with_key: 0.000028370
xor_with_sha_key_numba: 0.000023240
xor_with_sha_key: 0.000047740
xor_with_sha_key_numba: 0.000053148
xor_with_sha_key: 0.000074091
aes_encrypt: 0.000116257
_se_encrypt: 0.000776318
itr_count: 118
_get_2d_array: 0.000018889
dwt2d: 0.000224700
dwt2d: 0.000100905
sha256_with_key: 0.000022944
sha512_with_key: 0.000026240
xor_with_sha_key_numba: 0.000022629
xor_with_sha_key: 0.000047277
xor_with_sha_key_numba: 0.000055277
xor_with_sha_key: 0.000078573
aes_encrypt: 0.000119775
_se_encrypt: 0.000791503
itr_count: 119
_get_2d_array: 0.000020759
dwt2d: 0.000226218
dwt2d: 0.000077869
sha256_with_key: 0.000023907
sha512_with_key: 0.000049722
xor_with_sha_key_numba: 0.000023759
xor_with_sha_key: 0.000049407
xor_with_sha_key_numba: 0.000055629
xor_with_sha_key: 0.000077739
aes_encrypt: 0.000123534
_se_encrypt: 0.000798392
itr_count: 120
_get_2d_array: 0.000017629
dwt2d: 0.000228755
dwt2d: 0.000076314
sha256_with_key: 0.000021407
sha512_with_key: 0.000027888
xor_with_sha_key_numba: 0.000022573
xor_with_sha_key: 0.000045388
xor_with_sha_key_numba: 0.000075795
xor_with_sha_key: 0.000099665
aes_encrypt: 0.000121072
_se_encrypt: 0.000785966
itr_count: 121
_get_2d_array: 0.000018240
dwt2d: 0.000227218
dwt2d: 0.000075406
sha256_with_key: 0.000022222
sha512_with_key: 0.000028555
xor_with_sha_key_numba: 0.000023277
xor_with_sha_key: 0.000047147
xor_with_sha_key_numba: 0.000055555
xor_with_sha_key: 0.000078666
aes_encrypt: 0.000112183
_se_encrypt: 0.000781411
itr_count: 122
_get_2d_array: 0.000018221
dwt2d: 0.000214848
dwt2d: 0.000077406
sha256_with_key: 0.000022222
sha512_with_key: 0.000026980
xor_with_sha_key_numba: 0.000022684
xor_with_sha_key: 0.000045703
xor_with_sha_key_numba: 0.000055147
xor_with_sha_key: 0.000079110
aes_encrypt: 0.000116071
_se_encrypt: 0.000739004
itr_count: 123
_get_2d_array: 0.000017592
dwt2d: 0.000244643
dwt2d: 0.000076554
sha256_with_key: 0.000023073
sha512_with_key: 0.000028555
xor_with_sha_key_numba: 0.000023981
xor_with_sha_key: 0.000048610
xor_with_sha_key_numba: 0.000052796
xor_with_sha_key: 0.000073443
aes_encrypt: 0.000118053
_se_encrypt: 0.000782336
itr_count: 124
_get_2d_array: 0.000018092
dwt2d: 0.000220699
dwt2d: 0.000119405
sha256_with_key: 0.000023370
sha512_with_key: 0.000027592
xor_with_sha_key_numba: 0.000023184
xor_with_sha_key: 0.000046684
xor_with_sha_key_numba: 0.000056073
xor_with_sha_key: 0.000079610
aes_encrypt: 0.000123608
_se_encrypt: 0.000807948
itr_count: 125
_get_2d_array: 0.000017352
dwt2d: 0.000223274
dwt2d: 0.000074795
sha256_with_key: 0.000021592
sha512_with_key: 0.000045333
xor_with_sha_key_numba: 0.000024036
xor_with_sha_key: 0.000046684
xor_with_sha_key_numba: 0.000054462
xor_with_sha_key: 0.000078517
aes_encrypt: 0.000118091
_se_encrypt: 0.000770541
itr_count: 126
_get_2d_array: 0.000016722
dwt2d: 0.000220977
dwt2d: 0.000075388
sha256_with_key: 0.000021778
sha512_with_key: 0.000026166
xor_with_sha_key_numba: 0.000022999
xor_with_sha_key: 0.000045277
xor_with_sha_key_numba: 0.000057388
xor_with_sha_key: 0.000097776
aes_encrypt: 0.000116627
_se_encrypt: 0.000769763
itr_count: 127
_get_2d_array: 0.000017500
dwt2d: 0.000226644
dwt2d: 0.000081591
sha256_with_key: 0.000026352
sha512_with_key: 0.000029240
xor_with_sha_key_numba: 0.000025722
xor_with_sha_key: 0.000052592
xor_with_sha_key_numba: 0.000053240
xor_with_sha_key: 0.000075036
aes_encrypt: 0.000171238
_se_encrypt: 0.000933186
itr_count: 128
_get_2d_array: 0.000023629
dwt2d: 0.002533933
dwt2d: 0.001446880
sha256_with_key: 0.000035444
sha512_with_key: 0.000034277
xor_with_sha_key_numba: 0.000030518
xor_with_sha_key: 0.000068406
xor_with_sha_key_numba: 0.000061203
xor_with_sha_key: 0.000084109
aes_encrypt: 0.000176645
_se_encrypt: 0.004601745
itr_count: 129
_get_2d_array: 0.000024111
dwt2d: 0.000264976
dwt2d: 0.000076925
sha256_with_key: 0.000028869
sha512_with_key: 0.000031222
xor_with_sha_key_numba: 0.000023851
xor_with_sha_key: 0.000049665
xor_with_sha_key_numba: 0.000052777
xor_with_sha_key: 0.000074072
aes_encrypt: 0.000132405
_se_encrypt: 0.000840095
itr_count: 130
_get_2d_array: 0.000019741
dwt2d: 0.000243514
dwt2d: 0.000079628
sha256_with_key: 0.000023574
sha512_with_key: 0.000027777
xor_with_sha_key_numba: 0.000023314
xor_with_sha_key: 0.000049258
xor_with_sha_key_numba: 0.000054684
xor_with_sha_key: 0.000077702
aes_encrypt: 0.000126534
_se_encrypt: 0.000799207
itr_count: 131
_get_2d_array: 0.000020259
dwt2d: 0.000236588
dwt2d: 0.000109109
sha256_with_key: 0.000026944
sha512_with_key: 0.000028833
xor_with_sha_key_numba: 0.000024722
xor_with_sha_key: 0.000050814
xor_with_sha_key_numba: 0.000053573
xor_with_sha_key: 0.000076906
aes_encrypt: 0.000139998
_se_encrypt: 0.000842724
itr_count: 132
_get_2d_array: 0.000020685
dwt2d: 0.000229885
dwt2d: 0.000077294
sha256_with_key: 0.000024684
sha512_with_key: 0.000048518
xor_with_sha_key_numba: 0.000024630
xor_with_sha_key: 0.000052277
xor_with_sha_key_numba: 0.000055091
xor_with_sha_key: 0.000078146
aes_encrypt: 0.000122368
_se_encrypt: 0.000805799
itr_count: 133
_get_2d_array: 0.000018481
dwt2d: 0.000222495
dwt2d: 0.000074721
sha256_with_key: 0.000021574
sha512_with_key: 0.000027981
xor_with_sha_key_numba: 0.000023389
xor_with_sha_key: 0.000047258
xor_with_sha_key_numba: 0.000078517
xor_with_sha_key: 0.000101665
aes_encrypt: 0.000126794
_se_encrypt: 0.000789448
itr_count: 134
_get_2d_array: 0.000019074
dwt2d: 0.000246051
dwt2d: 0.000081165
sha256_with_key: 0.000026907
sha512_with_key: 0.000030703
xor_with_sha_key_numba: 0.000024666
xor_with_sha_key: 0.000051980
xor_with_sha_key_numba: 0.000058703
xor_with_sha_key: 0.000082257
aes_encrypt: 0.000161331
_se_encrypt: 0.000858613
itr_count: 135
_get_2d_array: 0.000020796
dwt2d: 0.000232551
dwt2d: 0.000081647
sha256_with_key: 0.000025629
sha512_with_key: 0.000030443
xor_with_sha_key_numba: 0.000025055
xor_with_sha_key: 0.000053369
xor_with_sha_key_numba: 0.000058906
xor_with_sha_key: 0.000083128
aes_encrypt: 0.000128313
_se_encrypt: 0.000834262
itr_count: 136
_get_2d_array: 0.000019296
dwt2d: 0.000235607
dwt2d: 0.000080554
sha256_with_key: 0.000023388
sha512_with_key: 0.000029796
xor_with_sha_key_numba: 0.000024518
xor_with_sha_key: 0.000050611
xor_with_sha_key_numba: 0.000056870
xor_with_sha_key: 0.000077369
aes_encrypt: 0.000122386
_se_encrypt: 0.000799799
itr_count: 137
_get_2d_array: 0.000017870
dwt2d: 0.000237403
dwt2d: 0.000077313
sha256_with_key: 0.000023926
sha512_with_key: 0.000031333
xor_with_sha_key_numba: 0.000024703
xor_with_sha_key: 0.000048443
xor_with_sha_key_numba: 0.000058350
xor_with_sha_key: 0.000081183
aes_encrypt: 0.000121554
_se_encrypt: 0.000794244
itr_count: 138
_get_2d_array: 0.000018519
dwt2d: 0.000252199
dwt2d: 0.000079314
sha256_with_key: 0.000024055
sha512_with_key: 0.000030018
xor_with_sha_key_numba: 0.000025295
xor_with_sha_key: 0.000051036
xor_with_sha_key_numba: 0.000056017
xor_with_sha_key: 0.000077776
aes_encrypt: 0.000123257
_se_encrypt: 0.000812688
itr_count: 139
_get_2d_array: 0.000020647
dwt2d: 0.000233885
dwt2d: 0.000095925
sha256_with_key: 0.000025130
sha512_with_key: 0.000029389
xor_with_sha_key_numba: 0.000024167
xor_with_sha_key: 0.000049518
xor_with_sha_key_numba: 0.000058555
xor_with_sha_key: 0.000081757
aes_encrypt: 0.000124571
_se_encrypt: 0.000815410
itr_count: 140
_get_2d_array: 0.000018240
dwt2d: 0.000234903
dwt2d: 0.000076832
sha256_with_key: 0.000022777
sha512_with_key: 0.000028499
xor_with_sha_key_numba: 0.000024685
xor_with_sha_key: 0.000050795
xor_with_sha_key_numba: 0.000059221
xor_with_sha_key: 0.000082461
aes_encrypt: 0.000118572
_se_encrypt: 0.000802133
itr_count: 141
_get_2d_array: 0.000018074
dwt2d: 0.000232810
dwt2d: 0.000078480
sha256_with_key: 0.000023166
sha512_with_key: 0.000028593
xor_with_sha_key_numba: 0.000024851
xor_with_sha_key: 0.000049462
xor_with_sha_key_numba: 0.000077665
xor_with_sha_key: 0.000102646
aes_encrypt: 0.000124294
_se_encrypt: 0.000811244
itr_count: 142
_get_2d_array: 0.000019204
dwt2d: 0.000257514
dwt2d: 0.000076406
sha256_with_key: 0.000024074
sha512_with_key: 0.000029869
xor_with_sha_key_numba: 0.000023925
xor_with_sha_key: 0.000047684
xor_with_sha_key_numba: 0.000058314
xor_with_sha_key: 0.000081739
aes_encrypt: 0.000146682
_se_encrypt: 0.000831521
itr_count: 143
_get_2d_array: 0.000018536
dwt2d: 0.000296754
dwt2d: 0.000080313
sha256_with_key: 0.000025833
sha512_with_key: 0.000029258
xor_with_sha_key_numba: 0.000024407
xor_with_sha_key: 0.000049370
xor_with_sha_key_numba: 0.000058276
xor_with_sha_key: 0.000081498
aes_encrypt: 0.000156960
_se_encrypt: 0.000900705
itr_count: 144
_get_2d_array: 0.000019536
dwt2d: 0.000240754
dwt2d: 0.000077888
sha256_with_key: 0.000024833
sha512_with_key: 0.000030314
xor_with_sha_key_numba: 0.000025740
xor_with_sha_key: 0.000050406
xor_with_sha_key_numba: 0.000057722
xor_with_sha_key: 0.000081425
aes_encrypt: 0.000121776
_se_encrypt: 0.000799355
itr_count: 145
_get_2d_array: 0.000018481
dwt2d: 0.000275291
dwt2d: 0.000078110
sha256_with_key: 0.000024296
sha512_with_key: 0.000027666
xor_with_sha_key_numba: 0.000024296
xor_with_sha_key: 0.000049110
xor_with_sha_key_numba: 0.000057295
xor_with_sha_key: 0.000078369
aes_encrypt: 0.000116998
_se_encrypt: 0.000815448
itr_count: 146
_get_2d_array: 0.000017814
dwt2d: 0.000300420
dwt2d: 0.000073795
sha256_with_key: 0.000023333
sha512_with_key: 0.000027721
xor_with_sha_key_numba: 0.000022962
xor_with_sha_key: 0.000048443
xor_with_sha_key_numba: 0.000054629
xor_with_sha_key: 0.000076036
aes_encrypt: 0.000124850
_se_encrypt: 0.000845354
itr_count: 147
_get_2d_array: 0.000018370
dwt2d: 0.000237070
dwt2d: 0.000073184
sha256_with_key: 0.000023277
sha512_with_key: 0.000027740
xor_with_sha_key_numba: 0.000023407
xor_with_sha_key: 0.000046833
xor_with_sha_key_numba: 0.000054702
xor_with_sha_key: 0.000076425
aes_encrypt: 0.000117553
_se_encrypt: 0.000785170
itr_count: 148
_get_2d_array: 0.000018037
dwt2d: 0.000227958
dwt2d: 0.000074110
sha256_with_key: 0.000022110
sha512_with_key: 0.000044074
xor_with_sha_key_numba: 0.000023870
xor_with_sha_key: 0.000048740
xor_with_sha_key_numba: 0.000055462
xor_with_sha_key: 0.000077480
aes_encrypt: 0.000114146
_se_encrypt: 0.000773985
itr_count: 149
_get_2d_array: 0.000017852
dwt2d: 0.000235292
dwt2d: 0.000072665
sha256_with_key: 0.000021388
sha512_with_key: 0.000027759
xor_with_sha_key_numba: 0.000024130
xor_with_sha_key: 0.000047554
xor_with_sha_key_numba: 0.000056110
xor_with_sha_key: 0.000098646
aes_encrypt: 0.000117406
_se_encrypt: 0.000781948
itr_count: 150
_get_2d_array: 0.000019110
dwt2d: 0.000234922
dwt2d: 0.000072462
sha256_with_key: 0.000021574
sha512_with_key: 0.000027407
xor_with_sha_key_numba: 0.000022722
xor_with_sha_key: 0.000046000
xor_with_sha_key_numba: 0.000054906
xor_with_sha_key: 0.000076554
aes_encrypt: 0.000113090
_se_encrypt: 0.000753374
itr_count: 151
_get_2d_array: 0.000017055
dwt2d: 0.000224033
dwt2d: 0.000071165
sha256_with_key: 0.000023073
sha512_with_key: 0.000027888
xor_with_sha_key_numba: 0.000022685
xor_with_sha_key: 0.000045851
xor_with_sha_key_numba: 0.000055925
xor_with_sha_key: 0.000078110
aes_encrypt: 0.000117739
_se_encrypt: 0.000752930
itr_count: 152
_get_2d_array: 0.000017555
dwt2d: 0.000278365
dwt2d: 0.000075091
sha256_with_key: 0.000022963
sha512_with_key: 0.000030629
xor_with_sha_key_numba: 0.000024129
xor_with_sha_key: 0.000048944
xor_with_sha_key_numba: 0.000052092
xor_with_sha_key: 0.000165496
aes_encrypt: 0.000155904
_se_encrypt: 0.000949390
itr_count: 153
_get_2d_array: 0.000025036
dwt2d: 0.000466806
dwt2d: 0.000079851
sha256_with_key: 0.000031943
sha512_with_key: 0.000033777
xor_with_sha_key_numba: 0.000026685
xor_with_sha_key: 0.000056721
xor_with_sha_key_numba: 0.000057443
xor_with_sha_key: 0.000081091
aes_encrypt: 0.000156886
_se_encrypt: 0.001102127
itr_count: 154
_get_2d_array: 0.000026055
dwt2d: 0.003686578
dwt2d: 0.002317919
sha256_with_key: 0.000038332
sha512_with_key: 0.000036240
xor_with_sha_key_numba: 0.000031221
xor_with_sha_key: 0.000068869
xor_with_sha_key_numba: 0.000058610
xor_with_sha_key: 0.000081999
aes_encrypt: 0.000176034
_se_encrypt: 0.006639022
itr_count: 155
_get_2d_array: 0.000024833
dwt2d: 0.000677431
dwt2d: 0.000076869
sha256_with_key: 0.000026351
sha512_with_key: 0.000030314
xor_with_sha_key_numba: 0.000023610
xor_with_sha_key: 0.000049740
xor_with_sha_key_numba: 0.000056073
xor_with_sha_key: 0.000079461
aes_encrypt: 0.000166756
_se_encrypt: 0.001292809
itr_count: 156
_get_2d_array: 0.000020185
dwt2d: 0.000247218
dwt2d: 0.000072535
sha256_with_key: 0.000023388
sha512_with_key: 0.000028147
xor_with_sha_key_numba: 0.000023388
xor_with_sha_key: 0.000049962
xor_with_sha_key_numba: 0.000054887
xor_with_sha_key: 0.000076572
aes_encrypt: 0.000122720
_se_encrypt: 0.000784541
itr_count: 157
_get_2d_array: 0.000018185
dwt2d: 0.000266143
dwt2d: 0.000075443
sha256_with_key: 0.000025258
sha512_with_key: 0.000027537
xor_with_sha_key_numba: 0.000024611
xor_with_sha_key: 0.000051073
xor_with_sha_key_numba: 0.000055406
xor_with_sha_key: 0.000077925
aes_encrypt: 0.000129830
_se_encrypt: 0.000852280
itr_count: 158
_get_2d_array: 0.000020277
dwt2d: 0.000260680
dwt2d: 0.000072887
sha256_with_key: 0.000021814
sha512_with_key: 0.000025148
xor_with_sha_key_numba: 0.000023166
xor_with_sha_key: 0.000046148
xor_with_sha_key_numba: 0.000055833
xor_with_sha_key: 0.000079443
aes_encrypt: 0.000120831
_se_encrypt: 0.000794541
itr_count: 159
_get_2d_array: 0.000020740
dwt2d: 0.000227792
dwt2d: 0.000073850
sha256_with_key: 0.000024648
sha512_with_key: 0.000028333
xor_with_sha_key_numba: 0.000025278
xor_with_sha_key: 0.000050573
xor_with_sha_key_numba: 0.000054017
xor_with_sha_key: 0.000075610
aes_encrypt: 0.000124220
_se_encrypt: 0.000793540
itr_count: 160
_get_2d_array: 0.000019222
dwt2d: 0.000240384
dwt2d: 0.000071443
sha256_with_key: 0.000021481
sha512_with_key: 0.000027833
xor_with_sha_key_numba: 0.000024389
xor_with_sha_key: 0.000048518
xor_with_sha_key_numba: 0.000055777
xor_with_sha_key: 0.000078665
aes_encrypt: 0.000118405
_se_encrypt: 0.000788818
itr_count: 161
_get_2d_array: 0.000017351
dwt2d: 0.000221755
dwt2d: 0.000072776
sha256_with_key: 0.000020889
sha512_with_key: 0.000025592
xor_with_sha_key_numba: 0.000023740
xor_with_sha_key: 0.000045499
xor_with_sha_key_numba: 0.000073146
xor_with_sha_key: 0.000096387
aes_encrypt: 0.000114831
_se_encrypt: 0.000758115
itr_count: 162
_get_2d_array: 0.000017055
dwt2d: 0.000219069
dwt2d: 0.000072777
sha256_with_key: 0.000021315
sha512_with_key: 0.000024314
xor_with_sha_key_numba: 0.000022222
xor_with_sha_key: 0.000044814
xor_with_sha_key_numba: 0.000055184
xor_with_sha_key: 0.000078017
aes_encrypt: 0.000109591
_se_encrypt: 0.000728579
itr_count: 163
_get_2d_array: 0.000018166
dwt2d: 0.000222273
dwt2d: 0.000071257
sha256_with_key: 0.000021407
sha512_with_key: 0.000026814
xor_with_sha_key_numba: 0.000023278
xor_with_sha_key: 0.000045796
xor_with_sha_key_numba: 0.000055444
xor_with_sha_key: 0.000078720
aes_encrypt: 0.000113553
_se_encrypt: 0.000743116
itr_count: 164
_get_2d_array: 0.000016963
dwt2d: 0.000251847
dwt2d: 0.000071906
sha256_with_key: 0.000021722
sha512_with_key: 0.000026148
xor_with_sha_key_numba: 0.000023185
xor_with_sha_key: 0.000047055
xor_with_sha_key_numba: 0.000053573
xor_with_sha_key: 0.000074646
aes_encrypt: 0.000116480
_se_encrypt: 0.000769281
itr_count: 165
_get_2d_array: 0.000016815
dwt2d: 0.000218793
dwt2d: 0.000069165
sha256_with_key: 0.000021851
sha512_with_key: 0.000024833
xor_with_sha_key_numba: 0.000022926
xor_with_sha_key: 0.000047944
xor_with_sha_key_numba: 0.000062221
xor_with_sha_key: 0.000084776
aes_encrypt: 0.000121591
_se_encrypt: 0.000768281
itr_count: 166
_get_2d_array: 0.000017907
dwt2d: 0.000225107
dwt2d: 0.000070758
sha256_with_key: 0.000020055
sha512_with_key: 0.000024722
xor_with_sha_key_numba: 0.000023630
xor_with_sha_key: 0.000046148
xor_with_sha_key_numba: 0.000058203
xor_with_sha_key: 0.000102461
aes_encrypt: 0.000121831
_se_encrypt: 0.000771411
itr_count: 167
_get_2d_array: 0.000017611
dwt2d: 0.000240180
dwt2d: 0.000073166
sha256_with_key: 0.000021407
sha512_with_key: 0.000026610
xor_with_sha_key_numba: 0.000022592
xor_with_sha_key: 0.000044777
xor_with_sha_key_numba: 0.000054351
xor_with_sha_key: 0.000077035
aes_encrypt: 0.000142775
_se_encrypt: 0.000787448
itr_count: 168
_get_2d_array: 0.000017722
dwt2d: 0.000221977
dwt2d: 0.000070628
sha256_with_key: 0.000020870
sha512_with_key: 0.000024370
xor_with_sha_key_numba: 0.000023074
xor_with_sha_key: 0.000045814
xor_with_sha_key_numba: 0.000053536
xor_with_sha_key: 0.000075424
aes_encrypt: 0.000112516
_se_encrypt: 0.000729135
itr_count: 169
_get_2d_array: 0.000016055
dwt2d: 0.000239643
dwt2d: 0.000073610
sha256_with_key: 0.000021870
sha512_with_key: 0.000025333
xor_with_sha_key_numba: 0.000023481
xor_with_sha_key: 0.000046147
xor_with_sha_key_numba: 0.000054203
xor_with_sha_key: 0.000075758
aes_encrypt: 0.000114146
_se_encrypt: 0.000757152
itr_count: 170
_get_2d_array: 0.000017889
dwt2d: 0.000253495
dwt2d: 0.000072369
sha256_with_key: 0.000020481
sha512_with_key: 0.000025203
xor_with_sha_key_numba: 0.000022684
xor_with_sha_key: 0.000045665
xor_with_sha_key_numba: 0.000054443
xor_with_sha_key: 0.000076221
aes_encrypt: 0.000115257
_se_encrypt: 0.000767449
itr_count: 171
_get_2d_array: 0.000017499
dwt2d: 0.000237144
dwt2d: 0.000070257
sha256_with_key: 0.000021667
sha512_with_key: 0.000026722
xor_with_sha_key_numba: 0.000023629
xor_with_sha_key: 0.000046628
xor_with_sha_key_numba: 0.000055573
xor_with_sha_key: 0.000080146
aes_encrypt: 0.000123645
_se_encrypt: 0.000786466
itr_count: 172
_get_2d_array: 0.000017666
dwt2d: 0.000227033
dwt2d: 0.000070962
sha256_with_key: 0.000021574
sha512_with_key: 0.000027333
xor_with_sha_key_numba: 0.000022296
xor_with_sha_key: 0.000044702
xor_with_sha_key_numba: 0.000052944
xor_with_sha_key: 0.000073832
aes_encrypt: 0.000117275
_se_encrypt: 0.000760652
itr_count: 173
_get_2d_array: 0.000017185
dwt2d: 0.000220552
dwt2d: 0.000069425
sha256_with_key: 0.000022518
sha512_with_key: 0.000025870
xor_with_sha_key_numba: 0.000021981
xor_with_sha_key: 0.000044203
xor_with_sha_key_numba: 0.000053221
xor_with_sha_key: 0.000073794
aes_encrypt: 0.000108257
_se_encrypt: 0.000722598
itr_count: 174
_get_2d_array: 0.000041981
dwt2d: 0.000214700
dwt2d: 0.000071591
sha256_with_key: 0.000020889
sha512_with_key: 0.000027129
xor_with_sha_key_numba: 0.000021462
xor_with_sha_key: 0.000044574
xor_with_sha_key_numba: 0.000058554
xor_with_sha_key: 0.000080609
aes_encrypt: 0.000115238
_se_encrypt: 0.000765319
itr_count: 175
_get_2d_array: 0.000015666
dwt2d: 0.000230736
dwt2d: 0.000072572
sha256_with_key: 0.000023555
sha512_with_key: 0.000027277
xor_with_sha_key_numba: 0.000022870
xor_with_sha_key: 0.000045665
xor_with_sha_key_numba: 0.000054888
xor_with_sha_key: 0.000077684
aes_encrypt: 0.000113924
_se_encrypt: 0.000748986
itr_count: 176
_get_2d_array: 0.000015981
dwt2d: 0.000236718
dwt2d: 0.000068498
sha256_with_key: 0.000022537
sha512_with_key: 0.000028425
xor_with_sha_key_numba: 0.000023889
xor_with_sha_key: 0.000047036
xor_with_sha_key_numba: 0.000055980
xor_with_sha_key: 0.000079110
aes_encrypt: 0.000112572
_se_encrypt: 0.000773856
itr_count: 177
_get_2d_array: 0.000017148
dwt2d: 0.000221292
dwt2d: 0.000070740
sha256_with_key: 0.000022463
sha512_with_key: 0.000025389
xor_with_sha_key_numba: 0.000022445
xor_with_sha_key: 0.000045814
xor_with_sha_key_numba: 0.000070276
xor_with_sha_key: 0.000090831
aes_encrypt: 0.000112553
_se_encrypt: 0.000752245
itr_count: 178
_get_2d_array: 0.000017593
dwt2d: 0.000233866
dwt2d: 0.000070850
sha256_with_key: 0.000024481
sha512_with_key: 0.000028370
xor_with_sha_key_numba: 0.000024221
xor_with_sha_key: 0.000049776
xor_with_sha_key_numba: 0.000058610
xor_with_sha_key: 0.000083554
aes_encrypt: 0.000180348
_se_encrypt: 0.000937389
itr_count: 179
_get_2d_array: 0.000023426
dwt2d: 0.001978258
dwt2d: 0.000091350
sha256_with_key: 0.000039814
sha512_with_key: 0.000035389
xor_with_sha_key_numba: 0.000029907
xor_with_sha_key: 0.000068869
xor_with_sha_key_numba: 0.000057314
xor_with_sha_key: 0.000077480
aes_encrypt: 0.000179737
_se_encrypt: 0.002698208
itr_count: 180
_get_2d_array: 0.000024092
dwt2d: 0.000294124
dwt2d: 0.000075017
sha256_with_key: 0.000027963
sha512_with_key: 0.000029129
xor_with_sha_key_numba: 0.000023703
xor_with_sha_key: 0.000051369
xor_with_sha_key_numba: 0.000053036
xor_with_sha_key: 0.000073518
aes_encrypt: 0.000137960
_se_encrypt: 0.000868262
itr_count: 181
_get_2d_array: 0.000018185
dwt2d: 0.000249181
dwt2d: 0.000074758
sha256_with_key: 0.000025184
sha512_with_key: 0.000027630
xor_with_sha_key_numba: 0.000023981
xor_with_sha_key: 0.000049443
xor_with_sha_key_numba: 0.000053147
xor_with_sha_key: 0.000074610
aes_encrypt: 0.000118108
_se_encrypt: 0.000786115
itr_count: 182
_get_2d_array: 0.000017722
dwt2d: 0.000244847
dwt2d: 0.000072147
sha256_with_key: 0.000023666
sha512_with_key: 0.000028444
xor_with_sha_key_numba: 0.000023833
xor_with_sha_key: 0.000048314
xor_with_sha_key_numba: 0.000053147
xor_with_sha_key: 0.000074813
aes_encrypt: 0.000119350
_se_encrypt: 0.000776003
itr_count: 183
_get_2d_array: 0.000018129
dwt2d: 0.000222421
dwt2d: 0.000096554
sha256_with_key: 0.000025574
sha512_with_key: 0.000027926
xor_with_sha_key_numba: 0.000023685
xor_with_sha_key: 0.000048907
xor_with_sha_key_numba: 0.000102368
xor_with_sha_key: 0.000124997
aes_encrypt: 0.000131497
_se_encrypt: 0.000871132
itr_count: 184
_get_2d_array: 0.000020499
dwt2d: 0.000229884
dwt2d: 0.000072498
sha256_with_key: 0.000022425
sha512_with_key: 0.000029444
xor_with_sha_key_numba: 0.000023999
xor_with_sha_key: 0.000048017
xor_with_sha_key_numba: 0.000088536
xor_with_sha_key: 0.000110960
aes_encrypt: 0.000129682
_se_encrypt: 0.000865742
itr_count: 185
_get_2d_array: 0.000018444
dwt2d: 0.000271754
dwt2d: 0.000073832
sha256_with_key: 0.000024277
sha512_with_key: 0.000048648
xor_with_sha_key_numba: 0.000024277
xor_with_sha_key: 0.000049814
xor_with_sha_key_numba: 0.000072720
xor_with_sha_key: 0.000094647
aes_encrypt: 0.000124701
_se_encrypt: 0.000858150
itr_count: 186
_get_2d_array: 0.000019277
dwt2d: 0.000228829
dwt2d: 0.000075332
sha256_with_key: 0.000024333
sha512_with_key: 0.000027185
xor_with_sha_key_numba: 0.000023759
xor_with_sha_key: 0.000046610
xor_with_sha_key_numba: 0.000080332
xor_with_sha_key: 0.000124664
aes_encrypt: 0.000123202
_se_encrypt: 0.000840355
itr_count: 187
_get_2d_array: 0.000017481
dwt2d: 0.000240014
dwt2d: 0.000073702
sha256_with_key: 0.000022351
sha512_with_key: 0.000027981
xor_with_sha_key_numba: 0.000022833
xor_with_sha_key: 0.000045980
xor_with_sha_key_numba: 0.000085425
xor_with_sha_key: 0.000108906
aes_encrypt: 0.000120109
_se_encrypt: 0.000842391
itr_count: 188
_get_2d_array: 0.000017315
dwt2d: 0.000233551
dwt2d: 0.000074240
sha256_with_key: 0.000023629
sha512_with_key: 0.000028370
xor_with_sha_key_numba: 0.000021888
xor_with_sha_key: 0.000044721
xor_with_sha_key_numba: 0.000078295
xor_with_sha_key: 0.000102072
aes_encrypt: 0.000137923
_se_encrypt: 0.000826040
itr_count: 189
_get_2d_array: 0.000016962
dwt2d: 0.000217052
dwt2d: 0.000072721
sha256_with_key: 0.000021184
sha512_with_key: 0.000027370
xor_with_sha_key_numba: 0.000022981
xor_with_sha_key: 0.000045258
xor_with_sha_key_numba: 0.000080276
xor_with_sha_key: 0.000103739
aes_encrypt: 0.000115887
_se_encrypt: 0.000785670
itr_count: 190
_get_2d_array: 0.000016555
dwt2d: 0.000220514
dwt2d: 0.000073665
sha256_with_key: 0.000022185
sha512_with_key: 0.000028000
xor_with_sha_key_numba: 0.000022314
xor_with_sha_key: 0.000045110
xor_with_sha_key_numba: 0.000078665
xor_with_sha_key: 0.000104535
aes_encrypt: 0.000118054
_se_encrypt: 0.000818614
itr_count: 191
_get_2d_array: 0.000017481
dwt2d: 0.000242310
dwt2d: 0.000070906
sha256_with_key: 0.000024037
sha512_with_key: 0.000028666
xor_with_sha_key_numba: 0.000022500
xor_with_sha_key: 0.000045258
xor_with_sha_key_numba: 0.000078499
xor_with_sha_key: 0.000102109
aes_encrypt: 0.000116535
_se_encrypt: 0.000823744
itr_count: 192
_get_2d_array: 0.000016073
dwt2d: 0.000221144
dwt2d: 0.000118609
sha256_with_key: 0.000024036
sha512_with_key: 0.000028314
xor_with_sha_key_numba: 0.000022704
xor_with_sha_key: 0.000045388
xor_with_sha_key_numba: 0.000083795
xor_with_sha_key: 0.000107461
aes_encrypt: 0.000122960
_se_encrypt: 0.000851114
itr_count: 193
_get_2d_array: 0.000016870
dwt2d: 0.000222588
dwt2d: 0.000072258
sha256_with_key: 0.000020851
sha512_with_key: 0.000029573
xor_with_sha_key_numba: 0.000023407
xor_with_sha_key: 0.000045925
xor_with_sha_key_numba: 0.000094702
xor_with_sha_key: 0.000116368
aes_encrypt: 0.000117331
_se_encrypt: 0.000807892
itr_count: 194
_get_2d_array: 0.000016778
dwt2d: 0.000222478
dwt2d: 0.000073869
sha256_with_key: 0.000021147
sha512_with_key: 0.000025981
xor_with_sha_key_numba: 0.000022167
xor_with_sha_key: 0.000043833
xor_with_sha_key_numba: 0.000131664
xor_with_sha_key: 0.000154182
aes_encrypt: 0.000117220
_se_encrypt: 0.000817374
itr_count: 195
_get_2d_array: 0.000019611
dwt2d: 0.000226329
dwt2d: 0.000071091
sha256_with_key: 0.000022759
sha512_with_key: 0.000027962
xor_with_sha_key_numba: 0.000022389
xor_with_sha_key: 0.000044722
xor_with_sha_key_numba: 0.000080924
xor_with_sha_key: 0.000103368
aes_encrypt: 0.000121368
_se_encrypt: 0.000817114
itr_count: 196
_get_2d_array: 0.000017944
dwt2d: 0.000219699
dwt2d: 0.000073073
sha256_with_key: 0.000020963
sha512_with_key: 0.000026240
xor_with_sha_key_numba: 0.000022221
xor_with_sha_key: 0.000044425
xor_with_sha_key_numba: 0.000078795
xor_with_sha_key: 0.000101443
aes_encrypt: 0.000112257
_se_encrypt: 0.000776077
itr_count: 197
_get_2d_array: 0.000017000
dwt2d: 0.000219236
dwt2d: 0.000073146
sha256_with_key: 0.000022185
sha512_with_key: 0.000025499
xor_with_sha_key_numba: 0.000022889
xor_with_sha_key: 0.000044610
xor_with_sha_key_numba: 0.000079591
xor_with_sha_key: 0.000102905
aes_encrypt: 0.000111368
_se_encrypt: 0.000778263
itr_count: 198
_get_2d_array: 0.000017796
dwt2d: 0.000235162
dwt2d: 0.000071443
sha256_with_key: 0.000021926
sha512_with_key: 0.000025759
xor_with_sha_key_numba: 0.000023610
xor_with_sha_key: 0.000046407
xor_with_sha_key_numba: 0.000091405
xor_with_sha_key: 0.000116295
aes_encrypt: 0.000132238
_se_encrypt: 0.000856429
itr_count: 199
_get_2d_array: 0.000019852
dwt2d: 0.000270736
dwt2d: 0.000072257
sha256_with_key: 0.000026296
sha512_with_key: 0.000029518
xor_with_sha_key_numba: 0.000023111
xor_with_sha_key: 0.000047963
xor_with_sha_key_numba: 0.000079646
xor_with_sha_key: 0.000103498
aes_encrypt: 0.000131201
_se_encrypt: 0.000875225
itr_count: 200
_get_2d_array: 0.000018296
dwt2d: 0.000224570
dwt2d: 0.000092387
sha256_with_key: 0.000024222
sha512_with_key: 0.000028351
xor_with_sha_key_numba: 0.000023963
xor_with_sha_key: 0.000047000
xor_with_sha_key_numba: 0.000085998
xor_with_sha_key: 0.000109164
aes_encrypt: 0.000125646
_se_encrypt: 0.000857725
itr_count: 201
_get_2d_array: 0.000019185
dwt2d: 0.000222181
dwt2d: 0.000072184
sha256_with_key: 0.000024333
sha512_with_key: 0.000027981
xor_with_sha_key_numba: 0.000024703
xor_with_sha_key: 0.000048295
xor_with_sha_key_numba: 0.000086480
xor_with_sha_key: 0.000111294
aes_encrypt: 0.000119498
_se_encrypt: 0.000833762
itr_count: 202
_get_2d_array: 0.000019000
dwt2d: 0.000224237
dwt2d: 0.000073850
sha256_with_key: 0.000022685
sha512_with_key: 0.000027240
xor_with_sha_key_numba: 0.000023444
xor_with_sha_key: 0.000050351
xor_with_sha_key_numba: 0.000077554
xor_with_sha_key: 0.000102405
aes_encrypt: 0.000120238
_se_encrypt: 0.000836096
itr_count: 203
_get_2d_array: 0.000017777
dwt2d: 0.000234663
dwt2d: 0.000073684
sha256_with_key: 0.000024148
sha512_with_key: 0.000028758
xor_with_sha_key_numba: 0.000022185
xor_with_sha_key: 0.000044240
xor_with_sha_key_numba: 0.000079647
xor_with_sha_key: 0.000127349
aes_encrypt: 0.000148664
_se_encrypt: 0.000955111
itr_count: 204
_get_2d_array: 0.000021111
dwt2d: 0.002183865
dwt2d: 0.000759171
sha256_with_key: 0.000038740
sha512_with_key: 0.000034110
xor_with_sha_key_numba: 0.000029111
xor_with_sha_key: 0.000065813
xor_with_sha_key_numba: 0.000089905
xor_with_sha_key: 0.000113183
aes_encrypt: 0.000200404
_se_encrypt: 0.003618413
itr_count: 205
_get_2d_array: 0.000023685
dwt2d: 0.000230736
dwt2d: 0.000072054
sha256_with_key: 0.000026259
sha512_with_key: 0.000030092
xor_with_sha_key_numba: 0.000023222
xor_with_sha_key: 0.000047610
xor_with_sha_key_numba: 0.000085591
xor_with_sha_key: 0.000109980
aes_encrypt: 0.000127183
_se_encrypt: 0.000839743
itr_count: 206
_get_2d_array: 0.000020704
dwt2d: 0.000220977
dwt2d: 0.000073073
sha256_with_key: 0.000023148
sha512_with_key: 0.000028148
xor_with_sha_key_numba: 0.000021704
xor_with_sha_key: 0.000044980
xor_with_sha_key_numba: 0.000105702
xor_with_sha_key: 0.000130868
aes_encrypt: 0.000123331
_se_encrypt: 0.000831410
itr_count: 207
_get_2d_array: 0.000016740
dwt2d: 0.000236773
dwt2d: 0.000070776
sha256_with_key: 0.000024851
sha512_with_key: 0.000028518
xor_with_sha_key_numba: 0.000022481
xor_with_sha_key: 0.000046333
xor_with_sha_key_numba: 0.000077647
xor_with_sha_key: 0.000101609
aes_encrypt: 0.000118090
_se_encrypt: 0.000808966
itr_count: 208
_get_2d_array: 0.000017203
dwt2d: 0.000337179
dwt2d: 0.000072331
sha256_with_key: 0.000026999
sha512_with_key: 0.000029851
xor_with_sha_key_numba: 0.000024870
xor_with_sha_key: 0.000050369
xor_with_sha_key_numba: 0.000079406
xor_with_sha_key: 0.000105572
aes_encrypt: 0.000130330
_se_encrypt: 0.000946722
itr_count: 209
_get_2d_array: 0.000018481
dwt2d: 0.000243162
dwt2d: 0.000073980
sha256_with_key: 0.000024370
sha512_with_key: 0.000027222
xor_with_sha_key_numba: 0.000023277
xor_with_sha_key: 0.000047388
xor_with_sha_key_numba: 0.000087535
xor_with_sha_key: 0.000111461
aes_encrypt: 0.000120442
_se_encrypt: 0.000833539
itr_count: 210
_get_2d_array: 0.000018907
dwt2d: 0.000219866
dwt2d: 0.000091331
sha256_with_key: 0.000022000
sha512_with_key: 0.000027036
xor_with_sha_key_numba: 0.000022815
xor_with_sha_key: 0.000046443
xor_with_sha_key_numba: 0.000078036
xor_with_sha_key: 0.000100294
aes_encrypt: 0.000117257
_se_encrypt: 0.000808855
itr_count: 211
_get_2d_array: 0.000016666
dwt2d: 0.000220662
dwt2d: 0.000070647
sha256_with_key: 0.000021333
sha512_with_key: 0.000026278
xor_with_sha_key_numba: 0.000024370
xor_with_sha_key: 0.000050222
xor_with_sha_key_numba: 0.000078702
xor_with_sha_key: 0.000101961
aes_encrypt: 0.000122980
_se_encrypt: 0.000819559
itr_count: 212
_get_2d_array: 0.000017407
dwt2d: 0.000221792
dwt2d: 0.000071406
sha256_with_key: 0.000022592
sha512_with_key: 0.000027185
xor_with_sha_key_numba: 0.000022296
xor_with_sha_key: 0.000045018
xor_with_sha_key_numba: 0.000095628
xor_with_sha_key: 0.000119701
aes_encrypt: 0.000122572
_se_encrypt: 0.000811169
itr_count: 213
_get_2d_array: 0.000017629
dwt2d: 0.000217959
dwt2d: 0.000070221
sha256_with_key: 0.000022388
sha512_with_key: 0.000025370
xor_with_sha_key_numba: 0.000021851
xor_with_sha_key: 0.000044148
xor_with_sha_key_numba: 0.000086517
xor_with_sha_key: 0.000109849
aes_encrypt: 0.000141201
_se_encrypt: 0.000811391
itr_count: 214
_get_2d_array: 0.000019129
dwt2d: 0.000219329
dwt2d: 0.000070924
sha256_with_key: 0.000023481
sha512_with_key: 0.000027055
xor_with_sha_key_numba: 0.000022036
xor_with_sha_key: 0.000044906
xor_with_sha_key_numba: 0.000078628
xor_with_sha_key: 0.000101479
aes_encrypt: 0.000115831
_se_encrypt: 0.000782523
itr_count: 215
_get_2d_array: 0.000018129
dwt2d: 0.000218737
dwt2d: 0.000069165
sha256_with_key: 0.000022777
sha512_with_key: 0.000027943
xor_with_sha_key_numba: 0.000022407
xor_with_sha_key: 0.000045240
xor_with_sha_key_numba: 0.000079294
xor_with_sha_key: 0.000105442
aes_encrypt: 0.000119090
_se_encrypt: 0.000813096
itr_count: 216
_get_2d_array: 0.000018204
dwt2d: 0.000237477
dwt2d: 0.000069906
sha256_with_key: 0.000023870
sha512_with_key: 0.000026277
xor_with_sha_key_numba: 0.000022499
xor_with_sha_key: 0.000046240
xor_with_sha_key_numba: 0.000079035
xor_with_sha_key: 0.000101609
aes_encrypt: 0.000117331
_se_encrypt: 0.000804243
itr_count: 217
_get_2d_array: 0.000016611
dwt2d: 0.000236125
dwt2d: 0.000071332
sha256_with_key: 0.000021833
sha512_with_key: 0.000026703
xor_with_sha_key_numba: 0.000022444
xor_with_sha_key: 0.000046239
xor_with_sha_key_numba: 0.000076850
xor_with_sha_key: 0.000099924
aes_encrypt: 0.000116016
_se_encrypt: 0.000807707
itr_count: 218
_get_2d_array: 0.000018278
dwt2d: 0.000216718
dwt2d: 0.000070443
sha256_with_key: 0.000022611
sha512_with_key: 0.000026611
xor_with_sha_key_numba: 0.000023333
xor_with_sha_key: 0.000047018
xor_with_sha_key_numba: 0.000099573
xor_with_sha_key: 0.000123665
aes_encrypt: 0.000127498
_se_encrypt: 0.000858391
itr_count: 219
_get_2d_array: 0.000018648
dwt2d: 0.000229903
dwt2d: 0.000071110
sha256_with_key: 0.000022518
sha512_with_key: 0.000026666
xor_with_sha_key_numba: 0.000044591
xor_with_sha_key: 0.000068203
xor_with_sha_key_numba: 0.000095646
xor_with_sha_key: 0.000118627
aes_encrypt: 0.000125442
_se_encrypt: 0.000824836
itr_count: 220
_get_2d_array: 0.000017537
dwt2d: 0.000221181
dwt2d: 0.000073869
sha256_with_key: 0.000021611
sha512_with_key: 0.000026851
xor_with_sha_key_numba: 0.000022406
xor_with_sha_key: 0.000045277
xor_with_sha_key_numba: 0.000105017
xor_with_sha_key: 0.000129572
aes_encrypt: 0.000119739
_se_encrypt: 0.000800689
itr_count: 221
_get_2d_array: 0.000017536
dwt2d: 0.000221070
dwt2d: 0.000069221
sha256_with_key: 0.000022314
sha512_with_key: 0.000026055
xor_with_sha_key_numba: 0.000023684
xor_with_sha_key: 0.000047369
xor_with_sha_key_numba: 0.000086035
xor_with_sha_key: 0.000108035
aes_encrypt: 0.000136683
_se_encrypt: 0.000793541
itr_count: 222
_get_2d_array: 0.000017815
dwt2d: 0.000221718
dwt2d: 0.000069851
sha256_with_key: 0.000022907
sha512_with_key: 0.000026037
xor_with_sha_key_numba: 0.000022721
xor_with_sha_key: 0.000045296
xor_with_sha_key_numba: 0.000102054
xor_with_sha_key: 0.000128664
aes_encrypt: 0.000124294
_se_encrypt: 0.000822021
itr_count: 223
_get_2d_array: 0.000043443
dwt2d: 0.000260440
dwt2d: 0.000073035
sha256_with_key: 0.000025278
sha512_with_key: 0.000029129
xor_with_sha_key_numba: 0.000023463
xor_with_sha_key: 0.000048258
xor_with_sha_key_numba: 0.000072609
xor_with_sha_key: 0.000093164
aes_encrypt: 0.000125998
_se_encrypt: 0.000847317
itr_count: 224
_get_2d_array: 0.000018129
dwt2d: 0.000246217
dwt2d: 0.000071313
sha256_with_key: 0.000024074
sha512_with_key: 0.000027981
xor_with_sha_key_numba: 0.000022907
xor_with_sha_key: 0.000045665
xor_with_sha_key_numba: 0.000078388
xor_with_sha_key: 0.000102109
aes_encrypt: 0.000116961
_se_encrypt: 0.000827596
itr_count: 225
_get_2d_array: 0.000016519
dwt2d: 0.000236181
dwt2d: 0.000070851
sha256_with_key: 0.000024166
sha512_with_key: 0.000028629
xor_with_sha_key_numba: 0.000022611
xor_with_sha_key: 0.000046128
xor_with_sha_key_numba: 0.000079332
xor_with_sha_key: 0.000103128
aes_encrypt: 0.000114442
_se_encrypt: 0.000805966
itr_count: 226
_get_2d_array: 0.000017593
dwt2d: 0.000224292
dwt2d: 0.000071073
sha256_with_key: 0.000021519
sha512_with_key: 0.000028814
xor_with_sha_key_numba: 0.000023666
xor_with_sha_key: 0.000047333
xor_with_sha_key_numba: 0.000081350
xor_with_sha_key: 0.000105257
aes_encrypt: 0.000115702
_se_encrypt: 0.000816744
itr_count: 227
_get_2d_array: 0.000017185
dwt2d: 0.000217477
dwt2d: 0.000070887
sha256_with_key: 0.000023907
sha512_with_key: 0.000028092
xor_with_sha_key_numba: 0.000022999
xor_with_sha_key: 0.000045591
xor_with_sha_key_numba: 0.000086351
xor_with_sha_key: 0.000112831
aes_encrypt: 0.000114924
_se_encrypt: 0.000815688
itr_count: 228
_get_2d_array: 0.000016555
dwt2d: 0.000220347
dwt2d: 0.000069961
sha256_with_key: 0.000022870
sha512_with_key: 0.000029277
xor_with_sha_key_numba: 0.000022241
xor_with_sha_key: 0.000045185
xor_with_sha_key_numba: 0.000079035
xor_with_sha_key: 0.000120202
aes_encrypt: 0.000115035
_se_encrypt: 0.000809670
itr_count: 229
_get_2d_array: 0.000016648
dwt2d: 0.000219570
dwt2d: 0.000070869
sha256_with_key: 0.000022203
sha512_with_key: 0.000027777
xor_with_sha_key_numba: 0.000023925
xor_with_sha_key: 0.000050165
xor_with_sha_key_numba: 0.000081276
xor_with_sha_key: 0.000106183
aes_encrypt: 0.000175552
_se_encrypt: 0.000955704
itr_count: 230
_get_2d_array: 0.000023426
dwt2d: 0.001088146
dwt2d: 0.000078961
sha256_with_key: 0.000035721
sha512_with_key: 0.000034055
xor_with_sha_key_numba: 0.000026962
xor_with_sha_key: 0.000059758
xor_with_sha_key_numba: 0.000081406
xor_with_sha_key: 0.000106609
aes_encrypt: 0.000195589
_se_encrypt: 0.001838576
itr_count: 231
_get_2d_array: 0.000024925
dwt2d: 0.000479306
dwt2d: 0.000075443
sha256_with_key: 0.000031740
sha512_with_key: 0.000032111
xor_with_sha_key_numba: 0.000024777
xor_with_sha_key: 0.000053202
xor_with_sha_key_numba: 0.000093757
xor_with_sha_key: 0.000126497
aes_encrypt: 0.000160015
_se_encrypt: 0.001250791
itr_count: 232
_get_2d_array: 0.000022037
dwt2d: 0.000238385
dwt2d: 0.000075351
sha256_with_key: 0.000029129
sha512_with_key: 0.000030278
xor_with_sha_key_numba: 0.000043758
xor_with_sha_key: 0.000068999
xor_with_sha_key_numba: 0.000078535
xor_with_sha_key: 0.000102591
aes_encrypt: 0.000127738
_se_encrypt: 0.000876150
itr_count: 233
_get_2d_array: 0.000018722
dwt2d: 0.000230329
dwt2d: 0.000072388
sha256_with_key: 0.000024721
sha512_with_key: 0.000027926
xor_with_sha_key_numba: 0.000022759
xor_with_sha_key: 0.000046611
xor_with_sha_key_numba: 0.000096424
xor_with_sha_key: 0.000122701
aes_encrypt: 0.000126461
_se_encrypt: 0.000840650
itr_count: 234
_get_2d_array: 0.000019073
dwt2d: 0.000229829
dwt2d: 0.000073109
sha256_with_key: 0.000024259
sha512_with_key: 0.000028315
xor_with_sha_key_numba: 0.000022777
xor_with_sha_key: 0.000046240
xor_with_sha_key_numba: 0.000079665
xor_with_sha_key: 0.000103443
aes_encrypt: 0.000157275
_se_encrypt: 0.000853373
itr_count: 235
_get_2d_array: 0.000019352
dwt2d: 0.000226514
dwt2d: 0.000073832
sha256_with_key: 0.000026685
sha512_with_key: 0.000029907
xor_with_sha_key_numba: 0.000023555
xor_with_sha_key: 0.000046888
xor_with_sha_key_numba: 0.000087980
xor_with_sha_key: 0.000113091
aes_encrypt: 0.000146849
_se_encrypt: 0.000858743
itr_count: 236
_get_2d_array: 0.000017426
dwt2d: 0.000217274
dwt2d: 0.000070962
sha256_with_key: 0.000023777
sha512_with_key: 0.000027796
xor_with_sha_key_numba: 0.000022500
xor_with_sha_key: 0.000045777
xor_with_sha_key_numba: 0.000078591
xor_with_sha_key: 0.000101776
aes_encrypt: 0.000112164
_se_encrypt: 0.000784652
itr_count: 237
_get_2d_array: 0.000016482
dwt2d: 0.000242495
dwt2d: 0.000073332
sha256_with_key: 0.000023296
sha512_with_key: 0.000026944
xor_with_sha_key_numba: 0.000022666
xor_with_sha_key: 0.000045739
xor_with_sha_key_numba: 0.000078332
xor_with_sha_key: 0.000100350
aes_encrypt: 0.000114368
_se_encrypt: 0.000807725
itr_count: 238
_get_2d_array: 0.000017056
dwt2d: 0.000236088
dwt2d: 0.000071498
sha256_with_key: 0.000021796
sha512_with_key: 0.000027388
xor_with_sha_key_numba: 0.000023315
xor_with_sha_key: 0.000047388
xor_with_sha_key_numba: 0.000078832
xor_with_sha_key: 0.000101406
aes_encrypt: 0.000118683
_se_encrypt: 0.000806837
itr_count: 239
_get_2d_array: 0.000018870
dwt2d: 0.000218681
dwt2d: 0.000090072
sha256_with_key: 0.000022722
sha512_with_key: 0.000027333
xor_with_sha_key_numba: 0.000022814
xor_with_sha_key: 0.000047258
xor_with_sha_key_numba: 0.000103998
xor_with_sha_key: 0.000128535
aes_encrypt: 0.000121702
_se_encrypt: 0.000853002
itr_count: 240
_get_2d_array: 0.000018666
dwt2d: 0.000228421
dwt2d: 0.000068814
sha256_with_key: 0.000023055
sha512_with_key: 0.000028703
xor_with_sha_key_numba: 0.000024740
xor_with_sha_key: 0.000047648
xor_with_sha_key_numba: 0.000078980
xor_with_sha_key: 0.000102294
aes_encrypt: 0.000118868
_se_encrypt: 0.000825392
itr_count: 241
_get_2d_array: 0.000016185
dwt2d: 0.000215663
dwt2d: 0.000070202
sha256_with_key: 0.000023073
sha512_with_key: 0.000027148
xor_with_sha_key_numba: 0.000022333
xor_with_sha_key: 0.000045221
xor_with_sha_key_numba: 0.000085961
xor_with_sha_key: 0.000227218
aes_encrypt: 0.000132553
_se_encrypt: 0.000919130
itr_count: 242
_get_2d_array: 0.000020296
dwt2d: 0.000223662
dwt2d: 0.000071517
sha256_with_key: 0.000026536
sha512_with_key: 0.000028463
xor_with_sha_key_numba: 0.000022222
xor_with_sha_key: 0.000045443
xor_with_sha_key_numba: 0.000101165
xor_with_sha_key: 0.000126313
aes_encrypt: 0.000127849
_se_encrypt: 0.000891334
itr_count: 243
_get_2d_array: 0.000018778
dwt2d: 0.000226144
dwt2d: 0.000071962
sha256_with_key: 0.000025129
sha512_with_key: 0.000030314
xor_with_sha_key_numba: 0.000023389
xor_with_sha_key: 0.000048370
xor_with_sha_key_numba: 0.000110628
xor_with_sha_key: 0.000135738
aes_encrypt: 0.000126090
_se_encrypt: 0.000832299
itr_count: 244
_get_2d_array: 0.000017981
dwt2d: 0.000224773
dwt2d: 0.000070573
sha256_with_key: 0.000024759
sha512_with_key: 0.000029537
xor_with_sha_key_numba: 0.000023204
xor_with_sha_key: 0.000045869
xor_with_sha_key_numba: 0.000087203
xor_with_sha_key: 0.000109331
aes_encrypt: 0.000151182
_se_encrypt: 0.000826651
itr_count: 245
_get_2d_array: 0.000018148
dwt2d: 0.000235829
dwt2d: 0.000071573
sha256_with_key: 0.000024036
sha512_with_key: 0.000028222
xor_with_sha_key_numba: 0.000023629
xor_with_sha_key: 0.000048313
xor_with_sha_key_numba: 0.000080850
xor_with_sha_key: 0.000101683
aes_encrypt: 0.000115368
_se_encrypt: 0.000788744
itr_count: 246
_get_2d_array: 0.000020629
dwt2d: 0.000212792
dwt2d: 0.000072906
sha256_with_key: 0.000022796
sha512_with_key: 0.000026703
xor_with_sha_key_numba: 0.000022499
xor_with_sha_key: 0.000045517
xor_with_sha_key_numba: 0.000078961
xor_with_sha_key: 0.000101498
aes_encrypt: 0.000116498
_se_encrypt: 0.000787114
itr_count: 247
_get_2d_array: 0.000016463
dwt2d: 0.000301734
dwt2d: 0.000071925
sha256_with_key: 0.000023981
sha512_with_key: 0.000028685
xor_with_sha_key_numba: 0.000024073
xor_with_sha_key: 0.000049906
xor_with_sha_key_numba: 0.000073666
xor_with_sha_key: 0.000096443
aes_encrypt: 0.000129423
_se_encrypt: 0.000867206
itr_count: 248
_get_2d_array: 0.000018148
dwt2d: 0.000245643
dwt2d: 0.000074999
sha256_with_key: 0.000023388
sha512_with_key: 0.000027351
xor_with_sha_key_numba: 0.000023351
xor_with_sha_key: 0.000046573
xor_with_sha_key_numba: 0.000079980
xor_with_sha_key: 0.000102683
aes_encrypt: 0.000121849
_se_encrypt: 0.000830539
itr_count: 249
_get_2d_array: 0.000018925
dwt2d: 0.000222589
dwt2d: 0.000091609
sha256_with_key: 0.000023259
sha512_with_key: 0.000026888
xor_with_sha_key_numba: 0.000023222
xor_with_sha_key: 0.000046795
xor_with_sha_key_numba: 0.000087610
xor_with_sha_key: 0.000110220
aes_encrypt: 0.000117276
_se_encrypt: 0.000818039
itr_count: 250
_get_2d_array: 0.000018222
dwt2d: 0.000235236
dwt2d: 0.000070388
sha256_with_key: 0.000022037
sha512_with_key: 0.000026740
xor_with_sha_key_numba: 0.000023926
xor_with_sha_key: 0.000050388
xor_with_sha_key_numba: 0.000077295
xor_with_sha_key: 0.000100591
aes_encrypt: 0.000121627
_se_encrypt: 0.000823503
itr_count: 251
_get_2d_array: 0.000018333
dwt2d: 0.000221032
dwt2d: 0.000071739
sha256_with_key: 0.000023722
sha512_with_key: 0.000027537
xor_with_sha_key_numba: 0.000022204
xor_with_sha_key: 0.000044573
xor_with_sha_key_numba: 0.000108072
xor_with_sha_key: 0.000131979
aes_encrypt: 0.000121368
_se_encrypt: 0.000823521
itr_count: 252
_get_2d_array: 0.000018019
dwt2d: 0.000220847
dwt2d: 0.000070906
sha256_with_key: 0.000021555
sha512_with_key: 0.000026110
xor_with_sha_key_numba: 0.000039962
xor_with_sha_key: 0.000064314
xor_with_sha_key_numba: 0.000077850
xor_with_sha_key: 0.000100610
aes_encrypt: 0.000140053
_se_encrypt: 0.000815800
itr_count: 253
_get_2d_array: 0.000017611
dwt2d: 0.000217941
dwt2d: 0.000071814
sha256_with_key: 0.000023369
sha512_with_key: 0.000026425
xor_with_sha_key_numba: 0.000022740
xor_with_sha_key: 0.000045203
xor_with_sha_key_numba: 0.000085777
xor_with_sha_key: 0.000108868
aes_encrypt: 0.000112887
_se_encrypt: 0.000783689
itr_count: 254
_get_2d_array: 0.000017833
dwt2d: 0.000219144
dwt2d: 0.000075054
sha256_with_key: 0.000022796
sha512_with_key: 0.000026703
xor_with_sha_key_numba: 0.000022537
xor_with_sha_key: 0.000045462
xor_with_sha_key_numba: 0.000081388
xor_with_sha_key: 0.000105998
aes_encrypt: 0.000118923
_se_encrypt: 0.000816189
itr_count: 255
_get_2d_array: 0.000048110
dwt2d: 0.001548267
dwt2d: 0.000086554
sha256_with_key: 0.000038647
sha512_with_key: 0.000033352
xor_with_sha_key_numba: 0.000027332
xor_with_sha_key: 0.000062036
xor_with_sha_key_numba: 0.000146182
xor_with_sha_key: 0.000171089
aes_encrypt: 0.000175441
_se_encrypt: 0.002360048
itr_count: 256
_get_2d_array: 0.000023888
dwt2d: 0.000258124
dwt2d: 0.000073091
sha256_with_key: 0.000028629
sha512_with_key: 0.000030795
xor_with_sha_key_numba: 0.000023332
xor_with_sha_key: 0.000048332
xor_with_sha_key_numba: 0.000076924
xor_with_sha_key: 0.000100294
aes_encrypt: 0.000131534
_se_encrypt: 0.000870668
encrypt: 11.155254638
Buffer: 640
itr_count: 0
_get_2d_array: 0.000094628
dwt2d: 0.007912183
dwt2d: 0.001121461
sha256_with_key: 0.000267736
sha512_with_key: 0.000433844
xor_with_sha_key_numba: 0.000447732
xor_with_sha_key: 0.000539675
xor_with_sha_key_numba: 0.001502916
xor_with_sha_key: 0.001686320
aes_encrypt: 0.000852594
_se_encrypt: 0.014516149
itr_count: 1
_get_2d_array: 0.000045018
dwt2d: 0.003821057
dwt2d: 0.000946963
sha256_with_key: 0.000205181
sha512_with_key: 0.000415215
xor_with_sha_key_numba: 0.000313771
xor_with_sha_key: 0.000395826
xor_with_sha_key_numba: 0.001650561
xor_with_sha_key: 0.001883686
aes_encrypt: 0.000697505
_se_encrypt: 0.009892571
itr_count: 2
_get_2d_array: 0.000040222
dwt2d: 0.003578987
dwt2d: 0.000963815
sha256_with_key: 0.000207718
sha512_with_key: 0.000376548
xor_with_sha_key_numba: 0.000311791
xor_with_sha_key: 0.000397159
xor_with_sha_key_numba: 0.001272420
xor_with_sha_key: 0.001461361
aes_encrypt: 0.000583100
_se_encrypt: 0.009138030
itr_count: 3
_get_2d_array: 0.000041832
dwt2d: 0.003890129
dwt2d: 0.000940538
sha256_with_key: 0.000208792
sha512_with_key: 0.000413715
xor_with_sha_key_numba: 0.000312217
xor_with_sha_key: 0.000397122
xor_with_sha_key_numba: 0.001693745
xor_with_sha_key: 0.001874150
aes_encrypt: 0.000638673
_se_encrypt: 0.009870886
itr_count: 4
_get_2d_array: 0.000039258
dwt2d: 0.003642116
dwt2d: 0.000948185
sha256_with_key: 0.000208793
sha512_with_key: 0.000365493
xor_with_sha_key_numba: 0.000310753
xor_with_sha_key: 0.000397141
xor_with_sha_key_numba: 0.001829706
xor_with_sha_key: 0.002007591
aes_encrypt: 0.000627599
_se_encrypt: 0.009912515
itr_count: 5
_get_2d_array: 0.000043221
dwt2d: 0.003924277
dwt2d: 0.000945778
sha256_with_key: 0.000207848
sha512_with_key: 0.000415344
xor_with_sha_key_numba: 0.000312883
xor_with_sha_key: 0.000397196
xor_with_sha_key_numba: 0.001718542
xor_with_sha_key: 0.001904742
aes_encrypt: 0.000624063
_se_encrypt: 0.009951495
itr_count: 6
_get_2d_array: 0.000040036
dwt2d: 0.003617838
dwt2d: 0.000949944
sha256_with_key: 0.000205903
sha512_with_key: 0.000377141
xor_with_sha_key_numba: 0.000310920
xor_with_sha_key: 0.000398196
xor_with_sha_key_numba: 0.001825947
xor_with_sha_key: 0.002009666
aes_encrypt: 0.000634895
_se_encrypt: 0.009948032
itr_count: 7
_get_2d_array: 0.000043666
dwt2d: 0.003590191
dwt2d: 0.000963352
sha256_with_key: 0.000206144
sha512_with_key: 0.000379252
xor_with_sha_key_numba: 0.000314198
xor_with_sha_key: 0.000398845
xor_with_sha_key_numba: 0.001821206
xor_with_sha_key: 0.002045090
aes_encrypt: 0.000627469
_se_encrypt: 0.009955736
itr_count: 8
_get_2d_array: 0.000038851
dwt2d: 0.003671855
dwt2d: 0.000952000
sha256_with_key: 0.000228422
sha512_with_key: 0.000371567
xor_with_sha_key_numba: 0.000312142
xor_with_sha_key: 0.000393363
xor_with_sha_key_numba: 0.001490879
xor_with_sha_key: 0.001722615
aes_encrypt: 0.000630877
_se_encrypt: 0.009457245
itr_count: 9
_get_2d_array: 0.000039999
dwt2d: 0.003615690
dwt2d: 0.000951130
sha256_with_key: 0.000207514
sha512_with_key: 0.000375326
xor_with_sha_key_numba: 0.000311068
xor_with_sha_key: 0.000396251
xor_with_sha_key_numba: 0.001715282
xor_with_sha_key: 0.001909963
aes_encrypt: 0.000624451
_se_encrypt: 0.009602428
itr_count: 10
_get_2d_array: 0.000041573
dwt2d: 0.003670689
dwt2d: 0.000952278
sha256_with_key: 0.000231977
sha512_with_key: 0.000373197
xor_with_sha_key_numba: 0.000331679
xor_with_sha_key: 0.000420214
xor_with_sha_key_numba: 0.002408991
xor_with_sha_key: 0.002651986
aes_encrypt: 0.000635191
_se_encrypt: 0.010796443
encrypt: 0.295973230
Buffer: 1152
itr_count: 0
_get_2d_array: 0.000098313
dwt2d: 0.020857140
dwt2d: 0.002844743
sha256_with_key: 0.000577175
sha512_with_key: 0.001310641
xor_with_sha_key_numba: 0.001071516
xor_with_sha_key: 0.001266032
xor_with_sha_key_numba: 0.007584281
xor_with_sha_key: 0.008148863
aes_encrypt: 0.001452417
_se_encrypt: 0.042545874
itr_count: 1
_get_2d_array: 0.000056036
dwt2d: 0.012989660
dwt2d: 0.002920167
sha256_with_key: 0.000574285
sha512_with_key: 0.001234143
xor_with_sha_key_numba: 0.001077572
xor_with_sha_key: 0.001280069
xor_with_sha_key_numba: 0.006111069
xor_with_sha_key: 0.006713576
aes_encrypt: 0.001439899
_se_encrypt: 0.032008705
itr_count: 2
_get_2d_array: 0.000100090
dwt2d: 0.012866014
dwt2d: 0.002863593
sha256_with_key: 0.000576508
sha512_with_key: 0.001320493
xor_with_sha_key_numba: 0.001057647
xor_with_sha_key: 0.001173922
xor_with_sha_key_numba: 0.007670650
xor_with_sha_key: 0.008292453
aes_encrypt: 0.001442103
_se_encrypt: 0.033890354
itr_count: 3
_get_2d_array: 0.000065276
dwt2d: 0.012992252
dwt2d: 0.002915167
sha256_with_key: 0.000577340
sha512_with_key: 0.001180015
xor_with_sha_key_numba: 0.001036832
xor_with_sha_key: 0.001228865
xor_with_sha_key_numba: 0.004549728
xor_with_sha_key: 0.005191716
aes_encrypt: 0.001440195
_se_encrypt: 0.030688527
encrypt: 0.344489400
Buffer: 1664
itr_count: 0
_get_2d_array: 0.000061332
dwt2d: 0.049093602
dwt2d: 0.006034478
sha256_with_key: 0.001147922
sha512_with_key: 0.002485064
xor_with_sha_key_numba: 0.002195033
xor_with_sha_key: 0.002524637
xor_with_sha_key_numba: 0.015903567
xor_with_sha_key: 0.016955621
aes_encrypt: 0.002828798
_se_encrypt: 0.097715454
itr_count: 1
_get_2d_array: 0.000059739
dwt2d: 0.043876868
dwt2d: 0.006093088
sha256_with_key: 0.001127775
sha512_with_key: 0.002479027
xor_with_sha_key_numba: 0.002249494
xor_with_sha_key: 0.002619024
xor_with_sha_key_numba: 0.012354561
xor_with_sha_key: 0.013385819
aes_encrypt: 0.002795669
_se_encrypt: 0.082458134
encrypt: 0.387101090
Buffer: 2176
itr_count: 0
_get_2d_array: 0.000065814
dwt2d: 0.140385085
dwt2d: 0.014628980
sha256_with_key: 0.001914482
sha512_with_key: 0.005452137
xor_with_sha_key_numba: 0.005283566
xor_with_sha_key: 0.005786631
xor_with_sha_key_numba: 0.026514032
xor_with_sha_key: 0.028029337
aes_encrypt: 0.004795687
_se_encrypt: 0.228839327
encrypt: 0.425201457
Buffer: 2688
itr_count: 0
_get_2d_array: 0.000074221
dwt2d: 0.315290109
dwt2d: 0.022634884
sha256_with_key: 0.002937592
sha512_with_key: 0.006547005
xor_with_sha_key_numba: 0.008240140
xor_with_sha_key: 0.008989884
xor_with_sha_key_numba: 0.040593968
xor_with_sha_key: 0.042856036
aes_encrypt: 0.007235492
_se_encrypt: 0.446424631
encrypt: 0.767728774
Buffer: 3200
itr_count: 0
_get_2d_array: 0.000068888
dwt2d: 0.503901839
dwt2d: 0.041842574
sha256_with_key: 0.004230272
sha512_with_key: 0.009173344
xor_with_sha_key_numba: 0.011390598
xor_with_sha_key: 0.012394209
xor_with_sha_key_numba: 0.057329132
xor_with_sha_key: 0.060367500
aes_encrypt: 0.010132196
_se_encrypt: 0.697580339
encrypt: 1.170591877
Buffer: 3712
itr_count: 0
_get_2d_array: 0.000066906
dwt2d: 0.722627001
dwt2d: 0.092219228
sha256_with_key: 0.005579431
sha512_with_key: 0.012316488
xor_with_sha_key_numba: 0.015081084
xor_with_sha_key: 0.016312171
xor_with_sha_key_numba: 0.078288623
xor_with_sha_key: 0.082443119
aes_encrypt: 0.013562909
_se_encrypt: 1.019257547
encrypt: 1.623875947
Buffer: 4224
itr_count: 0
_get_2d_array: 0.000068702
dwt2d: 1.023158418
dwt2d: 0.152840079
sha256_with_key: 0.007298565
sha512_with_key: 0.015682591
xor_with_sha_key_numba: 0.019361892
xor_with_sha_key: 0.020864178
xor_with_sha_key_numba: 0.100195006
xor_with_sha_key: 0.105412833
aes_encrypt: 0.017446168
_se_encrypt: 1.434641847
encrypt: 2.251222772
Buffer: 4736
itr_count: 0
_get_2d_array: 0.000069573
dwt2d: 1.326507398
dwt2d: 0.238040080
sha256_with_key: 0.009165327
sha512_with_key: 0.019564629
xor_with_sha_key_numba: 0.024228244
xor_with_sha_key: 0.026131097
xor_with_sha_key_numba: 0.127104609
xor_with_sha_key: 0.135221770
aes_encrypt: 0.022142858
_se_encrypt: 1.892342486
encrypt: 2.295850170
Buffer: 5248
itr_count: 0
_get_2d_array: 0.000071572
dwt2d: 1.671104777
dwt2d: 0.339526075
sha256_with_key: 0.011146586
sha512_with_key: 0.024644256
xor_with_sha_key_numba: 0.029931267
xor_with_sha_key: 0.032193798
xor_with_sha_key_numba: 0.154310099
xor_with_sha_key: 0.162531258
aes_encrypt: 0.026832566
_se_encrypt: 2.408256217
encrypt: 2.911669337
Buffer: 5760
itr_count: 0
_get_2d_array: 0.000071332
dwt2d: 2.058861192
dwt2d: 0.462391488
sha256_with_key: 0.013432265
sha512_with_key: 0.029142783
xor_with_sha_key_numba: 0.035540384
xor_with_sha_key: 0.038226093
xor_with_sha_key_numba: 0.186234391
xor_with_sha_key: 0.195815970
aes_encrypt: 0.031921750
_se_encrypt: 2.997314912
encrypt: 3.600061380
Buffer: 6272
itr_count: 0
_get_2d_array: 0.000069795
dwt2d: 2.548666617
dwt2d: 0.545840195
sha256_with_key: 0.015813757
sha512_with_key: 0.034927509
xor_with_sha_key_numba: 0.043054226
xor_with_sha_key: 0.046375145
xor_with_sha_key_numba: 0.221902951
xor_with_sha_key: 0.233017538
aes_encrypt: 0.038328649
_se_encrypt: 3.658040734
encrypt: 4.380915594
Buffer: 6784
itr_count: 0
_get_2d_array: 0.000071628
dwt2d: 2.970934970
dwt2d: 0.676250145
sha256_with_key: 0.018563096
sha512_with_key: 0.040807530
xor_with_sha_key_numba: 0.049585551
xor_with_sha_key: 0.053103373
xor_with_sha_key_numba: 0.261763547
xor_with_sha_key: 0.336625178
aes_encrypt: 0.044333353
_se_encrypt: 4.375808134
encrypt: 5.231897200
Buffer: 7296
itr_count: 0
_get_2d_array: 0.000071388
dwt2d: 3.546643484
dwt2d: 0.741356618
sha256_with_key: 0.021217565
sha512_with_key: 0.047266800
xor_with_sha_key_numba: 0.057103302
xor_with_sha_key: 0.061247353
xor_with_sha_key_numba: 0.303466303
xor_with_sha_key: 0.390433897
aes_encrypt: 0.050443779
_se_encrypt: 5.123772848
encrypt: 6.108684482
Buffer: 7808
itr_count: 0
_get_2d_array: 0.000070092
dwt2d: 4.280862166
dwt2d: 0.871163974
sha256_with_key: 0.024446396
sha512_with_key: 0.053338394
xor_with_sha_key_numba: 0.065211414
xor_with_sha_key: 0.069675516
xor_with_sha_key_numba: 0.347168917
xor_with_sha_key: 0.446828523
aes_encrypt: 0.057788941
_se_encrypt: 6.106171409
encrypt: 7.214315003