File: 8MB_image.png
aes_encrypt_file: 6.430321466
Buffer: 128
itr_count: 0
_se_encrypt: 0.002233217
itr_count: 1
_se_encrypt: 0.001975294
itr_count: 2
_se_encrypt: 0.002205402
itr_count: 3
_se_encrypt: 0.008866795
itr_count: 4
_se_encrypt: 0.001215339
itr_count: 5
_se_encrypt: 0.000724584
itr_count: 6
_se_encrypt: 0.000695344
itr_count: 7
_se_encrypt: 0.000662438
itr_count: 8
_se_encrypt: 0.000686956
itr_count: 9
_se_encrypt: 0.000700030
itr_count: 10
_se_encrypt: 0.000672141
itr_count: 11
_se_encrypt: 0.000670067
itr_count: 12
_se_encrypt: 0.000685622
itr_count: 13
_se_encrypt: 0.000681345
itr_count: 14
_se_encrypt: 0.000660086
itr_count: 15
_se_encrypt: 0.000674327
itr_count: 16
_se_encrypt: 0.000684271
itr_count: 17
_se_encrypt: 0.000697881
itr_count: 18
_se_encrypt: 0.000664271
itr_count: 19
_se_encrypt: 0.000679660
itr_count: 20
_se_encrypt: 0.000683901
itr_count: 21
_se_encrypt: 0.000699455
itr_count: 22
_se_encrypt: 0.000678549
itr_count: 23
_se_encrypt: 0.000685752
itr_count: 24
_se_encrypt: 0.000681752
itr_count: 25
_se_encrypt: 0.000700659
itr_count: 26
_se_encrypt: 0.000649586
itr_count: 27
_se_encrypt: 0.000662382
itr_count: 28
_se_encrypt: 0.000684992
itr_count: 29
_se_encrypt: 0.000688048
itr_count: 30
_se_encrypt: 0.000637900
itr_count: 31
_se_encrypt: 0.000683326
itr_count: 32
_se_encrypt: 0.000666345
itr_count: 33
_se_encrypt: 0.000677586
itr_count: 34
_se_encrypt: 0.000642123
itr_count: 35
_se_encrypt: 0.000682382
itr_count: 36
_se_encrypt: 0.000673382
itr_count: 37
_se_encrypt: 0.000637956
itr_count: 38
_se_encrypt: 0.000643568
itr_count: 39
_se_encrypt: 0.000681363
itr_count: 40
_se_encrypt: 0.000667160
itr_count: 41
_se_encrypt: 0.000663104
itr_count: 42
_se_encrypt: 0.000659512
itr_count: 43
_se_encrypt: 0.000678160
itr_count: 44
_se_encrypt: 0.000666752
itr_count: 45
_se_encrypt: 0.000659770
itr_count: 46
_se_encrypt: 0.000655660
itr_count: 47
_se_encrypt: 0.000689085
itr_count: 48
_se_encrypt: 0.000648086
itr_count: 49
_se_encrypt: 0.000671252
itr_count: 50
_se_encrypt: 0.000670956
itr_count: 51
_se_encrypt: 0.002707083
itr_count: 52
_se_encrypt: 0.000789084
itr_count: 53
_se_encrypt: 0.000716603
itr_count: 54
_se_encrypt: 0.000663215
itr_count: 55
_se_encrypt: 0.000681382
itr_count: 56
_se_encrypt: 0.000689881
itr_count: 57
_se_encrypt: 0.000651808
itr_count: 58
_se_encrypt: 0.000675974
itr_count: 59
_se_encrypt: 0.000686733
itr_count: 60
_se_encrypt: 0.000674326
itr_count: 61
_se_encrypt: 0.000653956
itr_count: 62
_se_encrypt: 0.000642937
itr_count: 63
_se_encrypt: 0.000673992
itr_count: 64
_se_encrypt: 0.000667345
itr_count: 65
_se_encrypt: 0.000634419
itr_count: 66
_se_encrypt: 0.000664012
itr_count: 67
_se_encrypt: 0.000658974
itr_count: 68
_se_encrypt: 0.000656549
itr_count: 69
_se_encrypt: 0.000678400
itr_count: 70
_se_encrypt: 0.000685827
itr_count: 71
_se_encrypt: 0.000658419
itr_count: 72
_se_encrypt: 0.000633178
itr_count: 73
_se_encrypt: 0.000665752
itr_count: 74
_se_encrypt: 0.000664845
itr_count: 75
_se_encrypt: 0.000676456
itr_count: 76
_se_encrypt: 0.000635253
itr_count: 77
_se_encrypt: 0.000668159
itr_count: 78
_se_encrypt: 0.000663141
itr_count: 79
_se_encrypt: 0.000623567
itr_count: 80
_se_encrypt: 0.000665438
itr_count: 81
_se_encrypt: 0.000661789
itr_count: 82
_se_encrypt: 0.000666086
itr_count: 83
_se_encrypt: 0.000652401
itr_count: 84
_se_encrypt: 0.000664289
itr_count: 85
_se_encrypt: 0.000667271
itr_count: 86
_se_encrypt: 0.000632160
itr_count: 87
_se_encrypt: 0.000665789
itr_count: 88
_se_encrypt: 0.000670529
itr_count: 89
_se_encrypt: 0.000675734
itr_count: 90
_se_encrypt: 0.000643179
itr_count: 91
_se_encrypt: 0.000668344
itr_count: 92
_se_encrypt: 0.000675012
itr_count: 93
_se_encrypt: 0.000675456
itr_count: 94
_se_encrypt: 0.000643586
itr_count: 95
_se_encrypt: 0.000667178
itr_count: 96
_se_encrypt: 0.000675307
itr_count: 97
_se_encrypt: 0.000638974
itr_count: 98
_se_encrypt: 0.000656012
itr_count: 99
_se_encrypt: 0.000656919
itr_count: 100
_se_encrypt: 0.000653623
itr_count: 101
_se_encrypt: 0.000646512
itr_count: 102
_se_encrypt: 0.000677715
itr_count: 103
_se_encrypt: 0.000679067
itr_count: 104
_se_encrypt: 0.000658086
itr_count: 105
_se_encrypt: 0.000679252
itr_count: 106
_se_encrypt: 0.000662937
itr_count: 107
_se_encrypt: 0.000639049
itr_count: 108
_se_encrypt: 0.000651659
itr_count: 109
_se_encrypt: 0.000678845
itr_count: 110
_se_encrypt: 0.000682808
itr_count: 111
_se_encrypt: 0.000649345
itr_count: 112
_se_encrypt: 0.000650919
itr_count: 113
_se_encrypt: 0.000672067
itr_count: 114
_se_encrypt: 0.000671197
itr_count: 115
_se_encrypt: 0.000655827
itr_count: 116
_se_encrypt: 0.000701955
itr_count: 117
_se_encrypt: 0.000687289
itr_count: 118
_se_encrypt: 0.000674530
itr_count: 119
_se_encrypt: 0.000649512
itr_count: 120
_se_encrypt: 0.000698382
itr_count: 121
_se_encrypt: 0.000679289
itr_count: 122
_se_encrypt: 0.000656049
itr_count: 123
_se_encrypt: 0.000636512
itr_count: 124
_se_encrypt: 0.000652364
itr_count: 125
_se_encrypt: 0.000662289
itr_count: 126
_se_encrypt: 0.000642938
itr_count: 127
_se_encrypt: 0.000665641
itr_count: 128
_se_encrypt: 0.000669067
itr_count: 129
_se_encrypt: 0.000662438
itr_count: 130
_se_encrypt: 0.000661974
itr_count: 131
_se_encrypt: 0.000670400
itr_count: 132
_se_encrypt: 0.000661123
itr_count: 133
_se_encrypt: 0.000634049
itr_count: 134
_se_encrypt: 0.000665160
itr_count: 135
_se_encrypt: 0.000636049
itr_count: 136
_se_encrypt: 0.000661530
itr_count: 137
_se_encrypt: 0.000652975
itr_count: 138
_se_encrypt: 0.000661178
itr_count: 139
_se_encrypt: 0.000665141
itr_count: 140
_se_encrypt: 0.000638363
itr_count: 141
_se_encrypt: 0.000672122
itr_count: 142
_se_encrypt: 0.000667234
itr_count: 143
_se_encrypt: 0.000647253
itr_count: 144
_se_encrypt: 0.000666290
itr_count: 145
_se_encrypt: 0.000660234
itr_count: 146
_se_encrypt: 0.000648456
itr_count: 147
_se_encrypt: 0.000618900
itr_count: 148
_se_encrypt: 0.000654845
itr_count: 149
_se_encrypt: 0.000671289
itr_count: 150
_se_encrypt: 0.000658475
itr_count: 151
_se_encrypt: 0.000646049
itr_count: 152
_se_encrypt: 0.000652012
itr_count: 153
_se_encrypt: 0.000654752
itr_count: 154
_se_encrypt: 0.000629994
itr_count: 155
_se_encrypt: 0.000651882
itr_count: 156
_se_encrypt: 0.000662067
itr_count: 157
_se_encrypt: 0.000633345
itr_count: 158
_se_encrypt: 0.000627142
itr_count: 159
_se_encrypt: 0.000650845
itr_count: 160
_se_encrypt: 0.000641345
itr_count: 161
_se_encrypt: 0.000628826
itr_count: 162
_se_encrypt: 0.000650141
itr_count: 163
_se_encrypt: 0.000645530
itr_count: 164
_se_encrypt: 0.000616790
itr_count: 165
_se_encrypt: 0.000647327
itr_count: 166
_se_encrypt: 0.000650437
itr_count: 167
_se_encrypt: 0.000629808
itr_count: 168
_se_encrypt: 0.000633197
itr_count: 169
_se_encrypt: 0.000652290
itr_count: 170
_se_encrypt: 0.000646863
itr_count: 171
_se_encrypt: 0.000635364
itr_count: 172
_se_encrypt: 0.000645882
itr_count: 173
_se_encrypt: 0.000654975
itr_count: 174
_se_encrypt: 0.000635993
itr_count: 175
_se_encrypt: 0.000650364
itr_count: 176
_se_encrypt: 0.000644789
itr_count: 177
_se_encrypt: 0.000618956
itr_count: 178
_se_encrypt: 0.000624900
itr_count: 179
_se_encrypt: 0.000645049
itr_count: 180
_se_encrypt: 0.000641012
itr_count: 181
_se_encrypt: 0.000641326
itr_count: 182
_se_encrypt: 0.000660104
itr_count: 183
_se_encrypt: 0.000646419
itr_count: 184
_se_encrypt: 0.000622957
itr_count: 185
_se_encrypt: 0.000644734
itr_count: 186
_se_encrypt: 0.000641104
itr_count: 187
_se_encrypt: 0.000626975
itr_count: 188
_se_encrypt: 0.000698807
itr_count: 189
_se_encrypt: 0.000662622
itr_count: 190
_se_encrypt: 0.000651197
itr_count: 191
_se_encrypt: 0.000632178
itr_count: 192
_se_encrypt: 0.000647475
itr_count: 193
_se_encrypt: 0.000644993
itr_count: 194
_se_encrypt: 0.000631067
itr_count: 195
_se_encrypt: 0.000643048
itr_count: 196
_se_encrypt: 0.000644586
itr_count: 197
_se_encrypt: 0.000625808
itr_count: 198
_se_encrypt: 0.000650864
itr_count: 199
_se_encrypt: 0.000662419
itr_count: 200
_se_encrypt: 0.000648549
itr_count: 201
_se_encrypt: 0.000627475
itr_count: 202
_se_encrypt: 0.000679344
itr_count: 203
_se_encrypt: 0.000662141
itr_count: 204
_se_encrypt: 0.000627790
itr_count: 205
_se_encrypt: 0.000633289
itr_count: 206
_se_encrypt: 0.000659993
itr_count: 207
_se_encrypt: 0.000620512
itr_count: 208
_se_encrypt: 0.000626197
itr_count: 209
_se_encrypt: 0.000655252
itr_count: 210
_se_encrypt: 0.000661919
itr_count: 211
_se_encrypt: 0.000623012
itr_count: 212
_se_encrypt: 0.000663012
itr_count: 213
_se_encrypt: 0.000663530
itr_count: 214
_se_encrypt: 0.000631642
itr_count: 215
_se_encrypt: 0.000659030
itr_count: 216
_se_encrypt: 0.000657475
itr_count: 217
_se_encrypt: 0.000651752
itr_count: 218
_se_encrypt: 0.000634641
itr_count: 219
_se_encrypt: 0.000654456
itr_count: 220
_se_encrypt: 0.000644085
itr_count: 221
_se_encrypt: 0.000626437
itr_count: 222
_se_encrypt: 0.000656179
itr_count: 223
_se_encrypt: 0.000649716
itr_count: 224
_se_encrypt: 0.000630734
itr_count: 225
_se_encrypt: 0.000654734
itr_count: 226
_se_encrypt: 0.000650215
itr_count: 227
_se_encrypt: 0.000638086
itr_count: 228
_se_encrypt: 0.000626456
itr_count: 229
_se_encrypt: 0.000647919
itr_count: 230
_se_encrypt: 0.000637327
itr_count: 231
_se_encrypt: 0.000633271
itr_count: 232
_se_encrypt: 0.000661956
itr_count: 233
_se_encrypt: 0.000647512
itr_count: 234
_se_encrypt: 0.000621346
itr_count: 235
_se_encrypt: 0.000651993
itr_count: 236
_se_encrypt: 0.000643975
itr_count: 237
_se_encrypt: 0.000617419
itr_count: 238
_se_encrypt: 0.000637753
itr_count: 239
_se_encrypt: 0.000649882
itr_count: 240
_se_encrypt: 0.000653067
itr_count: 241
_se_encrypt: 0.000640974
itr_count: 242
_se_encrypt: 0.000649734
itr_count: 243
_se_encrypt: 0.000664456
itr_count: 244
_se_encrypt: 0.000636068
itr_count: 245
_se_encrypt: 0.000665863
itr_count: 246
_se_encrypt: 0.000706678
itr_count: 247
_se_encrypt: 0.000663993
itr_count: 248
_se_encrypt: 0.000631753
itr_count: 249
_se_encrypt: 0.000660808
itr_count: 250
_se_encrypt: 0.000659289
itr_count: 251
_se_encrypt: 0.000623956
itr_count: 252
_se_encrypt: 0.000657549
itr_count: 253
_se_encrypt: 0.000650660
itr_count: 254
_se_encrypt: 0.000669771
itr_count: 255
_se_encrypt: 0.000632716
itr_count: 256
_se_encrypt: 0.000651252
itr_count: 257
_se_encrypt: 0.003981255
itr_count: 258
_se_encrypt: 0.000709363
itr_count: 259
_se_encrypt: 0.000673622
itr_count: 260
_se_encrypt: 0.000651753
itr_count: 261
_se_encrypt: 0.000677252
itr_count: 262
_se_encrypt: 0.000663400
itr_count: 263
_se_encrypt: 0.000659012
itr_count: 264
_se_encrypt: 0.000641419
itr_count: 265
_se_encrypt: 0.000669882
itr_count: 266
_se_encrypt: 0.000661234
itr_count: 267
_se_encrypt: 0.000637234
itr_count: 268
_se_encrypt: 0.000662289
itr_count: 269
_se_encrypt: 0.000679511
itr_count: 270
_se_encrypt: 0.000673660
itr_count: 271
_se_encrypt: 0.000643623
itr_count: 272
_se_encrypt: 0.000659197
itr_count: 273
_se_encrypt: 0.000664456
itr_count: 274
_se_encrypt: 0.000630308
itr_count: 275
_se_encrypt: 0.000640549
itr_count: 276
_se_encrypt: 0.000659882
itr_count: 277
_se_encrypt: 0.000654159
itr_count: 278
_se_encrypt: 0.000624142
itr_count: 279
_se_encrypt: 0.000667234
itr_count: 280
_se_encrypt: 0.000672733
itr_count: 281
_se_encrypt: 0.000625567
itr_count: 282
_se_encrypt: 0.000665696
itr_count: 283
_se_encrypt: 0.000656827
itr_count: 284
_se_encrypt: 0.000666901
itr_count: 285
_se_encrypt: 0.000631753
itr_count: 286
_se_encrypt: 0.000648697
itr_count: 287
_se_encrypt: 0.000649030
itr_count: 288
_se_encrypt: 0.000625104
itr_count: 289
_se_encrypt: 0.000659419
itr_count: 290
_se_encrypt: 0.000659456
itr_count: 291
_se_encrypt: 0.000623771
itr_count: 292
_se_encrypt: 0.000638475
itr_count: 293
_se_encrypt: 0.000652457
itr_count: 294
_se_encrypt: 0.000644549
itr_count: 295
_se_encrypt: 0.000619494
itr_count: 296
_se_encrypt: 0.000646290
itr_count: 297
_se_encrypt: 0.000647771
itr_count: 298
_se_encrypt: 0.000633753
itr_count: 299
_se_encrypt: 0.000655864
itr_count: 300
_se_encrypt: 0.000657919
itr_count: 301
_se_encrypt: 0.000625290
itr_count: 302
_se_encrypt: 0.000634141
itr_count: 303
_se_encrypt: 0.000655771
itr_count: 304
_se_encrypt: 0.000653604
itr_count: 305
_se_encrypt: 0.000629827
itr_count: 306
_se_encrypt: 0.000646956
itr_count: 307
_se_encrypt: 0.000648012
itr_count: 308
_se_encrypt: 0.000630456
itr_count: 309
_se_encrypt: 0.000645382
itr_count: 310
_se_encrypt: 0.000651511
itr_count: 311
_se_encrypt: 0.000625661
itr_count: 312
_se_encrypt: 0.000618049
itr_count: 313
_se_encrypt: 0.000710715
itr_count: 314
_se_encrypt: 0.000656104
itr_count: 315
_se_encrypt: 0.000619345
itr_count: 316
_se_encrypt: 0.000643715
itr_count: 317
_se_encrypt: 0.000648012
itr_count: 318
_se_encrypt: 0.000622086
itr_count: 319
_se_encrypt: 0.000640382
itr_count: 320
_se_encrypt: 0.000647679
itr_count: 321
_se_encrypt: 0.000619420
itr_count: 322
_se_encrypt: 0.000618141
itr_count: 323
_se_encrypt: 0.000653604
itr_count: 324
_se_encrypt: 0.000641697
itr_count: 325
_se_encrypt: 0.000617049
itr_count: 326
_se_encrypt: 0.000642883
itr_count: 327
_se_encrypt: 0.000644826
itr_count: 328
_se_encrypt: 0.000626697
itr_count: 329
_se_encrypt: 0.000707492
itr_count: 330
_se_encrypt: 0.000666882
itr_count: 331
_se_encrypt: 0.000623512
itr_count: 332
_se_encrypt: 0.000627030
itr_count: 333
_se_encrypt: 0.000648919
itr_count: 334
_se_encrypt: 0.000660622
itr_count: 335
_se_encrypt: 0.000637974
itr_count: 336
_se_encrypt: 0.000654307
itr_count: 337
_se_encrypt: 0.000647382
itr_count: 338
_se_encrypt: 0.000625253
itr_count: 339
_se_encrypt: 0.000654234
itr_count: 340
_se_encrypt: 0.000654012
itr_count: 341
_se_encrypt: 0.000628530
itr_count: 342
_se_encrypt: 0.000653178
itr_count: 343
_se_encrypt: 0.000664604
itr_count: 344
_se_encrypt: 0.000645382
itr_count: 345
_se_encrypt: 0.000627530
itr_count: 346
_se_encrypt: 0.000652956
itr_count: 347
_se_encrypt: 0.000645068
itr_count: 348
_se_encrypt: 0.000625919
itr_count: 349
_se_encrypt: 0.000655048
itr_count: 350
_se_encrypt: 0.000645104
itr_count: 351
_se_encrypt: 0.000639864
itr_count: 352
_se_encrypt: 0.000630086
itr_count: 353
_se_encrypt: 0.000673400
itr_count: 354
_se_encrypt: 0.000702771
itr_count: 355
_se_encrypt: 0.000634641
itr_count: 356
_se_encrypt: 0.000684419
itr_count: 357
_se_encrypt: 0.000677030
itr_count: 358
_se_encrypt: 0.000661938
itr_count: 359
_se_encrypt: 0.000636678
itr_count: 360
_se_encrypt: 0.000649086
itr_count: 361
_se_encrypt: 0.000662438
itr_count: 362
_se_encrypt: 0.000631271
itr_count: 363
_se_encrypt: 0.000655844
itr_count: 364
_se_encrypt: 0.000654363
itr_count: 365
_se_encrypt: 0.000649826
itr_count: 366
_se_encrypt: 0.000625883
itr_count: 367
_se_encrypt: 0.000649753
itr_count: 368
_se_encrypt: 0.000653679
itr_count: 369
_se_encrypt: 0.000632271
itr_count: 370
_se_encrypt: 0.000659067
itr_count: 371
_se_encrypt: 0.000652808
itr_count: 372
_se_encrypt: 0.000627272
itr_count: 373
_se_encrypt: 0.000655789
itr_count: 374
_se_encrypt: 0.000654660
itr_count: 375
_se_encrypt: 0.000644419
itr_count: 376
_se_encrypt: 0.000635234
itr_count: 377
_se_encrypt: 0.000652197
itr_count: 378
_se_encrypt: 0.000642364
itr_count: 379
_se_encrypt: 0.000624271
itr_count: 380
_se_encrypt: 0.000649456
itr_count: 381
_se_encrypt: 0.000644401
itr_count: 382
_se_encrypt: 0.000620104
itr_count: 383
_se_encrypt: 0.000687381
itr_count: 384
_se_encrypt: 0.000656808
itr_count: 385
_se_encrypt: 0.000653863
itr_count: 386
_se_encrypt: 0.000642142
itr_count: 387
_se_encrypt: 0.000668215
itr_count: 388
_se_encrypt: 0.000654179
itr_count: 389
_se_encrypt: 0.000634531
itr_count: 390
_se_encrypt: 0.000647086
itr_count: 391
_se_encrypt: 0.000662919
itr_count: 392
_se_encrypt: 0.000649882
itr_count: 393
_se_encrypt: 0.000640271
itr_count: 394
_se_encrypt: 0.000648753
itr_count: 395
_se_encrypt: 0.000635030
itr_count: 396
_se_encrypt: 0.000622438
itr_count: 397
_se_encrypt: 0.000644715
itr_count: 398
_se_encrypt: 0.000635494
itr_count: 399
_se_encrypt: 0.000622383
itr_count: 400
_se_encrypt: 0.000650568
itr_count: 401
_se_encrypt: 0.000672327
itr_count: 402
_se_encrypt: 0.000623956
itr_count: 403
_se_encrypt: 0.000628771
itr_count: 404
_se_encrypt: 0.000648142
itr_count: 405
_se_encrypt: 0.000646882
itr_count: 406
_se_encrypt: 0.000629919
itr_count: 407
_se_encrypt: 0.000653271
itr_count: 408
_se_encrypt: 0.000646530
itr_count: 409
_se_encrypt: 0.000632660
itr_count: 410
_se_encrypt: 0.000654307
itr_count: 411
_se_encrypt: 0.000658716
itr_count: 412
_se_encrypt: 0.000632438
itr_count: 413
_se_encrypt: 0.000629511
itr_count: 414
_se_encrypt: 0.000661641
itr_count: 415
_se_encrypt: 0.000661030
itr_count: 416
_se_encrypt: 0.000630845
itr_count: 417
_se_encrypt: 0.000655159
itr_count: 418
_se_encrypt: 0.000653567
itr_count: 419
_se_encrypt: 0.000625271
itr_count: 420
_se_encrypt: 0.000650586
itr_count: 421
_se_encrypt: 0.000652827
itr_count: 422
_se_encrypt: 0.000641474
itr_count: 423
_se_encrypt: 0.000634326
itr_count: 424
_se_encrypt: 0.000645456
itr_count: 425
_se_encrypt: 0.000645160
itr_count: 426
_se_encrypt: 0.000620716
itr_count: 427
_se_encrypt: 0.000650308
itr_count: 428
_se_encrypt: 0.000644882
itr_count: 429
_se_encrypt: 0.000627067
itr_count: 430
_se_encrypt: 0.000643141
itr_count: 431
_se_encrypt: 0.000649400
itr_count: 432
_se_encrypt: 0.000622364
itr_count: 433
_se_encrypt: 0.000631364
itr_count: 434
_se_encrypt: 0.000653234
itr_count: 435
_se_encrypt: 0.000646715
itr_count: 436
_se_encrypt: 0.000628253
itr_count: 437
_se_encrypt: 0.000654475
itr_count: 438
_se_encrypt: 0.000643641
itr_count: 439
_se_encrypt: 0.000621401
itr_count: 440
_se_encrypt: 0.000653104
itr_count: 441
_se_encrypt: 0.000649716
itr_count: 442
_se_encrypt: 0.000621660
itr_count: 443
_se_encrypt: 0.000657604
itr_count: 444
_se_encrypt: 0.000685233
itr_count: 445
_se_encrypt: 0.000650141
itr_count: 446
_se_encrypt: 0.000627845
itr_count: 447
_se_encrypt: 0.000660863
itr_count: 448
_se_encrypt: 0.000652308
itr_count: 449
_se_encrypt: 0.000617901
itr_count: 450
_se_encrypt: 0.000641141
itr_count: 451
_se_encrypt: 0.000652512
itr_count: 452
_se_encrypt: 0.000630215
itr_count: 453
_se_encrypt: 0.000625679
itr_count: 454
_se_encrypt: 0.000654530
itr_count: 455
_se_encrypt: 0.000649252
itr_count: 456
_se_encrypt: 0.000627067
itr_count: 457
_se_encrypt: 0.000659381
itr_count: 458
_se_encrypt: 0.000700659
itr_count: 459
_se_encrypt: 0.000637493
itr_count: 460
_se_encrypt: 0.000629530
itr_count: 461
_se_encrypt: 0.000798492
itr_count: 462
_se_encrypt: 0.003514222
itr_count: 463
_se_encrypt: 0.000716529
itr_count: 464
_se_encrypt: 0.000660049
itr_count: 465
_se_encrypt: 0.000792603
itr_count: 466
_se_encrypt: 0.000680271
itr_count: 467
_se_encrypt: 0.000676678
itr_count: 468
_se_encrypt: 0.000644234
itr_count: 469
_se_encrypt: 0.000757955
itr_count: 470
_se_encrypt: 0.000667308
itr_count: 471
_se_encrypt: 0.000665993
itr_count: 472
_se_encrypt: 0.000767955
itr_count: 473
_se_encrypt: 0.000685159
itr_count: 474
_se_encrypt: 0.000693178
itr_count: 475
_se_encrypt: 0.000698604
itr_count: 476
_se_encrypt: 0.000666993
itr_count: 477
_se_encrypt: 0.000672049
itr_count: 478
_se_encrypt: 0.000700715
itr_count: 479
_se_encrypt: 0.000713196
itr_count: 480
_se_encrypt: 0.000715844
itr_count: 481
_se_encrypt: 0.000707622
itr_count: 482
_se_encrypt: 0.000698955
itr_count: 483
_se_encrypt: 0.000698326
itr_count: 484
_se_encrypt: 0.000715363
itr_count: 485
_se_encrypt: 0.000643364
itr_count: 486
_se_encrypt: 0.000658678
itr_count: 487
_se_encrypt: 0.000661234
itr_count: 488
_se_encrypt: 0.000676882
itr_count: 489
_se_encrypt: 0.000648659
itr_count: 490
_se_encrypt: 0.000657252
itr_count: 491
_se_encrypt: 0.000652160
itr_count: 492
_se_encrypt: 0.000634012
itr_count: 493
_se_encrypt: 0.000654530
itr_count: 494
_se_encrypt: 0.000658900
itr_count: 495
_se_encrypt: 0.000628030
itr_count: 496
_se_encrypt: 0.000641900
itr_count: 497
_se_encrypt: 0.000663401
itr_count: 498
_se_encrypt: 0.000658567
itr_count: 499
_se_encrypt: 0.000635882
itr_count: 500
_se_encrypt: 0.000653641
itr_count: 501
_se_encrypt: 0.000665530
itr_count: 502
_se_encrypt: 0.000639346
itr_count: 503
_se_encrypt: 0.000642715
itr_count: 504
_se_encrypt: 0.000664752
itr_count: 505
_se_encrypt: 0.000678549
itr_count: 506
_se_encrypt: 0.000633456
itr_count: 507
_se_encrypt: 0.000662845
itr_count: 508
_se_encrypt: 0.000665493
itr_count: 509
_se_encrypt: 0.000660308
itr_count: 510
_se_encrypt: 0.000647142
itr_count: 511
_se_encrypt: 0.000664215
itr_count: 512
_se_encrypt: 0.000663530
encrypt: 0.430838439
Buffer: 256
itr_count: 0
_se_encrypt: 0.002078422
itr_count: 1
_se_encrypt: 0.001897683
itr_count: 2
_se_encrypt: 0.001878165
itr_count: 3
_se_encrypt: 0.001927184
itr_count: 4
_se_encrypt: 0.001884184
itr_count: 5
_se_encrypt: 0.001866462
itr_count: 6
_se_encrypt: 0.001845870
itr_count: 7
_se_encrypt: 0.001871055
itr_count: 8
_se_encrypt: 0.001855110
itr_count: 9
_se_encrypt: 0.001902146
itr_count: 10
_se_encrypt: 0.001853610
itr_count: 11
_se_encrypt: 0.001898702
itr_count: 12
_se_encrypt: 0.001866425
itr_count: 13
_se_encrypt: 0.001878295
itr_count: 14
_se_encrypt: 0.001883313
itr_count: 15
_se_encrypt: 0.001862944
itr_count: 16
_se_encrypt: 0.001836092
itr_count: 17
_se_encrypt: 0.001781648
itr_count: 18
_se_encrypt: 0.001877499
itr_count: 19
_se_encrypt: 0.001846185
itr_count: 20
_se_encrypt: 0.001844073
itr_count: 21
_se_encrypt: 0.001831333
itr_count: 22
_se_encrypt: 0.001867684
itr_count: 23
_se_encrypt: 0.001875091
itr_count: 24
_se_encrypt: 0.001866777
itr_count: 25
_se_encrypt: 0.001834388
itr_count: 26
_se_encrypt: 0.001833592
itr_count: 27
_se_encrypt: 0.001850554
itr_count: 28
_se_encrypt: 0.001844129
itr_count: 29
_se_encrypt: 0.001835147
itr_count: 30
_se_encrypt: 0.001815592
itr_count: 31
_se_encrypt: 0.001774018
itr_count: 32
_se_encrypt: 0.001790722
itr_count: 33
_se_encrypt: 0.001788685
itr_count: 34
_se_encrypt: 0.001858110
itr_count: 35
_se_encrypt: 0.001879739
itr_count: 36
_se_encrypt: 0.001821017
itr_count: 37
_se_encrypt: 0.001838351
itr_count: 38
_se_encrypt: 0.001817574
itr_count: 39
_se_encrypt: 0.001791981
itr_count: 40
_se_encrypt: 0.001835684
itr_count: 41
_se_encrypt: 0.001818907
itr_count: 42
_se_encrypt: 0.001806129
itr_count: 43
_se_encrypt: 0.001811573
itr_count: 44
_se_encrypt: 0.001845702
itr_count: 45
_se_encrypt: 0.001847202
itr_count: 46
_se_encrypt: 0.001838870
itr_count: 47
_se_encrypt: 0.001824388
itr_count: 48
_se_encrypt: 0.001792481
itr_count: 49
_se_encrypt: 0.001797000
itr_count: 50
_se_encrypt: 0.001875944
itr_count: 51
_se_encrypt: 0.001791093
itr_count: 52
_se_encrypt: 0.001798777
itr_count: 53
_se_encrypt: 0.001778093
itr_count: 54
_se_encrypt: 0.001814463
itr_count: 55
_se_encrypt: 0.001838648
itr_count: 56
_se_encrypt: 0.001783889
itr_count: 57
_se_encrypt: 0.001801796
itr_count: 58
_se_encrypt: 0.001824869
itr_count: 59
_se_encrypt: 0.001850332
itr_count: 60
_se_encrypt: 0.001819537
itr_count: 61
_se_encrypt: 0.001851129
itr_count: 62
_se_encrypt: 0.001800074
itr_count: 63
_se_encrypt: 0.001794555
itr_count: 64
_se_encrypt: 0.001793667
itr_count: 65
_se_encrypt: 0.001821036
itr_count: 66
_se_encrypt: 0.001782203
itr_count: 67
_se_encrypt: 0.001766370
itr_count: 68
_se_encrypt: 0.001772314
itr_count: 69
_se_encrypt: 0.001786073
itr_count: 70
_se_encrypt: 0.001785963
itr_count: 71
_se_encrypt: 0.001852833
itr_count: 72
_se_encrypt: 0.001799944
itr_count: 73
_se_encrypt: 0.001793648
itr_count: 74
_se_encrypt: 0.001793296
itr_count: 75
_se_encrypt: 0.001776037
itr_count: 76
_se_encrypt: 0.001843277
itr_count: 77
_se_encrypt: 0.001793592
itr_count: 78
_se_encrypt: 0.001758222
itr_count: 79
_se_encrypt: 0.001750074
itr_count: 80
_se_encrypt: 0.001793092
itr_count: 81
_se_encrypt: 0.001778352
itr_count: 82
_se_encrypt: 0.001789647
itr_count: 83
_se_encrypt: 0.001791648
itr_count: 84
_se_encrypt: 0.001779926
itr_count: 85
_se_encrypt: 0.001794851
itr_count: 86
_se_encrypt: 0.001788184
itr_count: 87
_se_encrypt: 0.001773277
itr_count: 88
_se_encrypt: 0.001755463
itr_count: 89
_se_encrypt: 0.001767555
itr_count: 90
_se_encrypt: 0.001784407
itr_count: 91
_se_encrypt: 0.001777888
itr_count: 92
_se_encrypt: 0.001780759
itr_count: 93
_se_encrypt: 0.001817203
itr_count: 94
_se_encrypt: 0.001791166
itr_count: 95
_se_encrypt: 0.001777389
itr_count: 96
_se_encrypt: 0.001793870
itr_count: 97
_se_encrypt: 0.001791259
itr_count: 98
_se_encrypt: 0.001813555
itr_count: 99
_se_encrypt: 0.001754370
itr_count: 100
_se_encrypt: 0.001748556
itr_count: 101
_se_encrypt: 0.001769907
itr_count: 102
_se_encrypt: 0.001788555
itr_count: 103
_se_encrypt: 0.001831851
itr_count: 104
_se_encrypt: 0.001785055
itr_count: 105
_se_encrypt: 0.001785000
itr_count: 106
_se_encrypt: 0.001798148
itr_count: 107
_se_encrypt: 0.001780333
itr_count: 108
_se_encrypt: 0.001829629
itr_count: 109
_se_encrypt: 0.001809832
itr_count: 110
_se_encrypt: 0.001755315
itr_count: 111
_se_encrypt: 0.001752333
itr_count: 112
_se_encrypt: 0.001795499
itr_count: 113
_se_encrypt: 0.001790148
itr_count: 114
_se_encrypt: 0.001816425
itr_count: 115
_se_encrypt: 0.001805407
itr_count: 116
_se_encrypt: 0.001790722
itr_count: 117
_se_encrypt: 0.001811166
itr_count: 118
_se_encrypt: 0.001793277
itr_count: 119
_se_encrypt: 0.001803648
itr_count: 120
_se_encrypt: 0.001795204
itr_count: 121
_se_encrypt: 0.001805000
itr_count: 122
_se_encrypt: 0.001803907
itr_count: 123
_se_encrypt: 0.001777777
itr_count: 124
_se_encrypt: 0.001762167
itr_count: 125
_se_encrypt: 0.001765722
itr_count: 126
_se_encrypt: 0.001872684
itr_count: 127
_se_encrypt: 0.001795870
itr_count: 128
_se_encrypt: 0.001754667
encrypt: 0.621453153
Buffer: 384
itr_count: 0
_se_encrypt: 0.014290608
itr_count: 1
_se_encrypt: 0.008570854
itr_count: 2
_se_encrypt: 0.007119369
itr_count: 3
_se_encrypt: 0.003584888
itr_count: 4
_se_encrypt: 0.003574480
itr_count: 5
_se_encrypt: 0.003631572
itr_count: 6
_se_encrypt: 0.003490407
itr_count: 7
_se_encrypt: 0.003539796
itr_count: 8
_se_encrypt: 0.003691627
itr_count: 9
_se_encrypt: 0.003473945
itr_count: 10
_se_encrypt: 0.003582648
itr_count: 11
_se_encrypt: 0.003560092
itr_count: 12
_se_encrypt: 0.003566870
itr_count: 13
_se_encrypt: 0.003652591
itr_count: 14
_se_encrypt: 0.003618758
itr_count: 15
_se_encrypt: 0.003700924
itr_count: 16
_se_encrypt: 0.003629629
itr_count: 17
_se_encrypt: 0.003499722
itr_count: 18
_se_encrypt: 0.003556574
itr_count: 19
_se_encrypt: 0.003593685
itr_count: 20
_se_encrypt: 0.003617647
itr_count: 21
_se_encrypt: 0.003618499
itr_count: 22
_se_encrypt: 0.003583203
itr_count: 23
_se_encrypt: 0.003576389
itr_count: 24
_se_encrypt: 0.003642258
itr_count: 25
_se_encrypt: 0.003481407
itr_count: 26
_se_encrypt: 0.005246556
itr_count: 27
_se_encrypt: 0.003500871
itr_count: 28
_se_encrypt: 0.003535333
itr_count: 29
_se_encrypt: 0.003602240
itr_count: 30
_se_encrypt: 0.003536462
itr_count: 31
_se_encrypt: 0.003451556
itr_count: 32
_se_encrypt: 0.003561906
itr_count: 33
_se_encrypt: 0.003472316
itr_count: 34
_se_encrypt: 0.003503556
itr_count: 35
_se_encrypt: 0.003478279
itr_count: 36
_se_encrypt: 0.003552389
itr_count: 37
_se_encrypt: 0.003521408
itr_count: 38
_se_encrypt: 0.003538870
itr_count: 39
_se_encrypt: 0.003472964
itr_count: 40
_se_encrypt: 0.003610055
itr_count: 41
_se_encrypt: 0.003488704
itr_count: 42
_se_encrypt: 0.003474723
itr_count: 43
_se_encrypt: 0.003463260
itr_count: 44
_se_encrypt: 0.003533740
itr_count: 45
_se_encrypt: 0.003636499
itr_count: 46
_se_encrypt: 0.003497315
itr_count: 47
_se_encrypt: 0.003443427
itr_count: 48
_se_encrypt: 0.003531167
itr_count: 49
_se_encrypt: 0.003575684
itr_count: 50
_se_encrypt: 0.003447057
itr_count: 51
_se_encrypt: 0.003527130
itr_count: 52
_se_encrypt: 0.003521148
itr_count: 53
_se_encrypt: 0.003506685
itr_count: 54
_se_encrypt: 0.003524296
itr_count: 55
_se_encrypt: 0.003470927
itr_count: 56
_se_encrypt: 0.003535056
encrypt: 0.586293954
Buffer: 512
itr_count: 0
_se_encrypt: 0.015870925
itr_count: 1
_se_encrypt: 0.007286924
itr_count: 2
_se_encrypt: 0.006572560
itr_count: 3
_se_encrypt: 0.006386099
itr_count: 4
_se_encrypt: 0.006479691
itr_count: 5
_se_encrypt: 0.006647189
itr_count: 6
_se_encrypt: 0.006626596
itr_count: 7
_se_encrypt: 0.006522450
itr_count: 8
_se_encrypt: 0.006666800
itr_count: 9
_se_encrypt: 0.006391007
itr_count: 10
_se_encrypt: 0.006447913
itr_count: 11
_se_encrypt: 0.006566931
itr_count: 12
_se_encrypt: 0.006566412
itr_count: 13
_se_encrypt: 0.006533153
itr_count: 14
_se_encrypt: 0.006452691
itr_count: 15
_se_encrypt: 0.006532969
itr_count: 16
_se_encrypt: 0.006626541
itr_count: 17
_se_encrypt: 0.006450340
itr_count: 18
_se_encrypt: 0.006620245
itr_count: 19
_se_encrypt: 0.006555968
itr_count: 20
_se_encrypt: 0.006743022
itr_count: 21
_se_encrypt: 0.006579134
itr_count: 22
_se_encrypt: 0.006551820
itr_count: 23
_se_encrypt: 0.006444876
itr_count: 24
_se_encrypt: 0.006401711
itr_count: 25
_se_encrypt: 0.006487672
itr_count: 26
_se_encrypt: 0.006507561
itr_count: 27
_se_encrypt: 0.006562431
itr_count: 28
_se_encrypt: 0.006623764
itr_count: 29
_se_encrypt: 0.006613356
itr_count: 30
_se_encrypt: 0.006560338
itr_count: 31
_se_encrypt: 0.006437895
itr_count: 32
_se_encrypt: 0.006609930
encrypt: 0.577276755
Buffer: 640
itr_count: 0
_se_encrypt: 0.017595389
itr_count: 1
_se_encrypt: 0.009241310
itr_count: 2
_se_encrypt: 0.010535741
itr_count: 3
_se_encrypt: 0.009470493
itr_count: 4
_se_encrypt: 0.009172496
itr_count: 5
_se_encrypt: 0.009263532
itr_count: 6
_se_encrypt: 0.009191866
itr_count: 7
_se_encrypt: 0.009135756
itr_count: 8
_se_encrypt: 0.009204588
itr_count: 9
_se_encrypt: 0.009005683
itr_count: 10
_se_encrypt: 0.008955554
itr_count: 11
_se_encrypt: 0.009130015
itr_count: 12
_se_encrypt: 0.008991202
itr_count: 13
_se_encrypt: 0.009213625
itr_count: 14
_se_encrypt: 0.009086497
itr_count: 15
_se_encrypt: 0.008896703
itr_count: 16
_se_encrypt: 0.009022905
itr_count: 17
_se_encrypt: 0.008851092
itr_count: 18
_se_encrypt: 0.008977943
itr_count: 19
_se_encrypt: 0.008927313
itr_count: 20
_se_encrypt: 0.009197330
encrypt: 0.550804890
Buffer: 768
itr_count: 0
_se_encrypt: 0.020920762
itr_count: 1
_se_encrypt: 0.015132008
itr_count: 2
_se_encrypt: 0.013703319
itr_count: 3
_se_encrypt: 0.013052289
itr_count: 4
_se_encrypt: 0.012962067
itr_count: 5
_se_encrypt: 0.013375248
itr_count: 6
_se_encrypt: 0.013450025
itr_count: 7
_se_encrypt: 0.012864642
itr_count: 8
_se_encrypt: 0.013005567
itr_count: 9
_se_encrypt: 0.012722736
itr_count: 10
_se_encrypt: 0.012822680
itr_count: 11
_se_encrypt: 0.013384748
itr_count: 12
_se_encrypt: 0.013098844
itr_count: 13
_se_encrypt: 0.013323119
itr_count: 14
_se_encrypt: 0.012839383
encrypt: 0.590973729
Buffer: 896
itr_count: 0
_se_encrypt: 0.026102614
itr_count: 1
_se_encrypt: 0.018315937
itr_count: 2
_se_encrypt: 0.017683555
itr_count: 3
_se_encrypt: 0.018216660
itr_count: 4
_se_encrypt: 0.017958571
itr_count: 5
_se_encrypt: 0.017802276
itr_count: 6
_se_encrypt: 0.017996292
itr_count: 7
_se_encrypt: 0.017879738
itr_count: 8
_se_encrypt: 0.017751054
itr_count: 9
_se_encrypt: 0.017786665
itr_count: 10
_se_encrypt: 0.017661981
encrypt: 0.658157768
Buffer: 1024
itr_count: 0
_se_encrypt: 0.044362275
itr_count: 1
_se_encrypt: 0.037368126
itr_count: 2
_se_encrypt: 0.038240524
itr_count: 3
_se_encrypt: 0.035744273
itr_count: 4
_se_encrypt: 0.036841817
itr_count: 5
_se_encrypt: 0.036844206
itr_count: 6
_se_encrypt: 0.037186350
itr_count: 7
_se_encrypt: 0.036636079
itr_count: 8
_se_encrypt: 0.036302026
encrypt: 0.711986819
Buffer: 1152
itr_count: 0
_se_encrypt: 0.037491495
itr_count: 1
_se_encrypt: 0.029736225
itr_count: 2
_se_encrypt: 0.029369580
itr_count: 3
_se_encrypt: 0.028894789
itr_count: 4
_se_encrypt: 0.029349173
itr_count: 5
_se_encrypt: 0.029237656
itr_count: 6
_se_encrypt: 0.029967482
encrypt: 0.597518617
Buffer: 1280
itr_count: 0
_se_encrypt: 0.046176220
itr_count: 1
_se_encrypt: 0.036426044
itr_count: 2
_se_encrypt: 0.036881540
itr_count: 3
_se_encrypt: 0.035761107
itr_count: 4
_se_encrypt: 0.036584209
itr_count: 5
_se_encrypt: 0.037564180
encrypt: 0.642834034
Buffer: 1408
itr_count: 0
_se_encrypt: 0.051190297
itr_count: 1
_se_encrypt: 0.043635524
itr_count: 2
_se_encrypt: 0.044684086
itr_count: 3
_se_encrypt: 0.044401590
itr_count: 4
_se_encrypt: 0.044961028
encrypt: 0.628403412
Buffer: 1536
itr_count: 0
_se_encrypt: 0.097323961
itr_count: 1
_se_encrypt: 0.087767914
itr_count: 2
_se_encrypt: 0.082528284
itr_count: 3
_se_encrypt: 0.085727472
encrypt: 0.748097773
Buffer: 1664
itr_count: 0
_se_encrypt: 0.078324346
itr_count: 1
_se_encrypt: 0.066112937
itr_count: 2
_se_encrypt: 0.067877993
itr_count: 3
_se_encrypt: 0.064398345
encrypt: 0.715681006
Buffer: 1792
itr_count: 0
_se_encrypt: 0.110017627
itr_count: 1
_se_encrypt: 0.094076868
itr_count: 2
_se_encrypt: 0.086014934
encrypt: 0.707858557
Buffer: 1920
itr_count: 0
_se_encrypt: 0.109578706
itr_count: 1
_se_encrypt: 0.107284896
itr_count: 2
_se_encrypt: 0.117566455
encrypt: 0.776163181
Buffer: 2048
itr_count: 0
_se_encrypt: 0.314081310
itr_count: 1
_se_encrypt: 0.296788584
itr_count: 2
_se_encrypt: 0.292070506
encrypt: 1.427603940
Buffer: 2176
itr_count: 0
_se_encrypt: 0.166823851
itr_count: 1
_se_encrypt: 0.158430403
encrypt: 0.722943976
Buffer: 2304
itr_count: 0
_se_encrypt: 0.267263304
itr_count: 1
_se_encrypt: 0.248694537
encrypt: 0.952255924
Buffer: 2432
itr_count: 0
_se_encrypt: 0.217190626
itr_count: 1
_se_encrypt: 0.233058293
encrypt: 0.944580272
Buffer: 2560
itr_count: 0
_se_encrypt: 0.349552453
itr_count: 1
_se_encrypt: 0.347714196
encrypt: 1.216774930
Buffer: 2688
itr_count: 0
_se_encrypt: 0.371189306
itr_count: 1
_se_encrypt: 0.407781688
encrypt: 1.350953346
Buffer: 2816
itr_count: 0
_se_encrypt: 0.464712323
itr_count: 1
_se_encrypt: 0.476928326
encrypt: 1.579417273
Buffer: 2944
itr_count: 0
_se_encrypt: 0.508806075
encrypt: 0.912444688
Buffer: 3072
itr_count: 0
_se_encrypt: 0.685764895
encrypt: 1.074912995
Buffer: 3200
itr_count: 0
_se_encrypt: 0.638143376
encrypt: 0.717907865
Buffer: 3328
itr_count: 0
_se_encrypt: 0.661335658
encrypt: 1.563496315
Buffer: 3456
itr_count: 0
_se_encrypt: 0.709118306
encrypt: 0.799424707
Buffer: 3584
itr_count: 0
_se_encrypt: 0.814276911
encrypt: 1.345313599
Buffer: 3712
itr_count: 0
_se_encrypt: 0.893245829
encrypt: 1.442439228
Buffer: 3840
itr_count: 0
_se_encrypt: 0.938581893
encrypt: 1.558242869
Buffer: 3968
itr_count: 0
_se_encrypt: 1.098940797
encrypt: 1.680439286
Buffer: 4096
itr_count: 0
_se_encrypt: 1.400813790
encrypt: 2.179781802
Buffer: 4224
itr_count: 0
_se_encrypt: 1.292886942
encrypt: 2.087182959
Buffer: 4352
itr_count: 0
_se_encrypt: 1.340268631
encrypt: 2.183119353
Buffer: 4480
itr_count: 0
_se_encrypt: 1.452969358
encrypt: 2.372026636
Buffer: 4608
itr_count: 0
_se_encrypt: 1.601109770
encrypt: 2.188006335
Buffer: 4736
itr_count: 0
_se_encrypt: 1.686997189
encrypt: 2.110391813
Buffer: 4864
itr_count: 0
_se_encrypt: 1.747623660
encrypt: 2.165648532
Buffer: 4992
itr_count: 0
_se_encrypt: 1.954466895
encrypt: 2.389859713
Buffer: 5120
itr_count: 0
_se_encrypt: 2.080452201
encrypt: 2.585322268
Buffer: 5248
itr_count: 0
_se_encrypt: 2.259168650
encrypt: 2.763713067
Buffer: 5376
itr_count: 0
_se_encrypt: 2.331545659
encrypt: 2.876589736
Buffer: 5504
itr_count: 0
_se_encrypt: 2.522121008
encrypt: 3.060844772
Buffer: 5632
itr_count: 0
_se_encrypt: 2.603839587
encrypt: 3.160181337
Buffer: 5760
itr_count: 0
_se_encrypt: 2.755481049
encrypt: 3.176505106
Buffer: 5888
itr_count: 0
_se_encrypt: 2.912449353
encrypt: 3.541384245
Buffer: 6016
itr_count: 0
_se_encrypt: 3.146368039
encrypt: 3.838223844
Buffer: 6144
itr_count: 0
_se_encrypt: 3.226296194
encrypt: 3.903911178
Buffer: 6272
itr_count: 0
_se_encrypt: 3.406708234
encrypt: 4.133375051
Buffer: 6400
itr_count: 0
_se_encrypt: 3.453735247
encrypt: 4.177789113
Buffer: 6528
itr_count: 0
_se_encrypt: 3.818697503
encrypt: 4.635732258
Buffer: 6656
itr_count: 0
_se_encrypt: 3.902114076
encrypt: 4.712897753
Buffer: 6784
itr_count: 0
_se_encrypt: 4.162837987
encrypt: 4.979673429
Buffer: 6912
itr_count: 0
_se_encrypt: 4.334355784
encrypt: 5.184015104
Buffer: 7040
itr_count: 0
_se_encrypt: 4.547498953
encrypt: 5.346842698
Buffer: 7168
itr_count: 0
_se_encrypt: 4.607984738
encrypt: 5.543689236
Buffer: 7296
itr_count: 0
_se_encrypt: 4.934446722
encrypt: 5.924470477
Buffer: 7424
itr_count: 0
_se_encrypt: 5.009269881
encrypt: 6.014019088
Buffer: 7552
itr_count: 0
_se_encrypt: 5.335832318
encrypt: 6.374080394
Buffer: 7680
itr_count: 0
_se_encrypt: 5.479807199
encrypt: 6.563881177
Buffer: 7808
itr_count: 0
_se_encrypt: 5.779088055
encrypt: 6.879924976
Buffer: 7936
itr_count: 0
_se_encrypt: 5.927681354
encrypt: 7.065499989
Buffer: 8064
itr_count: 0
_se_encrypt: 6.249893617
encrypt: 7.439448703
Buffer: 8192
itr_count: 0
_se_encrypt: 6.365140742
encrypt: 7.600362657