File: 16MB_image.png
aes_encrypt_file: 12.810554459
Buffer: 128
itr_count: 0
_se_encrypt: 0.012811247
itr_count: 1
_se_encrypt: 0.001793642
itr_count: 2
_se_encrypt: 0.000732741
itr_count: 3
_se_encrypt: 0.000794037
itr_count: 4
_se_encrypt: 0.000678984
itr_count: 5
_se_encrypt: 0.000806981
itr_count: 6
_se_encrypt: 0.000739242
itr_count: 7
_se_encrypt: 0.000695539
itr_count: 8
_se_encrypt: 0.000669392
itr_count: 9
_se_encrypt: 0.000702242
itr_count: 10
_se_encrypt: 0.000689280
itr_count: 11
_se_encrypt: 0.000693372
itr_count: 12
_se_encrypt: 0.000661040
itr_count: 13
_se_encrypt: 0.000688039
itr_count: 14
_se_encrypt: 0.000683206
itr_count: 15
_se_encrypt: 0.000688447
itr_count: 16
_se_encrypt: 0.000664095
itr_count: 17
_se_encrypt: 0.000693890
itr_count: 18
_se_encrypt: 0.000685965
itr_count: 19
_se_encrypt: 0.000688872
itr_count: 20
_se_encrypt: 0.000661632
itr_count: 21
_se_encrypt: 0.000998495
itr_count: 22
_se_encrypt: 0.005308206
itr_count: 23
_se_encrypt: 0.005071470
itr_count: 24
_se_encrypt: 0.005119469
itr_count: 25
_se_encrypt: 0.004261194
itr_count: 26
_se_encrypt: 0.000699465
itr_count: 27
_se_encrypt: 0.000703909
itr_count: 28
_se_encrypt: 0.000699279
itr_count: 29
_se_encrypt: 0.000686150
itr_count: 30
_se_encrypt: 0.000661039
itr_count: 31
_se_encrypt: 0.000690688
itr_count: 32
_se_encrypt: 0.000658577
itr_count: 33
_se_encrypt: 0.000682298
itr_count: 34
_se_encrypt: 0.000658799
itr_count: 35
_se_encrypt: 0.000692484
itr_count: 36
_se_encrypt: 0.000676391
itr_count: 37
_se_encrypt: 0.000644632
itr_count: 38
_se_encrypt: 0.000640429
itr_count: 39
_se_encrypt: 0.000693335
itr_count: 40
_se_encrypt: 0.000676428
itr_count: 41
_se_encrypt: 0.000659984
itr_count: 42
_se_encrypt: 0.000669632
itr_count: 43
_se_encrypt: 0.000670317
itr_count: 44
_se_encrypt: 0.000652521
itr_count: 45
_se_encrypt: 0.000651614
itr_count: 46
_se_encrypt: 0.000671372
itr_count: 47
_se_encrypt: 0.000678502
itr_count: 48
_se_encrypt: 0.000635226
itr_count: 49
_se_encrypt: 0.000678409
itr_count: 50
_se_encrypt: 0.000668225
itr_count: 51
_se_encrypt: 0.000671595
itr_count: 52
_se_encrypt: 0.000662280
itr_count: 53
_se_encrypt: 0.000690928
itr_count: 54
_se_encrypt: 0.000669854
itr_count: 55
_se_encrypt: 0.000663781
itr_count: 56
_se_encrypt: 0.000666150
itr_count: 57
_se_encrypt: 0.000673410
itr_count: 58
_se_encrypt: 0.000678169
itr_count: 59
_se_encrypt: 0.000644521
itr_count: 60
_se_encrypt: 0.000638577
itr_count: 61
_se_encrypt: 0.000665410
itr_count: 62
_se_encrypt: 0.000658040
itr_count: 63
_se_encrypt: 0.000641244
itr_count: 64
_se_encrypt: 0.000664188
itr_count: 65
_se_encrypt: 0.000664744
itr_count: 66
_se_encrypt: 0.000638244
itr_count: 67
_se_encrypt: 0.000647133
itr_count: 68
_se_encrypt: 0.000680817
itr_count: 69
_se_encrypt: 0.000660947
itr_count: 70
_se_encrypt: 0.000637281
itr_count: 71
_se_encrypt: 0.000643985
itr_count: 72
_se_encrypt: 0.000662614
itr_count: 73
_se_encrypt: 0.000638096
itr_count: 74
_se_encrypt: 0.000647780
itr_count: 75
_se_encrypt: 0.000673317
itr_count: 76
_se_encrypt: 0.000665947
itr_count: 77
_se_encrypt: 0.000669224
itr_count: 78
_se_encrypt: 0.000661188
itr_count: 79
_se_encrypt: 0.000672725
itr_count: 80
_se_encrypt: 0.000677335
itr_count: 81
_se_encrypt: 0.000640244
itr_count: 82
_se_encrypt: 0.000658780
itr_count: 83
_se_encrypt: 0.000657614
itr_count: 84
_se_encrypt: 0.000640244
itr_count: 85
_se_encrypt: 0.000659280
itr_count: 86
_se_encrypt: 0.000661651
itr_count: 87
_se_encrypt: 0.000658059
itr_count: 88
_se_encrypt: 0.000636874
itr_count: 89
_se_encrypt: 0.000667798
itr_count: 90
_se_encrypt: 0.000663577
itr_count: 91
_se_encrypt: 0.000627726
itr_count: 92
_se_encrypt: 0.000654669
itr_count: 93
_se_encrypt: 0.000666372
itr_count: 94
_se_encrypt: 0.000656688
itr_count: 95
_se_encrypt: 0.000653447
itr_count: 96
_se_encrypt: 0.000663854
itr_count: 97
_se_encrypt: 0.000655965
itr_count: 98
_se_encrypt: 0.000638096
itr_count: 99
_se_encrypt: 0.000664225
itr_count: 100
_se_encrypt: 0.000690668
itr_count: 101
_se_encrypt: 0.000637966
itr_count: 102
_se_encrypt: 0.000657466
itr_count: 103
_se_encrypt: 0.000670410
itr_count: 104
_se_encrypt: 0.000670595
itr_count: 105
_se_encrypt: 0.002997446
itr_count: 106
_se_encrypt: 0.000767538
itr_count: 107
_se_encrypt: 0.000779556
itr_count: 108
_se_encrypt: 0.000739537
itr_count: 109
_se_encrypt: 0.000791777
itr_count: 110
_se_encrypt: 0.000713408
itr_count: 111
_se_encrypt: 0.000716020
itr_count: 112
_se_encrypt: 0.000723316
itr_count: 113
_se_encrypt: 0.000706649
itr_count: 114
_se_encrypt: 0.000678687
itr_count: 115
_se_encrypt: 0.000773741
itr_count: 116
_se_encrypt: 0.000747315
itr_count: 117
_se_encrypt: 0.000828795
itr_count: 118
_se_encrypt: 0.000725316
itr_count: 119
_se_encrypt: 0.000692595
itr_count: 120
_se_encrypt: 0.000679817
itr_count: 121
_se_encrypt: 0.000702280
itr_count: 122
_se_encrypt: 0.000781851
itr_count: 123
_se_encrypt: 0.000683151
itr_count: 124
_se_encrypt: 0.000648040
itr_count: 125
_se_encrypt: 0.000663929
itr_count: 126
_se_encrypt: 0.000750186
itr_count: 127
_se_encrypt: 0.000700520
itr_count: 128
_se_encrypt: 0.000635374
itr_count: 129
_se_encrypt: 0.000664855
itr_count: 130
_se_encrypt: 0.000682761
itr_count: 131
_se_encrypt: 0.000690132
itr_count: 132
_se_encrypt: 0.000676391
itr_count: 133
_se_encrypt: 0.000687964
itr_count: 134
_se_encrypt: 0.000671576
itr_count: 135
_se_encrypt: 0.000658151
itr_count: 136
_se_encrypt: 0.000660151
itr_count: 137
_se_encrypt: 0.000689372
itr_count: 138
_se_encrypt: 0.000664373
itr_count: 139
_se_encrypt: 0.000645651
itr_count: 140
_se_encrypt: 0.000702501
itr_count: 141
_se_encrypt: 0.000662577
itr_count: 142
_se_encrypt: 0.000671799
itr_count: 143
_se_encrypt: 0.000635411
itr_count: 144
_se_encrypt: 0.000658910
itr_count: 145
_se_encrypt: 0.000666521
itr_count: 146
_se_encrypt: 0.000629429
itr_count: 147
_se_encrypt: 0.000643040
itr_count: 148
_se_encrypt: 0.000661910
itr_count: 149
_se_encrypt: 0.000674225
itr_count: 150
_se_encrypt: 0.000643596
itr_count: 151
_se_encrypt: 0.000666465
itr_count: 152
_se_encrypt: 0.000655670
itr_count: 153
_se_encrypt: 0.000634133
itr_count: 154
_se_encrypt: 0.000637336
itr_count: 155
_se_encrypt: 0.000665224
itr_count: 156
_se_encrypt: 0.000658188
itr_count: 157
_se_encrypt: 0.000645726
itr_count: 158
_se_encrypt: 0.000671558
itr_count: 159
_se_encrypt: 0.000683835
itr_count: 160
_se_encrypt: 0.000668743
itr_count: 161
_se_encrypt: 0.000655614
itr_count: 162
_se_encrypt: 0.000667613
itr_count: 163
_se_encrypt: 0.000648781
itr_count: 164
_se_encrypt: 0.000631633
itr_count: 165
_se_encrypt: 0.000652354
itr_count: 166
_se_encrypt: 0.000653466
itr_count: 167
_se_encrypt: 0.000626392
itr_count: 168
_se_encrypt: 0.000641374
itr_count: 169
_se_encrypt: 0.000654706
itr_count: 170
_se_encrypt: 0.000647984
itr_count: 171
_se_encrypt: 0.000637910
itr_count: 172
_se_encrypt: 0.000652873
itr_count: 173
_se_encrypt: 0.000689391
itr_count: 174
_se_encrypt: 0.000633596
itr_count: 175
_se_encrypt: 0.000634059
itr_count: 176
_se_encrypt: 0.000650947
itr_count: 177
_se_encrypt: 0.000648169
itr_count: 178
_se_encrypt: 0.000629688
itr_count: 179
_se_encrypt: 0.000652225
itr_count: 180
_se_encrypt: 0.000687465
itr_count: 181
_se_encrypt: 0.000642763
itr_count: 182
_se_encrypt: 0.000660298
itr_count: 183
_se_encrypt: 0.000656151
itr_count: 184
_se_encrypt: 0.000649114
itr_count: 185
_se_encrypt: 0.000635114
itr_count: 186
_se_encrypt: 0.000659540
itr_count: 187
_se_encrypt: 0.000660818
itr_count: 188
_se_encrypt: 0.000641059
itr_count: 189
_se_encrypt: 0.000652355
itr_count: 190
_se_encrypt: 0.000649263
itr_count: 191
_se_encrypt: 0.000631577
itr_count: 192
_se_encrypt: 0.000631059
itr_count: 193
_se_encrypt: 0.000659595
itr_count: 194
_se_encrypt: 0.000651614
itr_count: 195
_se_encrypt: 0.000635244
itr_count: 196
_se_encrypt: 0.000650984
itr_count: 197
_se_encrypt: 0.000649466
itr_count: 198
_se_encrypt: 0.000624467
itr_count: 199
_se_encrypt: 0.000649188
itr_count: 200
_se_encrypt: 0.000652410
itr_count: 201
_se_encrypt: 0.000637762
itr_count: 202
_se_encrypt: 0.000645281
itr_count: 203
_se_encrypt: 0.000661928
itr_count: 204
_se_encrypt: 0.000665188
itr_count: 205
_se_encrypt: 0.000639985
itr_count: 206
_se_encrypt: 0.000661021
itr_count: 207
_se_encrypt: 0.000661613
itr_count: 208
_se_encrypt: 0.000631355
itr_count: 209
_se_encrypt: 0.000639281
itr_count: 210
_se_encrypt: 0.000651003
itr_count: 211
_se_encrypt: 0.000654003
itr_count: 212
_se_encrypt: 0.000633022
itr_count: 213
_se_encrypt: 0.000659410
itr_count: 214
_se_encrypt: 0.000660669
itr_count: 215
_se_encrypt: 0.000634374
itr_count: 216
_se_encrypt: 0.000670780
itr_count: 217
_se_encrypt: 0.000667021
itr_count: 218
_se_encrypt: 0.000653410
itr_count: 219
_se_encrypt: 0.000638726
itr_count: 220
_se_encrypt: 0.000650317
itr_count: 221
_se_encrypt: 0.000653725
itr_count: 222
_se_encrypt: 0.000622911
itr_count: 223
_se_encrypt: 0.000655318
itr_count: 224
_se_encrypt: 0.000665206
itr_count: 225
_se_encrypt: 0.000629837
itr_count: 226
_se_encrypt: 0.000632929
itr_count: 227
_se_encrypt: 0.000653744
itr_count: 228
_se_encrypt: 0.000651521
itr_count: 229
_se_encrypt: 0.000630967
itr_count: 230
_se_encrypt: 0.000656299
itr_count: 231
_se_encrypt: 0.000655577
itr_count: 232
_se_encrypt: 0.000627707
itr_count: 233
_se_encrypt: 0.000653706
itr_count: 234
_se_encrypt: 0.000650040
itr_count: 235
_se_encrypt: 0.000652188
itr_count: 236
_se_encrypt: 0.000641133
itr_count: 237
_se_encrypt: 0.000664336
itr_count: 238
_se_encrypt: 0.000657225
itr_count: 239
_se_encrypt: 0.000629762
itr_count: 240
_se_encrypt: 0.000647985
itr_count: 241
_se_encrypt: 0.000655243
itr_count: 242
_se_encrypt: 0.000622837
itr_count: 243
_se_encrypt: 0.000653003
itr_count: 244
_se_encrypt: 0.000643522
itr_count: 245
_se_encrypt: 0.000648428
itr_count: 246
_se_encrypt: 0.000638244
itr_count: 247
_se_encrypt: 0.000649058
itr_count: 248
_se_encrypt: 0.000650855
itr_count: 249
_se_encrypt: 0.000631078
itr_count: 250
_se_encrypt: 0.000650095
itr_count: 251
_se_encrypt: 0.000654336
itr_count: 252
_se_encrypt: 0.000625170
itr_count: 253
_se_encrypt: 0.000663706
itr_count: 254
_se_encrypt: 0.000651780
itr_count: 255
_se_encrypt: 0.000647596
itr_count: 256
_se_encrypt: 0.000630355
itr_count: 257
_se_encrypt: 0.000651503
itr_count: 258
_se_encrypt: 0.000644744
itr_count: 259
_se_encrypt: 0.000625429
itr_count: 260
_se_encrypt: 0.000657429
itr_count: 261
_se_encrypt: 0.000660984
itr_count: 262
_se_encrypt: 0.000630226
itr_count: 263
_se_encrypt: 0.000663595
itr_count: 264
_se_encrypt: 0.000661873
itr_count: 265
_se_encrypt: 0.000648781
itr_count: 266
_se_encrypt: 0.000626707
itr_count: 267
_se_encrypt: 0.000656707
itr_count: 268
_se_encrypt: 0.000647466
itr_count: 269
_se_encrypt: 0.000642022
itr_count: 270
_se_encrypt: 0.000656280
itr_count: 271
_se_encrypt: 0.000666447
itr_count: 272
_se_encrypt: 0.000632022
itr_count: 273
_se_encrypt: 0.000640337
itr_count: 274
_se_encrypt: 0.000653466
itr_count: 275
_se_encrypt: 0.000655095
itr_count: 276
_se_encrypt: 0.000635021
itr_count: 277
_se_encrypt: 0.000638021
itr_count: 278
_se_encrypt: 0.000645447
itr_count: 279
_se_encrypt: 0.000630504
itr_count: 280
_se_encrypt: 0.000655429
itr_count: 281
_se_encrypt: 0.000652132
itr_count: 282
_se_encrypt: 0.000636670
itr_count: 283
_se_encrypt: 0.000622671
itr_count: 284
_se_encrypt: 0.000649762
itr_count: 285
_se_encrypt: 0.000641836
itr_count: 286
_se_encrypt: 0.000624485
itr_count: 287
_se_encrypt: 0.000653966
itr_count: 288
_se_encrypt: 0.000644114
itr_count: 289
_se_encrypt: 0.000630670
itr_count: 290
_se_encrypt: 0.000649374
itr_count: 291
_se_encrypt: 0.000658596
itr_count: 292
_se_encrypt: 0.000628522
itr_count: 293
_se_encrypt: 0.000634577
itr_count: 294
_se_encrypt: 0.000645337
itr_count: 295
_se_encrypt: 0.000653706
itr_count: 296
_se_encrypt: 0.000629411
itr_count: 297
_se_encrypt: 0.000659410
itr_count: 298
_se_encrypt: 0.000653410
itr_count: 299
_se_encrypt: 0.000626207
itr_count: 300
_se_encrypt: 0.000650262
itr_count: 301
_se_encrypt: 0.000655188
itr_count: 302
_se_encrypt: 0.000622189
itr_count: 303
_se_encrypt: 0.000630670
itr_count: 304
_se_encrypt: 0.000658077
itr_count: 305
_se_encrypt: 0.000653725
itr_count: 306
_se_encrypt: 0.000625670
itr_count: 307
_se_encrypt: 0.000648651
itr_count: 308
_se_encrypt: 0.000656392
itr_count: 309
_se_encrypt: 0.004841477
itr_count: 310
_se_encrypt: 0.000709983
itr_count: 311
_se_encrypt: 0.000649096
itr_count: 312
_se_encrypt: 0.000717002
itr_count: 313
_se_encrypt: 0.000811166
itr_count: 314
_se_encrypt: 0.000659910
itr_count: 315
_se_encrypt: 0.000635096
itr_count: 316
_se_encrypt: 0.000660632
itr_count: 317
_se_encrypt: 0.000654317
itr_count: 318
_se_encrypt: 0.000631744
itr_count: 319
_se_encrypt: 0.000655021
itr_count: 320
_se_encrypt: 0.000656614
itr_count: 321
_se_encrypt: 0.000639670
itr_count: 322
_se_encrypt: 0.000625114
itr_count: 323
_se_encrypt: 0.000646818
itr_count: 324
_se_encrypt: 0.000646243
itr_count: 325
_se_encrypt: 0.000633781
itr_count: 326
_se_encrypt: 0.000654040
itr_count: 327
_se_encrypt: 0.000667298
itr_count: 328
_se_encrypt: 0.000627910
itr_count: 329
_se_encrypt: 0.000656188
itr_count: 330
_se_encrypt: 0.000648095
itr_count: 331
_se_encrypt: 0.000641448
itr_count: 332
_se_encrypt: 0.000642966
itr_count: 333
_se_encrypt: 0.000653984
itr_count: 334
_se_encrypt: 0.000651392
itr_count: 335
_se_encrypt: 0.000630188
itr_count: 336
_se_encrypt: 0.000650818
itr_count: 337
_se_encrypt: 0.000653984
itr_count: 338
_se_encrypt: 0.000623337
itr_count: 339
_se_encrypt: 0.000659892
itr_count: 340
_se_encrypt: 0.000650428
itr_count: 341
_se_encrypt: 0.000664929
itr_count: 342
_se_encrypt: 0.000638688
itr_count: 343
_se_encrypt: 0.000657059
itr_count: 344
_se_encrypt: 0.000645299
itr_count: 345
_se_encrypt: 0.000634393
itr_count: 346
_se_encrypt: 0.000638521
itr_count: 347
_se_encrypt: 0.000645243
itr_count: 348
_se_encrypt: 0.000620115
itr_count: 349
_se_encrypt: 0.000642873
itr_count: 350
_se_encrypt: 0.000652022
itr_count: 351
_se_encrypt: 0.000647132
itr_count: 352
_se_encrypt: 0.000622022
itr_count: 353
_se_encrypt: 0.000668391
itr_count: 354
_se_encrypt: 0.000646189
itr_count: 355
_se_encrypt: 0.000623189
itr_count: 356
_se_encrypt: 0.000699039
itr_count: 357
_se_encrypt: 0.000657151
itr_count: 358
_se_encrypt: 0.000647188
itr_count: 359
_se_encrypt: 0.000633948
itr_count: 360
_se_encrypt: 0.000648873
itr_count: 361
_se_encrypt: 0.000653040
itr_count: 362
_se_encrypt: 0.000631467
itr_count: 363
_se_encrypt: 0.000651725
itr_count: 364
_se_encrypt: 0.000643966
itr_count: 365
_se_encrypt: 0.000627503
itr_count: 366
_se_encrypt: 0.000650077
itr_count: 367
_se_encrypt: 0.000648837
itr_count: 368
_se_encrypt: 0.000622985
itr_count: 369
_se_encrypt: 0.000637873
itr_count: 370
_se_encrypt: 0.000713724
itr_count: 371
_se_encrypt: 0.000658169
itr_count: 372
_se_encrypt: 0.000626319
itr_count: 373
_se_encrypt: 0.000636244
itr_count: 374
_se_encrypt: 0.000640318
itr_count: 375
_se_encrypt: 0.000619336
itr_count: 376
_se_encrypt: 0.000647244
itr_count: 377
_se_encrypt: 0.000641929
itr_count: 378
_se_encrypt: 0.000640151
itr_count: 379
_se_encrypt: 0.000620485
itr_count: 380
_se_encrypt: 0.000643706
itr_count: 381
_se_encrypt: 0.000645152
itr_count: 382
_se_encrypt: 0.000629040
itr_count: 383
_se_encrypt: 0.000653910
itr_count: 384
_se_encrypt: 0.000650485
itr_count: 385
_se_encrypt: 0.000641170
itr_count: 386
_se_encrypt: 0.000633707
itr_count: 387
_se_encrypt: 0.000651669
itr_count: 388
_se_encrypt: 0.000629670
itr_count: 389
_se_encrypt: 0.000622893
itr_count: 390
_se_encrypt: 0.000658762
itr_count: 391
_se_encrypt: 0.000640281
itr_count: 392
_se_encrypt: 0.000624226
itr_count: 393
_se_encrypt: 0.000655411
itr_count: 394
_se_encrypt: 0.000651854
itr_count: 395
_se_encrypt: 0.000626411
itr_count: 396
_se_encrypt: 0.000640411
itr_count: 397
_se_encrypt: 0.000660040
itr_count: 398
_se_encrypt: 0.000633466
itr_count: 399
_se_encrypt: 0.000649151
itr_count: 400
_se_encrypt: 0.000647058
itr_count: 401
_se_encrypt: 0.000659540
itr_count: 402
_se_encrypt: 0.000638707
itr_count: 403
_se_encrypt: 0.000647411
itr_count: 404
_se_encrypt: 0.000643874
itr_count: 405
_se_encrypt: 0.000635466
itr_count: 406
_se_encrypt: 0.000657095
itr_count: 407
_se_encrypt: 0.000655743
itr_count: 408
_se_encrypt: 0.000649003
itr_count: 409
_se_encrypt: 0.000643374
itr_count: 410
_se_encrypt: 0.000647410
itr_count: 411
_se_encrypt: 0.000640800
itr_count: 412
_se_encrypt: 0.000621152
itr_count: 413
_se_encrypt: 0.000646151
itr_count: 414
_se_encrypt: 0.000649096
itr_count: 415
_se_encrypt: 0.000622800
itr_count: 416
_se_encrypt: 0.000635170
itr_count: 417
_se_encrypt: 0.000639152
itr_count: 418
_se_encrypt: 0.000622319
itr_count: 419
_se_encrypt: 0.000646354
itr_count: 420
_se_encrypt: 0.000642966
itr_count: 421
_se_encrypt: 0.000645225
itr_count: 422
_se_encrypt: 0.000632837
itr_count: 423
_se_encrypt: 0.000651651
itr_count: 424
_se_encrypt: 0.000650558
itr_count: 425
_se_encrypt: 0.000628392
itr_count: 426
_se_encrypt: 0.000653725
itr_count: 427
_se_encrypt: 0.000662633
itr_count: 428
_se_encrypt: 0.000627578
itr_count: 429
_se_encrypt: 0.000661317
itr_count: 430
_se_encrypt: 0.000654669
itr_count: 431
_se_encrypt: 0.000641781
itr_count: 432
_se_encrypt: 0.000628225
itr_count: 433
_se_encrypt: 0.000643448
itr_count: 434
_se_encrypt: 0.000652133
itr_count: 435
_se_encrypt: 0.000623225
itr_count: 436
_se_encrypt: 0.000648485
itr_count: 437
_se_encrypt: 0.000648725
itr_count: 438
_se_encrypt: 0.000625077
itr_count: 439
_se_encrypt: 0.000652317
itr_count: 440
_se_encrypt: 0.000645707
itr_count: 441
_se_encrypt: 0.000645429
itr_count: 442
_se_encrypt: 0.000639910
itr_count: 443
_se_encrypt: 0.000695335
itr_count: 444
_se_encrypt: 0.000653059
itr_count: 445
_se_encrypt: 0.000621837
itr_count: 446
_se_encrypt: 0.000639911
itr_count: 447
_se_encrypt: 0.000750112
itr_count: 448
_se_encrypt: 0.000650577
itr_count: 449
_se_encrypt: 0.000685187
itr_count: 450
_se_encrypt: 0.000658781
itr_count: 451
_se_encrypt: 0.000645725
itr_count: 452
_se_encrypt: 0.000611392
itr_count: 453
_se_encrypt: 0.000641892
itr_count: 454
_se_encrypt: 0.000651669
itr_count: 455
_se_encrypt: 0.000621152
itr_count: 456
_se_encrypt: 0.000630930
itr_count: 457
_se_encrypt: 0.000722446
itr_count: 458
_se_encrypt: 0.000659911
itr_count: 459
_se_encrypt: 0.000626892
itr_count: 460
_se_encrypt: 0.000658947
itr_count: 461
_se_encrypt: 0.000652762
itr_count: 462
_se_encrypt: 0.000648207
itr_count: 463
_se_encrypt: 0.000625059
itr_count: 464
_se_encrypt: 0.000648651
itr_count: 465
_se_encrypt: 0.000639281
itr_count: 466
_se_encrypt: 0.000626633
itr_count: 467
_se_encrypt: 0.000653132
itr_count: 468
_se_encrypt: 0.000648669
itr_count: 469
_se_encrypt: 0.000619855
itr_count: 470
_se_encrypt: 0.000638559
itr_count: 471
_se_encrypt: 0.000718408
itr_count: 472
_se_encrypt: 0.000666983
itr_count: 473
_se_encrypt: 0.000631244
itr_count: 474
_se_encrypt: 0.000659873
itr_count: 475
_se_encrypt: 0.000654540
itr_count: 476
_se_encrypt: 0.000637040
itr_count: 477
_se_encrypt: 0.000658632
itr_count: 478
_se_encrypt: 0.000647929
itr_count: 479
_se_encrypt: 0.000614003
itr_count: 480
_se_encrypt: 0.000628818
itr_count: 481
_se_encrypt: 0.000646151
itr_count: 482
_se_encrypt: 0.000645651
itr_count: 483
_se_encrypt: 0.000625930
itr_count: 484
_se_encrypt: 0.000640892
itr_count: 485
_se_encrypt: 0.000645744
itr_count: 486
_se_encrypt: 0.000632837
itr_count: 487
_se_encrypt: 0.000640892
itr_count: 488
_se_encrypt: 0.000652355
itr_count: 489
_se_encrypt: 0.000612874
itr_count: 490
_se_encrypt: 0.000627855
itr_count: 491
_se_encrypt: 0.000641300
itr_count: 492
_se_encrypt: 0.000649707
itr_count: 493
_se_encrypt: 0.000627892
itr_count: 494
_se_encrypt: 0.000647428
itr_count: 495
_se_encrypt: 0.000644040
itr_count: 496
_se_encrypt: 0.000629336
itr_count: 497
_se_encrypt: 0.000644189
itr_count: 498
_se_encrypt: 0.000649688
itr_count: 499
_se_encrypt: 0.000631763
itr_count: 500
_se_encrypt: 0.000655021
itr_count: 501
_se_encrypt: 0.000656780
itr_count: 502
_se_encrypt: 0.000653354
itr_count: 503
_se_encrypt: 0.000630652
itr_count: 504
_se_encrypt: 0.000670077
itr_count: 505
_se_encrypt: 0.000645540
itr_count: 506
_se_encrypt: 0.000629800
itr_count: 507
_se_encrypt: 0.000644892
itr_count: 508
_se_encrypt: 0.000649040
itr_count: 509
_se_encrypt: 0.000617022
itr_count: 510
_se_encrypt: 0.000644244
itr_count: 511
_se_encrypt: 0.000645355
itr_count: 512
_se_encrypt: 0.000620726
itr_count: 513
_se_encrypt: 0.000622115
itr_count: 514
_se_encrypt: 0.004880272
itr_count: 515
_se_encrypt: 0.004814643
itr_count: 516
_se_encrypt: 0.004025477
itr_count: 517
_se_encrypt: 0.000754741
itr_count: 518
_se_encrypt: 0.000670891
itr_count: 519
_se_encrypt: 0.000652392
itr_count: 520
_se_encrypt: 0.000633429
itr_count: 521
_se_encrypt: 0.000675021
itr_count: 522
_se_encrypt: 0.000664465
itr_count: 523
_se_encrypt: 0.000627577
itr_count: 524
_se_encrypt: 0.000641911
itr_count: 525
_se_encrypt: 0.000670632
itr_count: 526
_se_encrypt: 0.000653522
itr_count: 527
_se_encrypt: 0.000634855
itr_count: 528
_se_encrypt: 0.000663595
itr_count: 529
_se_encrypt: 0.000669965
itr_count: 530
_se_encrypt: 0.000639670
itr_count: 531
_se_encrypt: 0.000647058
itr_count: 532
_se_encrypt: 0.000665224
itr_count: 533
_se_encrypt: 0.000632893
itr_count: 534
_se_encrypt: 0.000634152
itr_count: 535
_se_encrypt: 0.000656355
itr_count: 536
_se_encrypt: 0.000651577
itr_count: 537
_se_encrypt: 0.000629115
itr_count: 538
_se_encrypt: 0.000648633
itr_count: 539
_se_encrypt: 0.000656336
itr_count: 540
_se_encrypt: 0.000635948
itr_count: 541
_se_encrypt: 0.000660132
itr_count: 542
_se_encrypt: 0.000703020
itr_count: 543
_se_encrypt: 0.000652484
itr_count: 544
_se_encrypt: 0.000633651
itr_count: 545
_se_encrypt: 0.000646763
itr_count: 546
_se_encrypt: 0.000647429
itr_count: 547
_se_encrypt: 0.000632707
itr_count: 548
_se_encrypt: 0.000656077
itr_count: 549
_se_encrypt: 0.000651040
itr_count: 550
_se_encrypt: 0.000629578
itr_count: 551
_se_encrypt: 0.000636966
itr_count: 552
_se_encrypt: 0.000668317
itr_count: 553
_se_encrypt: 0.000653466
itr_count: 554
_se_encrypt: 0.000638077
itr_count: 555
_se_encrypt: 0.000661947
itr_count: 556
_se_encrypt: 0.000719742
itr_count: 557
_se_encrypt: 0.000663669
itr_count: 558
_se_encrypt: 0.000632188
itr_count: 559
_se_encrypt: 0.000652077
itr_count: 560
_se_encrypt: 0.000654447
itr_count: 561
_se_encrypt: 0.000625466
itr_count: 562
_se_encrypt: 0.000651355
itr_count: 563
_se_encrypt: 0.000651262
itr_count: 564
_se_encrypt: 0.000633577
itr_count: 565
_se_encrypt: 0.000633299
itr_count: 566
_se_encrypt: 0.000648411
itr_count: 567
_se_encrypt: 0.000646207
itr_count: 568
_se_encrypt: 0.000631244
itr_count: 569
_se_encrypt: 0.000649318
itr_count: 570
_se_encrypt: 0.000647633
itr_count: 571
_se_encrypt: 0.000639429
itr_count: 572
_se_encrypt: 0.000653244
itr_count: 573
_se_encrypt: 0.000643207
itr_count: 574
_se_encrypt: 0.000632633
itr_count: 575
_se_encrypt: 0.000653891
itr_count: 576
_se_encrypt: 0.000653614
itr_count: 577
_se_encrypt: 0.000643095
itr_count: 578
_se_encrypt: 0.000630281
itr_count: 579
_se_encrypt: 0.000651540
itr_count: 580
_se_encrypt: 0.000650947
itr_count: 581
_se_encrypt: 0.000624226
itr_count: 582
_se_encrypt: 0.000649966
itr_count: 583
_se_encrypt: 0.000651058
itr_count: 584
_se_encrypt: 0.000633540
itr_count: 585
_se_encrypt: 0.000711298
itr_count: 586
_se_encrypt: 0.000652669
itr_count: 587
_se_encrypt: 0.000652188
itr_count: 588
_se_encrypt: 0.000636985
itr_count: 589
_se_encrypt: 0.000663873
itr_count: 590
_se_encrypt: 0.000647243
itr_count: 591
_se_encrypt: 0.000624652
itr_count: 592
_se_encrypt: 0.000640132
itr_count: 593
_se_encrypt: 0.000675817
itr_count: 594
_se_encrypt: 0.000664076
itr_count: 595
_se_encrypt: 0.000638355
itr_count: 596
_se_encrypt: 0.000653336
itr_count: 597
_se_encrypt: 0.000653595
itr_count: 598
_se_encrypt: 0.000631800
itr_count: 599
_se_encrypt: 0.000639744
itr_count: 600
_se_encrypt: 0.000650373
itr_count: 601
_se_encrypt: 0.000624855
itr_count: 602
_se_encrypt: 0.000638299
itr_count: 603
_se_encrypt: 0.000640188
itr_count: 604
_se_encrypt: 0.000640078
itr_count: 605
_se_encrypt: 0.000623115
itr_count: 606
_se_encrypt: 0.000646170
itr_count: 607
_se_encrypt: 0.000638336
itr_count: 608
_se_encrypt: 0.000626893
itr_count: 609
_se_encrypt: 0.000824221
itr_count: 610
_se_encrypt: 0.000661836
itr_count: 611
_se_encrypt: 0.000645373
itr_count: 612
_se_encrypt: 0.000634985
itr_count: 613
_se_encrypt: 0.000657132
itr_count: 614
_se_encrypt: 0.000664169
itr_count: 615
_se_encrypt: 0.000634947
itr_count: 616
_se_encrypt: 0.000642836
itr_count: 617
_se_encrypt: 0.000657965
itr_count: 618
_se_encrypt: 0.000650670
itr_count: 619
_se_encrypt: 0.000627356
itr_count: 620
_se_encrypt: 0.000648910
itr_count: 621
_se_encrypt: 0.000651633
itr_count: 622
_se_encrypt: 0.000632263
itr_count: 623
_se_encrypt: 0.000650429
itr_count: 624
_se_encrypt: 0.000659854
itr_count: 625
_se_encrypt: 0.000625781
itr_count: 626
_se_encrypt: 0.000627782
itr_count: 627
_se_encrypt: 0.000659540
itr_count: 628
_se_encrypt: 0.000669521
itr_count: 629
_se_encrypt: 0.000641467
itr_count: 630
_se_encrypt: 0.000656466
itr_count: 631
_se_encrypt: 0.000650503
itr_count: 632
_se_encrypt: 0.000629966
itr_count: 633
_se_encrypt: 0.000656595
itr_count: 634
_se_encrypt: 0.000643707
itr_count: 635
_se_encrypt: 0.000639485
itr_count: 636
_se_encrypt: 0.000630207
itr_count: 637
_se_encrypt: 0.000648318
itr_count: 638
_se_encrypt: 0.000644891
itr_count: 639
_se_encrypt: 0.000625578
itr_count: 640
_se_encrypt: 0.000647892
itr_count: 641
_se_encrypt: 0.000641558
itr_count: 642
_se_encrypt: 0.000633540
itr_count: 643
_se_encrypt: 0.000690002
itr_count: 644
_se_encrypt: 0.000669206
itr_count: 645
_se_encrypt: 0.000647966
itr_count: 646
_se_encrypt: 0.000632911
itr_count: 647
_se_encrypt: 0.000652188
itr_count: 648
_se_encrypt: 0.000646299
itr_count: 649
_se_encrypt: 0.000629763
itr_count: 650
_se_encrypt: 0.000657429
itr_count: 651
_se_encrypt: 0.000647225
itr_count: 652
_se_encrypt: 0.000629115
itr_count: 653
_se_encrypt: 0.000639929
itr_count: 654
_se_encrypt: 0.000654725
itr_count: 655
_se_encrypt: 0.000649928
itr_count: 656
_se_encrypt: 0.000630985
itr_count: 657
_se_encrypt: 0.000664836
itr_count: 658
_se_encrypt: 0.000665132
itr_count: 659
_se_encrypt: 0.000627096
itr_count: 660
_se_encrypt: 0.000647929
itr_count: 661
_se_encrypt: 0.000653521
itr_count: 662
_se_encrypt: 0.000634596
itr_count: 663
_se_encrypt: 0.000637374
itr_count: 664
_se_encrypt: 0.000649688
itr_count: 665
_se_encrypt: 0.000642225
itr_count: 666
_se_encrypt: 0.000630799
itr_count: 667
_se_encrypt: 0.000657965
itr_count: 668
_se_encrypt: 0.000662151
itr_count: 669
_se_encrypt: 0.000634058
itr_count: 670
_se_encrypt: 0.000661206
itr_count: 671
_se_encrypt: 0.000659873
itr_count: 672
_se_encrypt: 0.000656725
itr_count: 673
_se_encrypt: 0.000650336
itr_count: 674
_se_encrypt: 0.000667280
itr_count: 675
_se_encrypt: 0.000660244
itr_count: 676
_se_encrypt: 0.000627171
itr_count: 677
_se_encrypt: 0.000658725
itr_count: 678
_se_encrypt: 0.000654503
itr_count: 679
_se_encrypt: 0.000641985
itr_count: 680
_se_encrypt: 0.000626892
itr_count: 681
_se_encrypt: 0.000637707
itr_count: 682
_se_encrypt: 0.000646651
itr_count: 683
_se_encrypt: 0.000631985
itr_count: 684
_se_encrypt: 0.000653466
itr_count: 685
_se_encrypt: 0.000651559
itr_count: 686
_se_encrypt: 0.000640114
itr_count: 687
_se_encrypt: 0.000637207
itr_count: 688
_se_encrypt: 0.000644595
itr_count: 689
_se_encrypt: 0.000621300
itr_count: 690
_se_encrypt: 0.000634467
itr_count: 691
_se_encrypt: 0.000646818
itr_count: 692
_se_encrypt: 0.000643521
itr_count: 693
_se_encrypt: 0.000635096
itr_count: 694
_se_encrypt: 0.000652596
itr_count: 695
_se_encrypt: 0.000646633
itr_count: 696
_se_encrypt: 0.000624059
itr_count: 697
_se_encrypt: 0.000640392
itr_count: 698
_se_encrypt: 0.000648595
itr_count: 699
_se_encrypt: 0.000620244
itr_count: 700
_se_encrypt: 0.000649355
itr_count: 701
_se_encrypt: 0.000647447
itr_count: 702
_se_encrypt: 0.000647595
itr_count: 703
_se_encrypt: 0.000633818
itr_count: 704
_se_encrypt: 0.000700872
itr_count: 705
_se_encrypt: 0.000663318
itr_count: 706
_se_encrypt: 0.000628874
itr_count: 707
_se_encrypt: 0.000638392
itr_count: 708
_se_encrypt: 0.000647984
itr_count: 709
_se_encrypt: 0.000613577
itr_count: 710
_se_encrypt: 0.000626448
itr_count: 711
_se_encrypt: 0.000647207
itr_count: 712
_se_encrypt: 0.000634170
itr_count: 713
_se_encrypt: 0.000621744
itr_count: 714
_se_encrypt: 0.000645763
itr_count: 715
_se_encrypt: 0.000643707
itr_count: 716
_se_encrypt: 0.000624282
itr_count: 717
_se_encrypt: 0.000649466
itr_count: 718
_se_encrypt: 0.001064734
itr_count: 719
_se_encrypt: 0.005271410
itr_count: 720
_se_encrypt: 0.001221174
itr_count: 721
_se_encrypt: 0.000767519
itr_count: 722
_se_encrypt: 0.000708798
itr_count: 723
_se_encrypt: 0.000647207
itr_count: 724
_se_encrypt: 0.000736353
itr_count: 725
_se_encrypt: 0.000721539
itr_count: 726
_se_encrypt: 0.000731149
itr_count: 727
_se_encrypt: 0.000686242
itr_count: 728
_se_encrypt: 0.000688002
itr_count: 729
_se_encrypt: 0.000697613
itr_count: 730
_se_encrypt: 0.000700205
itr_count: 731
_se_encrypt: 0.000671724
itr_count: 732
_se_encrypt: 0.000682669
itr_count: 733
_se_encrypt: 0.000696557
itr_count: 734
_se_encrypt: 0.000695835
itr_count: 735
_se_encrypt: 0.000697335
itr_count: 736
_se_encrypt: 0.000693891
itr_count: 737
_se_encrypt: 0.000694502
itr_count: 738
_se_encrypt: 0.000673354
itr_count: 739
_se_encrypt: 0.000647040
itr_count: 740
_se_encrypt: 0.000654855
itr_count: 741
_se_encrypt: 0.000656170
itr_count: 742
_se_encrypt: 0.000636837
itr_count: 743
_se_encrypt: 0.000665799
itr_count: 744
_se_encrypt: 0.000646373
itr_count: 745
_se_encrypt: 0.000648021
itr_count: 746
_se_encrypt: 0.000634725
itr_count: 747
_se_encrypt: 0.000646114
itr_count: 748
_se_encrypt: 0.000642706
itr_count: 749
_se_encrypt: 0.000630725
itr_count: 750
_se_encrypt: 0.000675188
itr_count: 751
_se_encrypt: 0.000663965
itr_count: 752
_se_encrypt: 0.000625319
itr_count: 753
_se_encrypt: 0.000635374
itr_count: 754
_se_encrypt: 0.000659651
itr_count: 755
_se_encrypt: 0.000657910
itr_count: 756
_se_encrypt: 0.000632392
itr_count: 757
_se_encrypt: 0.000659150
itr_count: 758
_se_encrypt: 0.000657688
itr_count: 759
_se_encrypt: 0.000624171
itr_count: 760
_se_encrypt: 0.000645966
itr_count: 761
_se_encrypt: 0.000682799
itr_count: 762
_se_encrypt: 0.000657095
itr_count: 763
_se_encrypt: 0.000631041
itr_count: 764
_se_encrypt: 0.000654410
itr_count: 765
_se_encrypt: 0.000658484
itr_count: 766
_se_encrypt: 0.000632503
itr_count: 767
_se_encrypt: 0.000649226
itr_count: 768
_se_encrypt: 0.000656206
itr_count: 769
_se_encrypt: 0.000625911
itr_count: 770
_se_encrypt: 0.000642966
itr_count: 771
_se_encrypt: 0.000649558
itr_count: 772
_se_encrypt: 0.000647596
itr_count: 773
_se_encrypt: 0.000627614
itr_count: 774
_se_encrypt: 0.000659484
itr_count: 775
_se_encrypt: 0.000649225
itr_count: 776
_se_encrypt: 0.000631466
itr_count: 777
_se_encrypt: 0.000649781
itr_count: 778
_se_encrypt: 0.000715112
itr_count: 779
_se_encrypt: 0.000660040
itr_count: 780
_se_encrypt: 0.000639040
itr_count: 781
_se_encrypt: 0.000661503
itr_count: 782
_se_encrypt: 0.000664207
itr_count: 783
_se_encrypt: 0.000637318
itr_count: 784
_se_encrypt: 0.000665855
itr_count: 785
_se_encrypt: 0.000664298
itr_count: 786
_se_encrypt: 0.000664799
itr_count: 787
_se_encrypt: 0.000634577
itr_count: 788
_se_encrypt: 0.000651669
itr_count: 789
_se_encrypt: 0.000650540
itr_count: 790
_se_encrypt: 0.000630114
itr_count: 791
_se_encrypt: 0.000646651
itr_count: 792
_se_encrypt: 0.000655040
itr_count: 793
_se_encrypt: 0.000627522
itr_count: 794
_se_encrypt: 0.000643874
itr_count: 795
_se_encrypt: 0.000659169
itr_count: 796
_se_encrypt: 0.000664373
itr_count: 797
_se_encrypt: 0.000628226
itr_count: 798
_se_encrypt: 0.000661262
itr_count: 799
_se_encrypt: 0.000656484
itr_count: 800
_se_encrypt: 0.000623411
itr_count: 801
_se_encrypt: 0.000680280
itr_count: 802
_se_encrypt: 0.000659280
itr_count: 803
_se_encrypt: 0.000647188
itr_count: 804
_se_encrypt: 0.000628799
itr_count: 805
_se_encrypt: 0.000648651
itr_count: 806
_se_encrypt: 0.000662577
itr_count: 807
_se_encrypt: 0.000630929
itr_count: 808
_se_encrypt: 0.000687650
itr_count: 809
_se_encrypt: 0.000658928
itr_count: 810
_se_encrypt: 0.000652151
itr_count: 811
_se_encrypt: 0.000630282
itr_count: 812
_se_encrypt: 0.000659559
itr_count: 813
_se_encrypt: 0.000646281
itr_count: 814
_se_encrypt: 0.000621633
itr_count: 815
_se_encrypt: 0.000650669
itr_count: 816
_se_encrypt: 0.000653558
itr_count: 817
_se_encrypt: 0.000624689
itr_count: 818
_se_encrypt: 0.000656558
itr_count: 819
_se_encrypt: 0.000654855
itr_count: 820
_se_encrypt: 0.000645077
itr_count: 821
_se_encrypt: 0.000628948
itr_count: 822
_se_encrypt: 0.000664873
itr_count: 823
_se_encrypt: 0.000654188
itr_count: 824
_se_encrypt: 0.000622263
itr_count: 825
_se_encrypt: 0.000642559
itr_count: 826
_se_encrypt: 0.000645966
itr_count: 827
_se_encrypt: 0.000623578
itr_count: 828
_se_encrypt: 0.000660521
itr_count: 829
_se_encrypt: 0.000643706
itr_count: 830
_se_encrypt: 0.000647910
itr_count: 831
_se_encrypt: 0.000636300
itr_count: 832
_se_encrypt: 0.000651207
itr_count: 833
_se_encrypt: 0.000648058
itr_count: 834
_se_encrypt: 0.000632059
itr_count: 835
_se_encrypt: 0.000654169
itr_count: 836
_se_encrypt: 0.000646152
itr_count: 837
_se_encrypt: 0.000648669
itr_count: 838
_se_encrypt: 0.000640466
itr_count: 839
_se_encrypt: 0.000647021
itr_count: 840
_se_encrypt: 0.000642781
itr_count: 841
_se_encrypt: 0.000621652
itr_count: 842
_se_encrypt: 0.000651855
itr_count: 843
_se_encrypt: 0.000648744
itr_count: 844
_se_encrypt: 0.000622078
itr_count: 845
_se_encrypt: 0.000644466
itr_count: 846
_se_encrypt: 0.000643781
itr_count: 847
_se_encrypt: 0.000625781
itr_count: 848
_se_encrypt: 0.000653743
itr_count: 849
_se_encrypt: 0.000645299
itr_count: 850
_se_encrypt: 0.000651058
itr_count: 851
_se_encrypt: 0.000638688
itr_count: 852
_se_encrypt: 0.000653077
itr_count: 853
_se_encrypt: 0.000640929
itr_count: 854
_se_encrypt: 0.000628059
itr_count: 855
_se_encrypt: 0.000640966
itr_count: 856
_se_encrypt: 0.000636948
itr_count: 857
_se_encrypt: 0.000617819
itr_count: 858
_se_encrypt: 0.000641447
itr_count: 859
_se_encrypt: 0.000640337
itr_count: 860
_se_encrypt: 0.000614671
itr_count: 861
_se_encrypt: 0.000659984
itr_count: 862
_se_encrypt: 0.000667502
itr_count: 863
_se_encrypt: 0.000660688
itr_count: 864
_se_encrypt: 0.000633429
itr_count: 865
_se_encrypt: 0.000645874
itr_count: 866
_se_encrypt: 0.000659373
itr_count: 867
_se_encrypt: 0.000635763
itr_count: 868
_se_encrypt: 0.000626484
itr_count: 869
_se_encrypt: 0.000651521
itr_count: 870
_se_encrypt: 0.000628078
itr_count: 871
_se_encrypt: 0.000628096
itr_count: 872
_se_encrypt: 0.000656540
itr_count: 873
_se_encrypt: 0.000642669
itr_count: 874
_se_encrypt: 0.000631504
itr_count: 875
_se_encrypt: 0.000646003
itr_count: 876
_se_encrypt: 0.000644651
itr_count: 877
_se_encrypt: 0.000642410
itr_count: 878
_se_encrypt: 0.000654928
itr_count: 879
_se_encrypt: 0.000652836
itr_count: 880
_se_encrypt: 0.000624708
itr_count: 881
_se_encrypt: 0.000633059
itr_count: 882
_se_encrypt: 0.000663373
itr_count: 883
_se_encrypt: 0.000650447
itr_count: 884
_se_encrypt: 0.000627133
itr_count: 885
_se_encrypt: 0.000649263
itr_count: 886
_se_encrypt: 0.000652762
itr_count: 887
_se_encrypt: 0.000619726
itr_count: 888
_se_encrypt: 0.000644651
itr_count: 889
_se_encrypt: 0.000656188
itr_count: 890
_se_encrypt: 0.000627984
itr_count: 891
_se_encrypt: 0.000635466
itr_count: 892
_se_encrypt: 0.000643114
itr_count: 893
_se_encrypt: 0.000645725
itr_count: 894
_se_encrypt: 0.000634467
itr_count: 895
_se_encrypt: 0.000651688
itr_count: 896
_se_encrypt: 0.000649022
itr_count: 897
_se_encrypt: 0.000634762
itr_count: 898
_se_encrypt: 0.000653743
itr_count: 899
_se_encrypt: 0.000646022
itr_count: 900
_se_encrypt: 0.000617504
itr_count: 901
_se_encrypt: 0.000629559
itr_count: 902
_se_encrypt: 0.000659133
itr_count: 903
_se_encrypt: 0.000658188
itr_count: 904
_se_encrypt: 0.000627114
itr_count: 905
_se_encrypt: 0.000651669
itr_count: 906
_se_encrypt: 0.000660188
itr_count: 907
_se_encrypt: 0.000622485
itr_count: 908
_se_encrypt: 0.000660355
itr_count: 909
_se_encrypt: 0.000662817
itr_count: 910
_se_encrypt: 0.000659725
itr_count: 911
_se_encrypt: 0.000659836
itr_count: 912
_se_encrypt: 0.000649521
itr_count: 913
_se_encrypt: 0.000642003
itr_count: 914
_se_encrypt: 0.000629152
itr_count: 915
_se_encrypt: 0.000654818
itr_count: 916
_se_encrypt: 0.000648669
itr_count: 917
_se_encrypt: 0.000631207
itr_count: 918
_se_encrypt: 0.000666965
itr_count: 919
_se_encrypt: 0.000644577
itr_count: 920
_se_encrypt: 0.000646410
itr_count: 921
_se_encrypt: 0.000635781
itr_count: 922
_se_encrypt: 0.000672076
itr_count: 923
_se_encrypt: 0.004853568
itr_count: 924
_se_encrypt: 0.001108936
itr_count: 925
_se_encrypt: 0.000786555
itr_count: 926
_se_encrypt: 0.000689484
itr_count: 927
_se_encrypt: 0.000665409
itr_count: 928
_se_encrypt: 0.000647299
itr_count: 929
_se_encrypt: 0.000668410
itr_count: 930
_se_encrypt: 0.000656965
itr_count: 931
_se_encrypt: 0.000634744
itr_count: 932
_se_encrypt: 0.000664243
itr_count: 933
_se_encrypt: 0.000748908
itr_count: 934
_se_encrypt: 0.000669058
itr_count: 935
_se_encrypt: 0.000647077
itr_count: 936
_se_encrypt: 0.000699409
itr_count: 937
_se_encrypt: 0.000710002
itr_count: 938
_se_encrypt: 0.000697298
itr_count: 939
_se_encrypt: 0.000667465
itr_count: 940
_se_encrypt: 0.000694669
itr_count: 941
_se_encrypt: 0.000697391
itr_count: 942
_se_encrypt: 0.000687243
itr_count: 943
_se_encrypt: 0.000667595
itr_count: 944
_se_encrypt: 0.000680687
itr_count: 945
_se_encrypt: 0.000691928
itr_count: 946
_se_encrypt: 0.000705724
itr_count: 947
_se_encrypt: 0.000677521
itr_count: 948
_se_encrypt: 0.000783259
itr_count: 949
_se_encrypt: 0.000699502
itr_count: 950
_se_encrypt: 0.000694261
itr_count: 951
_se_encrypt: 0.000755705
itr_count: 952
_se_encrypt: 0.000639669
itr_count: 953
_se_encrypt: 0.000657595
itr_count: 954
_se_encrypt: 0.000657688
itr_count: 955
_se_encrypt: 0.000640485
itr_count: 956
_se_encrypt: 0.000656855
itr_count: 957
_se_encrypt: 0.000654614
itr_count: 958
_se_encrypt: 0.000627040
itr_count: 959
_se_encrypt: 0.001118381
itr_count: 960
_se_encrypt: 0.000668650
itr_count: 961
_se_encrypt: 0.000661317
itr_count: 962
_se_encrypt: 0.000659688
itr_count: 963
_se_encrypt: 0.000653651
itr_count: 964
_se_encrypt: 0.000627726
itr_count: 965
_se_encrypt: 0.000654522
itr_count: 966
_se_encrypt: 0.000648281
itr_count: 967
_se_encrypt: 0.000631466
itr_count: 968
_se_encrypt: 0.000656150
itr_count: 969
_se_encrypt: 0.000655799
itr_count: 970
_se_encrypt: 0.000633559
itr_count: 971
_se_encrypt: 0.000661725
itr_count: 972
_se_encrypt: 0.000655633
itr_count: 973
_se_encrypt: 0.000672243
itr_count: 974
_se_encrypt: 0.000640874
itr_count: 975
_se_encrypt: 0.000672058
itr_count: 976
_se_encrypt: 0.000657669
itr_count: 977
_se_encrypt: 0.000634262
itr_count: 978
_se_encrypt: 0.000662262
itr_count: 979
_se_encrypt: 0.000662447
itr_count: 980
_se_encrypt: 0.000662410
itr_count: 981
_se_encrypt: 0.000633633
itr_count: 982
_se_encrypt: 0.000662836
itr_count: 983
_se_encrypt: 0.000654558
itr_count: 984
_se_encrypt: 0.000632892
itr_count: 985
_se_encrypt: 0.000653058
itr_count: 986
_se_encrypt: 0.000661947
itr_count: 987
_se_encrypt: 0.000654503
itr_count: 988
_se_encrypt: 0.000635299
itr_count: 989
_se_encrypt: 0.000705094
itr_count: 990
_se_encrypt: 0.000663891
itr_count: 991
_se_encrypt: 0.000628133
itr_count: 992
_se_encrypt: 0.000642485
itr_count: 993
_se_encrypt: 0.000653447
itr_count: 994
_se_encrypt: 0.000630244
itr_count: 995
_se_encrypt: 0.000626559
itr_count: 996
_se_encrypt: 0.000644652
itr_count: 997
_se_encrypt: 0.000653781
itr_count: 998
_se_encrypt: 0.000634577
itr_count: 999
_se_encrypt: 0.000650466
itr_count: 1000
_se_encrypt: 0.000652207
itr_count: 1001
_se_encrypt: 0.000623022
itr_count: 1002
_se_encrypt: 0.000648225
itr_count: 1003
_se_encrypt: 0.000659410
itr_count: 1004
_se_encrypt: 0.000635429
itr_count: 1005
_se_encrypt: 0.000644799
itr_count: 1006
_se_encrypt: 0.000656058
itr_count: 1007
_se_encrypt: 0.000644836
itr_count: 1008
_se_encrypt: 0.000626133
itr_count: 1009
_se_encrypt: 0.000655614
itr_count: 1010
_se_encrypt: 0.000651391
itr_count: 1011
_se_encrypt: 0.000631467
itr_count: 1012
_se_encrypt: 0.000631929
itr_count: 1013
_se_encrypt: 0.000646428
itr_count: 1014
_se_encrypt: 0.000627762
itr_count: 1015
_se_encrypt: 0.000632485
itr_count: 1016
_se_encrypt: 0.000647873
itr_count: 1017
_se_encrypt: 0.000646818
itr_count: 1018
_se_encrypt: 0.000640151
itr_count: 1019
_se_encrypt: 0.000652466
itr_count: 1020
_se_encrypt: 0.000647651
itr_count: 1021
_se_encrypt: 0.000625818
itr_count: 1022
_se_encrypt: 0.000645114
itr_count: 1023
_se_encrypt: 0.000646300
itr_count: 1024
_se_encrypt: 0.000620837
encrypt: 0.871063762
Buffer: 256
itr_count: 0
_se_encrypt: 0.002079320
itr_count: 1
_se_encrypt: 0.001903566
itr_count: 2
_se_encrypt: 0.001836845
itr_count: 3
_se_encrypt: 0.001850511
itr_count: 4
_se_encrypt: 0.001848807
itr_count: 5
_se_encrypt: 0.001962657
itr_count: 6
_se_encrypt: 0.001860030
itr_count: 7
_se_encrypt: 0.001839048
itr_count: 8
_se_encrypt: 0.001865233
itr_count: 9
_se_encrypt: 0.001850140
itr_count: 10
_se_encrypt: 0.001867566
itr_count: 11
_se_encrypt: 0.001885084
itr_count: 12
_se_encrypt: 0.001875548
itr_count: 13
_se_encrypt: 0.001849900
itr_count: 14
_se_encrypt: 0.001853567
itr_count: 15
_se_encrypt: 0.001834345
itr_count: 16
_se_encrypt: 0.001869974
itr_count: 17
_se_encrypt: 0.001873381
itr_count: 18
_se_encrypt: 0.001853919
itr_count: 19
_se_encrypt: 0.001819234
itr_count: 20
_se_encrypt: 0.001845549
itr_count: 21
_se_encrypt: 0.001934268
itr_count: 22
_se_encrypt: 0.001881918
itr_count: 23
_se_encrypt: 0.001841493
itr_count: 24
_se_encrypt: 0.001844622
itr_count: 25
_se_encrypt: 0.001865844
itr_count: 26
_se_encrypt: 0.001900659
itr_count: 27
_se_encrypt: 0.001891140
itr_count: 28
_se_encrypt: 0.001875307
itr_count: 29
_se_encrypt: 0.001840419
itr_count: 30
_se_encrypt: 0.001842900
itr_count: 31
_se_encrypt: 0.001846122
itr_count: 32
_se_encrypt: 0.001825308
itr_count: 33
_se_encrypt: 0.001845141
itr_count: 34
_se_encrypt: 0.001862919
itr_count: 35
_se_encrypt: 0.001824845
itr_count: 36
_se_encrypt: 0.001919028
itr_count: 37
_se_encrypt: 0.001828011
itr_count: 38
_se_encrypt: 0.001840715
itr_count: 39
_se_encrypt: 0.001803475
itr_count: 40
_se_encrypt: 0.001816493
itr_count: 41
_se_encrypt: 0.001872418
itr_count: 42
_se_encrypt: 0.001845381
itr_count: 43
_se_encrypt: 0.001852030
itr_count: 44
_se_encrypt: 0.001849196
itr_count: 45
_se_encrypt: 0.001787309
itr_count: 46
_se_encrypt: 0.001792124
itr_count: 47
_se_encrypt: 0.001821327
itr_count: 48
_se_encrypt: 0.001772458
itr_count: 49
_se_encrypt: 0.001809716
itr_count: 50
_se_encrypt: 0.001824919
itr_count: 51
_se_encrypt: 0.001829382
itr_count: 52
_se_encrypt: 0.001845530
itr_count: 53
_se_encrypt: 0.001856677
itr_count: 54
_se_encrypt: 0.001858437
itr_count: 55
_se_encrypt: 0.001830753
itr_count: 56
_se_encrypt: 0.001901288
itr_count: 57
_se_encrypt: 0.001899751
itr_count: 58
_se_encrypt: 0.001826549
itr_count: 59
_se_encrypt: 0.001817363
itr_count: 60
_se_encrypt: 0.001805938
itr_count: 61
_se_encrypt: 0.001815623
itr_count: 62
_se_encrypt: 0.001855048
itr_count: 63
_se_encrypt: 0.001821568
itr_count: 64
_se_encrypt: 0.001830715
itr_count: 65
_se_encrypt: 0.001809031
itr_count: 66
_se_encrypt: 0.001793605
itr_count: 67
_se_encrypt: 0.001760847
itr_count: 68
_se_encrypt: 0.001782439
itr_count: 69
_se_encrypt: 0.001757883
itr_count: 70
_se_encrypt: 0.001789586
itr_count: 71
_se_encrypt: 0.001770606
itr_count: 72
_se_encrypt: 0.001787587
itr_count: 73
_se_encrypt: 0.001824919
itr_count: 74
_se_encrypt: 0.001789216
itr_count: 75
_se_encrypt: 0.001776273
itr_count: 76
_se_encrypt: 0.001776939
itr_count: 77
_se_encrypt: 0.001792142
itr_count: 78
_se_encrypt: 0.001770902
itr_count: 79
_se_encrypt: 0.001759587
itr_count: 80
_se_encrypt: 0.001758569
itr_count: 81
_se_encrypt: 0.001813346
itr_count: 82
_se_encrypt: 0.001801365
itr_count: 83
_se_encrypt: 0.001781383
itr_count: 84
_se_encrypt: 0.001810845
itr_count: 85
_se_encrypt: 0.001791179
itr_count: 86
_se_encrypt: 0.001781773
itr_count: 87
_se_encrypt: 0.001768551
itr_count: 88
_se_encrypt: 0.001776402
itr_count: 89
_se_encrypt: 0.001843030
itr_count: 90
_se_encrypt: 0.001762680
itr_count: 91
_se_encrypt: 0.001752384
itr_count: 92
_se_encrypt: 0.001778921
itr_count: 93
_se_encrypt: 0.001777013
itr_count: 94
_se_encrypt: 0.001780661
itr_count: 95
_se_encrypt: 0.001802272
itr_count: 96
_se_encrypt: 0.001780606
itr_count: 97
_se_encrypt: 0.001904954
itr_count: 98
_se_encrypt: 0.001805179
itr_count: 99
_se_encrypt: 0.001765198
itr_count: 100
_se_encrypt: 0.001806679
itr_count: 101
_se_encrypt: 0.001759588
itr_count: 102
_se_encrypt: 0.001745810
itr_count: 103
_se_encrypt: 0.001780106
itr_count: 104
_se_encrypt: 0.003727059
itr_count: 105
_se_encrypt: 0.001933417
itr_count: 106
_se_encrypt: 0.002200873
itr_count: 107
_se_encrypt: 0.002007989
itr_count: 108
_se_encrypt: 0.001984767
itr_count: 109
_se_encrypt: 0.001988471
itr_count: 110
_se_encrypt: 0.002022692
itr_count: 111
_se_encrypt: 0.002012155
itr_count: 112
_se_encrypt: 0.001814364
itr_count: 113
_se_encrypt: 0.001782606
itr_count: 114
_se_encrypt: 0.001799642
itr_count: 115
_se_encrypt: 0.001815252
itr_count: 116
_se_encrypt: 0.001808086
itr_count: 117
_se_encrypt: 0.001809753
itr_count: 118
_se_encrypt: 0.001813290
itr_count: 119
_se_encrypt: 0.001810327
itr_count: 120
_se_encrypt: 0.001819604
itr_count: 121
_se_encrypt: 0.001812975
itr_count: 122
_se_encrypt: 0.001811938
itr_count: 123
_se_encrypt: 0.001796106
itr_count: 124
_se_encrypt: 0.001760014
itr_count: 125
_se_encrypt: 0.001835364
itr_count: 126
_se_encrypt: 0.001776272
itr_count: 127
_se_encrypt: 0.001777587
itr_count: 128
_se_encrypt: 0.001785716
itr_count: 129
_se_encrypt: 0.001815215
itr_count: 130
_se_encrypt: 0.001865548
itr_count: 131
_se_encrypt: 0.001807956
itr_count: 132
_se_encrypt: 0.001805049
itr_count: 133
_se_encrypt: 0.001798531
itr_count: 134
_se_encrypt: 0.001814975
itr_count: 135
_se_encrypt: 0.001862771
itr_count: 136
_se_encrypt: 0.001793586
itr_count: 137
_se_encrypt: 0.001811808
itr_count: 138
_se_encrypt: 0.001768661
itr_count: 139
_se_encrypt: 0.001756310
itr_count: 140
_se_encrypt: 0.001798346
itr_count: 141
_se_encrypt: 0.001854363
itr_count: 142
_se_encrypt: 0.001806920
itr_count: 143
_se_encrypt: 0.001792124
itr_count: 144
_se_encrypt: 0.001792494
itr_count: 145
_se_encrypt: 0.001795087
itr_count: 146
_se_encrypt: 0.001842715
itr_count: 147
_se_encrypt: 0.001789439
itr_count: 148
_se_encrypt: 0.001796697
itr_count: 149
_se_encrypt: 0.001801420
itr_count: 150
_se_encrypt: 0.001803438
itr_count: 151
_se_encrypt: 0.001760514
itr_count: 152
_se_encrypt: 0.001767365
itr_count: 153
_se_encrypt: 0.001777161
itr_count: 154
_se_encrypt: 0.001802457
itr_count: 155
_se_encrypt: 0.001801809
itr_count: 156
_se_encrypt: 0.001801513
itr_count: 157
_se_encrypt: 0.001852549
itr_count: 158
_se_encrypt: 0.001807567
itr_count: 159
_se_encrypt: 0.001795087
itr_count: 160
_se_encrypt: 0.001800198
itr_count: 161
_se_encrypt: 0.001797346
itr_count: 162
_se_encrypt: 0.001856456
itr_count: 163
_se_encrypt: 0.001809272
itr_count: 164
_se_encrypt: 0.001802049
itr_count: 165
_se_encrypt: 0.001753069
itr_count: 166
_se_encrypt: 0.001763217
itr_count: 167
_se_encrypt: 0.001765328
itr_count: 168
_se_encrypt: 0.001794975
itr_count: 169
_se_encrypt: 0.001800901
itr_count: 170
_se_encrypt: 0.001798050
itr_count: 171
_se_encrypt: 0.001805234
itr_count: 172
_se_encrypt: 0.001809716
itr_count: 173
_se_encrypt: 0.001879047
itr_count: 174
_se_encrypt: 0.001793809
itr_count: 175
_se_encrypt: 0.001797327
itr_count: 176
_se_encrypt: 0.001796235
itr_count: 177
_se_encrypt: 0.001799253
itr_count: 178
_se_encrypt: 0.001790920
itr_count: 179
_se_encrypt: 0.001767346
itr_count: 180
_se_encrypt: 0.001770902
itr_count: 181
_se_encrypt: 0.001801346
itr_count: 182
_se_encrypt: 0.001779605
itr_count: 183
_se_encrypt: 0.001784253
itr_count: 184
_se_encrypt: 0.001809327
itr_count: 185
_se_encrypt: 0.001801142
itr_count: 186
_se_encrypt: 0.001773698
itr_count: 187
_se_encrypt: 0.001787124
itr_count: 188
_se_encrypt: 0.001795753
itr_count: 189
_se_encrypt: 0.001808938
itr_count: 190
_se_encrypt: 0.001760421
itr_count: 191
_se_encrypt: 0.001747736
itr_count: 192
_se_encrypt: 0.001773235
itr_count: 193
_se_encrypt: 0.001797661
itr_count: 194
_se_encrypt: 0.001844178
itr_count: 195
_se_encrypt: 0.001786161
itr_count: 196
_se_encrypt: 0.001801605
itr_count: 197
_se_encrypt: 0.001795846
itr_count: 198
_se_encrypt: 0.001788902
itr_count: 199
_se_encrypt: 0.001830105
itr_count: 200
_se_encrypt: 0.001800939
itr_count: 201
_se_encrypt: 0.001792457
itr_count: 202
_se_encrypt: 0.001754106
itr_count: 203
_se_encrypt: 0.001754162
itr_count: 204
_se_encrypt: 0.001766569
itr_count: 205
_se_encrypt: 0.001806530
itr_count: 206
_se_encrypt: 0.001802290
itr_count: 207
_se_encrypt: 0.001778791
itr_count: 208
_se_encrypt: 0.001783679
itr_count: 209
_se_encrypt: 0.001790087
itr_count: 210
_se_encrypt: 0.001788012
itr_count: 211
_se_encrypt: 0.001791346
itr_count: 212
_se_encrypt: 0.001775735
itr_count: 213
_se_encrypt: 0.001758624
itr_count: 214
_se_encrypt: 0.001793717
itr_count: 215
_se_encrypt: 0.001770846
itr_count: 216
_se_encrypt: 0.001803087
itr_count: 217
_se_encrypt: 0.001805957
itr_count: 218
_se_encrypt: 0.001812049
itr_count: 219
_se_encrypt: 0.001801031
itr_count: 220
_se_encrypt: 0.001798605
itr_count: 221
_se_encrypt: 0.001797549
itr_count: 222
_se_encrypt: 0.001788772
itr_count: 223
_se_encrypt: 0.001765661
itr_count: 224
_se_encrypt: 0.001773347
itr_count: 225
_se_encrypt: 0.001802679
itr_count: 226
_se_encrypt: 0.001783568
itr_count: 227
_se_encrypt: 0.001799254
itr_count: 228
_se_encrypt: 0.001798939
itr_count: 229
_se_encrypt: 0.001948027
itr_count: 230
_se_encrypt: 0.001812457
itr_count: 231
_se_encrypt: 0.001777902
itr_count: 232
_se_encrypt: 0.001831345
itr_count: 233
_se_encrypt: 0.001798975
itr_count: 234
_se_encrypt: 0.001796865
itr_count: 235
_se_encrypt: 0.001808790
itr_count: 236
_se_encrypt: 0.001749680
itr_count: 237
_se_encrypt: 0.001776291
itr_count: 238
_se_encrypt: 0.001794124
itr_count: 239
_se_encrypt: 0.001765939
itr_count: 240
_se_encrypt: 0.001776105
itr_count: 241
_se_encrypt: 0.001788679
itr_count: 242
_se_encrypt: 0.001801679
itr_count: 243
_se_encrypt: 0.001830901
itr_count: 244
_se_encrypt: 0.001785920
itr_count: 245
_se_encrypt: 0.001775624
itr_count: 246
_se_encrypt: 0.001787013
itr_count: 247
_se_encrypt: 0.001761847
itr_count: 248
_se_encrypt: 0.001772495
itr_count: 249
_se_encrypt: 0.001784809
itr_count: 250
_se_encrypt: 0.001777735
itr_count: 251
_se_encrypt: 0.001789661
itr_count: 252
_se_encrypt: 0.001801865
itr_count: 253
_se_encrypt: 0.001846955
itr_count: 254
_se_encrypt: 0.001807086
itr_count: 255
_se_encrypt: 0.001792031
itr_count: 256
_se_encrypt: 0.001770235
encrypt: 1.223880598
Buffer: 384
itr_count: 0
_se_encrypt: 0.011944510
itr_count: 1
_se_encrypt: 0.004647759
itr_count: 2
_se_encrypt: 0.003616228
itr_count: 3
_se_encrypt: 0.003619913
itr_count: 4
_se_encrypt: 0.003677671
itr_count: 5
_se_encrypt: 0.003578526
itr_count: 6
_se_encrypt: 0.003611395
itr_count: 7
_se_encrypt: 0.003450325
itr_count: 8
_se_encrypt: 0.003547730
itr_count: 9
_se_encrypt: 0.003502639
itr_count: 10
_se_encrypt: 0.003524212
itr_count: 11
_se_encrypt: 0.003620543
itr_count: 12
_se_encrypt: 0.003417937
itr_count: 13
_se_encrypt: 0.003589747
itr_count: 14
_se_encrypt: 0.003567822
itr_count: 15
_se_encrypt: 0.003487953
itr_count: 16
_se_encrypt: 0.003452491
itr_count: 17
_se_encrypt: 0.003486083
itr_count: 18
_se_encrypt: 0.003480806
itr_count: 19
_se_encrypt: 0.003430658
itr_count: 20
_se_encrypt: 0.003647764
itr_count: 21
_se_encrypt: 0.003579156
itr_count: 22
_se_encrypt: 0.003629395
itr_count: 23
_se_encrypt: 0.003583247
itr_count: 24
_se_encrypt: 0.003498916
itr_count: 25
_se_encrypt: 0.003485491
itr_count: 26
_se_encrypt: 0.003491398
itr_count: 27
_se_encrypt: 0.003510528
itr_count: 28
_se_encrypt: 0.003484973
itr_count: 29
_se_encrypt: 0.003629340
itr_count: 30
_se_encrypt: 0.003681338
itr_count: 31
_se_encrypt: 0.003475398
itr_count: 32
_se_encrypt: 0.003482898
itr_count: 33
_se_encrypt: 0.003602340
itr_count: 34
_se_encrypt: 0.003473324
itr_count: 35
_se_encrypt: 0.003399437
itr_count: 36
_se_encrypt: 0.003537675
itr_count: 37
_se_encrypt: 0.003499972
itr_count: 38
_se_encrypt: 0.003467825
itr_count: 39
_se_encrypt: 0.003412493
itr_count: 40
_se_encrypt: 0.003496879
itr_count: 41
_se_encrypt: 0.003421604
itr_count: 42
_se_encrypt: 0.003476380
itr_count: 43
_se_encrypt: 0.003448417
itr_count: 44
_se_encrypt: 0.003625469
itr_count: 45
_se_encrypt: 0.003453510
itr_count: 46
_se_encrypt: 0.003585896
itr_count: 47
_se_encrypt: 0.003626173
itr_count: 48
_se_encrypt: 0.003591284
itr_count: 49
_se_encrypt: 0.003578804
itr_count: 50
_se_encrypt: 0.003524360
itr_count: 51
_se_encrypt: 0.003467158
itr_count: 52
_se_encrypt: 0.005693549
itr_count: 53
_se_encrypt: 0.003896241
itr_count: 54
_se_encrypt: 0.003844501
itr_count: 55
_se_encrypt: 0.003998182
itr_count: 56
_se_encrypt: 0.003558841
itr_count: 57
_se_encrypt: 0.003633913
itr_count: 58
_se_encrypt: 0.003475324
itr_count: 59
_se_encrypt: 0.003475843
itr_count: 60
_se_encrypt: 0.003550027
itr_count: 61
_se_encrypt: 0.003568119
itr_count: 62
_se_encrypt: 0.003533804
itr_count: 63
_se_encrypt: 0.003469731
itr_count: 64
_se_encrypt: 0.003558452
itr_count: 65
_se_encrypt: 0.003613932
itr_count: 66
_se_encrypt: 0.003448658
itr_count: 67
_se_encrypt: 0.003464658
itr_count: 68
_se_encrypt: 0.003623284
itr_count: 69
_se_encrypt: 0.003559508
itr_count: 70
_se_encrypt: 0.003467435
itr_count: 71
_se_encrypt: 0.003468694
itr_count: 72
_se_encrypt: 0.003560470
itr_count: 73
_se_encrypt: 0.003554915
itr_count: 74
_se_encrypt: 0.003514786
itr_count: 75
_se_encrypt: 0.003457547
itr_count: 76
_se_encrypt: 0.003562081
itr_count: 77
_se_encrypt: 0.003627228
itr_count: 78
_se_encrypt: 0.003473177
itr_count: 79
_se_encrypt: 0.003438788
itr_count: 80
_se_encrypt: 0.003565803
itr_count: 81
_se_encrypt: 0.003551878
itr_count: 82
_se_encrypt: 0.003540026
itr_count: 83
_se_encrypt: 0.003470473
itr_count: 84
_se_encrypt: 0.003544193
itr_count: 85
_se_encrypt: 0.003552915
itr_count: 86
_se_encrypt: 0.003448917
itr_count: 87
_se_encrypt: 0.003446399
itr_count: 88
_se_encrypt: 0.003562544
itr_count: 89
_se_encrypt: 0.003585063
itr_count: 90
_se_encrypt: 0.003443955
itr_count: 91
_se_encrypt: 0.003444621
itr_count: 92
_se_encrypt: 0.003564563
itr_count: 93
_se_encrypt: 0.003648191
itr_count: 94
_se_encrypt: 0.003436196
itr_count: 95
_se_encrypt: 0.003463176
itr_count: 96
_se_encrypt: 0.003617043
itr_count: 97
_se_encrypt: 0.003595210
itr_count: 98
_se_encrypt: 0.003456862
itr_count: 99
_se_encrypt: 0.003451918
itr_count: 100
_se_encrypt: 0.003549637
itr_count: 101
_se_encrypt: 0.003537934
itr_count: 102
_se_encrypt: 0.003464621
itr_count: 103
_se_encrypt: 0.003468528
itr_count: 104
_se_encrypt: 0.003544304
itr_count: 105
_se_encrypt: 0.003578563
itr_count: 106
_se_encrypt: 0.003459381
itr_count: 107
_se_encrypt: 0.003566822
itr_count: 108
_se_encrypt: 0.003525786
itr_count: 109
_se_encrypt: 0.003518027
itr_count: 110
_se_encrypt: 0.003482083
itr_count: 111
_se_encrypt: 0.003490361
itr_count: 112
_se_encrypt: 0.003537712
itr_count: 113
_se_encrypt: 0.003452843
encrypt: 1.130727446
Buffer: 512
itr_count: 0
_se_encrypt: 0.015635090
itr_count: 1
_se_encrypt: 0.006739432
itr_count: 2
_se_encrypt: 0.006524937
itr_count: 3
_se_encrypt: 0.006409811
itr_count: 4
_se_encrypt: 0.006572825
itr_count: 5
_se_encrypt: 0.006769080
itr_count: 6
_se_encrypt: 0.006663100
itr_count: 7
_se_encrypt: 0.006649415
itr_count: 8
_se_encrypt: 0.006628453
itr_count: 9
_se_encrypt: 0.006500641
itr_count: 10
_se_encrypt: 0.006400440
itr_count: 11
_se_encrypt: 0.006548918
itr_count: 12
_se_encrypt: 0.006561696
itr_count: 13
_se_encrypt: 0.006470605
itr_count: 14
_se_encrypt: 0.006521622
itr_count: 15
_se_encrypt: 0.006676563
itr_count: 16
_se_encrypt: 0.006589584
itr_count: 17
_se_encrypt: 0.006440217
itr_count: 18
_se_encrypt: 0.006619435
itr_count: 19
_se_encrypt: 0.006604565
itr_count: 20
_se_encrypt: 0.006677211
itr_count: 21
_se_encrypt: 0.006613787
itr_count: 22
_se_encrypt: 0.006539603
itr_count: 23
_se_encrypt: 0.006609305
itr_count: 24
_se_encrypt: 0.006553084
itr_count: 25
_se_encrypt: 0.006563028
itr_count: 26
_se_encrypt: 0.006976426
itr_count: 27
_se_encrypt: 0.006816115
itr_count: 28
_se_encrypt: 0.006777949
itr_count: 29
_se_encrypt: 0.006840800
itr_count: 30
_se_encrypt: 0.006531715
itr_count: 31
_se_encrypt: 0.006663342
itr_count: 32
_se_encrypt: 0.006574955
itr_count: 33
_se_encrypt: 0.006657304
itr_count: 34
_se_encrypt: 0.006573751
itr_count: 35
_se_encrypt: 0.006742636
itr_count: 36
_se_encrypt: 0.006699859
itr_count: 37
_se_encrypt: 0.006634305
itr_count: 38
_se_encrypt: 0.006540585
itr_count: 39
_se_encrypt: 0.006669712
itr_count: 40
_se_encrypt: 0.006559084
itr_count: 41
_se_encrypt: 0.006547437
itr_count: 42
_se_encrypt: 0.006486438
itr_count: 43
_se_encrypt: 0.006601768
itr_count: 44
_se_encrypt: 0.006603694
itr_count: 45
_se_encrypt: 0.006500697
itr_count: 46
_se_encrypt: 0.006525270
itr_count: 47
_se_encrypt: 0.006669878
itr_count: 48
_se_encrypt: 0.006635656
itr_count: 49
_se_encrypt: 0.006516159
itr_count: 50
_se_encrypt: 0.006584343
itr_count: 51
_se_encrypt: 0.006589454
itr_count: 52
_se_encrypt: 0.006639305
itr_count: 53
_se_encrypt: 0.006585269
itr_count: 54
_se_encrypt: 0.006456216
itr_count: 55
_se_encrypt: 0.006595121
itr_count: 56
_se_encrypt: 0.006539048
itr_count: 57
_se_encrypt: 0.006570250
itr_count: 58
_se_encrypt: 0.006497678
itr_count: 59
_se_encrypt: 0.006581510
itr_count: 60
_se_encrypt: 0.006562585
itr_count: 61
_se_encrypt: 0.006493846
itr_count: 62
_se_encrypt: 0.006520252
itr_count: 63
_se_encrypt: 0.006603824
itr_count: 64
_se_encrypt: 0.006572806
encrypt: 1.162907797
Buffer: 640
itr_count: 0
_se_encrypt: 0.020161594
itr_count: 1
_se_encrypt: 0.009633567
itr_count: 2
_se_encrypt: 0.009375407
itr_count: 3
_se_encrypt: 0.009250206
itr_count: 4
_se_encrypt: 0.009163801
itr_count: 5
_se_encrypt: 0.009259039
itr_count: 6
_se_encrypt: 0.009209262
itr_count: 7
_se_encrypt: 0.009182948
itr_count: 8
_se_encrypt: 0.009127302
itr_count: 9
_se_encrypt: 0.008925177
itr_count: 10
_se_encrypt: 0.008893400
itr_count: 11
_se_encrypt: 0.009051822
itr_count: 12
_se_encrypt: 0.009002101
itr_count: 13
_se_encrypt: 0.009212985
itr_count: 14
_se_encrypt: 0.009100209
itr_count: 15
_se_encrypt: 0.009133912
itr_count: 16
_se_encrypt: 0.009085025
itr_count: 17
_se_encrypt: 0.009091950
itr_count: 18
_se_encrypt: 0.009159819
itr_count: 19
_se_encrypt: 0.009104895
itr_count: 20
_se_encrypt: 0.009417368
itr_count: 21
_se_encrypt: 0.009042026
itr_count: 22
_se_encrypt: 0.009218836
itr_count: 23
_se_encrypt: 0.009320649
itr_count: 24
_se_encrypt: 0.009175282
itr_count: 25
_se_encrypt: 0.009129394
itr_count: 26
_se_encrypt: 0.009148375
itr_count: 27
_se_encrypt: 0.009136561
itr_count: 28
_se_encrypt: 0.009138431
itr_count: 29
_se_encrypt: 0.009166171
itr_count: 30
_se_encrypt: 0.009171967
itr_count: 31
_se_encrypt: 0.009197892
itr_count: 32
_se_encrypt: 0.009072580
itr_count: 33
_se_encrypt: 0.009096820
itr_count: 34
_se_encrypt: 0.009126506
itr_count: 35
_se_encrypt: 0.009084117
itr_count: 36
_se_encrypt: 0.009087006
itr_count: 37
_se_encrypt: 0.009089839
itr_count: 38
_se_encrypt: 0.009192892
itr_count: 39
_se_encrypt: 0.009150282
itr_count: 40
_se_encrypt: 0.009437498
encrypt: 1.094074159
Buffer: 768
itr_count: 0
_se_encrypt: 0.024468253
itr_count: 1
_se_encrypt: 0.012996340
itr_count: 2
_se_encrypt: 0.012997229
itr_count: 3
_se_encrypt: 0.012865899
itr_count: 4
_se_encrypt: 0.012922434
itr_count: 5
_se_encrypt: 0.012813345
itr_count: 6
_se_encrypt: 0.012733643
itr_count: 7
_se_encrypt: 0.013193354
itr_count: 8
_se_encrypt: 0.012831288
itr_count: 9
_se_encrypt: 0.012867157
itr_count: 10
_se_encrypt: 0.012796900
itr_count: 11
_se_encrypt: 0.012907028
itr_count: 12
_se_encrypt: 0.012819067
itr_count: 13
_se_encrypt: 0.012970970
itr_count: 14
_se_encrypt: 0.012911342
itr_count: 15
_se_encrypt: 0.012922693
itr_count: 16
_se_encrypt: 0.012659607
itr_count: 17
_se_encrypt: 0.012792122
itr_count: 18
_se_encrypt: 0.013039265
itr_count: 19
_se_encrypt: 0.012847029
itr_count: 20
_se_encrypt: 0.012965989
itr_count: 21
_se_encrypt: 0.012946100
itr_count: 22
_se_encrypt: 0.013376499
itr_count: 23
_se_encrypt: 0.012902028
itr_count: 24
_se_encrypt: 0.012864122
itr_count: 25
_se_encrypt: 0.012973712
itr_count: 26
_se_encrypt: 0.012988433
itr_count: 27
_se_encrypt: 0.012956694
itr_count: 28
_se_encrypt: 0.013413905
encrypt: 1.100677706
Buffer: 896
itr_count: 0
_se_encrypt: 0.026702665
itr_count: 1
_se_encrypt: 0.019347801
itr_count: 2
_se_encrypt: 0.017741117
itr_count: 3
_se_encrypt: 0.017718526
itr_count: 4
_se_encrypt: 0.017781116
itr_count: 5
_se_encrypt: 0.017693378
itr_count: 6
_se_encrypt: 0.017564714
itr_count: 7
_se_encrypt: 0.017793505
itr_count: 8
_se_encrypt: 0.017908614
itr_count: 9
_se_encrypt: 0.017776802
itr_count: 10
_se_encrypt: 0.018978940
itr_count: 11
_se_encrypt: 0.017791359
itr_count: 12
_se_encrypt: 0.018067574
itr_count: 13
_se_encrypt: 0.018050629
itr_count: 14
_se_encrypt: 0.017958725
itr_count: 15
_se_encrypt: 0.017941095
itr_count: 16
_se_encrypt: 0.018123850
itr_count: 17
_se_encrypt: 0.018063333
itr_count: 18
_se_encrypt: 0.017948836
itr_count: 19
_se_encrypt: 0.017915892
itr_count: 20
_se_encrypt: 0.017573085
encrypt: 1.105425316
Buffer: 1024
itr_count: 0
_se_encrypt: 0.045454483
itr_count: 1
_se_encrypt: 0.035626771
itr_count: 2
_se_encrypt: 0.035706307
itr_count: 3
_se_encrypt: 0.037717779
itr_count: 4
_se_encrypt: 0.036897465
itr_count: 5
_se_encrypt: 0.036232278
itr_count: 6
_se_encrypt: 0.035533404
itr_count: 7
_se_encrypt: 0.037272771
itr_count: 8
_se_encrypt: 0.035477684
itr_count: 9
_se_encrypt: 0.043516772
itr_count: 10
_se_encrypt: 0.035510405
itr_count: 11
_se_encrypt: 0.036472586
itr_count: 12
_se_encrypt: 0.035659087
itr_count: 13
_se_encrypt: 0.036788338
itr_count: 14
_se_encrypt: 0.036257777
itr_count: 15
_se_encrypt: 0.035390964
itr_count: 16
_se_encrypt: 0.034829847
encrypt: 1.356033101
Buffer: 1152
itr_count: 0
_se_encrypt: 0.037161276
itr_count: 1
_se_encrypt: 0.029428587
itr_count: 2
_se_encrypt: 0.029154167
itr_count: 3
_se_encrypt: 0.029294553
itr_count: 4
_se_encrypt: 0.029730969
itr_count: 5
_se_encrypt: 0.029262462
itr_count: 6
_se_encrypt: 0.030210976
itr_count: 7
_se_encrypt: 0.029623694
itr_count: 8
_se_encrypt: 0.029970649
itr_count: 9
_se_encrypt: 0.029651249
itr_count: 10
_se_encrypt: 0.029649489
itr_count: 11
_se_encrypt: 0.029761079
itr_count: 12
_se_encrypt: 0.029518789
encrypt: 1.111016799
Buffer: 1280
itr_count: 0
_se_encrypt: 0.045345864
itr_count: 1
_se_encrypt: 0.036529219
itr_count: 2
_se_encrypt: 0.036337056
itr_count: 3
_se_encrypt: 0.036821101
itr_count: 4
_se_encrypt: 0.036553922
itr_count: 5
_se_encrypt: 0.037371607
itr_count: 6
_se_encrypt: 0.037505567
itr_count: 7
_se_encrypt: 0.037854095
itr_count: 8
_se_encrypt: 0.037122002
itr_count: 9
_se_encrypt: 0.037106261
itr_count: 10
_se_encrypt: 0.037412365
encrypt: 1.155792143
Buffer: 1408
itr_count: 0
_se_encrypt: 0.053337958
itr_count: 1
_se_encrypt: 0.044265652
itr_count: 2
_se_encrypt: 0.042963849
itr_count: 3
_se_encrypt: 0.043665907
itr_count: 4
_se_encrypt: 0.043575982
itr_count: 5
_se_encrypt: 0.043406986
itr_count: 6
_se_encrypt: 0.043487114
itr_count: 7
_se_encrypt: 0.044526868
itr_count: 8
_se_encrypt: 0.043297878
encrypt: 1.149109544
Buffer: 1536
itr_count: 0
_se_encrypt: 0.090192141
itr_count: 1
_se_encrypt: 0.084298074
itr_count: 2
_se_encrypt: 0.084188743
itr_count: 3
_se_encrypt: 0.080785768
itr_count: 4
_se_encrypt: 0.086160332
itr_count: 5
_se_encrypt: 0.081838544
itr_count: 6
_se_encrypt: 0.082138796
itr_count: 7
_se_encrypt: 0.085685806
encrypt: 0.804268688
Buffer: 1664
itr_count: 0
_se_encrypt: 0.075354583
itr_count: 1
_se_encrypt: 0.068107288
itr_count: 2
_se_encrypt: 0.067369954
itr_count: 3
_se_encrypt: 0.070625008
itr_count: 4
_se_encrypt: 0.069275965
itr_count: 5
_se_encrypt: 0.072956602
itr_count: 6
_se_encrypt: 0.076559499
encrypt: 1.659672969
Buffer: 1792
itr_count: 0
_se_encrypt: 0.103623384
itr_count: 1
_se_encrypt: 0.095259392
itr_count: 2
_se_encrypt: 0.094000013
itr_count: 3
_se_encrypt: 0.097344325
itr_count: 4
_se_encrypt: 0.089330158
itr_count: 5
_se_encrypt: 0.106118529
encrypt: 1.132307571
Buffer: 1920
itr_count: 0
_se_encrypt: 0.115146327
itr_count: 1
_se_encrypt: 0.108893972
itr_count: 2
_se_encrypt: 0.103153493
itr_count: 3
_se_encrypt: 0.117337777
itr_count: 4
_se_encrypt: 0.115682426
encrypt: 0.987654582
Buffer: 2048
itr_count: 0
_se_encrypt: 0.320195342
itr_count: 1
_se_encrypt: 0.318997907
itr_count: 2
_se_encrypt: 0.306278248
itr_count: 3
_se_encrypt: 0.313648974
itr_count: 4
_se_encrypt: 0.301031245
encrypt: 2.409015807
Buffer: 2176
itr_count: 0
_se_encrypt: 0.165544844
itr_count: 1
_se_encrypt: 0.160908838
itr_count: 2
_se_encrypt: 0.155105073
itr_count: 3
_se_encrypt: 0.160812591
encrypt: 1.429436909
Buffer: 2304
itr_count: 0
_se_encrypt: 0.272015347
itr_count: 1
_se_encrypt: 0.258615911
itr_count: 2
_se_encrypt: 0.241683834
itr_count: 3
_se_encrypt: 0.241335737
encrypt: 1.873642140
Buffer: 2432
itr_count: 0
_se_encrypt: 0.231002416
itr_count: 1
_se_encrypt: 0.230855625
itr_count: 2
_se_encrypt: 0.236914451
encrypt: 1.444330282
Buffer: 2560
itr_count: 0
_se_encrypt: 0.357354486
itr_count: 1
_se_encrypt: 0.335701111
itr_count: 2
_se_encrypt: 0.342213995
encrypt: 1.854024734
Buffer: 2688
itr_count: 0
_se_encrypt: 0.422058146
itr_count: 1
_se_encrypt: 0.387713941
itr_count: 2
_se_encrypt: 0.401078418
encrypt: 2.131742553
Buffer: 2816
itr_count: 0
_se_encrypt: 0.519175245
itr_count: 1
_se_encrypt: 0.459780133
itr_count: 2
_se_encrypt: 0.474716173
encrypt: 1.804056190
Buffer: 2944
itr_count: 0
_se_encrypt: 0.493971160
itr_count: 1
_se_encrypt: 0.484532307
encrypt: 1.716465648
Buffer: 3072
itr_count: 0
_se_encrypt: 0.672271265
itr_count: 1
_se_encrypt: 0.655390342
encrypt: 2.091238840
Buffer: 3200
itr_count: 0
_se_encrypt: 0.590337130
itr_count: 1
_se_encrypt: 0.641925823
encrypt: 2.105503811
Buffer: 3328
itr_count: 0
_se_encrypt: 0.805090469
itr_count: 1
_se_encrypt: 0.706115916
encrypt: 2.427525346
Buffer: 3456
itr_count: 0
_se_encrypt: 0.877512558
itr_count: 1
_se_encrypt: 0.780505315
encrypt: 2.042641358
Buffer: 3584
itr_count: 0
_se_encrypt: 0.965903650
itr_count: 1
_se_encrypt: 0.838777426
encrypt: 2.224149720
Buffer: 3712
itr_count: 0
_se_encrypt: 1.030294471
itr_count: 1
_se_encrypt: 0.903289034
encrypt: 2.363117671
Buffer: 3840
itr_count: 0
_se_encrypt: 1.117359592
itr_count: 1
_se_encrypt: 1.008369630
encrypt: 2.580268932
Buffer: 3968
itr_count: 0
_se_encrypt: 1.191615160
itr_count: 1
_se_encrypt: 1.078980570
encrypt: 2.750158647
Buffer: 4096
itr_count: 0
_se_encrypt: 1.488102611
itr_count: 1
_se_encrypt: 1.391842667
encrypt: 3.457425858
Buffer: 4224
itr_count: 0
_se_encrypt: 1.363643103
encrypt: 2.213064601
Buffer: 4352
itr_count: 0
_se_encrypt: 1.433922234
encrypt: 2.282100620
Buffer: 4480
itr_count: 0
_se_encrypt: 1.576720885
encrypt: 2.497200581
Buffer: 4608
itr_count: 0
_se_encrypt: 1.718553451
encrypt: 2.677484814
Buffer: 4736
itr_count: 0
_se_encrypt: 1.865907742
encrypt: 2.276286021
Buffer: 4864
itr_count: 0
_se_encrypt: 1.890987978
encrypt: 2.328551256
Buffer: 4992
itr_count: 0
_se_encrypt: 2.122021453
encrypt: 2.569595026
Buffer: 5120
itr_count: 0
_se_encrypt: 2.237786358
encrypt: 2.740283739
Buffer: 5248
itr_count: 0
_se_encrypt: 2.427491367
encrypt: 2.934743354
Buffer: 5376
itr_count: 0
_se_encrypt: 2.390679055
encrypt: 2.926420439
Buffer: 5504
itr_count: 0
_se_encrypt: 2.591708843
encrypt: 3.159435098
Buffer: 5632
itr_count: 0
_se_encrypt: 2.650527557
encrypt: 3.237799564
Buffer: 5760
itr_count: 0
_se_encrypt: 2.883239614
encrypt: 3.495278659
Buffer: 5888
itr_count: 0
_se_encrypt: 2.983066703
encrypt: 3.631661143
Buffer: 6016
itr_count: 0
_se_encrypt: 3.173109903
encrypt: 3.847189913
Buffer: 6144
itr_count: 0
_se_encrypt: 3.361162447
encrypt: 4.055941197
Buffer: 6272
itr_count: 0
_se_encrypt: 3.489289992
encrypt: 4.291611376
Buffer: 6400
itr_count: 0
_se_encrypt: 3.653808591
encrypt: 4.261425780
Buffer: 6528
itr_count: 0
_se_encrypt: 3.804943416
encrypt: 4.604681954
Buffer: 6656
itr_count: 0
_se_encrypt: 3.892908236
encrypt: 4.705316611
Buffer: 6784
itr_count: 0
_se_encrypt: 4.156068566
encrypt: 4.979135163
Buffer: 6912
itr_count: 0
_se_encrypt: 4.309652229
encrypt: 5.156465842
Buffer: 7040
itr_count: 0
_se_encrypt: 4.570431091
encrypt: 5.477179937
Buffer: 7168
itr_count: 0
_se_encrypt: 4.745433886
encrypt: 5.705425999
Buffer: 7296
itr_count: 0
_se_encrypt: 4.980161904
encrypt: 5.973044479
Buffer: 7424
itr_count: 0
_se_encrypt: 5.121867338
encrypt: 6.108841835
Buffer: 7552
itr_count: 0
_se_encrypt: 5.373427685
encrypt: 6.424262431
Buffer: 7680
itr_count: 0
_se_encrypt: 5.467106636
encrypt: 6.555212659
Buffer: 7808
itr_count: 0
_se_encrypt: 5.784256425
encrypt: 7.057742310
Buffer: 7936
itr_count: 0
_se_encrypt: 5.931681223
encrypt: 7.093594101
Buffer: 8064
itr_count: 0
_se_encrypt: 6.339305292
encrypt: 7.493257599
Buffer: 8192
itr_count: 0
_se_encrypt: 6.252342850
encrypt: 7.486116673